[2016.03.23-17.53.16:528][  0]Log file open, 03/23/16 13:53:16
[2016.03.23-17.53.16:528][  0]LogInit:Display: Running engine for game: FamilyThief
[2016.03.23-17.53.16:528][  0]LogPlatformFile: Not using cached read wrapper
[2016.03.23-17.53.16:528][  0]LogInit:Display: RandInit(-1708031888) SRandInit(-1708031882).
[2016.03.23-17.53.16:528][  0]LogTaskGraph: Started task graph with 4 named threads and 7 total threads.
[2016.03.23-17.53.16:528][  0]LogStats: Stats thread started at 0.143314
[2016.03.23-17.53.16:528][  0]LogInit: Version: 4.10.4-2872498+++depot+UE4-Releases+4.10
[2016.03.23-17.53.16:528][  0]LogInit: API Version: 2758231
[2016.03.23-17.53.16:528][  0]LogInit: Compiled (64-bit): Feb 18 2016 15:47:04
[2016.03.23-17.53.16:528][  0]LogInit: Compiled with Visual C++: 19.00.23026.00
[2016.03.23-17.53.16:528][  0]LogInit: Build Configuration: Development
[2016.03.23-17.53.16:528][  0]LogInit: Branch Name: ++depot+UE4-Releases+4.10
[2016.03.23-17.53.16:528][  0]LogInit: Command line: -EpicPortal 
[2016.03.23-17.53.16:528][  0]LogInit: Base directory: C:/Program Files (x86)/Epic Games/4.10/Engine/Binaries/Win64/
[2016.03.23-17.53.16:528][  0]LogInit: Rocket: 1
[2016.03.23-17.53.16:550][  0]LogInit: Using libcurl 7.41.0
[2016.03.23-17.53.16:550][  0]LogInit:  - built for x86_64-pc-win32
[2016.03.23-17.53.16:550][  0]LogInit:  - supports SSL with WinSSL
[2016.03.23-17.53.16:550][  0]LogInit:  - other features:
[2016.03.23-17.53.16:550][  0]LogInit:      CURL_VERSION_SSL
[2016.03.23-17.53.16:550][  0]LogInit:      CURL_VERSION_IPV6
[2016.03.23-17.53.16:550][  0]LogInit:      CURL_VERSION_ASYNCHDNS
[2016.03.23-17.53.16:550][  0]LogInit:      CURL_VERSION_LARGEFILE
[2016.03.23-17.53.16:550][  0]LogInit:      CURL_VERSION_IDN
[2016.03.23-17.53.16:550][  0]LogInit:  CurlRequestOptions (configurable via config and command line):
[2016.03.23-17.53.16:550][  0]LogInit:  - bVerifyPeer = true  - Libcurl will verify peer certificate
[2016.03.23-17.53.16:550][  0]LogInit:  - bUseHttpProxy = false  - Libcurl will NOT use HTTP proxy
[2016.03.23-17.53.16:550][  0]LogInit:  - bDontReuseConnections = false  - Libcurl will reuse connections
[2016.03.23-17.53.16:550][  0]LogInit:  - CertBundlePath = nullptr  - Libcurl will use whatever was configured at build time.
[2016.03.23-17.53.16:568][  0]LogInit: Presizing for 0 objects not considered by GC, pre-allocating 0 bytes.
[2016.03.23-17.53.16:588][  0]LogInit: Object subsystem initialized
[2016.03.23-17.53.16:591][  0]LogInit: Selected Device Profile: [Windows]
[2016.03.23-17.53.16:591][  0]LogInit: Applying CVar settings loaded from the selected device profile: [Windows]
[2016.03.23-17.53.16:632][  0]LogInit: Computer: DESKTOP-J618I8O
[2016.03.23-17.53.16:632][  0]LogInit: User: Doug
[2016.03.23-17.53.16:632][  0]LogInit: CPU Page size=4096, Cores=4
[2016.03.23-17.53.16:632][  0]LogInit: High frequency timer resolution =3.897226 MHz
[2016.03.23-17.53.16:632][  0]LogMemory: Memory total: Physical=16.0GB (16GB approx)
[2016.03.23-17.53.16:632][  0]LogMemory: Platform Memory Stats for Windows
[2016.03.23-17.53.16:632][  0]LogMemory: Process Physical Memory: 56.52 MB used, 56.52 MB peak
[2016.03.23-17.53.16:632][  0]LogMemory: Process Virtual Memory: 57.02 MB used, 57.02 MB peak
[2016.03.23-17.53.16:632][  0]LogMemory: Physical Memory: 5248.52 MB used, 16344.24 MB total
[2016.03.23-17.53.16:632][  0]LogMemory: Virtual Memory: 379.96 MB used, 134217728.00 MB total
[2016.03.23-17.53.16:713][  0]LogTextLocalizationManager: No specific translations for ('en-US') exist, so ('en') translations will be used.
[2016.03.23-17.53.18:312][  0]LogD3D11RHI: Found D3D11 adapter 0: NVIDIA GeForce GTX 980M                   (Feature Level 11_0)
[2016.03.23-17.53.18:312][  0]LogD3D11RHI: Adapter has 8093MB of dedicated video memory, 0MB of dedicated system memory, and 8172MB of shared system memory, 1 output[s]
[2016.03.23-17.53.18:316][  0]LogD3D11RHI: Found D3D11 adapter 1: Microsoft Basic Render Driver (Feature Level 11_0)
[2016.03.23-17.53.18:316][  0]LogD3D11RHI: Adapter has 0MB of dedicated video memory, 0MB of dedicated system memory, and 8172MB of shared system memory, 0 output[s]
[2016.03.23-17.53.18:316][  0]LogD3D11RHI: Chosen D3D11 Adapter Id = 0
[2016.03.23-17.53.18:329][  0]LogD3D11RHI: !Direct3DDevice
[2016.03.23-17.53.18:329][  0]LogRHI: Texture pool is 1361 MB (70% of 1945 MB)
[2016.03.23-17.53.18:366][  0]LogD3D11RHI: Async texture creation enabled
[2016.03.23-17.53.18:392][  0]LogShaderCompilers: Guid format shader working directory is -21 characters bigger than the processId version (../../../../../../Users/Doug!/Documents/Unreal Projects/FamilyThief/Intermediate/Shaders/WorkingDirectory/6636/).
[2016.03.23-17.53.18:393][  0]LogShaderCompilers: Cleaned the shader compiler working directory 'C:/Users/Doug!/AppData/Local/Temp/UnrealShaderWorkingDir/54246DC54B5888483A88459F3CF6D9C1/'.
[2016.03.23-17.53.18:393][  0]LogShaderCompilers:Display: Using Local Shader Compiler.
[2016.03.23-17.53.20:515][  0]LogTemp:Display: Loaded TP AllDesktopTargetPlatform
[2016.03.23-17.53.20:530][  0]LogTemp:Display: Loaded TP WindowsClientTargetPlatform
[2016.03.23-17.53.20:545][  0]LogTemp:Display: Loaded TP WindowsNoEditorTargetPlatform
[2016.03.23-17.53.20:559][  0]LogTemp:Display: Loaded TP WindowsServerTargetPlatform
[2016.03.23-17.53.20:572][  0]LogTemp:Display: Loaded TP WindowsTargetPlatform
[2016.03.23-17.53.20:581][  0]LogTemp:Display: Loaded TP AndroidTargetPlatform
[2016.03.23-17.53.20:591][  0]LogTemp:Display: Loaded TP Android_ASTCTargetPlatform
[2016.03.23-17.53.20:600][  0]LogTemp:Display: Loaded TP Android_ATCTargetPlatform
[2016.03.23-17.53.20:609][  0]LogTemp:Display: Loaded TP Android_DXTTargetPlatform
[2016.03.23-17.53.20:618][  0]LogTemp:Display: Loaded TP Android_ETC1TargetPlatform
[2016.03.23-17.53.20:628][  0]LogTemp:Display: Loaded TP Android_ETC2TargetPlatform
[2016.03.23-17.53.20:648][  0]LogTemp:Display: Loaded TP Android_MultiTargetPlatform
[2016.03.23-17.53.20:648][  0]LogTemp:Display: Loaded TP Android_PVRTCTargetPlatform
[2016.03.23-17.53.20:650][  0]LogTemp:Display: Loaded TP HTML5TargetPlatform
[2016.03.23-17.53.20:679][  0]LogTemp:Display: Loaded TP IOSTargetPlatform
[2016.03.23-17.53.20:689][  0]LogTemp:Display: Loaded TP LinuxNoEditorTargetPlatform
[2016.03.23-17.53.20:700][  0]LogTemp:Display: Loaded TP LinuxServerTargetPlatform
[2016.03.23-17.53.20:711][  0]LogTemp:Display: Loaded TP LinuxTargetPlatform
[2016.03.23-17.53.20:711][  0]LogTargetPlatformManager:Display: Building Assets For Windows
[2016.03.23-17.53.20:924][  0]LogDerivedDataCache:Display: Max Cache Size: 512 MB
[2016.03.23-17.53.21:053][  0]LogDerivedDataCache: Loaded boot cache 0.13s 41MB C:/Users/Doug!/AppData/Local/UnrealEngine/4.10/DerivedDataCache/Boot.ddc.
[2016.03.23-17.53.21:053][  0]LogDerivedDataCache:Display: Loaded Boot cache: C:/Users/Doug!/AppData/Local/UnrealEngine/4.10/DerivedDataCache/Boot.ddc
[2016.03.23-17.53.21:053][  0]LogDerivedDataCache: FDerivedDataBackendGraph:  Pak pak cache file ../../../../../../Users/Doug!/Documents/Unreal Projects/FamilyThief/DerivedDataCache/DDC.ddp not found, will not use a pak cache.
[2016.03.23-17.53.21:053][  0]LogDerivedDataCache: Unable to find inner node Pak for hierarchical cache Hierarchy.
[2016.03.23-17.53.21:053][  0]LogDerivedDataCache: FDerivedDataBackendGraph:  CompressedPak pak cache file ../../../../../../Users/Doug!/Documents/Unreal Projects/FamilyThief/DerivedDataCache/Compressed.ddp not found, will not use a pak cache.
[2016.03.23-17.53.21:053][  0]LogDerivedDataCache: Unable to find inner node CompressedPak for hierarchical cache Hierarchy.
[2016.03.23-17.53.21:221][  0]LogDerivedDataCache:Display: Pak cache opened for reading ../../../Engine/DerivedDataCache/Compressed.ddp.
[2016.03.23-17.53.21:233][  0]LogDerivedDataCache: Using Local data cache path C:/Users/Doug!/AppData/Local/UnrealEngine/Common/DerivedDataCache: Writable
[2016.03.23-17.53.21:695][  0]LogInit: Selected Device Profile: [Windows]
[2016.03.23-17.53.21:702][  0]LogContentStreaming: Texture pool size is 0.000000MB
[2016.03.23-17.53.22:049][  0]LogMeshUtilities: No automatic mesh reduction module available
[2016.03.23-17.53.22:049][  0]LogMeshUtilities: No automatic mesh merging module available
[2016.03.23-17.53.22:719][  0]LogInit: WinSock: version 1.1 (2.2), MaxSocks=32767, MaxUdp=65467
[2016.03.23-17.53.24:809][  0]UdpMessaging: Initializing bridge on interface 0.0.0.0:0 to multicast group 230.0.0.1:6666.
[2016.03.23-17.53.24:972][  0]LogAssetRegistry: FAssetRegistry took 0.0122 seconds to start up
[2016.03.23-17.53.25:446][  0]SourceControl: Info Source control is disabled
[2016.03.23-17.53.25:449][  0]SourceControl: Info Source control is disabled
[2016.03.23-17.53.25:478][  0]SourceControl: Info Source control is disabled
[2016.03.23-17.53.25:506][  0]SourceControl: Info Source control is disabled
[2016.03.23-17.53.26:127][  0]LogObj: 28633 objects as part of root set at end of initial load.
[2016.03.23-17.53.26:127][  0]LogUObjectAllocator: 6099752 out of 0 bytes used by permanent object pool.
[2016.03.23-17.53.26:259][  0]LogEngine: Initializing Engine...
[2016.03.23-17.53.26:264][  0]LogHMD: Can't find Oculus library dev build: is proper Runtime installed? Version: 0.8.0.0
[2016.03.23-17.53.26:265][  0]LogHMD: SteamVR failed to initialize.  Err: 110
[2016.03.23-17.53.26:552][  0]LogAIModule: Creating AISystem for world NewWorld
[2016.03.23-17.53.26:574][  0]LogInit: XAudio2 using 'Realtek Digital Output (Realtek High Definition Audio)' : 2 channels at 48 kHz using 16 bits per sample (channel mask 0x3)
[2016.03.23-17.53.26:643][  0]LogInit: FAudioDevice initialized.
[2016.03.23-17.53.26:689][  0]LogDerivedDataCache: Saved boot cache 0.05s 41MB C:/Users/Doug!/AppData/Local/UnrealEngine/4.10/DerivedDataCache/Boot.ddc.
[2016.03.23-17.53.26:700][  0]LogInit: Texture streaming: Enabled
[2016.03.23-17.53.26:711][  0]LogAnalytics: Creating configured Analytics provider AnalyticsET
[2016.03.23-17.53.26:711][  0]LogAnalytics: [UEEditor.Rocket.Release] APIServer = http://et2.epicgames.com/ET2/. AppVersion = 4.10.4-2872498+++depot+UE4-Releases+4.10
[2016.03.23-17.53.26:711][  0]LogAnalytics: [UEEditor.Rocket.Release] SetUserId 52b10e6445fa931ea2b57b9ab393f2a9|a024f71aa653453a8ecdbc4f8186e225|56a0a37a-fce5-4ac1-879f-0e1c059c54f2
[2016.03.23-17.53.26:711][  0]LogAnalytics: [UEEditor.Rocket.Release] AnalyticsET::StartSession
[2016.03.23-17.53.26:729][  0]LogInit: Transaction tracking system initialized
[2016.03.23-17.53.26:789][  0]BlueprintLog: New page: Editor Load
[2016.03.23-17.53.26:992][  0]LocalizationService: Info Localization service is disabled
[2016.03.23-17.53.27:167][  0]LogConsoleResponse:Display: 
[2016.03.23-17.53.27:510][  0]LogCook:Display: Done creating registry. It took  0.00s.
[2016.03.23-17.53.27:665][  0]LogFileCache: Scanning file cache for directory 'C:/Users/Doug!/Documents/Unreal Projects/FamilyThief/Content/' took 0.04s
[2016.03.23-17.53.27:665][  0]SourceControl: Info Source control is disabled
[2016.03.23-17.53.27:814][  0]LogWindowsTextInputMethodSystem:Display: IME system now deactivated.
[2016.03.23-17.53.27:815][  0]LogWindowsTextInputMethodSystem:Display: IME system now deactivated.
[2016.03.23-17.53.34:677][  0]LogWindowsTextInputMethodSystem:Display: IME system now deactivated.
[2016.03.23-17.53.34:678][  0]LogWindowsTextInputMethodSystem:Display: IME system now deactivated.
[2016.03.23-17.53.34:735][  0]LogWindowsTextInputMethodSystem:Display: IME system now deactivated.
[2016.03.23-17.53.34:735][  0]LogWindowsTextInputMethodSystem:Display: IME system now deactivated.
[2016.03.23-17.53.39:373][  0]LogWindowsTextInputMethodSystem:Display: IME system now deactivated.
[2016.03.23-17.53.39:373][  0]LogWindowsTextInputMethodSystem:Display: IME system now deactivated.
[2016.03.23-17.53.39:478][  0]LogWindowsTextInputMethodSystem:Display: IME system now deactivated.
[2016.03.23-17.53.39:478][  0]LogWindowsTextInputMethodSystem:Display: IME system now deactivated.
[2016.03.23-17.53.39:484][  0]Cmd: MAP LOAD FILE="../../../../../../Users/Doug!/Documents/Unreal Projects/FamilyThief/Content/ThirdPersonBP/Maps/ThirdPersonExampleMap.umap" TEMPLATE=0 SHOWPROGRESS=1 FEATURELEVEL=3
[2016.03.23-17.53.39:514][  0]LightingResults: New page: Lighting Build
[2016.03.23-17.53.39:526][  0]MapCheck: New page: Map Check
[2016.03.23-17.53.39:526][  0]LightingResults: New page: Lighting Build
[2016.03.23-17.53.39:574][  0]LogParticles: Destroying 0 GPU particle simulations for FXSystem 0x0000009EB1513B00
[2016.03.23-17.53.42:958][  0]LogAIModule: Creating AISystem for world ThirdPersonExampleMap
[2016.03.23-17.53.42:990][  0]LogEditorServer: Finished looking for orphan Actors (0.000 secs)
[2016.03.23-17.53.42:996][  0]Cmd: MAP CHECKDEP NOCLEARLOG
[2016.03.23-17.53.43:174][  0]MapCheck: Info Map check complete: 0 Error(s), 0 Warning(s), took 177.206ms to complete.
[2016.03.23-17.53.43:174][  0]LogFileHelpers: Loading map 'ThirdPersonExampleMap' took 3.689
[2016.03.23-17.53.43:416][  0]LogCollectionManager: Loaded 0 collections in 0.004560 seconds
[2016.03.23-17.53.43:492][  0]LogFileCache: Scanning file cache for directory 'C:/Users/Doug!/Documents/Unreal Projects/FamilyThief/Saved/Collections/' took 0.01s
[2016.03.23-17.53.43:492][  0]LogFileCache: Scanning file cache for directory 'C:/Users/Doug!/Documents/Unreal Projects/FamilyThief/Content/Developers/Doug/Collections/' took 0.01s
[2016.03.23-17.53.43:492][  0]LogFileCache: Scanning file cache for directory 'C:/Users/Doug!/Documents/Unreal Projects/FamilyThief/Content/Collections/' took 0.01s
[2016.03.23-17.53.43:492][  0]LogCollectionManager: Rebuilt the GUID cache for 0 collections in 0.000005 seconds
[2016.03.23-17.53.43:518][  0]LogContentBrowser: Native class hierarchy populated in 0.0244 seconds. Added 1893 classes and 338 folders.
[2016.03.23-17.53.43:540][  0]LogContentBrowser: Native class hierarchy updated for 'WidgetCarousel' in 0.0010 seconds. Added 0 classes and 0 folders.
[2016.03.23-17.53.44:290][  0]LogContentBrowser: Native class hierarchy updated for 'AddContentDialog' in 0.0012 seconds. Added 0 classes and 0 folders.
[2016.03.23-17.53.44:309][  0]LogContentBrowser: Native class hierarchy updated for 'SceneOutliner' in 0.0012 seconds. Added 1 classes and 2 folders.
[2016.03.23-17.53.44:458][  0]LogCrashTracker: Crashtracker disabled due to settings.
[2016.03.23-17.53.44:490][  0]LogUObjectGlobals:Warning: Failed to find object 'Class None.'
[2016.03.23-17.53.44:516][  0]LogStats:Warning: MetaData mismatch. Did you assign a stat to two groups? New //STATGROUP_Threads//SplashScreenThread///Thread_1e84_0///####STATCAT_Advanced#### old //STATGROUP_Threads//SplashScreenThread///Thread_2608_0///####STATCAT_Advanced####
[2016.03.23-17.53.44:516][  0]LogLoad: Full Startup: 29.30 seconds (BP compile: 0.71 seconds)
[2016.03.23-17.53.44:543][  0]LogOcInput: Can't find Oculus library dev build: is proper Runtime installed? Version: 0.8.0.0
[2016.03.23-17.53.44:818][  0]LogContentStreaming: Texture pool size now 1000 MB
[2016.03.23-17.53.45:135][  0]LogContentBrowser:Verbose: The majority of assets in the view are of type: AnimSequence
[2016.03.23-17.53.45:333][  0]LogRenderer: Reallocating scene render targets to support 1192x616 (Frame:2).
[2016.03.23-17.53.45:615][  1]LogCollectionManager: Rebuilt the object cache for 0 collections in 0.000001 seconds (found 0 objects)
[2016.03.23-17.53.46:385][ 11]LogAssetRegistry: Asset discovery search completed in 21.4253 seconds
[2016.03.23-17.53.46:385][ 11]LogCollectionManager: Fixed up redirectors for 0 collections in 0.000007 seconds (updated 0 objects)
[2016.03.23-17.53.48:819][ 90]LogSkeletalMesh: InitArticulated: Bodies already created (/Engine/Transient.DebugSkelMeshComponent_0) - call TermArticulated first.
[2016.03.23-17.53.48:966][ 90]LogActorComponent: RegisterComponentWithWorld: (/Engine/Transient.DebugSkelMeshComponent_0) Already registered. Aborting.
[2016.03.23-17.53.49:495][ 90]LogLinker:Warning: Asset '../../../Engine/Content/ArtTools/RenderToTexture/Macros/RenderToTextureMacros.uasset' has been saved with empty engine version. The asset will be loaded but may be incompatible.
[2016.03.23-17.53.50:708][ 90]LogContentBrowser: Native class hierarchy updated for 'BlueprintGraph' in 0.0018 seconds. Added 107 classes and 0 folders.
[2016.03.23-17.53.52:687][ 90]LogSkeletalMesh: InitArticulated: Bodies already created (/Engine/Transient.DebugSkelMeshComponent_2) - call TermArticulated first.
[2016.03.23-17.53.53:797][ 90]LogActorComponent: RegisterComponentWithWorld: (/Engine/Transient.DebugSkelMeshComponent_2) Already registered. Aborting.
[2016.03.23-17.53.54:824][ 90]LogContentBrowser:Verbose: The majority of assets in the view are of type: AnimSequence
[2016.03.23-17.58.52:121][687]LogActorComponent: UnregisterComponent: (/Engine/Transient.CharMoveComp) Not registered. Aborting.
[2016.03.23-17.59.16:389][393]BlueprintLog: New page: Compile CharacterBase
[2016.03.23-17.59.16:686][393]LogParticles: Destroying 0 GPU particle simulations for FXSystem 0x0000009EFCF934C0
[2016.03.23-17.59.16:689][393]LogParticles: Destroying 0 GPU particle simulations for FXSystem 0x0000009E81160E00
[2016.03.23-17.59.17:461][393]BlueprintEditorCompileResults: Info [0362.24] Compile of CharacterBase successful! [in 1,071 ms]
[2016.03.23-17.59.18:447][411]LogSavePackage: Save=88.953781ms
[2016.03.23-17.59.18:447][411]LogSavePackage: Moving '../../../../../../Users/Doug!/Documents/Unreal Projects/FamilyThief/Saved/CharacterBase3A838D6542BD44BB3BC46E838242876B.tmp' to '../../../../../../Users/Doug!/Documents/Unreal Projects/FamilyThief/Content/ThirdPersonBP/Blueprints/CharacterBase.uasset'
[2016.03.23-17.59.18:457][411]LogSavePackage: Total save time: 176.013913ms
[2016.03.23-17.59.18:457][411]LogSavePackage:Display: Finished SavePackage ../../../../../../Users/Doug!/Documents/Unreal Projects/FamilyThief/Content/ThirdPersonBP/Blueprints/CharacterBase.uasset
[2016.03.23-18.00.00:707][428]LogContentBrowser:Verbose: The majority of assets in the view are of type: None
[2016.03.23-18.00.01:106][439]LogContentBrowser:Verbose: The majority of assets in the view are of type: Blueprint
[2016.03.23-18.00.59:095][109]LogActorComponent: UnregisterComponent: (/Engine/Transient.CharMoveComp) Not registered. Aborting.
[2016.03.23-18.01.09:344][406]LogActorComponent: UnregisterComponent: (/Engine/Transient.CharacterMovementComponent_0) Not registered. Aborting.
[2016.03.23-18.02.41:928][133]LogActorComponent: UnregisterComponent: (/Engine/Transient.CharacterMovementComponent_1) Not registered. Aborting.
[2016.03.23-18.03.02:396][749]LogActorComponent: UnregisterComponent: (/Engine/Transient.CharacterMovementComponent_2) Not registered. Aborting.
[2016.03.23-18.03.13:025][105]LogActorComponent: UnregisterComponent: (/Engine/Transient.CharacterMovementComponent_3) Not registered. Aborting.
[2016.03.23-18.03.26:128][523]LogContentBrowser:Verbose: The majority of assets in the view are of type: AnimSequence
[2016.03.23-18.04.33:770][131]LogActorComponent: UnregisterComponent: (/Engine/Transient.CharacterMovementComponent_4) Not registered. Aborting.
[2016.03.23-18.05.12:466][381]BlueprintLog: New page: Compile CharacterBase
[2016.03.23-18.05.12:651][381]LogActorComponent: UnregisterComponent: (/Engine/Transient.CharacterMovementComponent_5) Not registered. Aborting.
[2016.03.23-18.05.13:501][381]BlueprintEditorCompileResults: Info [0718.28] Compile of CharacterBase successful! [in 1,034 ms]
[2016.03.23-18.05.14:301][394]LogSavePackage: Save=95.235687ms
[2016.03.23-18.05.14:301][394]LogSavePackage: Moving '../../../../../../Users/Doug!/Documents/Unreal Projects/FamilyThief/Saved/CharacterBaseB6E378D7425ADCF6D0E41AACDBA6CB75.tmp' to '../../../../../../Users/Doug!/Documents/Unreal Projects/FamilyThief/Content/ThirdPersonBP/Blueprints/CharacterBase.uasset'
[2016.03.23-18.05.14:310][394]LogSavePackage: Total save time: 163.956620ms
[2016.03.23-18.05.14:310][394]LogSavePackage:Display: Finished SavePackage ../../../../../../Users/Doug!/Documents/Unreal Projects/FamilyThief/Content/ThirdPersonBP/Blueprints/CharacterBase.uasset
[2016.03.23-18.05.20:689][566]LogBlueprintUserMessages: Early PlayInEditor Detection: Level '/Game/ThirdPersonBP/Maps/ThirdPersonExampleMap.ThirdPersonExampleMap:PersistentLevel' has LevelScriptBlueprint '/Game/ThirdPersonBP/Maps/ThirdPersonExampleMap.ThirdPersonExampleMap:PersistentLevel.ThirdPersonExampleMap' with GeneratedClass '/Game/ThirdPersonBP/Maps/ThirdPersonExampleMap.ThirdPersonExampleMap_C' with ClassGeneratedBy '/Game/ThirdPersonBP/Maps/ThirdPersonExampleMap.ThirdPersonExampleMap:PersistentLevel.ThirdPersonExampleMap'
[2016.03.23-18.05.20:690][566]LogPlayLevel: PlayLevel: No blueprints needed recompiling
[2016.03.23-18.05.20:692][566]PIE: New page: PIE session: ThirdPersonExampleMap (Mar 23, 2016, 10:05:20 AM)
[2016.03.23-18.05.20:692][566]LogPlayLevel: Creating play world package: /Game/ThirdPersonBP/Maps/UEDPIE_0_ThirdPersonExampleMap
[2016.03.23-18.05.20:795][566]LogPlayLevel: PIE: StaticDuplicateObject took: (0.103503s)
[2016.03.23-18.05.20:797][566]LogAIModule: Creating AISystem for world ThirdPersonExampleMap
[2016.03.23-18.05.20:797][566]LogPlayLevel: PIE: World Init took: (0.002303s)
[2016.03.23-18.05.20:798][566]LogPlayLevel: PIE: Created PIE world by copying editor world from /Game/ThirdPersonBP/Maps/ThirdPersonExampleMap.ThirdPersonExampleMap to /Game/ThirdPersonBP/Maps/UEDPIE_0_ThirdPersonExampleMap.ThirdPersonExampleMap (0.106505s)
[2016.03.23-18.05.20:798][566]LogActorComponent: UnregisterComponent: (/Engine/Transient.CharMoveComp) Not registered. Aborting.
[2016.03.23-18.05.20:915][566]LogInit: XAudio2 using 'Realtek Digital Output (Realtek High Definition Audio)' : 2 channels at 48 kHz using 16 bits per sample (channel mask 0x3)
[2016.03.23-18.05.20:947][566]LogInit: FAudioDevice initialized.
[2016.03.23-18.05.21:121][566]LogWorld: Game class is 'ThirdPersonGameMode_C'
[2016.03.23-18.05.21:135][566]LogWorld: Bringing World /Game/ThirdPersonBP/Maps/UEDPIE_0_ThirdPersonExampleMap.ThirdPersonExampleMap up for play (max tick rate 60) at 2016.03.23-14.05.21
[2016.03.23-18.05.21:135][566]LogActor:Warning: GameSession /Game/ThirdPersonBP/Maps/UEDPIE_0_ThirdPersonExampleMap.ThirdPersonExampleMap:PersistentLevel.GameSession_0 has natively added scene component(s), but none of them were set as the actor's RootComponent - picking one arbitrarily
[2016.03.23-18.05.21:135][566]LogActor:Warning: GameNetworkManager /Game/ThirdPersonBP/Maps/UEDPIE_0_ThirdPersonExampleMap.ThirdPersonExampleMap:PersistentLevel.GameNetworkManager_0 has natively added scene component(s), but none of them were set as the actor's RootComponent - picking one arbitrarily
[2016.03.23-18.05.21:145][566]LogWorld: Bringing up level for play took: 0.020068
[2016.03.23-18.05.21:161][566]PIE: Info Play in editor start time for /Game/ThirdPersonBP/Maps/UEDPIE_0_ThirdPersonExampleMap 0.178
[2016.03.23-18.05.21:161][566]LogBlueprintUserMessages: Late PlayInEditor Detection: Level '/Game/ThirdPersonBP/Maps/ThirdPersonExampleMap.ThirdPersonExampleMap:PersistentLevel' has LevelScriptBlueprint '/Game/ThirdPersonBP/Maps/ThirdPersonExampleMap.ThirdPersonExampleMap:PersistentLevel.ThirdPersonExampleMap' with GeneratedClass '/Game/ThirdPersonBP/Maps/ThirdPersonExampleMap.ThirdPersonExampleMap_C' with ClassGeneratedBy '/Game/ThirdPersonBP/Maps/ThirdPersonExampleMap.ThirdPersonExampleMap:PersistentLevel.ThirdPersonExampleMap'
[2016.03.23-18.05.32:443][914]LogBlueprintUserMessages: Early EndPlayMap Detection: Level '/Game/ThirdPersonBP/Maps/ThirdPersonExampleMap.ThirdPersonExampleMap:PersistentLevel' has LevelScriptBlueprint '/Game/ThirdPersonBP/Maps/ThirdPersonExampleMap.ThirdPersonExampleMap:PersistentLevel.ThirdPersonExampleMap' with GeneratedClass '/Game/ThirdPersonBP/Maps/ThirdPersonExampleMap.ThirdPersonExampleMap_C' with ClassGeneratedBy '/Game/ThirdPersonBP/Maps/ThirdPersonExampleMap.ThirdPersonExampleMap:PersistentLevel.ThirdPersonExampleMap'
[2016.03.23-18.05.32:544][914]LogBlueprintUserMessages: Late EndPlayMap Detection: Level '/Game/ThirdPersonBP/Maps/ThirdPersonExampleMap.ThirdPersonExampleMap:PersistentLevel' has LevelScriptBlueprint '/Game/ThirdPersonBP/Maps/ThirdPersonExampleMap.ThirdPersonExampleMap:PersistentLevel.ThirdPersonExampleMap' with GeneratedClass '/Game/ThirdPersonBP/Maps/ThirdPersonExampleMap.ThirdPersonExampleMap_C' with ClassGeneratedBy '/Game/ThirdPersonBP/Maps/ThirdPersonExampleMap.ThirdPersonExampleMap:PersistentLevel.ThirdPersonExampleMap'
[2016.03.23-18.05.32:769][915]LogParticles: Destroying 0 GPU particle simulations for FXSystem 0x0000009F4906DB20
[2016.03.23-18.05.39:547][ 55]LogRenderer: Reallocating scene render targets to support 1192x876 (Frame:21645).
[2016.03.23-18.05.53:992][451]LogSavePackage: Save=14.503650ms
[2016.03.23-18.05.53:992][451]LogSavePackage: Moving '../../../../../../Users/Doug!/Documents/Unreal Projects/FamilyThief/Saved/UE4_Mannequin_Skeleton0AA8643943ADBB865C39F3B03DB569CA.tmp' to '../../../../../../Users/Doug!/Documents/Unreal Projects/FamilyThief/Content/AnimStarterPack/UE4_Mannequin/Mesh/UE4_Mannequin_Skeleton.uasset'
[2016.03.23-18.05.54:000][451]LogSavePackage: Total save time: 80.502130ms
[2016.03.23-18.05.54:000][451]LogSavePackage:Display: Finished SavePackage ../../../../../../Users/Doug!/Documents/Unreal Projects/FamilyThief/Content/AnimStarterPack/UE4_Mannequin/Mesh/UE4_Mannequin_Skeleton.uasset
[2016.03.23-18.05.56:778][502]LogBlueprintUserMessages: Early PlayInEditor Detection: Level '/Game/ThirdPersonBP/Maps/ThirdPersonExampleMap.ThirdPersonExampleMap:PersistentLevel' has LevelScriptBlueprint '/Game/ThirdPersonBP/Maps/ThirdPersonExampleMap.ThirdPersonExampleMap:PersistentLevel.ThirdPersonExampleMap' with GeneratedClass '/Game/ThirdPersonBP/Maps/ThirdPersonExampleMap.ThirdPersonExampleMap_C' with ClassGeneratedBy '/Game/ThirdPersonBP/Maps/ThirdPersonExampleMap.ThirdPersonExampleMap:PersistentLevel.ThirdPersonExampleMap'
[2016.03.23-18.05.56:778][502]LogPlayLevel: PlayLevel: No blueprints needed recompiling
[2016.03.23-18.05.56:779][502]PIE: New page: PIE session: ThirdPersonExampleMap (Mar 23, 2016, 10:05:56 AM)
[2016.03.23-18.05.56:779][502]LogPlayLevel: Creating play world package: /Game/ThirdPersonBP/Maps/UEDPIE_0_ThirdPersonExampleMap
[2016.03.23-18.05.56:864][502]LogPlayLevel: PIE: StaticDuplicateObject took: (0.084907s)
[2016.03.23-18.05.56:866][502]LogAIModule: Creating AISystem for world ThirdPersonExampleMap
[2016.03.23-18.05.56:867][502]LogPlayLevel: PIE: World Init took: (0.002615s)
[2016.03.23-18.05.56:867][502]LogPlayLevel: PIE: Created PIE world by copying editor world from /Game/ThirdPersonBP/Maps/ThirdPersonExampleMap.ThirdPersonExampleMap to /Game/ThirdPersonBP/Maps/UEDPIE_0_ThirdPersonExampleMap.ThirdPersonExampleMap (0.088363s)
[2016.03.23-18.05.56:962][502]LogParticles: Destroying 0 GPU particle simulations for FXSystem 0x0000009E8D0076A0
[2016.03.23-18.05.56:989][502]LogInit: XAudio2 using 'Realtek Digital Output (Realtek High Definition Audio)' : 2 channels at 48 kHz using 16 bits per sample (channel mask 0x3)
[2016.03.23-18.05.57:018][502]LogInit: FAudioDevice initialized.
[2016.03.23-18.05.57:077][502]LogWorld: Game class is 'ThirdPersonGameMode_C'
[2016.03.23-18.05.57:091][502]LogWorld: Bringing World /Game/ThirdPersonBP/Maps/UEDPIE_0_ThirdPersonExampleMap.ThirdPersonExampleMap up for play (max tick rate 60) at 2016.03.23-14.05.57
[2016.03.23-18.05.57:091][502]LogActor:Warning: GameSession /Game/ThirdPersonBP/Maps/UEDPIE_0_ThirdPersonExampleMap.ThirdPersonExampleMap:PersistentLevel.GameSession_1 has natively added scene component(s), but none of them were set as the actor's RootComponent - picking one arbitrarily
[2016.03.23-18.05.57:092][502]LogActor:Warning: GameNetworkManager /Game/ThirdPersonBP/Maps/UEDPIE_0_ThirdPersonExampleMap.ThirdPersonExampleMap:PersistentLevel.GameNetworkManager_1 has natively added scene component(s), but none of them were set as the actor's RootComponent - picking one arbitrarily
[2016.03.23-18.05.57:094][502]LogWorld: Bringing up level for play took: 0.014048
[2016.03.23-18.05.57:103][502]PIE: Info Play in editor start time for /Game/ThirdPersonBP/Maps/UEDPIE_0_ThirdPersonExampleMap 0.121
[2016.03.23-18.05.57:104][502]LogBlueprintUserMessages: Late PlayInEditor Detection: Level '/Game/ThirdPersonBP/Maps/ThirdPersonExampleMap.ThirdPersonExampleMap:PersistentLevel' has LevelScriptBlueprint '/Game/ThirdPersonBP/Maps/ThirdPersonExampleMap.ThirdPersonExampleMap:PersistentLevel.ThirdPersonExampleMap' with GeneratedClass '/Game/ThirdPersonBP/Maps/ThirdPersonExampleMap.ThirdPersonExampleMap_C' with ClassGeneratedBy '/Game/ThirdPersonBP/Maps/ThirdPersonExampleMap.ThirdPersonExampleMap:PersistentLevel.ThirdPersonExampleMap'
[2016.03.23-18.05.57:906][521]LogBlueprintUserMessages: [AIShooter_Character_C_1] ouch
[2016.03.23-18.05.59:017][552]LogBlueprintUserMessages: [AIShooter_Character_C_1] ouch
[2016.03.23-18.05.59:384][563]LogBlueprintUserMessages: [AIShooter_Character_C_1] ouch
[2016.03.23-18.05.59:582][569]LogBlueprintUserMessages: [AIShooter_Character_C_1] ouch
[2016.03.23-18.06.51:014][129]LogBlueprintUserMessages: [AIShooter_Character_C_1] ouch
[2016.03.23-18.06.51:444][142]LogBlueprintUserMessages: [AIShooter_Character_C_1] ouch
[2016.03.23-18.06.51:959][158]LogBlueprintUserMessages: [AIShooter_Character_C_1] ouch
[2016.03.23-18.06.52:184][165]LogBlueprintUserMessages: [AIShooter_Character_C_1] ouch
[2016.03.23-18.06.52:380][171]LogBlueprintUserMessages: [AIShooter_Character_C_1] ouch
[2016.03.23-18.06.53:928][217]LogBlueprintUserMessages: [AIShooter_Character_C_1] ouch
[2016.03.23-18.06.54:251][227]LogBlueprintUserMessages: [AIShooter_Character_C_1] ouch
[2016.03.23-18.06.54:450][233]LogBlueprintUserMessages: [AIShooter_Character_C_1] ouch
[2016.03.23-18.06.54:610][238]LogBlueprintUserMessages: [AIShooter_Character_C_1] ouch
[2016.03.23-18.06.54:774][243]LogBlueprintUserMessages: [AIShooter_Character_C_1] ouch
[2016.03.23-18.07.05:232][560]LogBlueprintUserMessages: Early EndPlayMap Detection: Level '/Game/ThirdPersonBP/Maps/ThirdPersonExampleMap.ThirdPersonExampleMap:PersistentLevel' has LevelScriptBlueprint '/Game/ThirdPersonBP/Maps/ThirdPersonExampleMap.ThirdPersonExampleMap:PersistentLevel.ThirdPersonExampleMap' with GeneratedClass '/Game/ThirdPersonBP/Maps/ThirdPersonExampleMap.ThirdPersonExampleMap_C' with ClassGeneratedBy '/Game/ThirdPersonBP/Maps/ThirdPersonExampleMap.ThirdPersonExampleMap:PersistentLevel.ThirdPersonExampleMap'
[2016.03.23-18.07.05:304][560]LogBlueprintUserMessages: Late EndPlayMap Detection: Level '/Game/ThirdPersonBP/Maps/ThirdPersonExampleMap.ThirdPersonExampleMap:PersistentLevel' has LevelScriptBlueprint '/Game/ThirdPersonBP/Maps/ThirdPersonExampleMap.ThirdPersonExampleMap:PersistentLevel.ThirdPersonExampleMap' with GeneratedClass '/Game/ThirdPersonBP/Maps/ThirdPersonExampleMap.ThirdPersonExampleMap_C' with ClassGeneratedBy '/Game/ThirdPersonBP/Maps/ThirdPersonExampleMap.ThirdPersonExampleMap:PersistentLevel.ThirdPersonExampleMap'
[2016.03.23-18.07.05:449][561]LogParticles: Destroying 0 GPU particle simulations for FXSystem 0x0000009F027793A0
[2016.03.23-18.08.04:907][984]LogSavePackage: Save=87.895592ms
[2016.03.23-18.08.04:907][984]LogSavePackage: Moving '../../../../../../Users/Doug!/Documents/Unreal Projects/FamilyThief/Saved/AIShooter_Character4E2F94734BDF8D7AF542228765B1623B.tmp' to '../../../../../../Users/Doug!/Documents/Unreal Projects/FamilyThief/Content/ThirdPersonBP/Blueprints/AIShooter_Character.uasset'
[2016.03.23-18.08.04:915][984]LogSavePackage: Total save time: 165.470004ms
[2016.03.23-18.08.04:915][984]LogSavePackage:Display: Finished SavePackage ../../../../../../Users/Doug!/Documents/Unreal Projects/FamilyThief/Content/ThirdPersonBP/Blueprints/AIShooter_Character.uasset
[2016.03.23-18.09.07:029][587]BlueprintLog: New page: Compile CharacterBase
[2016.03.23-18.09.07:214][587]LogActorComponent: UnregisterComponent: (/Engine/Transient.CharMoveComp) Not registered. Aborting.
[2016.03.23-18.09.08:027][587]BlueprintEditorCompileResults: Info [0952.81] Compile of CharacterBase successful! [in 997 ms]
[2016.03.23-18.09.08:728][598]LogSavePackage: Save=101.314629ms
[2016.03.23-18.09.08:728][598]LogSavePackage: Moving '../../../../../../Users/Doug!/Documents/Unreal Projects/FamilyThief/Saved/CharacterBase9F7B0E534003B7D175088B90BAB38443.tmp' to '../../../../../../Users/Doug!/Documents/Unreal Projects/FamilyThief/Content/ThirdPersonBP/Blueprints/CharacterBase.uasset'
[2016.03.23-18.09.08:737][598]LogSavePackage: Total save time: 159.472659ms
[2016.03.23-18.09.08:737][598]LogSavePackage:Display: Finished SavePackage ../../../../../../Users/Doug!/Documents/Unreal Projects/FamilyThief/Content/ThirdPersonBP/Blueprints/CharacterBase.uasset
[2016.03.23-18.09.09:847][621]LogActorComponent: UnregisterComponent: (/Engine/Transient.CharMoveComp) Not registered. Aborting.
[2016.03.23-18.09.10:869][621]LogSavePackage: Save=880.413391ms
[2016.03.23-18.09.10:869][621]LogSavePackage: Moving '../../../../../../Users/Doug!/Documents/Unreal Projects/FamilyThief/Saved/ThirdPersonExampleMapE157B2F84298CF737BF8A49833BF677C.tmp' to '../../../../../../Users/Doug!/Documents/Unreal Projects/FamilyThief/Content/ThirdPersonBP/Maps/ThirdPersonExampleMap.umap'
[2016.03.23-18.09.10:879][621]LogSavePackage: Total save time: 952.695582ms
[2016.03.23-18.09.10:879][621]LogSavePackage:Display: Finished SavePackage ../../../../../../Users/Doug!/Documents/Unreal Projects/FamilyThief/Content/ThirdPersonBP/Maps/ThirdPersonExampleMap.umap
[2016.03.23-18.09.13:491][661]LogSavePackage: Save=507.936676ms
[2016.03.23-18.09.13:491][661]LogSavePackage: Moving '../../../../../../Users/Doug!/Documents/Unreal Projects/FamilyThief/Saved/UE4ASP_HeroTPP_AnimBlueprintB9E9B6434D829232433581BAA682A363.tmp' to '../../../../../../Users/Doug!/Documents/Unreal Projects/FamilyThief/Content/AnimStarterPack/UE4ASP_HeroTPP_AnimBlueprint.uasset'
[2016.03.23-18.09.13:498][661]LogSavePackage: Total save time: 570.083439ms
[2016.03.23-18.09.13:498][661]LogSavePackage:Display: Finished SavePackage ../../../../../../Users/Doug!/Documents/Unreal Projects/FamilyThief/Content/AnimStarterPack/UE4ASP_HeroTPP_AnimBlueprint.uasset
[2016.03.23-18.09.13:919][661]LogSavePackage: Save=366.182007ms
[2016.03.23-18.09.13:920][661]LogSavePackage: Moving '../../../../../../Users/Doug!/Documents/Unreal Projects/FamilyThief/Saved/BTS_VisionCheck8F4B2E694459EB6F670164835055152E.tmp' to '../../../../../../Users/Doug!/Documents/Unreal Projects/FamilyThief/Content/ThirdPersonBP/AICharacter/BTS_VisionCheck.uasset'
[2016.03.23-18.09.13:928][661]LogSavePackage: Total save time: 412.192415ms
[2016.03.23-18.09.13:928][661]LogSavePackage:Display: Finished SavePackage ../../../../../../Users/Doug!/Documents/Unreal Projects/FamilyThief/Content/ThirdPersonBP/AICharacter/BTS_VisionCheck.uasset
[2016.03.23-18.09.14:007][661]Cmd: OBJ SAVEPACKAGE PACKAGE="/Game/AnimStarterPack/Death" FILE="../../../../../../Users/Doug!/Documents/Unreal Projects/FamilyThief/Content/AnimStarterPack/Death.uasset" SILENT=true
[2016.03.23-18.09.14:103][661]LogSavePackage: Save=44.486515ms
[2016.03.23-18.09.14:103][661]LogSavePackage: Moving '../../../../../../Users/Doug!/Documents/Unreal Projects/FamilyThief/Saved/Death59FE08324ADFDB2E1D87E2A9716AEEEB.tmp' to '../../../../../../Users/Doug!/Documents/Unreal Projects/FamilyThief/Content/AnimStarterPack/Death.uasset'
[2016.03.23-18.09.14:109][661]LogSavePackage: Total save time: 98.187789ms
[2016.03.23-18.09.14:109][661]LogSavePackage:Display: Finished SavePackage ../../../../../../Users/Doug!/Documents/Unreal Projects/FamilyThief/Content/AnimStarterPack/Death.uasset
[2016.03.23-18.09.50:830][737]BlueprintLog: New page: Compile BTS_VisionCheck
[2016.03.23-18.09.51:137][737]BlueprintEditorCompileResults: Info [0995.92] Compile of BTS_VisionCheck successful! [in 307 ms]
[2016.03.23-18.09.51:959][746]LogSavePackage: Save=326.348267ms
[2016.03.23-18.09.51:959][746]LogSavePackage: Moving '../../../../../../Users/Doug!/Documents/Unreal Projects/FamilyThief/Saved/BTS_VisionCheck42E5BD8C421B3B4176CEBEAACF8E1BEC.tmp' to '../../../../../../Users/Doug!/Documents/Unreal Projects/FamilyThief/Content/ThirdPersonBP/AICharacter/BTS_VisionCheck.uasset'
[2016.03.23-18.09.51:968][746]LogSavePackage: Total save time: 385.982234ms
[2016.03.23-18.09.51:968][746]LogSavePackage:Display: Finished SavePackage ../../../../../../Users/Doug!/Documents/Unreal Projects/FamilyThief/Content/ThirdPersonBP/AICharacter/BTS_VisionCheck.uasset
[2016.03.23-18.09.59:155][923]LogBlueprintUserMessages: Early PlayInEditor Detection: Level '/Game/ThirdPersonBP/Maps/ThirdPersonExampleMap.ThirdPersonExampleMap:PersistentLevel' has LevelScriptBlueprint '/Game/ThirdPersonBP/Maps/ThirdPersonExampleMap.ThirdPersonExampleMap:PersistentLevel.ThirdPersonExampleMap' with GeneratedClass '/Game/ThirdPersonBP/Maps/ThirdPersonExampleMap.ThirdPersonExampleMap_C' with ClassGeneratedBy '/Game/ThirdPersonBP/Maps/ThirdPersonExampleMap.ThirdPersonExampleMap:PersistentLevel.ThirdPersonExampleMap'
[2016.03.23-18.09.59:155][923]LogPlayLevel: PlayLevel: No blueprints needed recompiling
[2016.03.23-18.09.59:155][923]PIE: New page: PIE session: ThirdPersonExampleMap (Mar 23, 2016, 10:09:59 AM)
[2016.03.23-18.09.59:155][923]LogPlayLevel: Creating play world package: /Game/ThirdPersonBP/Maps/UEDPIE_0_ThirdPersonExampleMap
[2016.03.23-18.09.59:219][923]LogPlayLevel: PIE: StaticDuplicateObject took: (0.063776s)
[2016.03.23-18.09.59:222][923]LogAIModule: Creating AISystem for world ThirdPersonExampleMap
[2016.03.23-18.09.59:223][923]LogPlayLevel: PIE: World Init took: (0.003508s)
[2016.03.23-18.09.59:223][923]LogPlayLevel: PIE: Created PIE world by copying editor world from /Game/ThirdPersonBP/Maps/ThirdPersonExampleMap.ThirdPersonExampleMap to /Game/ThirdPersonBP/Maps/UEDPIE_0_ThirdPersonExampleMap.ThirdPersonExampleMap (0.068139s)
[2016.03.23-18.09.59:346][923]LogInit: XAudio2 using 'Realtek Digital Output (Realtek High Definition Audio)' : 2 channels at 48 kHz using 16 bits per sample (channel mask 0x3)
[2016.03.23-18.09.59:378][923]LogInit: FAudioDevice initialized.
[2016.03.23-18.09.59:435][923]LogWorld: Game class is 'ThirdPersonGameMode_C'
[2016.03.23-18.09.59:450][923]LogWorld: Bringing World /Game/ThirdPersonBP/Maps/UEDPIE_0_ThirdPersonExampleMap.ThirdPersonExampleMap up for play (max tick rate 60) at 2016.03.23-14.09.59
[2016.03.23-18.09.59:450][923]LogActor:Warning: GameSession /Game/ThirdPersonBP/Maps/UEDPIE_0_ThirdPersonExampleMap.ThirdPersonExampleMap:PersistentLevel.GameSession_2 has natively added scene component(s), but none of them were set as the actor's RootComponent - picking one arbitrarily
[2016.03.23-18.09.59:451][923]LogActor:Warning: GameNetworkManager /Game/ThirdPersonBP/Maps/UEDPIE_0_ThirdPersonExampleMap.ThirdPersonExampleMap:PersistentLevel.GameNetworkManager_2 has natively added scene component(s), but none of them were set as the actor's RootComponent - picking one arbitrarily
[2016.03.23-18.09.59:453][923]LogWorld: Bringing up level for play took: 0.013864
[2016.03.23-18.09.59:463][923]PIE: Info Play in editor start time for /Game/ThirdPersonBP/Maps/UEDPIE_0_ThirdPersonExampleMap 0.48
[2016.03.23-18.09.59:463][923]LogBlueprintUserMessages: Late PlayInEditor Detection: Level '/Game/ThirdPersonBP/Maps/ThirdPersonExampleMap.ThirdPersonExampleMap:PersistentLevel' has LevelScriptBlueprint '/Game/ThirdPersonBP/Maps/ThirdPersonExampleMap.ThirdPersonExampleMap:PersistentLevel.ThirdPersonExampleMap' with GeneratedClass '/Game/ThirdPersonBP/Maps/ThirdPersonExampleMap.ThirdPersonExampleMap_C' with ClassGeneratedBy '/Game/ThirdPersonBP/Maps/ThirdPersonExampleMap.ThirdPersonExampleMap:PersistentLevel.ThirdPersonExampleMap'
[2016.03.23-18.10.00:992][968]LogBlueprintUserMessages: [AIShooter_Character_C_1] ouch
[2016.03.23-18.10.01:488][984]LogBlueprintUserMessages: [AIShooter_Character_C_1] ouch
[2016.03.23-18.10.01:895][998]LogBlueprintUserMessages: [AIShooter_Character_C_1] ouch
[2016.03.23-18.10.02:561][ 20]LogBlueprintUserMessages: [AIShooter_Character_C_1] ouch
[2016.03.23-18.10.03:054][ 37]LogBlueprintUserMessages: [AIShooter_Character_C_1] ouch
[2016.03.23-18.10.03:266][ 44]LogBlueprintUserMessages: [AIShooter_Character_C_1] ouch
[2016.03.23-18.10.03:440][ 50]LogBlueprintUserMessages: [AIShooter_Character_C_1] ouch
[2016.03.23-18.10.03:620][ 56]LogBlueprintUserMessages: [AIShooter_Character_C_1] ouch
[2016.03.23-18.10.03:770][ 61]LogBlueprintUserMessages: [AIShooter_Character_C_1] ouch
[2016.03.23-18.10.04:096][ 72]LogBlueprintUserMessages: [AIShooter_Character_C_1] ouch
[2016.03.23-18.10.04:269][ 78]LogBlueprintUserMessages: [AIShooter_Character_C_1] ouch
[2016.03.23-18.10.04:476][ 85]LogBlueprintUserMessages: [AIShooter_Character_C_1] ouch
[2016.03.23-18.10.04:624][ 90]LogBlueprintUserMessages: [AIShooter_Character_C_1] ouch
[2016.03.23-18.10.04:834][ 97]LogBlueprintUserMessages: [AIShooter_Character_C_1] ouch
[2016.03.23-18.10.05:011][103]LogBlueprintUserMessages: [AIShooter_Character_C_1] ouch
[2016.03.23-18.10.06:332][145]LogBlueprintUserMessages: Early EndPlayMap Detection: Level '/Game/ThirdPersonBP/Maps/ThirdPersonExampleMap.ThirdPersonExampleMap:PersistentLevel' has LevelScriptBlueprint '/Game/ThirdPersonBP/Maps/ThirdPersonExampleMap.ThirdPersonExampleMap:PersistentLevel.ThirdPersonExampleMap' with GeneratedClass '/Game/ThirdPersonBP/Maps/ThirdPersonExampleMap.ThirdPersonExampleMap_C' with ClassGeneratedBy '/Game/ThirdPersonBP/Maps/ThirdPersonExampleMap.ThirdPersonExampleMap:PersistentLevel.ThirdPersonExampleMap'
[2016.03.23-18.10.06:403][145]LogBlueprintUserMessages: Late EndPlayMap Detection: Level '/Game/ThirdPersonBP/Maps/ThirdPersonExampleMap.ThirdPersonExampleMap:PersistentLevel' has LevelScriptBlueprint '/Game/ThirdPersonBP/Maps/ThirdPersonExampleMap.ThirdPersonExampleMap:PersistentLevel.ThirdPersonExampleMap' with GeneratedClass '/Game/ThirdPersonBP/Maps/ThirdPersonExampleMap.ThirdPersonExampleMap_C' with ClassGeneratedBy '/Game/ThirdPersonBP/Maps/ThirdPersonExampleMap.ThirdPersonExampleMap:PersistentLevel.ThirdPersonExampleMap'
[2016.03.23-18.10.06:481][145]LogParticles: Destroying 0 GPU particle simulations for FXSystem 0x0000009ED47D0400
[2016.03.23-18.10.33:256][864]LogContentBrowser:Verbose: The majority of assets in the view are of type: AnimSequence
[2016.03.23-18.14.21:473][485]BlueprintLog: New page: Compile CharacterBase
[2016.03.23-18.14.21:715][485]LogParticles: Destroying 0 GPU particle simulations for FXSystem 0x0000009E8382D4E0
[2016.03.23-18.14.21:717][485]LogParticles: Destroying 0 GPU particle simulations for FXSystem 0x0000009ED4710A40
[2016.03.23-18.14.22:460][485]BlueprintEditorCompileResults: Info [1267.24] Compile of CharacterBase successful! [in 986 ms]
[2016.03.23-18.14.24:172][525]LogSavePackage: Save=97.216843ms
[2016.03.23-18.14.24:172][525]LogSavePackage: Moving '../../../../../../Users/Doug!/Documents/Unreal Projects/FamilyThief/Saved/CharacterBaseB02053164701286A709B1A8B52E255C2.tmp' to '../../../../../../Users/Doug!/Documents/Unreal Projects/FamilyThief/Content/ThirdPersonBP/Blueprints/CharacterBase.uasset'
[2016.03.23-18.14.24:181][525]LogSavePackage: Total save time: 171.236411ms
[2016.03.23-18.14.24:181][525]LogSavePackage:Display: Finished SavePackage ../../../../../../Users/Doug!/Documents/Unreal Projects/FamilyThief/Content/ThirdPersonBP/Blueprints/CharacterBase.uasset
[2016.03.23-18.14.41:648][961]LogBlueprintUserMessages: Early PlayInEditor Detection: Level '/Game/ThirdPersonBP/Maps/ThirdPersonExampleMap.ThirdPersonExampleMap:PersistentLevel' has LevelScriptBlueprint '/Game/ThirdPersonBP/Maps/ThirdPersonExampleMap.ThirdPersonExampleMap:PersistentLevel.ThirdPersonExampleMap' with GeneratedClass '/Game/ThirdPersonBP/Maps/ThirdPersonExampleMap.ThirdPersonExampleMap_C' with ClassGeneratedBy '/Game/ThirdPersonBP/Maps/ThirdPersonExampleMap.ThirdPersonExampleMap:PersistentLevel.ThirdPersonExampleMap'
[2016.03.23-18.14.41:649][961]LogPlayLevel: PlayLevel: No blueprints needed recompiling
[2016.03.23-18.14.41:649][961]PIE: New page: PIE session: ThirdPersonExampleMap (Mar 23, 2016, 10:14:41 AM)
[2016.03.23-18.14.41:649][961]LogPlayLevel: Creating play world package: /Game/ThirdPersonBP/Maps/UEDPIE_0_ThirdPersonExampleMap
[2016.03.23-18.14.41:718][961]LogPlayLevel: PIE: StaticDuplicateObject took: (0.068439s)
[2016.03.23-18.14.41:720][961]LogAIModule: Creating AISystem for world ThirdPersonExampleMap
[2016.03.23-18.14.41:721][961]LogPlayLevel: PIE: World Init took: (0.002842s)
[2016.03.23-18.14.41:721][961]LogPlayLevel: PIE: Created PIE world by copying editor world from /Game/ThirdPersonBP/Maps/ThirdPersonExampleMap.ThirdPersonExampleMap to /Game/ThirdPersonBP/Maps/UEDPIE_0_ThirdPersonExampleMap.ThirdPersonExampleMap (0.072145s)
[2016.03.23-18.14.41:722][961]LogActorComponent: UnregisterComponent: (/Engine/Transient.CharMoveComp) Not registered. Aborting.
[2016.03.23-18.14.41:844][961]LogInit: XAudio2 using 'Realtek Digital Output (Realtek High Definition Audio)' : 2 channels at 48 kHz using 16 bits per sample (channel mask 0x3)
[2016.03.23-18.14.41:876][961]LogInit: FAudioDevice initialized.
[2016.03.23-18.14.41:931][961]LogWorld: Game class is 'ThirdPersonGameMode_C'
[2016.03.23-18.14.41:945][961]LogWorld: Bringing World /Game/ThirdPersonBP/Maps/UEDPIE_0_ThirdPersonExampleMap.ThirdPersonExampleMap up for play (max tick rate 0) at 2016.03.23-14.14.41
[2016.03.23-18.14.41:945][961]LogActor:Warning: GameSession /Game/ThirdPersonBP/Maps/UEDPIE_0_ThirdPersonExampleMap.ThirdPersonExampleMap:PersistentLevel.GameSession_3 has natively added scene component(s), but none of them were set as the actor's RootComponent - picking one arbitrarily
[2016.03.23-18.14.41:946][961]LogActor:Warning: GameNetworkManager /Game/ThirdPersonBP/Maps/UEDPIE_0_ThirdPersonExampleMap.ThirdPersonExampleMap:PersistentLevel.GameNetworkManager_3 has natively added scene component(s), but none of them were set as the actor's RootComponent - picking one arbitrarily
[2016.03.23-18.14.41:948][961]LogWorld: Bringing up level for play took: 0.013861
[2016.03.23-18.14.41:958][961]PIE: Info Play in editor start time for /Game/ThirdPersonBP/Maps/UEDPIE_0_ThirdPersonExampleMap 0.975
[2016.03.23-18.14.41:958][961]LogBlueprintUserMessages: Late PlayInEditor Detection: Level '/Game/ThirdPersonBP/Maps/ThirdPersonExampleMap.ThirdPersonExampleMap:PersistentLevel' has LevelScriptBlueprint '/Game/ThirdPersonBP/Maps/ThirdPersonExampleMap.ThirdPersonExampleMap:PersistentLevel.ThirdPersonExampleMap' with GeneratedClass '/Game/ThirdPersonBP/Maps/ThirdPersonExampleMap.ThirdPersonExampleMap_C' with ClassGeneratedBy '/Game/ThirdPersonBP/Maps/ThirdPersonExampleMap.ThirdPersonExampleMap:PersistentLevel.ThirdPersonExampleMap'
[2016.03.23-18.14.45:695][ 72]LogBlueprintUserMessages: [AIShooter_Character_C_1] ouch
[2016.03.23-18.14.46:020][ 82]LogBlueprintUserMessages: [AIShooter_Character_C_1] ouch
[2016.03.23-18.14.48:265][149]LogBlueprintUserMessages: [AIShooter_Character_C_1] ouch
[2016.03.23-18.14.48:825][166]LogBlueprintUserMessages: [AIShooter_Character_C_1] ouch
[2016.03.23-18.14.49:276][182]LogBlueprintUserMessages: [AIShooter_Character_C_1] ouch
[2016.03.23-18.14.49:533][190]LogBlueprintUserMessages: [AIShooter_Character_C_1] ouch
[2016.03.23-18.14.49:711][195]LogBlueprintUserMessages: [AIShooter_Character_C_1] ouch
[2016.03.23-18.14.49:927][202]LogBlueprintUserMessages: [AIShooter_Character_C_1] ouch
[2016.03.23-18.14.50:135][208]LogBlueprintUserMessages: [AIShooter_Character_C_1] ouch
[2016.03.23-18.14.50:354][214]LogBlueprintUserMessages: [PlayerShooterCharacter_C_4] ouch
[2016.03.23-18.14.50:518][219]LogBlueprintUserMessages: [AIShooter_Character_C_1] ouch
[2016.03.23-18.14.50:731][226]LogBlueprintUserMessages: [AIShooter_Character_C_1] ouch
[2016.03.23-18.14.51:502][247]LogBlueprintUserMessages: [AIShooter_Character_C_1] ouch
[2016.03.23-18.14.51:700][253]LogBlueprintUserMessages: [AIShooter_Character_C_1] ouch
[2016.03.23-18.14.51:908][259]LogBlueprintUserMessages: [AIShooter_Character_C_1] ouch
[2016.03.23-18.14.52:149][266]LogBlueprintUserMessages: [AIShooter_Character_C_1] ouch
[2016.03.23-18.14.52:372][272]LogBlueprintUserMessages: [AIShooter_Character_C_1] ouch
[2016.03.23-18.14.52:373][272]LogBlueprintUserMessages: [PlayerShooterCharacter_C_4] ouch
[2016.03.23-18.14.52:527][276]LogBlueprintUserMessages: [AIShooter_Character_C_1] ouch
[2016.03.23-18.14.53:407][300]LogBlueprintUserMessages: [AIShooter_Character_C_1] ouch
[2016.03.23-18.14.53:596][306]LogBlueprintUserMessages: [AIShooter_Character_C_1] ouch
[2016.03.23-18.14.53:809][312]LogBlueprintUserMessages: [AIShooter_Character_C_1] ouch
[2016.03.23-18.14.54:032][318]LogBlueprintUserMessages: [AIShooter_Character_C_1] ouch
[2016.03.23-18.14.54:214][323]LogBlueprintUserMessages: [AIShooter_Character_C_1] ouch
[2016.03.23-18.14.54:381][328]LogBlueprintUserMessages: [PlayerShooterCharacter_C_4] ouch
[2016.03.23-18.14.54:418][329]LogBlueprintUserMessages: [AIShooter_Character_C_1] ouch
[2016.03.23-18.14.55:007][347]LogBlueprintUserMessages: [AIShooter_Character_C_1] ouch
[2016.03.23-18.14.55:222][354]LogBlueprintUserMessages: [AIShooter_Character_C_1] ouch
[2016.03.23-18.14.55:578][365]LogBlueprintUserMessages: [AIShooter_Character_C_1] ouch
[2016.03.23-18.14.55:991][378]LogBlueprintUserMessages: [AIShooter_Character_C_1] ouch
[2016.03.23-18.14.56:368][390]LogBlueprintUserMessages: [AIShooter_Character_C_1] ouch
[2016.03.23-18.14.56:398][391]LogBlueprintUserMessages: [PlayerShooterCharacter_C_4] ouch
[2016.03.23-18.14.56:737][402]LogBlueprintUserMessages: [AIShooter_Character_C_1] ouch
[2016.03.23-18.14.56:917][408]LogBlueprintUserMessages: [AIShooter_Character_C_1] ouch
[2016.03.23-18.14.57:130][414]LogBlueprintUserMessages: [AIShooter_Character_C_1] ouch
[2016.03.23-18.14.57:335][420]LogBlueprintUserMessages: [AIShooter_Character_C_1] ouch
[2016.03.23-18.14.57:575][427]LogBlueprintUserMessages: [AIShooter_Character_C_1] ouch
[2016.03.23-18.14.57:779][433]LogBlueprintUserMessages: [AIShooter_Character_C_1] ouch
[2016.03.23-18.14.57:970][439]LogBlueprintUserMessages: [AIShooter_Character_C_1] ouch
[2016.03.23-18.14.58:196][446]LogBlueprintUserMessages: [AIShooter_Character_C_1] ouch
[2016.03.23-18.14.58:412][453]LogBlueprintUserMessages: [AIShooter_Character_C_1] ouch
[2016.03.23-18.14.58:413][453]LogBlueprintUserMessages: [PlayerShooterCharacter_C_4] ouch
[2016.03.23-18.14.58:630][460]LogBlueprintUserMessages: [AIShooter_Character_C_1] ouch
[2016.03.23-18.14.58:810][466]LogBlueprintUserMessages: [AIShooter_Character_C_1] ouch
[2016.03.23-18.14.58:994][472]LogBlueprintUserMessages: [AIShooter_Character_C_1] ouch
[2016.03.23-18.14.59:176][478]LogBlueprintUserMessages: [AIShooter_Character_C_1] ouch
[2016.03.23-18.14.59:597][492]LogBlueprintUserMessages: [AIShooter_Character_C_1] ouch
[2016.03.23-18.14.59:807][499]LogBlueprintUserMessages: [AIShooter_Character_C_1] ouch
[2016.03.23-18.15.00:046][506]LogBlueprintUserMessages: [AIShooter_Character_C_1] ouch
[2016.03.23-18.15.00:199][511]LogBlueprintUserMessages: [AIShooter_Character_C_1] ouch
[2016.03.23-18.15.00:428][518]LogBlueprintUserMessages: [PlayerShooterCharacter_C_4] ouch
[2016.03.23-18.15.02:449][583]LogBlueprintUserMessages: [PlayerShooterCharacter_C_4] ouch
[2016.03.23-18.15.04:467][651]LogBlueprintUserMessages: [PlayerShooterCharacter_C_4] ouch
[2016.03.23-18.15.06:486][716]LogBlueprintUserMessages: [PlayerShooterCharacter_C_4] ouch
[2016.03.23-18.15.08:506][777]LogBlueprintUserMessages: [PlayerShooterCharacter_C_4] ouch
[2016.03.23-18.15.11:132][834]LogBlueprintUserMessages: [PlayerShooterCharacter_C_4] ouch
[2016.03.23-18.15.13:144][886]LogBlueprintUserMessages: [PlayerShooterCharacter_C_4] ouch
[2016.03.23-18.15.15:278][959]LogBlueprintUserMessages: [PlayerShooterCharacter_C_4] ouch
[2016.03.23-18.15.17:299][ 39]LogBlueprintUserMessages: [PlayerShooterCharacter_C_4] ouch
[2016.03.23-18.15.19:299][119]LogBlueprintUserMessages: [PlayerShooterCharacter_C_4] ouch
[2016.03.23-18.15.21:303][189]LogBlueprintUserMessages: [PlayerShooterCharacter_C_4] ouch
[2016.03.23-18.15.24:604][316]LogBlueprintUserMessages: [PlayerShooterCharacter_C_4] ouch
[2016.03.23-18.15.27:472][420]LogBlueprintUserMessages: [PlayerShooterCharacter_C_4] ouch
[2016.03.23-18.15.30:072][512]LogBlueprintUserMessages: [PlayerShooterCharacter_C_4] ouch
[2016.03.23-18.15.33:421][629]LogBlueprintUserMessages: [PlayerShooterCharacter_C_4] ouch
[2016.03.23-18.15.35:229][683]LogBlueprintUserMessages: Early EndPlayMap Detection: Level '/Game/ThirdPersonBP/Maps/ThirdPersonExampleMap.ThirdPersonExampleMap:PersistentLevel' has LevelScriptBlueprint '/Game/ThirdPersonBP/Maps/ThirdPersonExampleMap.ThirdPersonExampleMap:PersistentLevel.ThirdPersonExampleMap' with GeneratedClass '/Game/ThirdPersonBP/Maps/ThirdPersonExampleMap.ThirdPersonExampleMap_C' with ClassGeneratedBy '/Game/ThirdPersonBP/Maps/ThirdPersonExampleMap.ThirdPersonExampleMap:PersistentLevel.ThirdPersonExampleMap'
[2016.03.23-18.15.35:300][683]LogBlueprintUserMessages: Late EndPlayMap Detection: Level '/Game/ThirdPersonBP/Maps/ThirdPersonExampleMap.ThirdPersonExampleMap:PersistentLevel' has LevelScriptBlueprint '/Game/ThirdPersonBP/Maps/ThirdPersonExampleMap.ThirdPersonExampleMap:PersistentLevel.ThirdPersonExampleMap' with GeneratedClass '/Game/ThirdPersonBP/Maps/ThirdPersonExampleMap.ThirdPersonExampleMap_C' with ClassGeneratedBy '/Game/ThirdPersonBP/Maps/ThirdPersonExampleMap.ThirdPersonExampleMap:PersistentLevel.ThirdPersonExampleMap'
[2016.03.23-18.15.35:380][683]LogParticles: Destroying 0 GPU particle simulations for FXSystem 0x0000009EACFFBCE0
[2016.03.23-18.16.01:842][563]LogActorComponent: UnregisterComponent: (/Engine/Transient.CharMoveComp) Not registered. Aborting.
[2016.03.23-18.20.11:576][452]LogActorComponent: UnregisterComponent: (/Engine/Transient.CharacterMovementComponent_6) Not registered. Aborting.
[2016.03.23-18.20.11:613][452]LogFileHelpers: Editor autosave (incl. sublevels) for '/Game/ThirdPersonBP/Maps/ThirdPersonExampleMap' took 0.037
[2016.03.23-18.20.11:619][452]OBJ SavePackage: Generating thumbnails for [1] asset(s) in package [/Game/ThirdPersonBP/Blueprints/AIShooter_Character] ([1] browsable assets)...
[2016.03.23-18.20.11:652][452]OBJ SavePackage:     Rendered thumbnail for [Blueprint /Game/ThirdPersonBP/Blueprints/AIShooter_Character.AIShooter_Character]
[2016.03.23-18.20.11:652][452]OBJ SavePackage: Finished generating thumbnails for package [/Game/ThirdPersonBP/Blueprints/AIShooter_Character]
[2016.03.23-18.20.11:711][452]LogSavePackage: Save=33.502548ms
[2016.03.23-18.20.11:711][452]LogSavePackage: Moving '../../../../../../Users/Doug!/Documents/Unreal Projects/FamilyThief/Saved/AIShooter_Character_Auto13AEEB09149985743D716F38F255C52E2.tmp' to '../../../../../../Users/Doug!/Documents/Unreal Projects/FamilyThief/Saved/Autosaves/Game/ThirdPersonBP/Blueprints/AIShooter_Character_Auto1.uasset'
[2016.03.23-18.20.11:714][452]LogSavePackage: Total save time: 58.393072ms
[2016.03.23-18.20.11:714][452]LogSavePackage:Display: Finished SavePackage ../../../../../../Users/Doug!/Documents/Unreal Projects/FamilyThief/Saved/Autosaves/Game/ThirdPersonBP/Blueprints/AIShooter_Character_Auto1.uasset
[2016.03.23-18.20.11:726][452]OBJ SavePackage: Generating thumbnails for [0] asset(s) in package [/Game/ThirdPersonBP/Blueprints/CharacterBase] ([1] browsable assets)...
[2016.03.23-18.20.11:726][452]OBJ SavePackage: Finished generating thumbnails for package [/Game/ThirdPersonBP/Blueprints/CharacterBase]
[2016.03.23-18.20.11:845][452]LogSavePackage: Save=68.895668ms
[2016.03.23-18.20.11:845][452]LogSavePackage: Moving '../../../../../../Users/Doug!/Documents/Unreal Projects/FamilyThief/Saved/CharacterBase_Auto132C5F01D4ED96AC7DF00A9ADFD01481F.tmp' to '../../../../../../Users/Doug!/Documents/Unreal Projects/FamilyThief/Saved/Autosaves/Game/ThirdPersonBP/Blueprints/CharacterBase_Auto1.uasset'
[2016.03.23-18.20.11:847][452]LogSavePackage: Total save time: 117.162053ms
[2016.03.23-18.20.11:847][452]LogSavePackage:Display: Finished SavePackage ../../../../../../Users/Doug!/Documents/Unreal Projects/FamilyThief/Saved/Autosaves/Game/ThirdPersonBP/Blueprints/CharacterBase_Auto1.uasset
[2016.03.23-18.20.11:847][452]LogFileHelpers: Auto-saving content packages took 0.233
[2016.03.23-18.26.56:762][832]BlueprintLog: New page: Compile AIShooter_Character
[2016.03.23-18.26.56:832][832]LogActorComponent: UnregisterComponent: (/Engine/Transient.CharMoveComp) Not registered. Aborting.
[2016.03.23-18.26.56:876][832]BlueprintEditorCompileResults: Info [2021.66] Compile of AIShooter_Character successful! [in 114 ms]
[2016.03.23-18.26.57:428][856]LogSavePackage: Save=46.894382ms
[2016.03.23-18.26.57:428][856]LogSavePackage: Moving '../../../../../../Users/Doug!/Documents/Unreal Projects/FamilyThief/Saved/AIShooter_Character3036D7E6482BCB17326A8BA8B00E74B0.tmp' to '../../../../../../Users/Doug!/Documents/Unreal Projects/FamilyThief/Content/ThirdPersonBP/Blueprints/AIShooter_Character.uasset'
[2016.03.23-18.26.57:434][856]LogSavePackage: Total save time: 100.741915ms
[2016.03.23-18.26.57:434][856]LogSavePackage:Display: Finished SavePackage ../../../../../../Users/Doug!/Documents/Unreal Projects/FamilyThief/Content/ThirdPersonBP/Blueprints/AIShooter_Character.uasset
[2016.03.23-18.27.01:050][ 18]BlueprintLog: New page: Compile UE4ASP_HeroTPP_AnimBlueprint
[2016.03.23-18.27.01:206][ 18]LogActorComponent: UnregisterComponent: (/Engine/Transient.CharMoveComp) Not registered. Aborting.
[2016.03.23-18.27.01:257][ 18]BlueprintEditorCompileResults: Info [2026.04] Compile of UE4ASP_HeroTPP_AnimBlueprint successful! [in 207 ms]
[2016.03.23-18.27.01:743][ 23]LogSavePackage: Save=223.766602ms
[2016.03.23-18.27.01:743][ 23]LogSavePackage: Moving '../../../../../../Users/Doug!/Documents/Unreal Projects/FamilyThief/Saved/UE4ASP_HeroTPP_AnimBlueprintD9F0D37F4A8DD474D2814DADE2657990.tmp' to '../../../../../../Users/Doug!/Documents/Unreal Projects/FamilyThief/Content/AnimStarterPack/UE4ASP_HeroTPP_AnimBlueprint.uasset'
[2016.03.23-18.27.01:745][ 23]LogSavePackage: Total save time: 245.994717ms
[2016.03.23-18.27.01:745][ 23]LogSavePackage:Display: Finished SavePackage ../../../../../../Users/Doug!/Documents/Unreal Projects/FamilyThief/Content/AnimStarterPack/UE4ASP_HeroTPP_AnimBlueprint.uasset
[2016.03.23-18.27.04:171][163]BlueprintLog: New page: Compile CharacterBase
[2016.03.23-18.27.04:254][163]LogParticles: Destroying 0 GPU particle simulations for FXSystem 0x0000009EF5668FE0
[2016.03.23-18.27.04:255][163]LogParticles: Destroying 0 GPU particle simulations for FXSystem 0x0000009EF5668A40
[2016.03.23-18.27.04:256][163]LogParticles: Destroying 0 GPU particle simulations for FXSystem 0x0000009F02548AE0
[2016.03.23-18.27.04:569][163]BlueprintEditorCompileResults: Info [2029.35] Compile of CharacterBase successful! [in 397 ms]
[2016.03.23-18.27.04:976][188]LogSavePackage: Save=29.192045ms
[2016.03.23-18.27.04:976][188]LogSavePackage: Moving '../../../../../../Users/Doug!/Documents/Unreal Projects/FamilyThief/Saved/CharacterBase159C1FC742944C7384261C924ED58828.tmp' to '../../../../../../Users/Doug!/Documents/Unreal Projects/FamilyThief/Content/ThirdPersonBP/Blueprints/CharacterBase.uasset'
[2016.03.23-18.27.04:981][188]LogSavePackage: Total save time: 50.906211ms
[2016.03.23-18.27.04:981][188]LogSavePackage:Display: Finished SavePackage ../../../../../../Users/Doug!/Documents/Unreal Projects/FamilyThief/Content/ThirdPersonBP/Blueprints/CharacterBase.uasset
[2016.03.23-18.27.05:996][236]LogActorComponent: UnregisterComponent: (/Engine/Transient.EditorFloorComp) Not registered. Aborting.
[2016.03.23-18.27.07:207][274]BlueprintLog: New page: Compile PlayerShooterCharacter
[2016.03.23-18.27.07:385][274]LogParticles: Destroying 0 GPU particle simulations for FXSystem 0x0000009EF013D080
[2016.03.23-18.27.07:401][274]BlueprintEditorCompileResults: Info [2032.18] Compile of PlayerShooterCharacter successful! [in 193 ms]
[2016.03.23-18.27.07:800][281]LogSavePackage: Save=110.715416ms
[2016.03.23-18.27.07:801][281]LogSavePackage: Moving '../../../../../../Users/Doug!/Documents/Unreal Projects/FamilyThief/Saved/PlayerShooterCharacterD5C42DBC4007F2DC3D904AA0CE45C710.tmp' to '../../../../../../Users/Doug!/Documents/Unreal Projects/FamilyThief/Content/ThirdPersonBP/Blueprints/PlayerShooterCharacter.uasset'
[2016.03.23-18.27.07:803][281]LogSavePackage: Total save time: 131.004717ms
[2016.03.23-18.27.07:803][281]LogSavePackage:Display: Finished SavePackage ../../../../../../Users/Doug!/Documents/Unreal Projects/FamilyThief/Content/ThirdPersonBP/Blueprints/PlayerShooterCharacter.uasset
[2016.03.23-18.27.08:459][310]LogActorComponent: UnregisterComponent: (/Engine/Transient.EditorFloorComp) Not registered. Aborting.
[2016.03.23-18.27.09:966][387]Cmd: OBJ SAVEPACKAGE PACKAGE="/Game/AnimStarterPack/Jump_From_Jog" FILE="../../../../../../Users/Doug!/Documents/Unreal Projects/FamilyThief/Content/AnimStarterPack/Jump_From_Jog.uasset" SILENT=true
[2016.03.23-18.27.10:010][387]LogSavePackage: Save=18.708948ms
[2016.03.23-18.27.10:010][387]LogSavePackage: Moving '../../../../../../Users/Doug!/Documents/Unreal Projects/FamilyThief/Saved/Jump_From_Jog84C4B2E849A5ADF223ABAE90E9E63E94.tmp' to '../../../../../../Users/Doug!/Documents/Unreal Projects/FamilyThief/Content/AnimStarterPack/Jump_From_Jog.uasset'
[2016.03.23-18.27.10:011][387]LogSavePackage: Total save time: 43.339800ms
[2016.03.23-18.27.10:011][387]LogSavePackage:Display: Finished SavePackage ../../../../../../Users/Doug!/Documents/Unreal Projects/FamilyThief/Content/AnimStarterPack/Jump_From_Jog.uasset
[2016.03.23-18.27.12:884][525]LogSavePackage: Save=118.128639ms
[2016.03.23-18.27.12:884][525]LogSavePackage: Moving '../../../../../../Users/Doug!/Documents/Unreal Projects/FamilyThief/Saved/BTS_VisionCheck5E033F1A4F209BB98BC8A29F2332FDD5.tmp' to '../../../../../../Users/Doug!/Documents/Unreal Projects/FamilyThief/Content/ThirdPersonBP/AICharacter/BTS_VisionCheck.uasset'
[2016.03.23-18.27.12:886][525]LogSavePackage: Total save time: 137.689218ms
[2016.03.23-18.27.12:886][525]LogSavePackage:Display: Finished SavePackage ../../../../../../Users/Doug!/Documents/Unreal Projects/FamilyThief/Content/ThirdPersonBP/AICharacter/BTS_VisionCheck.uasset
[2016.03.23-18.27.16:390][811]LogActorComponent: UnregisterComponent: (/Engine/Transient.CharMoveComp) Not registered. Aborting.
[2016.03.23-18.27.16:419][811]LogParticles: Destroying 0 GPU particle simulations for FXSystem 0x0000009E97964360
[2016.03.23-18.27.16:420][811]LogParticles: Destroying 0 GPU particle simulations for FXSystem 0x0000009EA0DAFF60
[2016.03.23-18.27.16:420][811]LogParticles: Destroying 0 GPU particle simulations for FXSystem 0x0000009EA0DAC540
[2016.03.23-18.27.16:421][811]LogParticles: Destroying 0 GPU particle simulations for FXSystem 0x0000009EE57DE520
[2016.03.23-18.27.16:422][811]LogParticles: Destroying 0 GPU particle simulations for FXSystem 0x0000009EE5912160
[2016.03.23-18.27.16:424][811]LogParticles: Destroying 0 GPU particle simulations for FXSystem 0x0000009E8382DE40
[2016.03.23-18.27.16:859][811]LogSavePackage: Save=256.549408ms
[2016.03.23-18.27.16:859][811]LogSavePackage: Moving '../../../../../../Users/Doug!/Documents/Unreal Projects/FamilyThief/Saved/ThirdPersonExampleMap21D2EB2C412D43BE4EF3DFBBAA211D75.tmp' to '../../../../../../Users/Doug!/Documents/Unreal Projects/FamilyThief/Content/ThirdPersonBP/Maps/ThirdPersonExampleMap.umap'
[2016.03.23-18.27.16:863][811]LogSavePackage: Total save time: 286.577169ms
[2016.03.23-18.27.16:863][811]LogSavePackage:Display: Finished SavePackage ../../../../../../Users/Doug!/Documents/Unreal Projects/FamilyThief/Content/ThirdPersonBP/Maps/ThirdPersonExampleMap.umap
[2016.03.23-18.27.16:908][811]LogFileHelpers: Saving map 'ThirdPersonExampleMap' took 0.450
[2016.03.23-18.27.19:023][999]LogParticles: Destroying 0 GPU particle simulations for FXSystem 0x0000009F029E13A0
[2016.03.23-18.27.19:178][999]LogWindowsTextInputMethodSystem:Display: IME system now deactivated.
[2016.03.23-18.27.19:182][999]LogWindowsTextInputMethodSystem:Display: IME system now deactivated.
[2016.03.23-18.27.19:603][  0]Cmd: QUIT_EDITOR
[2016.03.23-18.27.20:241][  0]LogExit: Preparing to exit.
[2016.03.23-18.27.20:775][  0]LogExit: Editor shut down
[2016.03.23-18.27.20:776][  0]LogExit: Transaction tracking system shut down
[2016.03.23-18.27.20:779][  0]LogParticles: Destroying 0 GPU particle simulations for FXSystem 0x0000009EA05EFEC0
[2016.03.23-18.27.20:779][  0]LogParticles: Destroying 0 GPU particle simulations for FXSystem 0x0000009EBD0B7920
[2016.03.23-18.27.20:779][  0]LogParticles: Destroying 0 GPU particle simulations for FXSystem 0x0000009EBD107A60
[2016.03.23-18.27.20:787][  0]LogParticles: Destroying 0 GPU particle simulations for FXSystem 0x0000009E830A2D40
[2016.03.23-18.27.21:036][  0]LogParticles: Destroying 0 GPU particle simulations for FXSystem 0x0000009E98F411C0
[2016.03.23-18.27.21:036][  0]LogExit: Object subsystem successfully closed.
[2016.03.23-18.27.21:066][  0]LogD3D11RHI: Shutdown
[2016.03.23-18.27.21:066][  0]LogD3D11RHI: CleanupD3DDevice
[2016.03.23-18.27.21:241][  0]LogD3D11RHI: ~FD3D11DynamicRHI
[2016.03.23-18.27.21:272][  0]LogModuleManager: Shutting down and abandoning module CookingStats (200)
[2016.03.23-18.27.21:272][  0]LogModuleManager: Shutting down and abandoning module BlueprintGraph (199)
[2016.03.23-18.27.21:272][  0]LogModuleManager: Shutting down and abandoning module CrashTracker (198)
[2016.03.23-18.27.21:272][  0]LogModuleManager: Shutting down and abandoning module SceneOutliner (197)
[2016.03.23-18.27.21:272][  0]LogModuleManager: Shutting down and abandoning module SuperSearch (196)
[2016.03.23-18.27.21:272][  0]LogModuleManager: Shutting down and abandoning module WidgetCarousel (195)
[2016.03.23-18.27.21:272][  0]LogModuleManager: Shutting down and abandoning module AddContentDialog (194)
[2016.03.23-18.27.21:274][  0]LogModuleManager: Shutting down and abandoning module EditorWidgets (193)
[2016.03.23-18.27.21:274][  0]LogModuleManager: Shutting down and abandoning module CollectionManager (192)
[2016.03.23-18.27.21:275][  0]LogModuleManager: Shutting down and abandoning module StatsViewer (191)
[2016.03.23-18.27.21:275][  0]LogModuleManager: Shutting down and abandoning module FoliageEdit (190)
[2016.03.23-18.27.21:275][  0]LogModuleManager: Shutting down and abandoning module LandscapeEditor (189)
[2016.03.23-18.27.21:275][  0]LogModuleManager: Shutting down and abandoning module ActorPickerMode (188)
[2016.03.23-18.27.21:275][  0]LogModuleManager: Shutting down and abandoning module GeometryMode (187)
[2016.03.23-18.27.21:275][  0]LogModuleManager: Shutting down and abandoning module TextureAlignMode (186)
[2016.03.23-18.27.21:275][  0]LogModuleManager: Shutting down and abandoning module BspMode (185)
[2016.03.23-18.27.21:275][  0]LogModuleManager: Shutting down and abandoning module PlacementMode (184)
[2016.03.23-18.27.21:275][  0]LogModuleManager: Shutting down and abandoning module AutomationWorker (183)
[2016.03.23-18.27.21:275][  0]LogModuleManager: Shutting down and abandoning module CharacterAI (182)
[2016.03.23-18.27.21:275][  0]LogModuleManager: Shutting down and abandoning module SmartSnapping (181)
[2016.03.23-18.27.21:275][  0]LogModuleManager: Shutting down and abandoning module ViewportSnapping (180)
[2016.03.23-18.27.21:275][  0]LogModuleManager: Shutting down and abandoning module LogVisualizer (179)
[2016.03.23-18.27.21:276][  0]LogModuleManager: Shutting down and abandoning module GameProjectGeneration (178)
[2016.03.23-18.27.21:276][  0]LogModuleManager: Shutting down and abandoning module IntroTutorials (177)
[2016.03.23-18.27.21:276][  0]LogModuleManager: Shutting down and abandoning module EditorLiveStreaming (176)
[2016.03.23-18.27.21:276][  0]LogModuleManager: Shutting down and abandoning module IOSPlatformEditor (175)
[2016.03.23-18.27.21:276][  0]LogModuleManager: Shutting down and abandoning module HTML5PlatformEditor (174)
[2016.03.23-18.27.21:276][  0]LogModuleManager: Shutting down and abandoning module AndroidDeviceDetection (173)
[2016.03.23-18.27.21:809][  0]LogModuleManager: Shutting down and abandoning module AndroidPlatformEditor (172)
[2016.03.23-18.27.21:809][  0]LogModuleManager: Shutting down and abandoning module IOSRuntimeSettings (171)
[2016.03.23-18.27.21:809][  0]LogModuleManager: Shutting down and abandoning module AndroidRuntimeSettings (170)
[2016.03.23-18.27.21:809][  0]LogModuleManager: Shutting down and abandoning module MergeActors (169)
[2016.03.23-18.27.21:809][  0]LogModuleManager: Shutting down and abandoning module SizeMap (168)
[2016.03.23-18.27.21:809][  0]LogModuleManager: Shutting down and abandoning module TreeMap (167)
[2016.03.23-18.27.21:809][  0]LogModuleManager: Shutting down and abandoning module ReferenceViewer (166)
[2016.03.23-18.27.21:809][  0]LogModuleManager: Shutting down and abandoning module LocalizationService (165)
[2016.03.23-18.27.21:809][  0]LogModuleManager: Shutting down and abandoning module LocalizationDashboard (164)
[2016.03.23-18.27.21:809][  0]LogModuleManager: Shutting down and abandoning module HardwareTargeting (163)
[2016.03.23-18.27.21:809][  0]LogModuleManager: Shutting down and abandoning module DeviceProfileEditor (162)
[2016.03.23-18.27.21:809][  0]LogModuleManager: Shutting down and abandoning module UndoHistory (161)
[2016.03.23-18.27.21:809][  0]LogModuleManager: Shutting down and abandoning module GameplayTagsEditor (160)
[2016.03.23-18.27.21:809][  0]LogModuleManager: Shutting down and abandoning module UserFeedback (159)
[2016.03.23-18.27.21:809][  0]LogModuleManager: Shutting down and abandoning module XmlParser (158)
[2016.03.23-18.27.21:810][  0]LogModuleManager: Shutting down and abandoning module Blutility (157)
[2016.03.23-18.27.21:810][  0]LogModuleManager: Shutting down and abandoning module ProjectTargetPlatformEditor (156)
[2016.03.23-18.27.21:810][  0]LogModuleManager: Shutting down and abandoning module ProjectSettingsViewer (155)
[2016.03.23-18.27.21:810][  0]LogModuleManager: Shutting down and abandoning module InputBindingEditor (154)
[2016.03.23-18.27.21:810][  0]LogModuleManager: Shutting down and abandoning module EditorSettingsViewer (153)
[2016.03.23-18.27.21:810][  0]LogModuleManager: Shutting down and abandoning module SettingsEditor (152)
[2016.03.23-18.27.21:810][  0]LogModuleManager: Shutting down and abandoning module ProjectLauncher (151)
[2016.03.23-18.27.21:810][  0]LogModuleManager: Shutting down and abandoning module SessionFrontend (150)
[2016.03.23-18.27.21:810][  0]LogModuleManager: Shutting down and abandoning module ProfilerClient (149)
[2016.03.23-18.27.21:810][  0]LogModuleManager: Shutting down and abandoning module TargetDeviceServices (148)
[2016.03.23-18.27.21:811][  0]LogModuleManager: Shutting down and abandoning module DeviceManager (147)
[2016.03.23-18.27.21:811][  0]LogModuleManager: Shutting down and abandoning module AutomationController (146)
[2016.03.23-18.27.21:811][  0]LogModuleManager: Shutting down and abandoning module AutomationWindow (145)
[2016.03.23-18.27.21:811][  0]LogModuleManager: Shutting down and abandoning module Layers (144)
[2016.03.23-18.27.21:811][  0]LogModuleManager: Shutting down and abandoning module ComponentVisualizers (143)
[2016.03.23-18.27.21:811][  0]LogModuleManager: Shutting down and abandoning module DetailCustomizations (142)
[2016.03.23-18.27.21:811][  0]LogModuleManager: Shutting down and abandoning module PackagesDialog (141)
[2016.03.23-18.27.21:811][  0]LogModuleManager: Shutting down and abandoning module Persona (140)
[2016.03.23-18.27.21:811][  0]LogModuleManager: Shutting down and abandoning module Kismet (139)
[2016.03.23-18.27.21:812][  0]LogModuleManager: Shutting down and abandoning module GraphEditor (138)
[2016.03.23-18.27.21:812][  0]LogModuleManager: Shutting down and abandoning module ClassViewer (137)
[2016.03.23-18.27.21:812][  0]LogModuleManager: Shutting down and abandoning module Toolbox (136)
[2016.03.23-18.27.21:812][  0]LogModuleManager: Shutting down and abandoning module ModuleUI (135)
[2016.03.23-18.27.21:812][  0]LogModuleManager: Shutting down and abandoning module MovieSceneTools (134)
[2016.03.23-18.27.21:812][  0]LogModuleManager: Shutting down and abandoning module OutputLog (133)
[2016.03.23-18.27.21:812][  0]LogModuleManager: Shutting down and abandoning module GammaUI (132)
[2016.03.23-18.27.21:812][  0]LogModuleManager: Shutting down and abandoning module Documentation (131)
[2016.03.23-18.27.21:812][  0]LogModuleManager: Shutting down and abandoning module GameLiveStreaming (130)
[2016.03.23-18.27.21:812][  0]LogModuleManager: Shutting down and abandoning module StreamingPauseRendering (129)
[2016.03.23-18.27.21:812][  0]LogModuleManager: Shutting down and abandoning module AnalyticsET (128)
[2016.03.23-18.27.21:812][  0]LogModuleManager: Shutting down and abandoning module Analytics (127)
[2016.03.23-18.27.21:813][  0]LogModuleManager: Shutting down and abandoning module AITestSuite (126)
[2016.03.23-18.27.21:813][  0]LogModuleManager: Shutting down and abandoning module GameplayDebugger (125)
[2016.03.23-18.27.21:813][  0]LogModuleManager: Shutting down and abandoning module AIModule (124)
[2016.03.23-18.27.21:813][  0]LogModuleManager: Shutting down and abandoning module ProfilerService (123)
[2016.03.23-18.27.21:896][  0]LogModuleManager: Shutting down and abandoning module TaskGraph (122)
[2016.03.23-18.27.21:896][  0]LogModuleManager: Shutting down and abandoning module SlateRemote (121)
[2016.03.23-18.27.21:896][  0]LogModuleManager: Shutting down and abandoning module SteamVRController (120)
[2016.03.23-18.27.21:896][  0]LogModuleManager: Shutting down and abandoning module SteamVR (119)
[2016.03.23-18.27.21:896][  0]LogModuleManager: Shutting down and abandoning module ProceduralMeshComponent (118)
[2016.03.23-18.27.21:896][  0]LogModuleManager: Shutting down and abandoning module OculusLibrary (117)
[2016.03.23-18.27.21:896][  0]LogModuleManager: Shutting down and abandoning module OculusInput (116)
[2016.03.23-18.27.21:896][  0]LogModuleManager: Shutting down and abandoning module LeapMotionController (115)
[2016.03.23-18.27.21:938][  0]LogModuleManager: Shutting down and abandoning module CustomMeshComponent (114)
[2016.03.23-18.27.21:938][  0]LogModuleManager: Shutting down and abandoning module CableComponent (113)
[2016.03.23-18.27.21:938][  0]LogModuleManager: Shutting down and abandoning module ArchVisCharacter (112)
[2016.03.23-18.27.21:938][  0]LogModuleManager: Shutting down and abandoning module MessagingDebugger (111)
[2016.03.23-18.27.21:939][  0]LogModuleManager: Shutting down and abandoning module MediaPlayerEditor (110)
[2016.03.23-18.27.21:939][  0]LogModuleManager: Shutting down and abandoning module HTML5Networking (109)
[2016.03.23-18.27.21:939][  0]LogModuleManager: Shutting down and abandoning module SpeedTreeImporter (108)
[2016.03.23-18.27.21:939][  0]LogModuleManager: Shutting down and abandoning module PluginBrowser (107)
[2016.03.23-18.27.21:939][  0]LogModuleManager: Shutting down and abandoning module EpicSurvey (106)
[2016.03.23-18.27.21:939][  0]LogModuleManager: Shutting down and abandoning module DesktopPlatform (105)
[2016.03.23-18.27.21:939][  0]LogModuleManager: Shutting down and abandoning module VisualStudioSourceCodeAccess (104)
[2016.03.23-18.27.21:939][  0]LogModuleManager: Shutting down and abandoning module UObjectPlugin (103)
[2016.03.23-18.27.21:939][  0]LogModuleManager: Shutting down and abandoning module SubversionSourceControl (102)
[2016.03.23-18.27.21:939][  0]LogModuleManager: Shutting down and abandoning module PerforceSourceControl (101)
[2016.03.23-18.27.21:939][  0]LogModuleManager: Shutting down and abandoning module SourceControl (100)
[2016.03.23-18.27.21:939][  0]LogModuleManager: Shutting down and abandoning module GitSourceControl (99)
[2016.03.23-18.27.21:940][  0]LogModuleManager: Shutting down and abandoning module LightPropagationVolumeEditor (98)
[2016.03.23-18.27.21:940][  0]LogModuleManager: Shutting down and abandoning module PaperTiledImporter (97)
[2016.03.23-18.27.21:940][  0]LogModuleManager: Shutting down and abandoning module PaperSpriteSheetImporter (96)
[2016.03.23-18.27.21:940][  0]LogModuleManager: Shutting down and abandoning module MeshPaint (95)
[2016.03.23-18.27.21:940][  0]LogModuleManager: Shutting down and abandoning module SlateReflector (94)
[2016.03.23-18.27.21:940][  0]LogModuleManager: Shutting down and abandoning module HotReload (93)
[2016.03.23-18.27.21:940][  0]LogModuleManager: Shutting down and abandoning module MainFrame (92)
[2016.03.23-18.27.21:940][  0]LogModuleManager: Shutting down and abandoning module LevelEditor (91)
[2016.03.23-18.27.21:943][  0]LogModuleManager: Shutting down and abandoning module DirectoryWatcher (90)
[2016.03.23-18.27.21:945][  0]LogModuleManager: Shutting down and abandoning module AssetRegistry (89)
[2016.03.23-18.27.22:057][  0]LogModuleManager: Shutting down and abandoning module ContentBrowser (88)
[2016.03.23-18.27.22:058][  0]LogModuleManager: Shutting down and abandoning module Paper2DEditor (87)
[2016.03.23-18.27.22:058][  0]LogModuleManager: Shutting down and abandoning module UdpMessaging (86)
[2016.03.23-18.27.22:159][  0]LogModuleManager: Shutting down and abandoning module LightPropagationVolumeRuntime (85)
[2016.03.23-18.27.22:159][  0]LogModuleManager: Shutting down and abandoning module Paper2D (84)
[2016.03.23-18.27.22:159][  0]LogModuleManager: Shutting down and abandoning module WindowsMoviePlayer (83)
[2016.03.23-18.27.22:168][  0]LogModuleManager: Shutting down and abandoning module Media (82)
[2016.03.23-18.27.22:168][  0]LogModuleManager: Shutting down and abandoning module WmfMedia (81)
[2016.03.23-18.27.22:168][  0]LogModuleManager: Shutting down and abandoning module OnlineBlueprintSupport (80)
[2016.03.23-18.27.22:168][  0]LogModuleManager: Shutting down and abandoning module GameplayTasksEditor (79)
[2016.03.23-18.27.22:168][  0]LogModuleManager: Shutting down and abandoning module PropertyEditor (78)
[2016.03.23-18.27.22:168][  0]LogModuleManager: Shutting down and abandoning module BehaviorTreeEditor (77)
[2016.03.23-18.27.22:168][  0]LogModuleManager: Shutting down and abandoning module FunctionalTesting (76)
[2016.03.23-18.27.22:168][  0]LogModuleManager: Shutting down and abandoning module CollisionAnalyzer (75)
[2016.03.23-18.27.22:168][  0]LogModuleManager: Shutting down and abandoning module WorkspaceMenuStructure (74)
[2016.03.23-18.27.22:168][  0]LogModuleManager: Shutting down and abandoning module MessageLog (73)
[2016.03.23-18.27.22:168][  0]LogModuleManager: Shutting down and abandoning module Sequencer (72)
[2016.03.23-18.27.22:168][  0]LogModuleManager: Shutting down and abandoning module AssetTools (71)
[2016.03.23-18.27.22:169][  0]LogModuleManager: Shutting down and abandoning module UMGEditor (70)
[2016.03.23-18.27.22:169][  0]LogModuleManager: Shutting down and abandoning module UMG (69)
[2016.03.23-18.27.22:169][  0]LogModuleManager: Shutting down and abandoning module Slate (68)
[2016.03.23-18.27.22:169][  0]LogModuleManager: Shutting down and abandoning module EditorStyle (67)
[2016.03.23-18.27.22:176][  0]LogModuleManager: Shutting down and abandoning module SessionServices (66)
[2016.03.23-18.27.22:176][  0]LogModuleManager: Shutting down and abandoning module SourceCodeAccess (65)
[2016.03.23-18.27.22:176][  0]LogModuleManager: Shutting down and abandoning module HeadMountedDisplay (64)
[2016.03.23-18.27.22:176][  0]LogModuleManager: Shutting down and abandoning module XAudio2 (63)
[2016.03.23-18.27.22:176][  0]LogModuleManager: Shutting down and abandoning module Networking (61)
[2016.03.23-18.27.22:176][  0]LogModuleManager: Shutting down and abandoning module Core (60)
[2016.03.23-18.27.22:176][  0]LogModuleManager: Shutting down and abandoning module KismetCompiler (59)
[2016.03.23-18.27.22:176][  0]LogModuleManager: Shutting down and abandoning module PhysXFormats (58)
[2016.03.23-18.27.22:176][  0]LogModuleManager: Shutting down and abandoning module MeshUtilities (57)
[2016.03.23-18.27.22:176][  0]LogModuleManager: Shutting down and abandoning module DerivedDataCache (56)
[2016.03.23-18.27.22:182][  0]LogDerivedDataCache: Shutdown
[2016.03.23-18.27.22:182][  0]LogModuleManager: Shutting down and abandoning module ShaderFormatOpenGL (55)
[2016.03.23-18.27.22:182][  0]LogModuleManager: Shutting down and abandoning module ShaderFormatD3D (54)
[2016.03.23-18.27.22:182][  0]LogModuleManager: Shutting down and abandoning module MetalShaderFormat (53)
[2016.03.23-18.27.22:182][  0]LogModuleManager: Shutting down and abandoning module TextureFormatUncompressed (52)
[2016.03.23-18.27.22:182][  0]LogModuleManager: Shutting down and abandoning module TextureFormatPVR (51)
[2016.03.23-18.27.22:182][  0]LogModuleManager: Shutting down and abandoning module TextureFormatIntelISPCTexComp (50)
[2016.03.23-18.27.22:182][  0]LogModuleManager: Shutting down and abandoning module TextureFormatDXT (49)
[2016.03.23-18.27.22:182][  0]LogModuleManager: Shutting down and abandoning module ImageWrapper (48)
[2016.03.23-18.27.22:182][  0]LogModuleManager: Shutting down and abandoning module TextureFormatASTC (47)
[2016.03.23-18.27.22:182][  0]LogModuleManager: Shutting down and abandoning module TextureFormatAndroid (46)
[2016.03.23-18.27.22:182][  0]LogModuleManager: Shutting down and abandoning module AudioFormatOpus (45)
[2016.03.23-18.27.22:182][  0]LogModuleManager: Shutting down and abandoning module AudioFormatOgg (44)
[2016.03.23-18.27.22:182][  0]LogModuleManager: Shutting down and abandoning module AudioFormatADPCM (43)
[2016.03.23-18.27.22:182][  0]LogModuleManager: Shutting down and abandoning module LinuxTargetPlatform (42)
[2016.03.23-18.27.22:182][  0]LogModuleManager: Shutting down and abandoning module LinuxServerTargetPlatform (41)
[2016.03.23-18.27.22:182][  0]LogModuleManager: Shutting down and abandoning module LinuxNoEditorTargetPlatform (40)
[2016.03.23-18.27.22:182][  0]LogModuleManager: Shutting down and abandoning module Messaging (39)
[2016.03.23-18.27.22:182][  0]LogModuleManager: Shutting down and abandoning module IOSTargetPlatform (38)
[2016.03.23-18.27.22:182][  0]LogModuleManager: Shutting down and abandoning module HTML5TargetPlatform (37)
[2016.03.23-18.27.22:182][  0]LogModuleManager: Shutting down and abandoning module Android_PVRTCTargetPlatform (36)
[2016.03.23-18.27.22:183][  0]LogModuleManager: Shutting down and abandoning module Android_MultiTargetPlatform (35)
[2016.03.23-18.27.22:183][  0]LogModuleManager: Shutting down and abandoning module Android_ETC2TargetPlatform (34)
[2016.03.23-18.27.22:183][  0]LogModuleManager: Shutting down and abandoning module Android_ETC1TargetPlatform (33)
[2016.03.23-18.27.22:183][  0]LogModuleManager: Shutting down and abandoning module Android_DXTTargetPlatform (32)
[2016.03.23-18.27.22:183][  0]LogModuleManager: Shutting down and abandoning module Android_ATCTargetPlatform (31)
[2016.03.23-18.27.22:183][  0]LogModuleManager: Shutting down and abandoning module Android_ASTCTargetPlatform (30)
[2016.03.23-18.27.22:183][  0]LogModuleManager: Shutting down and abandoning module AndroidTargetPlatform (29)
[2016.03.23-18.27.22:183][  0]LogModuleManager: Shutting down and abandoning module WindowsTargetPlatform (28)
[2016.03.23-18.27.22:183][  0]LogModuleManager: Shutting down and abandoning module WindowsServerTargetPlatform (27)
[2016.03.23-18.27.22:183][  0]LogModuleManager: Shutting down and abandoning module WindowsNoEditorTargetPlatform (26)
[2016.03.23-18.27.22:183][  0]LogModuleManager: Shutting down and abandoning module WindowsClientTargetPlatform (25)
[2016.03.23-18.27.22:183][  0]LogModuleManager: Shutting down and abandoning module AllDesktopTargetPlatform (24)
[2016.03.23-18.27.22:183][  0]LogModuleManager: Shutting down and abandoning module TargetPlatform (23)
[2016.03.23-18.27.22:183][  0]LogModuleManager: Shutting down and abandoning module InputCore (22)
[2016.03.23-18.27.22:183][  0]LogModuleManager: Shutting down and abandoning module Settings (21)
[2016.03.23-18.27.22:183][  0]LogModuleManager: Shutting down and abandoning module OnlineSubsystem (19)
[2016.03.23-18.27.22:183][  0]LogModuleManager: Shutting down and abandoning module HTTP (18)
[2016.03.23-18.27.24:188][  0]LogModuleManager: Shutting down and abandoning module XMPP (17)
[2016.03.23-18.27.24:188][  0]LogModuleManager: Shutting down and abandoning module OculusRift (16)
[2016.03.23-18.27.24:188][  0]LogModuleManager: Shutting down and abandoning module ExampleDeviceProfileSelector (15)
[2016.03.23-18.27.24:188][  0]LogModuleManager: Shutting down and abandoning module TextureCompressor (14)
[2016.03.23-18.27.24:188][  0]LogModuleManager: Shutting down and abandoning module ShaderCore (13)
[2016.03.23-18.27.24:188][  0]LogModuleManager: Shutting down and abandoning module Landscape (12)
[2016.03.23-18.27.24:188][  0]LogModuleManager: Shutting down and abandoning module SlateRHIRenderer (11)
[2016.03.23-18.27.24:192][  0]LogModuleManager: Shutting down and abandoning module OpenGLDrv (10)
[2016.03.23-18.27.24:192][  0]LogModuleManager: Shutting down and abandoning module D3D11RHI (9)
[2016.03.23-18.27.24:192][  0]LogModuleManager: Shutting down and abandoning module AnimGraphRuntime (8)
[2016.03.23-18.27.24:192][  0]LogModuleManager: Shutting down and abandoning module Renderer (7)
[2016.03.23-18.27.24:192][  0]LogModuleManager: Shutting down and abandoning module Engine (6)
[2016.03.23-18.27.24:192][  0]LogModuleManager: Shutting down and abandoning module CoreUObject (5)
[2016.03.23-18.27.24:192][  0]LogModuleManager: Shutting down and abandoning module NetworkFile (4)
[2016.03.23-18.27.24:192][  0]LogModuleManager: Shutting down and abandoning module StreamingFile (3)
[2016.03.23-18.27.24:192][  0]LogModuleManager: Shutting down and abandoning module SandboxFile (2)
[2016.03.23-18.27.24:192][  0]LogModuleManager: Shutting down and abandoning module PakFile (1)
[2016.03.23-18.27.24:195][  0]LogExit: Exiting.
[2016.03.23-18.27.24:201][  0]Log file closed, 03/23/16 14:27:24
