[2016.04.10-05.11.15:986][  0]Log file open, 04/10/16 01:11:15
[2016.04.10-05.11.15:987][  0]LogInit:Display: Running engine for game: FamilyThief
[2016.04.10-05.11.15:987][  0]LogPlatformFile: Not using cached read wrapper
[2016.04.10-05.11.15:987][  0]LogInit:Display: RandInit(902307948) SRandInit(902307949).
[2016.04.10-05.11.15:987][  0]LogTaskGraph: Started task graph with 4 named threads and 7 total threads.
[2016.04.10-05.11.15:987][  0]LogStats: Stats thread started at 0.065125
[2016.04.10-05.11.15:987][  0]LogInit: Version: 4.10.4-2872498+++depot+UE4-Releases+4.10
[2016.04.10-05.11.15:987][  0]LogInit: API Version: 2758231
[2016.04.10-05.11.15:987][  0]LogInit: Compiled (64-bit): Feb 18 2016 15:47:04
[2016.04.10-05.11.15:987][  0]LogInit: Compiled with Visual C++: 19.00.23026.00
[2016.04.10-05.11.15:987][  0]LogInit: Build Configuration: Development
[2016.04.10-05.11.15:987][  0]LogInit: Branch Name: ++depot+UE4-Releases+4.10
[2016.04.10-05.11.15:987][  0]LogInit: Command line: -EpicPortal 
[2016.04.10-05.11.15:987][  0]LogInit: Base directory: C:/Program Files (x86)/Epic Games/4.10/Engine/Binaries/Win64/
[2016.04.10-05.11.15:987][  0]LogInit: Rocket: 1
[2016.04.10-05.11.15:991][  0]LogInit: Using libcurl 7.41.0
[2016.04.10-05.11.15:991][  0]LogInit:  - built for x86_64-pc-win32
[2016.04.10-05.11.15:991][  0]LogInit:  - supports SSL with WinSSL
[2016.04.10-05.11.15:991][  0]LogInit:  - other features:
[2016.04.10-05.11.15:991][  0]LogInit:      CURL_VERSION_SSL
[2016.04.10-05.11.15:991][  0]LogInit:      CURL_VERSION_IPV6
[2016.04.10-05.11.15:991][  0]LogInit:      CURL_VERSION_ASYNCHDNS
[2016.04.10-05.11.15:991][  0]LogInit:      CURL_VERSION_LARGEFILE
[2016.04.10-05.11.15:991][  0]LogInit:      CURL_VERSION_IDN
[2016.04.10-05.11.15:991][  0]LogInit:  CurlRequestOptions (configurable via config and command line):
[2016.04.10-05.11.15:991][  0]LogInit:  - bVerifyPeer = true  - Libcurl will verify peer certificate
[2016.04.10-05.11.15:991][  0]LogInit:  - bUseHttpProxy = false  - Libcurl will NOT use HTTP proxy
[2016.04.10-05.11.15:991][  0]LogInit:  - bDontReuseConnections = false  - Libcurl will reuse connections
[2016.04.10-05.11.15:991][  0]LogInit:  - CertBundlePath = nullptr  - Libcurl will use whatever was configured at build time.
[2016.04.10-05.11.15:995][  0]LogInit: Presizing for 0 objects not considered by GC, pre-allocating 0 bytes.
[2016.04.10-05.11.16:003][  0]LogInit: Object subsystem initialized
[2016.04.10-05.11.16:004][  0]LogInit: Selected Device Profile: [Windows]
[2016.04.10-05.11.16:004][  0]LogInit: Applying CVar settings loaded from the selected device profile: [Windows]
[2016.04.10-05.11.16:014][  0]LogInit: Computer: DESKTOP-J618I8O
[2016.04.10-05.11.16:014][  0]LogInit: User: Doug
[2016.04.10-05.11.16:014][  0]LogInit: CPU Page size=4096, Cores=4
[2016.04.10-05.11.16:014][  0]LogInit: High frequency timer resolution =3.897228 MHz
[2016.04.10-05.11.16:014][  0]LogMemory: Memory total: Physical=16.0GB (16GB approx)
[2016.04.10-05.11.16:014][  0]LogMemory: Platform Memory Stats for Windows
[2016.04.10-05.11.16:014][  0]LogMemory: Process Physical Memory: 56.50 MB used, 56.50 MB peak
[2016.04.10-05.11.16:014][  0]LogMemory: Process Virtual Memory: 56.81 MB used, 56.81 MB peak
[2016.04.10-05.11.16:014][  0]LogMemory: Physical Memory: 5513.16 MB used, 16344.24 MB total
[2016.04.10-05.11.16:014][  0]LogMemory: Virtual Memory: 379.96 MB used, 134217728.00 MB total
[2016.04.10-05.11.16:041][  0]LogTextLocalizationManager: No specific translations for ('en-US') exist, so ('en') translations will be used.
[2016.04.10-05.11.16:390][  0]LogD3D11RHI: Found D3D11 adapter 0: NVIDIA GeForce GTX 980M                   (Feature Level 11_0)
[2016.04.10-05.11.16:390][  0]LogD3D11RHI: Adapter has 8093MB of dedicated video memory, 0MB of dedicated system memory, and 8172MB of shared system memory, 2 output[s]
[2016.04.10-05.11.16:391][  0]LogD3D11RHI: Found D3D11 adapter 1: Microsoft Basic Render Driver (Feature Level 11_0)
[2016.04.10-05.11.16:391][  0]LogD3D11RHI: Adapter has 0MB of dedicated video memory, 0MB of dedicated system memory, and 8172MB of shared system memory, 0 output[s]
[2016.04.10-05.11.16:391][  0]LogD3D11RHI: Chosen D3D11 Adapter Id = 0
[2016.04.10-05.11.16:394][  0]LogD3D11RHI: !Direct3DDevice
[2016.04.10-05.11.16:394][  0]LogRHI: Texture pool is 1361 MB (70% of 1945 MB)
[2016.04.10-05.11.16:406][  0]LogD3D11RHI: Async texture creation enabled
[2016.04.10-05.11.16:415][  0]LogShaderCompilers: Guid format shader working directory is -23 characters bigger than the processId version (../../../../../../Users/Doug!/Documents/Game310/TinyThief/FamilyThief/Intermediate/Shaders/WorkingDirectory/9776/).
[2016.04.10-05.11.16:415][  0]LogShaderCompilers: Cleaned the shader compiler working directory 'C:/Users/Doug!/AppData/Local/Temp/UnrealShaderWorkingDir/B29F9F3C452D5FA541AF178712F70FA9/'.
[2016.04.10-05.11.16:415][  0]LogShaderCompilers:Display: Using Local Shader Compiler.
[2016.04.10-05.11.16:981][  0]LogTemp:Display: Loaded TP AllDesktopTargetPlatform
[2016.04.10-05.11.16:984][  0]LogTemp:Display: Loaded TP WindowsClientTargetPlatform
[2016.04.10-05.11.16:987][  0]LogTemp:Display: Loaded TP WindowsNoEditorTargetPlatform
[2016.04.10-05.11.16:991][  0]LogTemp:Display: Loaded TP WindowsServerTargetPlatform
[2016.04.10-05.11.16:993][  0]LogTemp:Display: Loaded TP WindowsTargetPlatform
[2016.04.10-05.11.16:995][  0]LogTemp:Display: Loaded TP AndroidTargetPlatform
[2016.04.10-05.11.16:997][  0]LogTemp:Display: Loaded TP Android_ASTCTargetPlatform
[2016.04.10-05.11.16:999][  0]LogTemp:Display: Loaded TP Android_ATCTargetPlatform
[2016.04.10-05.11.17:001][  0]LogTemp:Display: Loaded TP Android_DXTTargetPlatform
[2016.04.10-05.11.17:003][  0]LogTemp:Display: Loaded TP Android_ETC1TargetPlatform
[2016.04.10-05.11.17:005][  0]LogTemp:Display: Loaded TP Android_ETC2TargetPlatform
[2016.04.10-05.11.17:009][  0]LogTemp:Display: Loaded TP Android_MultiTargetPlatform
[2016.04.10-05.11.17:009][  0]LogTemp:Display: Loaded TP Android_PVRTCTargetPlatform
[2016.04.10-05.11.17:010][  0]LogTemp:Display: Loaded TP HTML5TargetPlatform
[2016.04.10-05.11.17:025][  0]LogTemp:Display: Loaded TP IOSTargetPlatform
[2016.04.10-05.11.17:028][  0]LogTemp:Display: Loaded TP LinuxNoEditorTargetPlatform
[2016.04.10-05.11.17:031][  0]LogTemp:Display: Loaded TP LinuxServerTargetPlatform
[2016.04.10-05.11.17:034][  0]LogTemp:Display: Loaded TP LinuxTargetPlatform
[2016.04.10-05.11.17:034][  0]LogTargetPlatformManager:Display: Building Assets For Windows
[2016.04.10-05.11.17:085][  0]LogDerivedDataCache:Display: Max Cache Size: 512 MB
[2016.04.10-05.11.17:118][  0]LogDerivedDataCache: Loaded boot cache 0.03s 41MB C:/Users/Doug!/AppData/Local/UnrealEngine/4.10/DerivedDataCache/Boot.ddc.
[2016.04.10-05.11.17:118][  0]LogDerivedDataCache:Display: Loaded Boot cache: C:/Users/Doug!/AppData/Local/UnrealEngine/4.10/DerivedDataCache/Boot.ddc
[2016.04.10-05.11.17:118][  0]LogDerivedDataCache: FDerivedDataBackendGraph:  Pak pak cache file ../../../../../../Users/Doug!/Documents/Game310/TinyThief/FamilyThief/DerivedDataCache/DDC.ddp not found, will not use a pak cache.
[2016.04.10-05.11.17:118][  0]LogDerivedDataCache: Unable to find inner node Pak for hierarchical cache Hierarchy.
[2016.04.10-05.11.17:118][  0]LogDerivedDataCache: FDerivedDataBackendGraph:  CompressedPak pak cache file ../../../../../../Users/Doug!/Documents/Game310/TinyThief/FamilyThief/DerivedDataCache/Compressed.ddp not found, will not use a pak cache.
[2016.04.10-05.11.17:118][  0]LogDerivedDataCache: Unable to find inner node CompressedPak for hierarchical cache Hierarchy.
[2016.04.10-05.11.17:162][  0]LogDerivedDataCache:Display: Pak cache opened for reading ../../../Engine/DerivedDataCache/Compressed.ddp.
[2016.04.10-05.11.17:174][  0]LogDerivedDataCache: Using Local data cache path C:/Users/Doug!/AppData/Local/UnrealEngine/Common/DerivedDataCache: Writable
[2016.04.10-05.11.17:307][  0]LogInit: Selected Device Profile: [Windows]
[2016.04.10-05.11.17:309][  0]LogContentStreaming: Texture pool size is 0.000000MB
[2016.04.10-05.11.17:387][  0]LogMeshUtilities: No automatic mesh reduction module available
[2016.04.10-05.11.17:387][  0]LogMeshUtilities: No automatic mesh merging module available
[2016.04.10-05.11.17:549][  0]LogInit: WinSock: version 1.1 (2.2), MaxSocks=32767, MaxUdp=65467
[2016.04.10-05.11.18:065][  0]UdpMessaging: Initializing bridge on interface 0.0.0.0:0 to multicast group 230.0.0.1:6666.
[2016.04.10-05.11.18:149][  0]LogAssetRegistry: FAssetRegistry took 0.0109 seconds to start up
[2016.04.10-05.11.18:253][  0]SourceControl: Info Source control is disabled
[2016.04.10-05.11.18:253][  0]SourceControl: Info Source control is disabled
[2016.04.10-05.11.18:259][  0]SourceControl: Info Source control is disabled
[2016.04.10-05.11.18:265][  0]SourceControl: Info Source control is disabled
[2016.04.10-05.11.18:418][  0]LogObj: 28633 objects as part of root set at end of initial load.
[2016.04.10-05.11.18:418][  0]LogUObjectAllocator: 6099744 out of 0 bytes used by permanent object pool.
[2016.04.10-05.11.18:463][  0]LogEngine: Initializing Engine...
[2016.04.10-05.11.18:465][  0]LogHMD: Can't find Oculus library dev build: is proper Runtime installed? Version: 0.8.0.0
[2016.04.10-05.11.18:465][  0]LogHMD: SteamVR failed to initialize.  Err: 110
[2016.04.10-05.11.18:562][  0]LogAIModule: Creating AISystem for world NewWorld
[2016.04.10-05.11.18:569][  0]LogInit: XAudio2 using 'U500CV-UMK-8 (NVIDIA High Definition Audio)' : 2 channels at 48 kHz using 16 bits per sample (channel mask 0x3)
[2016.04.10-05.11.18:580][  0]LogInit: FAudioDevice initialized.
[2016.04.10-05.11.18:598][  0]LogDerivedDataCache: Saved boot cache 0.02s 41MB C:/Users/Doug!/AppData/Local/UnrealEngine/4.10/DerivedDataCache/Boot.ddc.
[2016.04.10-05.11.18:603][  0]LogInit: Texture streaming: Enabled
[2016.04.10-05.11.18:607][  0]LogAnalytics: Creating configured Analytics provider AnalyticsET
[2016.04.10-05.11.18:607][  0]LogAnalytics: [UEEditor.Rocket.Release] APIServer = http://et2.epicgames.com/ET2/. AppVersion = 4.10.4-2872498+++depot+UE4-Releases+4.10
[2016.04.10-05.11.18:607][  0]LogAnalytics: [UEEditor.Rocket.Release] SetUserId 52b10e6445fa931ea2b57b9ab393f2a9|a024f71aa653453a8ecdbc4f8186e225|56a0a37a-fce5-4ac1-879f-0e1c059c54f2
[2016.04.10-05.11.18:607][  0]LogAnalytics: [UEEditor.Rocket.Release] AnalyticsET::StartSession
[2016.04.10-05.11.18:614][  0]LogInit: Transaction tracking system initialized
[2016.04.10-05.11.18:631][  0]BlueprintLog: New page: Editor Load
[2016.04.10-05.11.18:686][  0]LocalizationService: Info Localization service is disabled
[2016.04.10-05.11.18:739][  0]LogConsoleResponse:Display: 
[2016.04.10-05.11.18:822][  0]LogCook:Display: Done creating registry. It took  0.00s.
[2016.04.10-05.11.18:857][  0]LogFileCache: Scanning file cache for directory 'C:/Users/Doug!/Documents/Game310/TinyThief/FamilyThief/Content/' took 0.02s
[2016.04.10-05.11.18:857][  0]SourceControl: Info Source control is disabled
[2016.04.10-05.11.18:857][  0]Cmd: MAP LOAD FILE="../../../../../../Users/Doug!/Documents/Game310/TinyThief/FamilyThief/Content/ThirdPersonBP/Maps/ThirdPersonExampleMap.umap" TEMPLATE=0 SHOWPROGRESS=1 FEATURELEVEL=3
[2016.04.10-05.11.18:857][  0]LightingResults: New page: Lighting Build
[2016.04.10-05.11.18:859][  0]MapCheck: New page: Map Check
[2016.04.10-05.11.18:859][  0]LightingResults: New page: Lighting Build
[2016.04.10-05.11.18:868][  0]LogParticles: Destroying 0 GPU particle simulations for FXSystem 0x000000CF3A7DFB00
[2016.04.10-05.11.19:187][  0]LogBlueprint:Warning: [compiler CharacterBase] Warning 'AIShooter Character' does not inherit from 'Character Base' ( Cast To AIShooter_Character  would always fail).
[2016.04.10-05.11.19:188][  0]LogBlueprint:Warning: [compiler CharacterBase] Warning 'Player Shooter Character' does not inherit from 'Character Base' ( Cast To PlayerShooterCharacter  would always fail).
[2016.04.10-05.11.19:188][  0]LogBlueprint:Warning: [compiler CharacterBase] Warning 'Player Shooter Character' does not inherit from 'Character Base' ( Cast To PlayerShooterCharacter  would always fail).
[2016.04.10-05.11.19:190][  0]LogBlueprint:Warning: [compiler CharacterBase] Warning [0003.57] Compile of CharacterBase successful, but with 3 Warning(s) [in 7 ms]
[2016.04.10-05.11.19:190][  0]LogBlueprint:Warning: [compiler CharacterBase] Warning [0003.57] Compile of CharacterBase successful, but with 4 Warning(s) [in 0 ms]
[2016.04.10-05.11.19:190][  0]LogBlueprint:Warning: [compiler CharacterBase] Warning [0003.57] Compile of CharacterBase successful, but with 5 Warning(s) [in 0 ms]
[2016.04.10-05.11.19:400][  0]LogBlueprint:Warning: [compiler UE4ASP_HeroTPP_AnimBlueprint] Warning Can't connect pins  Target  and  As AIShooter Character : Character Base Reference is not compatible with AIShooter Character Reference.
[2016.04.10-05.11.19:400][  0]LogBlueprint:Warning: [compiler UE4ASP_HeroTPP_AnimBlueprint] Warning Can't connect pins  As AIShooter Character  and  Target : AIShooter Character Reference is not compatible with Character Base Reference.
[2016.04.10-05.11.19:419][  0]LogBlueprint:Warning: [compiler UE4ASP_HeroTPP_AnimBlueprint] Warning Can't connect pins  Target  and  As AIShooter Character : Character Base Reference is not compatible with AIShooter Character Reference.
[2016.04.10-05.11.19:419][  0]LogBlueprint:Warning: [compiler UE4ASP_HeroTPP_AnimBlueprint] Warning Can't connect pins  As AIShooter Character  and  Target : AIShooter Character Reference is not compatible with Character Base Reference.
[2016.04.10-05.11.19:426][  0]LogBlueprint:Warning: [compiler UE4ASP_HeroTPP_AnimBlueprint] Warning [0003.81] Compile of UE4ASP_HeroTPP_AnimBlueprint successful, but with 4 Warning(s) [in 41 ms]
[2016.04.10-05.11.19:426][  0]LogBlueprint:Warning: [compiler UE4ASP_HeroTPP_AnimBlueprint] Warning [0003.81] Compile of UE4ASP_HeroTPP_AnimBlueprint successful, but with 5 Warning(s) [in 0 ms]
[2016.04.10-05.11.19:427][  0]LogBlueprint:Warning: [compiler UE4ASP_HeroTPP_AnimBlueprint] Warning [0003.81] Compile of UE4ASP_HeroTPP_AnimBlueprint successful, but with 6 Warning(s) [in 0 ms]
[2016.04.10-05.11.20:393][  0]LogTexture:Display: Building textures: HQ_Lightmap0_1 (AutoDXT)
[2016.04.10-05.11.20:648][  0]LogTexture:Display: Building textures: HQ_Lightmap0_2 (AutoDXT)
[2016.04.10-05.11.21:249][  0]LogTexture:Display: Building textures: HQ_Lightmap0_3 (AutoDXT)
[2016.04.10-05.11.21:494][  0]LogTexture:Display: Building textures: HQ_Lightmap0_4 (AutoDXT)
[2016.04.10-05.11.21:542][  0]LogTexture:Display: Building textures: HQ_Lightmap0_5 (AutoDXT)
[2016.04.10-05.11.21:622][  0]LogTexture:Display: Building textures: HQ_Lightmap0_6 (AutoDXT)
[2016.04.10-05.11.21:686][  0]LogTexture:Display: Building textures: HQ_Lightmap0_7 (AutoDXT)
[2016.04.10-05.11.21:700][  0]LogTexture:Display: Building textures: HQ_Lightmap1_2 (AutoDXT)
[2016.04.10-05.11.21:946][  0]LogTexture:Display: Building textures: HQ_Lightmap1_3 (AutoDXT)
[2016.04.10-05.11.22:218][  0]LogTexture:Display: Building textures: HQ_Lightmap1_4 (AutoDXT)
[2016.04.10-05.11.22:281][  0]LogTexture:Display: Building textures: HQ_Lightmap1_5 (AutoDXT)
[2016.04.10-05.11.22:327][  0]LogTexture:Display: Building textures: HQ_Lightmap1_6 (AutoDXT)
[2016.04.10-05.11.22:376][  0]LogTexture:Display: Building textures: HQ_Lightmap1_7 (AutoDXT)
[2016.04.10-05.11.22:389][  0]LogTexture:Display: Building textures: LQ_Lightmap_0_1 (DXT1)
[2016.04.10-05.11.22:515][  0]LogTexture:Display: Building textures: LQ_Lightmap_0_3 (DXT1)
[2016.04.10-05.11.22:601][  0]LogTexture:Display: Building textures: LQ_Lightmap_0_7 (DXT1)
[2016.04.10-05.11.22:625][  0]LogTexture:Display: Building textures: LQ_Lightmap_1_2 (DXT1)
[2016.04.10-05.11.22:958][  0]LogTexture:Display: Building textures: LQ_Lightmap_1_4 (DXT1)
[2016.04.10-05.11.22:974][  0]LogTexture:Display: Building textures: LQ_Lightmap_1_5 (DXT1)
[2016.04.10-05.11.22:991][  0]LogTexture:Display: Building textures: LQ_Lightmap_1_6 (DXT1)
[2016.04.10-05.11.23:012][  0]LogTexture:Display: Building textures: SkyOcclusion0_1 (AutoDXT)
[2016.04.10-05.11.23:142][  0]LogTexture:Display: Building textures: SkyOcclusion0_3 (AutoDXT)
[2016.04.10-05.11.23:264][  0]LogTexture:Display: Building textures: SkyOcclusion0_7 (AutoDXT)
[2016.04.10-05.11.23:279][  0]LogTexture:Display: Building textures: SkyOcclusion1_2 (AutoDXT)
[2016.04.10-05.11.23:551][  0]LogTexture:Display: Building textures: SkyOcclusion1_4 (AutoDXT)
[2016.04.10-05.11.23:576][  0]LogTexture:Display: Building textures: SkyOcclusion1_5 (AutoDXT)
[2016.04.10-05.11.23:597][  0]LogTexture:Display: Building textures: SkyOcclusion1_6 (AutoDXT)
[2016.04.10-05.11.23:637][  0]LogTexture:Display: Building textures: ShadowMapTexture2D_64 (G8)
[2016.04.10-05.11.23:657][  0]LogTexture:Display: Building textures: ShadowMapTexture2D_65 (BGRA8)
[2016.04.10-05.11.23:677][  0]LogTexture:Display: Building textures: ShadowMapTexture2D_66 (G8)
[2016.04.10-05.11.23:681][  0]LogTexture:Display: Building textures: ShadowMapTexture2D_67 (G8)
[2016.04.10-05.11.23:687][  0]LogTexture:Display: Building textures: ShadowMapTexture2D_68 (G8)
[2016.04.10-05.11.23:690][  0]LogTexture:Display: Building textures: ShadowMapTexture2D_69 (G8)
[2016.04.10-05.11.23:692][  0]LogTexture:Display: Building textures: ShadowMapTexture2D_70 (G8)
[2016.04.10-05.11.23:714][  0]LogTexture:Display: Building textures: ShadowMapTexture2D_71 (BGRA8)
[2016.04.10-05.11.23:739][  0]LogTexture:Display: Building textures: ShadowMapTexture2D_72 (BGRA8)
[2016.04.10-05.11.23:760][  0]LogTexture:Display: Building textures: ShadowMapTexture2D_73 (BGRA8)
[2016.04.10-05.11.23:765][  0]LogTexture:Display: Building textures: ShadowMapTexture2D_74 (G8)
[2016.04.10-05.11.23:771][  0]LogTexture:Display: Building textures: ShadowMapTexture2D_75 (BGRA8)
[2016.04.10-05.11.23:775][  0]LogTexture:Display: Building textures: ShadowMapTexture2D_76 (G8)
[2016.04.10-05.11.23:878][  0]LogMaterial: Missing cached shader map for material NewMaterial, compiling. 
[2016.04.10-05.11.23:899][  0]LogMaterial: Missing cached shader map for material Heraklios_Mat, compiling. 
[2016.04.10-05.11.23:922][  0]LogAIModule: Creating AISystem for world ThirdPersonExampleMap
[2016.04.10-05.11.23:939][  0]LogEditorServer: Finished looking for orphan Actors (0.000 secs)
[2016.04.10-05.11.23:941][  0]Cmd: MAP CHECKDEP NOCLEARLOG
[2016.04.10-05.11.24:002][  0]MapCheck: Info Map check complete: 0 Error(s), 0 Warning(s), took 60.806ms to complete.
[2016.04.10-05.11.24:002][  0]LogFileHelpers: Loading map 'ThirdPersonExampleMap' took 5.145
[2016.04.10-05.11.24:139][  0]LogCollectionManager: Loaded 0 collections in 0.001827 seconds
[2016.04.10-05.11.24:197][  0]LogFileCache: Scanning file cache for directory 'C:/Users/Doug!/Documents/Game310/TinyThief/FamilyThief/Saved/Collections/' took 0.01s
[2016.04.10-05.11.24:197][  0]LogFileCache: Scanning file cache for directory 'C:/Users/Doug!/Documents/Game310/TinyThief/FamilyThief/Content/Developers/Doug/Collections/' took 0.01s
[2016.04.10-05.11.24:197][  0]LogFileCache: Scanning file cache for directory 'C:/Users/Doug!/Documents/Game310/TinyThief/FamilyThief/Content/Collections/' took 0.01s
[2016.04.10-05.11.24:197][  0]LogCollectionManager: Rebuilt the GUID cache for 0 collections in 0.000002 seconds
[2016.04.10-05.11.24:208][  0]LogContentBrowser: Native class hierarchy populated in 0.0102 seconds. Added 1893 classes and 338 folders.
[2016.04.10-05.11.24:218][  0]LogContentBrowser: Native class hierarchy updated for 'WidgetCarousel' in 0.0003 seconds. Added 0 classes and 0 folders.
[2016.04.10-05.11.24:514][  0]LogContentBrowser: Native class hierarchy updated for 'AddContentDialog' in 0.0004 seconds. Added 0 classes and 0 folders.
[2016.04.10-05.11.24:524][  0]LogContentBrowser: Native class hierarchy updated for 'SceneOutliner' in 0.0004 seconds. Added 1 classes and 2 folders.
[2016.04.10-05.11.24:657][  0]LogCrashTracker: Crashtracker disabled due to settings.
[2016.04.10-05.11.24:667][  0]LogUObjectGlobals:Warning: Failed to find object 'Class None.'
[2016.04.10-05.11.24:691][  0]LogLoad: Full Startup: 9.07 seconds (BP compile: 0.39 seconds)