[2016.03.23-18.33.25:980][  0]Log file open, 03/23/16 14:33:25
[2016.03.23-18.33.25:980][  0]LogInit:Display: Running engine for game: FamilyThief
[2016.03.23-18.33.25:980][  0]LogPlatformFile: Not using cached read wrapper
[2016.03.23-18.33.25:980][  0]LogInit:Display: RandInit(-904830416) SRandInit(-904830414).
[2016.03.23-18.33.25:980][  0]LogTaskGraph: Started task graph with 4 named threads and 7 total threads.
[2016.03.23-18.33.25:980][  0]LogStats: Stats thread started at 0.075810
[2016.03.23-18.33.25:980][  0]LogInit: Version: 4.10.4-2872498+++depot+UE4-Releases+4.10
[2016.03.23-18.33.25:980][  0]LogInit: API Version: 2758231
[2016.03.23-18.33.25:980][  0]LogInit: Compiled (64-bit): Feb 18 2016 15:47:04
[2016.03.23-18.33.25:980][  0]LogInit: Compiled with Visual C++: 19.00.23026.00
[2016.03.23-18.33.25:980][  0]LogInit: Build Configuration: Development
[2016.03.23-18.33.25:980][  0]LogInit: Branch Name: ++depot+UE4-Releases+4.10
[2016.03.23-18.33.25:980][  0]LogInit: Command line:  
[2016.03.23-18.33.25:980][  0]LogInit: Base directory: C:/Program Files (x86)/Epic Games/4.10/Engine/Binaries/Win64/
[2016.03.23-18.33.25:980][  0]LogInit: Rocket: 1
[2016.03.23-18.33.25:987][  0]LogInit: Using libcurl 7.41.0
[2016.03.23-18.33.25:987][  0]LogInit:  - built for x86_64-pc-win32
[2016.03.23-18.33.25:987][  0]LogInit:  - supports SSL with WinSSL
[2016.03.23-18.33.25:988][  0]LogInit:  - other features:
[2016.03.23-18.33.25:988][  0]LogInit:      CURL_VERSION_SSL
[2016.03.23-18.33.25:988][  0]LogInit:      CURL_VERSION_IPV6
[2016.03.23-18.33.25:988][  0]LogInit:      CURL_VERSION_ASYNCHDNS
[2016.03.23-18.33.25:988][  0]LogInit:      CURL_VERSION_LARGEFILE
[2016.03.23-18.33.25:988][  0]LogInit:      CURL_VERSION_IDN
[2016.03.23-18.33.25:988][  0]LogInit:  CurlRequestOptions (configurable via config and command line):
[2016.03.23-18.33.25:988][  0]LogInit:  - bVerifyPeer = true  - Libcurl will verify peer certificate
[2016.03.23-18.33.25:988][  0]LogInit:  - bUseHttpProxy = false  - Libcurl will NOT use HTTP proxy
[2016.03.23-18.33.25:988][  0]LogInit:  - bDontReuseConnections = false  - Libcurl will reuse connections
[2016.03.23-18.33.25:988][  0]LogInit:  - CertBundlePath = nullptr  - Libcurl will use whatever was configured at build time.
[2016.03.23-18.33.25:996][  0]LogInit: Presizing for 0 objects not considered by GC, pre-allocating 0 bytes.
[2016.03.23-18.33.26:004][  0]LogInit: Object subsystem initialized
[2016.03.23-18.33.26:005][  0]LogInit: Selected Device Profile: [Windows]
[2016.03.23-18.33.26:005][  0]LogInit: Applying CVar settings loaded from the selected device profile: [Windows]
[2016.03.23-18.33.26:017][  0]LogInit: Computer: DESKTOP-J618I8O
[2016.03.23-18.33.26:017][  0]LogInit: User: Doug
[2016.03.23-18.33.26:017][  0]LogInit: CPU Page size=4096, Cores=4
[2016.03.23-18.33.26:017][  0]LogInit: High frequency timer resolution =3.897226 MHz
[2016.03.23-18.33.26:017][  0]LogMemory: Memory total: Physical=16.0GB (16GB approx)
[2016.03.23-18.33.26:017][  0]LogMemory: Platform Memory Stats for Windows
[2016.03.23-18.33.26:017][  0]LogMemory: Process Physical Memory: 56.25 MB used, 56.25 MB peak
[2016.03.23-18.33.26:017][  0]LogMemory: Process Virtual Memory: 56.75 MB used, 56.75 MB peak
[2016.03.23-18.33.26:017][  0]LogMemory: Physical Memory: 4880.28 MB used, 16344.24 MB total
[2016.03.23-18.33.26:017][  0]LogMemory: Virtual Memory: 378.96 MB used, 134217728.00 MB total
[2016.03.23-18.33.26:058][  0]LogTextLocalizationManager: No specific translations for ('en-US') exist, so ('en') translations will be used.
[2016.03.23-18.33.26:638][  0]LogD3D11RHI: Found D3D11 adapter 0: NVIDIA GeForce GTX 980M                   (Feature Level 11_0)
[2016.03.23-18.33.26:638][  0]LogD3D11RHI: Adapter has 8093MB of dedicated video memory, 0MB of dedicated system memory, and 8172MB of shared system memory, 1 output[s]
[2016.03.23-18.33.26:639][  0]LogD3D11RHI: Found D3D11 adapter 1: Microsoft Basic Render Driver (Feature Level 11_0)
[2016.03.23-18.33.26:639][  0]LogD3D11RHI: Adapter has 0MB of dedicated video memory, 0MB of dedicated system memory, and 8172MB of shared system memory, 0 output[s]
[2016.03.23-18.33.26:639][  0]LogD3D11RHI: Chosen D3D11 Adapter Id = 0
[2016.03.23-18.33.26:645][  0]LogD3D11RHI: !Direct3DDevice
[2016.03.23-18.33.26:645][  0]LogRHI: Texture pool is 1361 MB (70% of 1945 MB)
[2016.03.23-18.33.26:662][  0]LogD3D11RHI: Async texture creation enabled
[2016.03.23-18.33.26:678][  0]LogShaderCompilers: Guid format shader working directory is -23 characters bigger than the processId version (../../../../../../Users/Doug!/Documents/Game310/TinyThief/FamilyThief/Intermediate/Shaders/WorkingDirectory/5824/).
[2016.03.23-18.33.26:679][  0]LogShaderCompilers: Cleaned the shader compiler working directory 'C:/Users/Doug!/AppData/Local/Temp/UnrealShaderWorkingDir/38E0AFE942206365322F589F474176BE/'.
[2016.03.23-18.33.26:679][  0]LogShaderCompilers:Display: Using Local Shader Compiler.
[2016.03.23-18.33.27:716][  0]LogTemp:Display: Loaded TP AllDesktopTargetPlatform
[2016.03.23-18.33.27:721][  0]LogTemp:Display: Loaded TP WindowsClientTargetPlatform
[2016.03.23-18.33.27:727][  0]LogTemp:Display: Loaded TP WindowsNoEditorTargetPlatform
[2016.03.23-18.33.27:732][  0]LogTemp:Display: Loaded TP WindowsServerTargetPlatform
[2016.03.23-18.33.27:737][  0]LogTemp:Display: Loaded TP WindowsTargetPlatform
[2016.03.23-18.33.27:741][  0]LogTemp:Display: Loaded TP AndroidTargetPlatform
[2016.03.23-18.33.27:744][  0]LogTemp:Display: Loaded TP Android_ASTCTargetPlatform
[2016.03.23-18.33.27:747][  0]LogTemp:Display: Loaded TP Android_ATCTargetPlatform
[2016.03.23-18.33.27:751][  0]LogTemp:Display: Loaded TP Android_DXTTargetPlatform
[2016.03.23-18.33.27:754][  0]LogTemp:Display: Loaded TP Android_ETC1TargetPlatform
[2016.03.23-18.33.27:758][  0]LogTemp:Display: Loaded TP Android_ETC2TargetPlatform
[2016.03.23-18.33.27:766][  0]LogTemp:Display: Loaded TP Android_MultiTargetPlatform
[2016.03.23-18.33.27:766][  0]LogTemp:Display: Loaded TP Android_PVRTCTargetPlatform
[2016.03.23-18.33.27:766][  0]LogTemp:Display: Loaded TP HTML5TargetPlatform
[2016.03.23-18.33.27:784][  0]LogTemp:Display: Loaded TP IOSTargetPlatform
[2016.03.23-18.33.27:788][  0]LogTemp:Display: Loaded TP LinuxNoEditorTargetPlatform
[2016.03.23-18.33.27:791][  0]LogTemp:Display: Loaded TP LinuxServerTargetPlatform
[2016.03.23-18.33.27:795][  0]LogTemp:Display: Loaded TP LinuxTargetPlatform
[2016.03.23-18.33.27:796][  0]LogTargetPlatformManager:Display: Building Assets For Windows
[2016.03.23-18.33.27:879][  0]LogDerivedDataCache:Display: Max Cache Size: 512 MB
[2016.03.23-18.33.27:933][  0]LogDerivedDataCache: Loaded boot cache 0.05s 41MB C:/Users/Doug!/AppData/Local/UnrealEngine/4.10/DerivedDataCache/Boot.ddc.
[2016.03.23-18.33.27:933][  0]LogDerivedDataCache:Display: Loaded Boot cache: C:/Users/Doug!/AppData/Local/UnrealEngine/4.10/DerivedDataCache/Boot.ddc
[2016.03.23-18.33.27:934][  0]LogDerivedDataCache: FDerivedDataBackendGraph:  Pak pak cache file ../../../../../../Users/Doug!/Documents/Game310/TinyThief/FamilyThief/DerivedDataCache/DDC.ddp not found, will not use a pak cache.
[2016.03.23-18.33.27:934][  0]LogDerivedDataCache: Unable to find inner node Pak for hierarchical cache Hierarchy.
[2016.03.23-18.33.27:934][  0]LogDerivedDataCache: FDerivedDataBackendGraph:  CompressedPak pak cache file ../../../../../../Users/Doug!/Documents/Game310/TinyThief/FamilyThief/DerivedDataCache/Compressed.ddp not found, will not use a pak cache.
[2016.03.23-18.33.27:934][  0]LogDerivedDataCache: Unable to find inner node CompressedPak for hierarchical cache Hierarchy.
[2016.03.23-18.33.28:013][  0]LogDerivedDataCache:Display: Pak cache opened for reading ../../../Engine/DerivedDataCache/Compressed.ddp.
[2016.03.23-18.33.28:024][  0]LogDerivedDataCache: Using Local data cache path C:/Users/Doug!/AppData/Local/UnrealEngine/Common/DerivedDataCache: Writable
[2016.03.23-18.33.28:259][  0]LogInit: Selected Device Profile: [Windows]
[2016.03.23-18.33.28:264][  0]LogContentStreaming: Texture pool size is 0.000000MB
[2016.03.23-18.33.28:410][  0]LogMeshUtilities: No automatic mesh reduction module available
[2016.03.23-18.33.28:410][  0]LogMeshUtilities: No automatic mesh merging module available
[2016.03.23-18.33.28:665][  0]LogInit: WinSock: version 1.1 (2.2), MaxSocks=32767, MaxUdp=65467
[2016.03.23-18.33.29:577][  0]UdpMessaging: Initializing bridge on interface 0.0.0.0:0 to multicast group 230.0.0.1:6666.
[2016.03.23-18.33.29:685][  0]LogAssetRegistry: FAssetRegistry took 0.0111 seconds to start up
[2016.03.23-18.33.29:897][  0]SourceControl: Info Source control is disabled
[2016.03.23-18.33.29:898][  0]SourceControl: Info Source control is disabled
[2016.03.23-18.33.29:909][  0]SourceControl: Info Source control is disabled
[2016.03.23-18.33.29:920][  0]SourceControl: Info Source control is disabled
[2016.03.23-18.33.30:152][  0]LogObj: 28633 objects as part of root set at end of initial load.
[2016.03.23-18.33.30:152][  0]LogUObjectAllocator: 6099752 out of 0 bytes used by permanent object pool.
[2016.03.23-18.33.30:218][  0]LogEngine: Initializing Engine...
[2016.03.23-18.33.30:221][  0]LogHMD: Can't find Oculus library dev build: is proper Runtime installed? Version: 0.8.0.0
[2016.03.23-18.33.30:221][  0]LogHMD: SteamVR failed to initialize.  Err: 110
[2016.03.23-18.33.30:356][  0]LogAIModule: Creating AISystem for world NewWorld
[2016.03.23-18.33.30:365][  0]LogInit: XAudio2 using 'Realtek Digital Output (Realtek High Definition Audio)' : 2 channels at 48 kHz using 16 bits per sample (channel mask 0x3)
[2016.03.23-18.33.30:400][  0]LogInit: FAudioDevice initialized.
[2016.03.23-18.33.30:424][  0]LogDerivedDataCache: Saved boot cache 0.02s 41MB C:/Users/Doug!/AppData/Local/UnrealEngine/4.10/DerivedDataCache/Boot.ddc.
[2016.03.23-18.33.30:430][  0]LogInit: Texture streaming: Enabled
[2016.03.23-18.33.30:435][  0]LogAnalytics: Creating configured Analytics provider AnalyticsET
[2016.03.23-18.33.30:435][  0]LogAnalytics: [UEEditor.Rocket.Release] APIServer = http://et2.epicgames.com/ET2/. AppVersion = 4.10.4-2872498+++depot+UE4-Releases+4.10
[2016.03.23-18.33.30:435][  0]LogAnalytics: [UEEditor.Rocket.Release] SetUserId 52b10e6445fa931ea2b57b9ab393f2a9|a024f71aa653453a8ecdbc4f8186e225|56a0a37a-fce5-4ac1-879f-0e1c059c54f2
[2016.03.23-18.33.30:435][  0]LogAnalytics: [UEEditor.Rocket.Release] AnalyticsET::StartSession
[2016.03.23-18.33.30:445][  0]LogInit: Transaction tracking system initialized
[2016.03.23-18.33.30:475][  0]BlueprintLog: New page: Editor Load
[2016.03.23-18.33.30:557][  0]LocalizationService: Info Localization service is disabled
[2016.03.23-18.33.30:632][  0]LogConsoleResponse:Display: 
[2016.03.23-18.33.30:757][  0]LogCook:Display: Done creating registry. It took  0.00s.
[2016.03.23-18.33.30:824][  0]LogFileCache: Scanning file cache for directory 'C:/Users/Doug!/Documents/Game310/TinyThief/FamilyThief/Content/' took 0.02s
[2016.03.23-18.33.30:824][  0]SourceControl: Info Source control is disabled
[2016.03.23-18.33.30:824][  0]Cmd: MAP LOAD FILE="../../../../../../Users/Doug!/Documents/Game310/TinyThief/FamilyThief/Content/ThirdPersonBP/Maps/ThirdPersonExampleMap.umap" TEMPLATE=0 SHOWPROGRESS=1 FEATURELEVEL=3
[2016.03.23-18.33.30:825][  0]LightingResults: New page: Lighting Build
[2016.03.23-18.33.30:828][  0]MapCheck: New page: Map Check
[2016.03.23-18.33.30:828][  0]LightingResults: New page: Lighting Build
[2016.03.23-18.33.30:842][  0]LogParticles: Destroying 0 GPU particle simulations for FXSystem 0x00000078E4453B00
[2016.03.23-18.33.31:748][  0]LogAIModule: Creating AISystem for world ThirdPersonExampleMap
[2016.03.23-18.33.31:757][  0]LogEditorServer: Finished looking for orphan Actors (0.000 secs)
[2016.03.23-18.33.31:758][  0]Cmd: MAP CHECKDEP NOCLEARLOG
[2016.03.23-18.33.31:822][  0]MapCheck: Info Map check complete: 0 Error(s), 0 Warning(s), took 63.991ms to complete.
[2016.03.23-18.33.31:822][  0]LogFileHelpers: Loading map 'ThirdPersonExampleMap' took 0.998
[2016.03.23-18.33.31:931][  0]LogCollectionManager: Loaded 0 collections in 0.001798 seconds
[2016.03.23-18.33.31:971][  0]LogFileCache: Scanning file cache for directory 'C:/Users/Doug!/Documents/Game310/TinyThief/FamilyThief/Saved/Collections/' took 0.01s
[2016.03.23-18.33.31:971][  0]LogFileCache: Scanning file cache for directory 'C:/Users/Doug!/Documents/Game310/TinyThief/FamilyThief/Content/Developers/Doug/Collections/' took 0.01s
[2016.03.23-18.33.31:971][  0]LogFileCache: Scanning file cache for directory 'C:/Users/Doug!/Documents/Game310/TinyThief/FamilyThief/Content/Collections/' took 0.01s
[2016.03.23-18.33.31:971][  0]LogCollectionManager: Rebuilt the GUID cache for 0 collections in 0.000002 seconds
[2016.03.23-18.33.31:980][  0]LogContentBrowser: Native class hierarchy populated in 0.0088 seconds. Added 1893 classes and 338 folders.
[2016.03.23-18.33.31:986][  0]LogContentBrowser: Native class hierarchy updated for 'WidgetCarousel' in 0.0004 seconds. Added 0 classes and 0 folders.
[2016.03.23-18.33.32:035][  0]LogContentBrowser: Native class hierarchy updated for 'AddContentDialog' in 0.0004 seconds. Added 0 classes and 0 folders.
[2016.03.23-18.33.32:039][  0]LogContentBrowser: Native class hierarchy updated for 'SceneOutliner' in 0.0004 seconds. Added 1 classes and 2 folders.
[2016.03.23-18.33.32:064][  0]LogCrashTracker: Crashtracker disabled due to settings.
[2016.03.23-18.33.32:072][  0]LogUObjectGlobals:Warning: Failed to find object 'Class None.'
[2016.03.23-18.33.32:095][  0]LogLoad: Full Startup: 6.60 seconds (BP compile: 0.26 seconds)
[2016.03.23-18.33.32:105][  0]LogWindowsTextInputMethodSystem:Display: IME system now deactivated.
[2016.03.23-18.33.32:105][  0]LogWindowsTextInputMethodSystem:Display: IME system now deactivated.
[2016.03.23-18.33.32:108][  0]LogOcInput: Can't find Oculus library dev build: is proper Runtime installed? Version: 0.8.0.0
[2016.03.23-18.33.32:159][  0]LogContentStreaming: Texture pool size now 1000 MB
[2016.03.23-18.33.32:269][  0]LogContentBrowser:Verbose: The majority of assets in the view are of type: Blueprint
[2016.03.23-18.33.32:339][  0]LogRenderer: Reallocating scene render targets to support 1192x616 (Frame:2).
[2016.03.23-18.33.32:646][  7]LogAssetRegistry: Asset discovery search completed in 2.9722 seconds
[2016.03.23-18.33.32:646][  7]LogCollectionManager: Rebuilt the object cache for 0 collections in 0.000001 seconds (found 0 objects)
[2016.03.23-18.33.32:646][  7]LogCollectionManager: Fixed up redirectors for 0 collections in 0.000022 seconds (updated 0 objects)
[2016.03.23-18.34.12:318][400]LogEditorViewport: Clicking on Actor (LMB): NavMeshBoundsVolume (NavMeshBoundsVolume)
[2016.03.23-18.34.13:936][556]LogEditorViewport: Clicking on Actor (LMB): AIShooter_Character_C (AIShooter_Character)
[2016.03.23-18.34.18:650][942]LogLinker:Warning: Asset '../../../Engine/Content/ArtTools/RenderToTexture/Macros/RenderToTextureMacros.uasset' has been saved with empty engine version. The asset will be loaded but may be incompatible.
[2016.03.23-18.34.19:219][942]LogContentBrowser: Native class hierarchy updated for 'BlueprintGraph' in 0.0009 seconds. Added 107 classes and 0 folders.
[2016.03.23-18.34.39:426][ 79]BlueprintLog: New page: Compile AIShooter_Character
[2016.03.23-18.34.39:526][ 79]LogActorComponent: UnregisterComponent: (/Engine/Transient.CharMoveComp) Not registered. Aborting.
[2016.03.23-18.34.39:599][ 79]BlueprintEditorCompileResults: Info [0074.10] Compile of AIShooter_Character successful! [in 172 ms]
[2016.03.23-18.34.40:172][105]LogSavePackage: Save=37.435089ms
[2016.03.23-18.34.40:172][105]LogSavePackage: Moving '../../../../../../Users/Doug!/Documents/Game310/TinyThief/FamilyThief/Saved/AIShooter_Character362AD6FD45A6DE49D009CBA6FD64E8C7.tmp' to '../../../../../../Users/Doug!/Documents/Game310/TinyThief/FamilyThief/Content/ThirdPersonBP/Blueprints/AIShooter_Character.uasset'
[2016.03.23-18.34.40:177][105]LogSavePackage: Total save time: 65.567918ms
[2016.03.23-18.34.40:177][105]LogSavePackage:Display: Finished SavePackage ../../../../../../Users/Doug!/Documents/Game310/TinyThief/FamilyThief/Content/ThirdPersonBP/Blueprints/AIShooter_Character.uasset
[2016.03.23-18.35.05:962][661]BlueprintLog: New page: Compile AIShooter_Character
[2016.03.23-18.35.06:052][661]LogActorComponent: UnregisterComponent: (/Engine/Transient.CharMoveComp) Not registered. Aborting.
[2016.03.23-18.35.06:089][661]BlueprintEditorCompileResults: Info [0100.59] Compile of AIShooter_Character successful! [in 126 ms]
[2016.03.23-18.35.06:831][698]LogSavePackage: Save=38.735756ms
[2016.03.23-18.35.06:831][698]LogSavePackage: Moving '../../../../../../Users/Doug!/Documents/Game310/TinyThief/FamilyThief/Saved/AIShooter_Character1EE0D2F3427A72965E26F2B8C7FBFA9D.tmp' to '../../../../../../Users/Doug!/Documents/Game310/TinyThief/FamilyThief/Content/ThirdPersonBP/Blueprints/AIShooter_Character.uasset'
[2016.03.23-18.35.06:835][698]LogSavePackage: Total save time: 55.434044ms
[2016.03.23-18.35.06:835][698]LogSavePackage:Display: Finished SavePackage ../../../../../../Users/Doug!/Documents/Game310/TinyThief/FamilyThief/Content/ThirdPersonBP/Blueprints/AIShooter_Character.uasset
[2016.03.23-18.35.11:099][905]LogBlueprintUserMessages: Early PlayInEditor Detection: Level '/Game/ThirdPersonBP/Maps/ThirdPersonExampleMap.ThirdPersonExampleMap:PersistentLevel' has LevelScriptBlueprint '/Game/ThirdPersonBP/Maps/ThirdPersonExampleMap.ThirdPersonExampleMap:PersistentLevel.ThirdPersonExampleMap' with GeneratedClass '/Game/ThirdPersonBP/Maps/ThirdPersonExampleMap.ThirdPersonExampleMap_C' with ClassGeneratedBy '/Game/ThirdPersonBP/Maps/ThirdPersonExampleMap.ThirdPersonExampleMap:PersistentLevel.ThirdPersonExampleMap'
[2016.03.23-18.35.11:099][905]LogPlayLevel: PlayLevel: No blueprints needed recompiling
[2016.03.23-18.35.11:099][905]PIE: New page: PIE session: ThirdPersonExampleMap (Mar 23, 2016, 10:35:11 AM)
[2016.03.23-18.35.11:099][905]LogPlayLevel: Creating play world package: /Game/ThirdPersonBP/Maps/UEDPIE_0_ThirdPersonExampleMap
[2016.03.23-18.35.11:132][905]LogPlayLevel: PIE: StaticDuplicateObject took: (0.032484s)
[2016.03.23-18.35.11:133][905]LogAIModule: Creating AISystem for world ThirdPersonExampleMap
[2016.03.23-18.35.11:133][905]LogPlayLevel: PIE: World Init took: (0.001268s)
[2016.03.23-18.35.11:133][905]LogPlayLevel: PIE: Created PIE world by copying editor world from /Game/ThirdPersonBP/Maps/ThirdPersonExampleMap.ThirdPersonExampleMap to /Game/ThirdPersonBP/Maps/UEDPIE_0_ThirdPersonExampleMap.ThirdPersonExampleMap (0.034115s)
[2016.03.23-18.35.11:134][905]LogActorComponent: UnregisterComponent: (/Engine/Transient.CharMoveComp) Not registered. Aborting.
[2016.03.23-18.35.11:181][905]LogInit: XAudio2 using 'Realtek Digital Output (Realtek High Definition Audio)' : 2 channels at 48 kHz using 16 bits per sample (channel mask 0x3)
[2016.03.23-18.35.11:193][905]LogInit: FAudioDevice initialized.
[2016.03.23-18.35.11:249][905]LogWorld: Game class is 'ThirdPersonGameMode_C'
[2016.03.23-18.35.11:255][905]LogWorld: Bringing World /Game/ThirdPersonBP/Maps/UEDPIE_0_ThirdPersonExampleMap.ThirdPersonExampleMap up for play (max tick rate 0) at 2016.03.23-14.35.11
[2016.03.23-18.35.11:255][905]LogActor:Warning: GameSession /Game/ThirdPersonBP/Maps/UEDPIE_0_ThirdPersonExampleMap.ThirdPersonExampleMap:PersistentLevel.GameSession_0 has natively added scene component(s), but none of them were set as the actor's RootComponent - picking one arbitrarily
[2016.03.23-18.35.11:255][905]LogActor:Warning: GameNetworkManager /Game/ThirdPersonBP/Maps/UEDPIE_0_ThirdPersonExampleMap.ThirdPersonExampleMap:PersistentLevel.GameNetworkManager_0 has natively added scene component(s), but none of them were set as the actor's RootComponent - picking one arbitrarily
[2016.03.23-18.35.11:256][905]LogWorld: Bringing up level for play took: 0.005441
[2016.03.23-18.35.11:260][905]PIE: Info Play in editor start time for /Game/ThirdPersonBP/Maps/UEDPIE_0_ThirdPersonExampleMap 0.278
[2016.03.23-18.35.11:260][905]LogBlueprintUserMessages: Late PlayInEditor Detection: Level '/Game/ThirdPersonBP/Maps/ThirdPersonExampleMap.ThirdPersonExampleMap:PersistentLevel' has LevelScriptBlueprint '/Game/ThirdPersonBP/Maps/ThirdPersonExampleMap.ThirdPersonExampleMap:PersistentLevel.ThirdPersonExampleMap' with GeneratedClass '/Game/ThirdPersonBP/Maps/ThirdPersonExampleMap.ThirdPersonExampleMap_C' with ClassGeneratedBy '/Game/ThirdPersonBP/Maps/ThirdPersonExampleMap.ThirdPersonExampleMap:PersistentLevel.ThirdPersonExampleMap'
[2016.03.23-18.35.12:573][999]LogBlueprintUserMessages: [AIShooter_Character_C_0] ouch
[2016.03.23-18.35.12:737][ 12]LogBlueprintUserMessages: [AIShooter_Character_C_0] ouch
[2016.03.23-18.35.12:909][ 25]LogBlueprintUserMessages: [AIShooter_Character_C_0] ouch
[2016.03.23-18.35.13:087][ 39]LogBlueprintUserMessages: [AIShooter_Character_C_0] ouch
[2016.03.23-18.35.13:236][ 51]LogBlueprintUserMessages: [AIShooter_Character_C_0] ouch
[2016.03.23-18.35.13:435][ 67]LogBlueprintUserMessages: [AIShooter_Character_C_0] ouch
[2016.03.23-18.35.13:514][ 73]LogBlueprintUserMessages: [PlayerShooterCharacter_C_0] ouch
[2016.03.23-18.35.13:612][ 81]LogBlueprintUserMessages: [AIShooter_Character_C_0] ouch
[2016.03.23-18.35.13:785][ 95]LogBlueprintUserMessages: [AIShooter_Character_C_0] ouch
[2016.03.23-18.35.13:971][110]LogBlueprintUserMessages: [AIShooter_Character_C_0] ouch
[2016.03.23-18.35.14:144][124]LogBlueprintUserMessages: [AIShooter_Character_C_0] ouch
[2016.03.23-18.35.14:333][139]LogBlueprintUserMessages: [AIShooter_Character_C_0] ouch
[2016.03.23-18.35.14:525][154]LogBlueprintUserMessages: [AIShooter_Character_C_0] ouch
[2016.03.23-18.35.14:719][169]LogBlueprintUserMessages: [AIShooter_Character_C_0] ouch
[2016.03.23-18.35.14:894][183]LogBlueprintUserMessages: [AIShooter_Character_C_0] ouch
[2016.03.23-18.35.15:092][199]LogBlueprintUserMessages: [AIShooter_Character_C_0] ouch
[2016.03.23-18.35.15:278][214]LogBlueprintUserMessages: [AIShooter_Character_C_0] ouch
[2016.03.23-18.35.15:467][229]LogBlueprintUserMessages: [AIShooter_Character_C_0] ouch
[2016.03.23-18.35.15:514][233]LogBlueprintUserMessages: [PlayerShooterCharacter_C_0] ouch
[2016.03.23-18.35.15:650][244]LogBlueprintUserMessages: [AIShooter_Character_C_0] ouch
[2016.03.23-18.35.15:823][257]LogBlueprintUserMessages: [AIShooter_Character_C_0] ouch
[2016.03.23-18.35.15:997][271]LogBlueprintUserMessages: [AIShooter_Character_C_0] ouch
[2016.03.23-18.35.17:521][392]LogBlueprintUserMessages: [PlayerShooterCharacter_C_0] ouch
[2016.03.23-18.35.20:145][521]LogBlueprintUserMessages: [PlayerShooterCharacter_C_0] ouch
[2016.03.23-18.35.22:155][677]LogBlueprintUserMessages: [PlayerShooterCharacter_C_0] ouch
[2016.03.23-18.35.24:165][832]LogBlueprintUserMessages: [PlayerShooterCharacter_C_0] ouch
[2016.03.23-18.35.26:169][992]LogBlueprintUserMessages: [PlayerShooterCharacter_C_0] ouch
[2016.03.23-18.35.28:174][142]LogBlueprintUserMessages: [PlayerShooterCharacter_C_0] ouch
[2016.03.23-18.35.30:178][293]LogBlueprintUserMessages: [PlayerShooterCharacter_C_0] ouch
[2016.03.23-18.35.33:488][565]LogBlueprintUserMessages: [PlayerShooterCharacter_C_0] ouch
[2016.03.23-18.35.36:733][840]LogBlueprintUserMessages: [PlayerShooterCharacter_C_0] ouch
[2016.03.23-18.35.39:465][ 59]LogBlueprintUserMessages: [PlayerShooterCharacter_C_0] ouch
[2016.03.23-18.35.41:475][206]LogBlueprintUserMessages: [PlayerShooterCharacter_C_0] ouch
[2016.03.23-18.35.43:617][330]LogBlueprintUserMessages: [PlayerShooterCharacter_C_0] ouch
[2016.03.23-18.35.44:424][391]LogBlueprintUserMessages: Early EndPlayMap Detection: Level '/Game/ThirdPersonBP/Maps/ThirdPersonExampleMap.ThirdPersonExampleMap:PersistentLevel' has LevelScriptBlueprint '/Game/ThirdPersonBP/Maps/ThirdPersonExampleMap.ThirdPersonExampleMap:PersistentLevel.ThirdPersonExampleMap' with GeneratedClass '/Game/ThirdPersonBP/Maps/ThirdPersonExampleMap.ThirdPersonExampleMap_C' with ClassGeneratedBy '/Game/ThirdPersonBP/Maps/ThirdPersonExampleMap.ThirdPersonExampleMap:PersistentLevel.ThirdPersonExampleMap'
[2016.03.23-18.35.44:505][391]LogBlueprintUserMessages: Late EndPlayMap Detection: Level '/Game/ThirdPersonBP/Maps/ThirdPersonExampleMap.ThirdPersonExampleMap:PersistentLevel' has LevelScriptBlueprint '/Game/ThirdPersonBP/Maps/ThirdPersonExampleMap.ThirdPersonExampleMap:PersistentLevel.ThirdPersonExampleMap' with GeneratedClass '/Game/ThirdPersonBP/Maps/ThirdPersonExampleMap.ThirdPersonExampleMap_C' with ClassGeneratedBy '/Game/ThirdPersonBP/Maps/ThirdPersonExampleMap.ThirdPersonExampleMap:PersistentLevel.ThirdPersonExampleMap'
[2016.03.23-18.35.44:541][391]LogParticles: Destroying 0 GPU particle simulations for FXSystem 0x00000078C4DF4540
[2016.03.23-18.36.13:977][ 98]BlueprintLog: New page: Compile AICharacter_Controller
[2016.03.23-18.36.14:063][ 98]BlueprintEditorCompileResults: Info [0168.57] Compile of AICharacter_Controller successful! [in 85 ms]
[2016.03.23-18.36.14:563][122]LogSavePackage: Save=15.405060ms
[2016.03.23-18.36.14:563][122]LogSavePackage: Moving '../../../../../../Users/Doug!/Documents/Game310/TinyThief/FamilyThief/Saved/AICharacter_Controller8A6093344BA04394857DB6AE1B5C9A6C.tmp' to '../../../../../../Users/Doug!/Documents/Game310/TinyThief/FamilyThief/Content/ThirdPersonBP/AICharacter/AICharacter_Controller.uasset'
[2016.03.23-18.36.14:566][122]LogSavePackage: Total save time: 36.707133ms
[2016.03.23-18.36.14:566][122]LogSavePackage:Display: Finished SavePackage ../../../../../../Users/Doug!/Documents/Game310/TinyThief/FamilyThief/Content/ThirdPersonBP/AICharacter/AICharacter_Controller.uasset
[2016.03.23-18.45.44:566][102]LogActorComponent: UnregisterComponent: (/Engine/Transient.EditorFloorComp) Not registered. Aborting.
[2016.03.23-18.45.44:643][102]LogActorComponent: UnregisterComponent: (/Engine/Transient.EditorFloorComp) Not registered. Aborting.
[2016.03.23-18.45.45:698][155]LogParticles: Destroying 0 GPU particle simulations for FXSystem 0x00000078F539A520
[2016.03.23-18.45.45:700][155]LogParticles: Destroying 0 GPU particle simulations for FXSystem 0x00000078E20B5580
[2016.03.23-18.45.46:062][155]LogSavePackage: Save=324.336578ms
[2016.03.23-18.45.46:062][155]LogSavePackage: Moving '../../../../../../Users/Doug!/Documents/Game310/TinyThief/FamilyThief/Saved/ThirdPersonExampleMap90A15B7F4A81354F4DA0189624F8DF65.tmp' to '../../../../../../Users/Doug!/Documents/Game310/TinyThief/FamilyThief/Content/ThirdPersonBP/Maps/ThirdPersonExampleMap.umap'
[2016.03.23-18.45.46:065][155]LogSavePackage: Total save time: 361.873034ms
[2016.03.23-18.45.46:065][155]LogSavePackage:Display: Finished SavePackage ../../../../../../Users/Doug!/Documents/Game310/TinyThief/FamilyThief/Content/ThirdPersonBP/Maps/ThirdPersonExampleMap.umap
[2016.03.23-18.45.50:854][413]LogParticles: Destroying 0 GPU particle simulations for FXSystem 0x00000078D66F1620
[2016.03.23-18.45.53:084][524]LogWindowsTextInputMethodSystem:Display: IME system now deactivated.
[2016.03.23-18.45.53:084][524]LogWindowsTextInputMethodSystem:Display: IME system now deactivated.
[2016.03.23-18.45.53:389][525]Cmd: QUIT_EDITOR
[2016.03.23-18.45.54:498][525]LogExit: Preparing to exit.
[2016.03.23-18.45.54:940][525]LogExit: Editor shut down
[2016.03.23-18.45.54:940][525]LogExit: Transaction tracking system shut down
[2016.03.23-18.45.54:942][525]LogParticles: Destroying 0 GPU particle simulations for FXSystem 0x00000078EBE1A520
[2016.03.23-18.45.54:943][525]LogParticles: Destroying 0 GPU particle simulations for FXSystem 0x00000078F5499120
[2016.03.23-18.45.54:943][525]LogParticles: Destroying 0 GPU particle simulations for FXSystem 0x00000078F5A2BCE0
[2016.03.23-18.45.54:943][525]LogParticles: Destroying 0 GPU particle simulations for FXSystem 0x000000789A7FE840
[2016.03.23-18.45.54:943][525]LogParticles: Destroying 0 GPU particle simulations for FXSystem 0x000000789A7FDA80
[2016.03.23-18.45.55:217][525]LogExit: Object subsystem successfully closed.
[2016.03.23-18.45.55:234][525]LogD3D11RHI: Shutdown
[2016.03.23-18.45.55:234][525]LogD3D11RHI: CleanupD3DDevice
[2016.03.23-18.45.55:305][525]LogD3D11RHI: ~FD3D11DynamicRHI
[2016.03.23-18.45.55:323][525]LogModuleManager: Shutting down and abandoning module CookingStats (200)
[2016.03.23-18.45.55:323][525]LogModuleManager: Shutting down and abandoning module BlueprintGraph (199)
[2016.03.23-18.45.55:323][525]LogModuleManager: Shutting down and abandoning module CrashTracker (198)
[2016.03.23-18.45.55:323][525]LogModuleManager: Shutting down and abandoning module SceneOutliner (197)
[2016.03.23-18.45.55:323][525]LogModuleManager: Shutting down and abandoning module SuperSearch (196)
[2016.03.23-18.45.55:323][525]LogModuleManager: Shutting down and abandoning module WidgetCarousel (195)
[2016.03.23-18.45.55:323][525]LogModuleManager: Shutting down and abandoning module AddContentDialog (194)
[2016.03.23-18.45.55:325][525]LogModuleManager: Shutting down and abandoning module EditorWidgets (193)
[2016.03.23-18.45.55:325][525]LogModuleManager: Shutting down and abandoning module CollectionManager (192)
[2016.03.23-18.45.55:325][525]LogModuleManager: Shutting down and abandoning module StatsViewer (191)
[2016.03.23-18.45.55:325][525]LogModuleManager: Shutting down and abandoning module FoliageEdit (190)
[2016.03.23-18.45.55:325][525]LogModuleManager: Shutting down and abandoning module LandscapeEditor (189)
[2016.03.23-18.45.55:325][525]LogModuleManager: Shutting down and abandoning module ActorPickerMode (188)
[2016.03.23-18.45.55:325][525]LogModuleManager: Shutting down and abandoning module GeometryMode (187)
[2016.03.23-18.45.55:326][525]LogModuleManager: Shutting down and abandoning module TextureAlignMode (186)
[2016.03.23-18.45.55:326][525]LogModuleManager: Shutting down and abandoning module BspMode (185)
[2016.03.23-18.45.55:326][525]LogModuleManager: Shutting down and abandoning module PlacementMode (184)
[2016.03.23-18.45.55:326][525]LogModuleManager: Shutting down and abandoning module AutomationWorker (183)
[2016.03.23-18.45.55:326][525]LogModuleManager: Shutting down and abandoning module CharacterAI (182)
[2016.03.23-18.45.55:326][525]LogModuleManager: Shutting down and abandoning module SmartSnapping (181)
[2016.03.23-18.45.55:326][525]LogModuleManager: Shutting down and abandoning module ViewportSnapping (180)
[2016.03.23-18.45.55:326][525]LogModuleManager: Shutting down and abandoning module LogVisualizer (179)
[2016.03.23-18.45.55:326][525]LogModuleManager: Shutting down and abandoning module GameProjectGeneration (178)
[2016.03.23-18.45.55:326][525]LogModuleManager: Shutting down and abandoning module IntroTutorials (177)
[2016.03.23-18.45.55:326][525]LogModuleManager: Shutting down and abandoning module EditorLiveStreaming (176)
[2016.03.23-18.45.55:326][525]LogModuleManager: Shutting down and abandoning module IOSPlatformEditor (175)
[2016.03.23-18.45.55:326][525]LogModuleManager: Shutting down and abandoning module HTML5PlatformEditor (174)
[2016.03.23-18.45.55:326][525]LogModuleManager: Shutting down and abandoning module AndroidDeviceDetection (173)
[2016.03.23-18.45.55:800][525]LogModuleManager: Shutting down and abandoning module AndroidPlatformEditor (172)
[2016.03.23-18.45.55:800][525]LogModuleManager: Shutting down and abandoning module IOSRuntimeSettings (171)
[2016.03.23-18.45.55:800][525]LogModuleManager: Shutting down and abandoning module AndroidRuntimeSettings (170)
[2016.03.23-18.45.55:800][525]LogModuleManager: Shutting down and abandoning module MergeActors (169)
[2016.03.23-18.45.55:801][525]LogModuleManager: Shutting down and abandoning module SizeMap (168)
[2016.03.23-18.45.55:801][525]LogModuleManager: Shutting down and abandoning module TreeMap (167)
[2016.03.23-18.45.55:801][525]LogModuleManager: Shutting down and abandoning module ReferenceViewer (166)
[2016.03.23-18.45.55:801][525]LogModuleManager: Shutting down and abandoning module LocalizationService (165)
[2016.03.23-18.45.55:801][525]LogModuleManager: Shutting down and abandoning module LocalizationDashboard (164)
[2016.03.23-18.45.55:801][525]LogModuleManager: Shutting down and abandoning module HardwareTargeting (163)
[2016.03.23-18.45.55:801][525]LogModuleManager: Shutting down and abandoning module DeviceProfileEditor (162)
[2016.03.23-18.45.55:801][525]LogModuleManager: Shutting down and abandoning module UndoHistory (161)
[2016.03.23-18.45.55:801][525]LogModuleManager: Shutting down and abandoning module GameplayTagsEditor (160)
[2016.03.23-18.45.55:801][525]LogModuleManager: Shutting down and abandoning module UserFeedback (159)
[2016.03.23-18.45.55:801][525]LogModuleManager: Shutting down and abandoning module XmlParser (158)
[2016.03.23-18.45.55:801][525]LogModuleManager: Shutting down and abandoning module Blutility (157)
[2016.03.23-18.45.55:801][525]LogModuleManager: Shutting down and abandoning module ProjectTargetPlatformEditor (156)
[2016.03.23-18.45.55:801][525]LogModuleManager: Shutting down and abandoning module ProjectSettingsViewer (155)
[2016.03.23-18.45.55:801][525]LogModuleManager: Shutting down and abandoning module InputBindingEditor (154)
[2016.03.23-18.45.55:802][525]LogModuleManager: Shutting down and abandoning module EditorSettingsViewer (153)
[2016.03.23-18.45.55:802][525]LogModuleManager: Shutting down and abandoning module SettingsEditor (152)
[2016.03.23-18.45.55:802][525]LogModuleManager: Shutting down and abandoning module ProjectLauncher (151)
[2016.03.23-18.45.55:802][525]LogModuleManager: Shutting down and abandoning module SessionFrontend (150)
[2016.03.23-18.45.55:802][525]LogModuleManager: Shutting down and abandoning module ProfilerClient (149)
[2016.03.23-18.45.55:802][525]LogModuleManager: Shutting down and abandoning module TargetDeviceServices (148)
[2016.03.23-18.45.55:802][525]LogModuleManager: Shutting down and abandoning module DeviceManager (147)
[2016.03.23-18.45.55:802][525]LogModuleManager: Shutting down and abandoning module AutomationController (146)
[2016.03.23-18.45.55:802][525]LogModuleManager: Shutting down and abandoning module AutomationWindow (145)
[2016.03.23-18.45.55:802][525]LogModuleManager: Shutting down and abandoning module Layers (144)
[2016.03.23-18.45.55:802][525]LogModuleManager: Shutting down and abandoning module ComponentVisualizers (143)
[2016.03.23-18.45.55:802][525]LogModuleManager: Shutting down and abandoning module DetailCustomizations (142)
[2016.03.23-18.45.55:803][525]LogModuleManager: Shutting down and abandoning module PackagesDialog (141)
[2016.03.23-18.45.55:803][525]LogModuleManager: Shutting down and abandoning module Persona (140)
[2016.03.23-18.45.55:803][525]LogModuleManager: Shutting down and abandoning module Kismet (139)
[2016.03.23-18.45.55:803][525]LogModuleManager: Shutting down and abandoning module GraphEditor (138)
[2016.03.23-18.45.55:803][525]LogModuleManager: Shutting down and abandoning module ClassViewer (137)
[2016.03.23-18.45.55:803][525]LogModuleManager: Shutting down and abandoning module Toolbox (136)
[2016.03.23-18.45.55:803][525]LogModuleManager: Shutting down and abandoning module ModuleUI (135)
[2016.03.23-18.45.55:803][525]LogModuleManager: Shutting down and abandoning module MovieSceneTools (134)
[2016.03.23-18.45.55:803][525]LogModuleManager: Shutting down and abandoning module OutputLog (133)
[2016.03.23-18.45.55:803][525]LogModuleManager: Shutting down and abandoning module GammaUI (132)
[2016.03.23-18.45.55:803][525]LogModuleManager: Shutting down and abandoning module Documentation (131)
[2016.03.23-18.45.55:803][525]LogModuleManager: Shutting down and abandoning module GameLiveStreaming (130)
[2016.03.23-18.45.55:804][525]LogModuleManager: Shutting down and abandoning module StreamingPauseRendering (129)
[2016.03.23-18.45.55:804][525]LogModuleManager: Shutting down and abandoning module AnalyticsET (128)
[2016.03.23-18.45.55:804][525]LogModuleManager: Shutting down and abandoning module Analytics (127)
[2016.03.23-18.45.55:804][525]LogModuleManager: Shutting down and abandoning module AITestSuite (126)
[2016.03.23-18.45.55:804][525]LogModuleManager: Shutting down and abandoning module GameplayDebugger (125)
[2016.03.23-18.45.55:804][525]LogModuleManager: Shutting down and abandoning module AIModule (124)
[2016.03.23-18.45.55:804][525]LogModuleManager: Shutting down and abandoning module ProfilerService (123)
[2016.03.23-18.45.55:867][525]LogModuleManager: Shutting down and abandoning module TaskGraph (122)
[2016.03.23-18.45.55:867][525]LogModuleManager: Shutting down and abandoning module SlateRemote (121)
[2016.03.23-18.45.55:867][525]LogModuleManager: Shutting down and abandoning module SteamVRController (120)
[2016.03.23-18.45.55:867][525]LogModuleManager: Shutting down and abandoning module SteamVR (119)
[2016.03.23-18.45.55:867][525]LogModuleManager: Shutting down and abandoning module ProceduralMeshComponent (118)
[2016.03.23-18.45.55:868][525]LogModuleManager: Shutting down and abandoning module OculusLibrary (117)
[2016.03.23-18.45.55:868][525]LogModuleManager: Shutting down and abandoning module OculusInput (116)
[2016.03.23-18.45.55:868][525]LogModuleManager: Shutting down and abandoning module LeapMotionController (115)
[2016.03.23-18.45.55:888][525]LogModuleManager: Shutting down and abandoning module CustomMeshComponent (114)
[2016.03.23-18.45.55:888][525]LogModuleManager: Shutting down and abandoning module CableComponent (113)
[2016.03.23-18.45.55:888][525]LogModuleManager: Shutting down and abandoning module ArchVisCharacter (112)
[2016.03.23-18.45.55:888][525]LogModuleManager: Shutting down and abandoning module MessagingDebugger (111)
[2016.03.23-18.45.55:888][525]LogModuleManager: Shutting down and abandoning module MediaPlayerEditor (110)
[2016.03.23-18.45.55:888][525]LogModuleManager: Shutting down and abandoning module HTML5Networking (109)
[2016.03.23-18.45.55:888][525]LogModuleManager: Shutting down and abandoning module SpeedTreeImporter (108)
[2016.03.23-18.45.55:888][525]LogModuleManager: Shutting down and abandoning module PluginBrowser (107)
[2016.03.23-18.45.55:888][525]LogModuleManager: Shutting down and abandoning module EpicSurvey (106)
[2016.03.23-18.45.55:888][525]LogModuleManager: Shutting down and abandoning module DesktopPlatform (105)
[2016.03.23-18.45.55:888][525]LogModuleManager: Shutting down and abandoning module VisualStudioSourceCodeAccess (104)
[2016.03.23-18.45.55:888][525]LogModuleManager: Shutting down and abandoning module UObjectPlugin (103)
[2016.03.23-18.45.55:888][525]LogModuleManager: Shutting down and abandoning module SubversionSourceControl (102)
[2016.03.23-18.45.55:888][525]LogModuleManager: Shutting down and abandoning module PerforceSourceControl (101)
[2016.03.23-18.45.55:888][525]LogModuleManager: Shutting down and abandoning module SourceControl (100)
[2016.03.23-18.45.55:888][525]LogModuleManager: Shutting down and abandoning module GitSourceControl (99)
[2016.03.23-18.45.55:888][525]LogModuleManager: Shutting down and abandoning module LightPropagationVolumeEditor (98)
[2016.03.23-18.45.55:888][525]LogModuleManager: Shutting down and abandoning module PaperTiledImporter (97)
[2016.03.23-18.45.55:888][525]LogModuleManager: Shutting down and abandoning module PaperSpriteSheetImporter (96)
[2016.03.23-18.45.55:888][525]LogModuleManager: Shutting down and abandoning module MeshPaint (95)
[2016.03.23-18.45.55:888][525]LogModuleManager: Shutting down and abandoning module SlateReflector (94)
[2016.03.23-18.45.55:888][525]LogModuleManager: Shutting down and abandoning module HotReload (93)
[2016.03.23-18.45.55:888][525]LogModuleManager: Shutting down and abandoning module MainFrame (92)
[2016.03.23-18.45.55:888][525]LogModuleManager: Shutting down and abandoning module LevelEditor (91)
[2016.03.23-18.45.55:889][525]LogModuleManager: Shutting down and abandoning module DirectoryWatcher (90)
[2016.03.23-18.45.55:890][525]LogModuleManager: Shutting down and abandoning module AssetRegistry (89)
[2016.03.23-18.45.56:022][525]LogModuleManager: Shutting down and abandoning module ContentBrowser (88)
[2016.03.23-18.45.56:023][525]LogModuleManager: Shutting down and abandoning module Paper2DEditor (87)
[2016.03.23-18.45.56:023][525]LogModuleManager: Shutting down and abandoning module UdpMessaging (86)
[2016.03.23-18.45.56:124][525]LogModuleManager: Shutting down and abandoning module LightPropagationVolumeRuntime (85)
[2016.03.23-18.45.56:124][525]LogModuleManager: Shutting down and abandoning module Paper2D (84)
[2016.03.23-18.45.56:124][525]LogModuleManager: Shutting down and abandoning module WindowsMoviePlayer (83)
[2016.03.23-18.45.56:132][525]LogModuleManager: Shutting down and abandoning module Media (82)
[2016.03.23-18.45.56:132][525]LogModuleManager: Shutting down and abandoning module WmfMedia (81)
[2016.03.23-18.45.56:132][525]LogModuleManager: Shutting down and abandoning module OnlineBlueprintSupport (80)
[2016.03.23-18.45.56:132][525]LogModuleManager: Shutting down and abandoning module GameplayTasksEditor (79)
[2016.03.23-18.45.56:132][525]LogModuleManager: Shutting down and abandoning module PropertyEditor (78)
[2016.03.23-18.45.56:132][525]LogModuleManager: Shutting down and abandoning module BehaviorTreeEditor (77)
[2016.03.23-18.45.56:132][525]LogModuleManager: Shutting down and abandoning module FunctionalTesting (76)
[2016.03.23-18.45.56:132][525]LogModuleManager: Shutting down and abandoning module CollisionAnalyzer (75)
[2016.03.23-18.45.56:133][525]LogModuleManager: Shutting down and abandoning module WorkspaceMenuStructure (74)
[2016.03.23-18.45.56:133][525]LogModuleManager: Shutting down and abandoning module MessageLog (73)
[2016.03.23-18.45.56:133][525]LogModuleManager: Shutting down and abandoning module Sequencer (72)
[2016.03.23-18.45.56:133][525]LogModuleManager: Shutting down and abandoning module AssetTools (71)
[2016.03.23-18.45.56:133][525]LogModuleManager: Shutting down and abandoning module UMGEditor (70)
[2016.03.23-18.45.56:133][525]LogModuleManager: Shutting down and abandoning module UMG (69)
[2016.03.23-18.45.56:133][525]LogModuleManager: Shutting down and abandoning module Slate (68)
[2016.03.23-18.45.56:133][525]LogModuleManager: Shutting down and abandoning module EditorStyle (67)
[2016.03.23-18.45.56:141][525]LogModuleManager: Shutting down and abandoning module SessionServices (66)
[2016.03.23-18.45.56:141][525]LogModuleManager: Shutting down and abandoning module SourceCodeAccess (65)
[2016.03.23-18.45.56:141][525]LogModuleManager: Shutting down and abandoning module HeadMountedDisplay (64)
[2016.03.23-18.45.56:141][525]LogModuleManager: Shutting down and abandoning module XAudio2 (63)
[2016.03.23-18.45.56:141][525]LogModuleManager: Shutting down and abandoning module Networking (61)
[2016.03.23-18.45.56:141][525]LogModuleManager: Shutting down and abandoning module Core (60)
[2016.03.23-18.45.56:141][525]LogModuleManager: Shutting down and abandoning module KismetCompiler (59)
[2016.03.23-18.45.56:141][525]LogModuleManager: Shutting down and abandoning module PhysXFormats (58)
[2016.03.23-18.45.56:141][525]LogModuleManager: Shutting down and abandoning module MeshUtilities (57)
[2016.03.23-18.45.56:141][525]LogModuleManager: Shutting down and abandoning module DerivedDataCache (56)
[2016.03.23-18.45.56:187][525]LogDerivedDataCache: Shutdown
[2016.03.23-18.45.56:187][525]LogModuleManager: Shutting down and abandoning module ShaderFormatOpenGL (55)
[2016.03.23-18.45.56:187][525]LogModuleManager: Shutting down and abandoning module ShaderFormatD3D (54)
[2016.03.23-18.45.56:187][525]LogModuleManager: Shutting down and abandoning module MetalShaderFormat (53)
[2016.03.23-18.45.56:187][525]LogModuleManager: Shutting down and abandoning module TextureFormatUncompressed (52)
[2016.03.23-18.45.56:187][525]LogModuleManager: Shutting down and abandoning module TextureFormatPVR (51)
[2016.03.23-18.45.56:187][525]LogModuleManager: Shutting down and abandoning module TextureFormatIntelISPCTexComp (50)
[2016.03.23-18.45.56:188][525]LogModuleManager: Shutting down and abandoning module TextureFormatDXT (49)
[2016.03.23-18.45.56:188][525]LogModuleManager: Shutting down and abandoning module ImageWrapper (48)
[2016.03.23-18.45.56:188][525]LogModuleManager: Shutting down and abandoning module TextureFormatASTC (47)
[2016.03.23-18.45.56:188][525]LogModuleManager: Shutting down and abandoning module TextureFormatAndroid (46)
[2016.03.23-18.45.56:188][525]LogModuleManager: Shutting down and abandoning module AudioFormatOpus (45)
[2016.03.23-18.45.56:188][525]LogModuleManager: Shutting down and abandoning module AudioFormatOgg (44)
[2016.03.23-18.45.56:188][525]LogModuleManager: Shutting down and abandoning module AudioFormatADPCM (43)
[2016.03.23-18.45.56:188][525]LogModuleManager: Shutting down and abandoning module LinuxTargetPlatform (42)
[2016.03.23-18.45.56:188][525]LogModuleManager: Shutting down and abandoning module LinuxServerTargetPlatform (41)
[2016.03.23-18.45.56:188][525]LogModuleManager: Shutting down and abandoning module LinuxNoEditorTargetPlatform (40)
[2016.03.23-18.45.56:188][525]LogModuleManager: Shutting down and abandoning module Messaging (39)
[2016.03.23-18.45.56:188][525]LogModuleManager: Shutting down and abandoning module IOSTargetPlatform (38)
[2016.03.23-18.45.56:188][525]LogModuleManager: Shutting down and abandoning module HTML5TargetPlatform (37)
[2016.03.23-18.45.56:188][525]LogModuleManager: Shutting down and abandoning module Android_PVRTCTargetPlatform (36)
[2016.03.23-18.45.56:188][525]LogModuleManager: Shutting down and abandoning module Android_MultiTargetPlatform (35)
[2016.03.23-18.45.56:188][525]LogModuleManager: Shutting down and abandoning module Android_ETC2TargetPlatform (34)
[2016.03.23-18.45.56:188][525]LogModuleManager: Shutting down and abandoning module Android_ETC1TargetPlatform (33)
[2016.03.23-18.45.56:188][525]LogModuleManager: Shutting down and abandoning module Android_DXTTargetPlatform (32)
[2016.03.23-18.45.56:188][525]LogModuleManager: Shutting down and abandoning module Android_ATCTargetPlatform (31)
[2016.03.23-18.45.56:188][525]LogModuleManager: Shutting down and abandoning module Android_ASTCTargetPlatform (30)
[2016.03.23-18.45.56:188][525]LogModuleManager: Shutting down and abandoning module AndroidTargetPlatform (29)
[2016.03.23-18.45.56:188][525]LogModuleManager: Shutting down and abandoning module WindowsTargetPlatform (28)
[2016.03.23-18.45.56:188][525]LogModuleManager: Shutting down and abandoning module WindowsServerTargetPlatform (27)
[2016.03.23-18.45.56:188][525]LogModuleManager: Shutting down and abandoning module WindowsNoEditorTargetPlatform (26)
[2016.03.23-18.45.56:188][525]LogModuleManager: Shutting down and abandoning module WindowsClientTargetPlatform (25)
[2016.03.23-18.45.56:188][525]LogModuleManager: Shutting down and abandoning module AllDesktopTargetPlatform (24)
[2016.03.23-18.45.56:188][525]LogModuleManager: Shutting down and abandoning module TargetPlatform (23)
[2016.03.23-18.45.56:189][525]LogModuleManager: Shutting down and abandoning module InputCore (22)
[2016.03.23-18.45.56:189][525]LogModuleManager: Shutting down and abandoning module Settings (21)
[2016.03.23-18.45.56:189][525]LogModuleManager: Shutting down and abandoning module OnlineSubsystem (19)
[2016.03.23-18.45.56:189][525]LogModuleManager: Shutting down and abandoning module HTTP (18)
[2016.03.23-18.45.58:192][525]LogModuleManager: Shutting down and abandoning module XMPP (17)
[2016.03.23-18.45.58:193][525]LogModuleManager: Shutting down and abandoning module OculusRift (16)
[2016.03.23-18.45.58:194][525]LogModuleManager: Shutting down and abandoning module ExampleDeviceProfileSelector (15)
[2016.03.23-18.45.58:194][525]LogModuleManager: Shutting down and abandoning module TextureCompressor (14)
[2016.03.23-18.45.58:195][525]LogModuleManager: Shutting down and abandoning module ShaderCore (13)
[2016.03.23-18.45.58:195][525]LogModuleManager: Shutting down and abandoning module Landscape (12)
[2016.03.23-18.45.58:195][525]LogModuleManager: Shutting down and abandoning module SlateRHIRenderer (11)
[2016.03.23-18.45.58:200][525]LogModuleManager: Shutting down and abandoning module OpenGLDrv (10)
[2016.03.23-18.45.58:200][525]LogModuleManager: Shutting down and abandoning module D3D11RHI (9)
[2016.03.23-18.45.58:200][525]LogModuleManager: Shutting down and abandoning module AnimGraphRuntime (8)
[2016.03.23-18.45.58:200][525]LogModuleManager: Shutting down and abandoning module Renderer (7)
[2016.03.23-18.45.58:200][525]LogModuleManager: Shutting down and abandoning module Engine (6)
[2016.03.23-18.45.58:200][525]LogModuleManager: Shutting down and abandoning module CoreUObject (5)
[2016.03.23-18.45.58:200][525]LogModuleManager: Shutting down and abandoning module NetworkFile (4)
[2016.03.23-18.45.58:200][525]LogModuleManager: Shutting down and abandoning module StreamingFile (3)
[2016.03.23-18.45.58:200][525]LogModuleManager: Shutting down and abandoning module SandboxFile (2)
[2016.03.23-18.45.58:200][525]LogModuleManager: Shutting down and abandoning module PakFile (1)
[2016.03.23-18.45.58:204][525]LogExit: Exiting.
[2016.03.23-18.45.58:253][525]Log file closed, 03/23/16 14:45:58
