[2016.04.20-18.44.44:132][  0]Log file open, 04/20/16 14:44:44
[2016.04.20-18.44.44:132][  0]LogInit:Display: Running engine for game: FamilyThief
[2016.04.20-18.44.44:132][  0]LogPlatformFile: Not using cached read wrapper
[2016.04.20-18.44.44:132][  0]LogInit:Display: RandInit(148755014) SRandInit(148755019).
[2016.04.20-18.44.44:132][  0]LogTaskGraph: Started task graph with 4 named threads and 7 total threads.
[2016.04.20-18.44.44:132][  0]LogStats: Stats thread started at 0.140100
[2016.04.20-18.44.44:132][  0]LogInit: Version: 4.10.4-2872498+++depot+UE4-Releases+4.10
[2016.04.20-18.44.44:132][  0]LogInit: API Version: 2758231
[2016.04.20-18.44.44:132][  0]LogInit: Compiled (64-bit): Feb 18 2016 15:47:04
[2016.04.20-18.44.44:132][  0]LogInit: Compiled with Visual C++: 19.00.23026.00
[2016.04.20-18.44.44:132][  0]LogInit: Build Configuration: Development
[2016.04.20-18.44.44:132][  0]LogInit: Branch Name: ++depot+UE4-Releases+4.10
[2016.04.20-18.44.44:132][  0]LogInit: Command line: -EpicPortal 
[2016.04.20-18.44.44:132][  0]LogInit: Base directory: C:/Program Files (x86)/Epic Games/4.10/Engine/Binaries/Win64/
[2016.04.20-18.44.44:132][  0]LogInit: Rocket: 1
[2016.04.20-18.44.44:157][  0]LogInit: Using libcurl 7.41.0
[2016.04.20-18.44.44:157][  0]LogInit:  - built for x86_64-pc-win32
[2016.04.20-18.44.44:157][  0]LogInit:  - supports SSL with WinSSL
[2016.04.20-18.44.44:157][  0]LogInit:  - other features:
[2016.04.20-18.44.44:157][  0]LogInit:      CURL_VERSION_SSL
[2016.04.20-18.44.44:157][  0]LogInit:      CURL_VERSION_IPV6
[2016.04.20-18.44.44:157][  0]LogInit:      CURL_VERSION_ASYNCHDNS
[2016.04.20-18.44.44:157][  0]LogInit:      CURL_VERSION_LARGEFILE
[2016.04.20-18.44.44:157][  0]LogInit:      CURL_VERSION_IDN
[2016.04.20-18.44.44:157][  0]LogInit:  CurlRequestOptions (configurable via config and command line):
[2016.04.20-18.44.44:157][  0]LogInit:  - bVerifyPeer = true  - Libcurl will verify peer certificate
[2016.04.20-18.44.44:157][  0]LogInit:  - bUseHttpProxy = false  - Libcurl will NOT use HTTP proxy
[2016.04.20-18.44.44:157][  0]LogInit:  - bDontReuseConnections = false  - Libcurl will reuse connections
[2016.04.20-18.44.44:157][  0]LogInit:  - CertBundlePath = nullptr  - Libcurl will use whatever was configured at build time.
[2016.04.20-18.44.44:182][  0]LogInit: Presizing for 0 objects not considered by GC, pre-allocating 0 bytes.
[2016.04.20-18.44.44:205][  0]LogInit: Object subsystem initialized
[2016.04.20-18.44.44:208][  0]LogInit: Selected Device Profile: [Windows]
[2016.04.20-18.44.44:208][  0]LogInit: Applying CVar settings loaded from the selected device profile: [Windows]
[2016.04.20-18.44.44:241][  0]LogInit: Computer: DESKTOP-J618I8O
[2016.04.20-18.44.44:241][  0]LogInit: User: Doug
[2016.04.20-18.44.44:241][  0]LogInit: CPU Page size=4096, Cores=4
[2016.04.20-18.44.44:241][  0]LogInit: High frequency timer resolution =3.897225 MHz
[2016.04.20-18.44.44:241][  0]LogMemory: Memory total: Physical=16.0GB (16GB approx)
[2016.04.20-18.44.44:241][  0]LogMemory: Platform Memory Stats for Windows
[2016.04.20-18.44.44:241][  0]LogMemory: Process Physical Memory: 56.70 MB used, 56.70 MB peak
[2016.04.20-18.44.44:241][  0]LogMemory: Process Virtual Memory: 57.02 MB used, 57.02 MB peak
[2016.04.20-18.44.44:241][  0]LogMemory: Physical Memory: 4254.73 MB used, 16344.24 MB total
[2016.04.20-18.44.44:241][  0]LogMemory: Virtual Memory: 380.23 MB used, 134217728.00 MB total
[2016.04.20-18.44.44:322][  0]LogTextLocalizationManager: No specific translations for ('en-US') exist, so ('en') translations will be used.
[2016.04.20-18.44.45:803][  0]LogD3D11RHI: Found D3D11 adapter 0: NVIDIA GeForce GTX 980M                   (Feature Level 11_0)
[2016.04.20-18.44.45:803][  0]LogD3D11RHI: Adapter has 8093MB of dedicated video memory, 0MB of dedicated system memory, and 8172MB of shared system memory, 1 output[s]
[2016.04.20-18.44.45:807][  0]LogD3D11RHI: Found D3D11 adapter 1: Microsoft Basic Render Driver (Feature Level 11_0)
[2016.04.20-18.44.45:807][  0]LogD3D11RHI: Adapter has 0MB of dedicated video memory, 0MB of dedicated system memory, and 8172MB of shared system memory, 0 output[s]
[2016.04.20-18.44.45:807][  0]LogD3D11RHI: Chosen D3D11 Adapter Id = 0
[2016.04.20-18.44.45:820][  0]LogD3D11RHI: !Direct3DDevice
[2016.04.20-18.44.45:820][  0]LogRHI: Texture pool is 1361 MB (70% of 1945 MB)
[2016.04.20-18.44.45:854][  0]LogD3D11RHI: Async texture creation enabled
[2016.04.20-18.44.45:874][  0]LogShaderCompilers: Guid format shader working directory is -23 characters bigger than the processId version (../../../../../../Users/Doug!/Documents/Game310/TinyThief/FamilyThief/Intermediate/Shaders/WorkingDirectory/9540/).
[2016.04.20-18.44.45:874][  0]LogShaderCompilers: Cleaned the shader compiler working directory 'C:/Users/Doug!/AppData/Local/Temp/UnrealShaderWorkingDir/99F188C04D836EFA1377D9941D706704/'.
[2016.04.20-18.44.45:874][  0]LogShaderCompilers:Display: Using Local Shader Compiler.
[2016.04.20-18.44.48:239][  0]LogTemp:Display: Loaded TP AllDesktopTargetPlatform
[2016.04.20-18.44.48:253][  0]LogTemp:Display: Loaded TP WindowsClientTargetPlatform
[2016.04.20-18.44.48:266][  0]LogTemp:Display: Loaded TP WindowsNoEditorTargetPlatform
[2016.04.20-18.44.48:279][  0]LogTemp:Display: Loaded TP WindowsServerTargetPlatform
[2016.04.20-18.44.48:291][  0]LogTemp:Display: Loaded TP WindowsTargetPlatform
[2016.04.20-18.44.48:300][  0]LogTemp:Display: Loaded TP AndroidTargetPlatform
[2016.04.20-18.44.48:310][  0]LogTemp:Display: Loaded TP Android_ASTCTargetPlatform
[2016.04.20-18.44.48:320][  0]LogTemp:Display: Loaded TP Android_ATCTargetPlatform
[2016.04.20-18.44.48:331][  0]LogTemp:Display: Loaded TP Android_DXTTargetPlatform
[2016.04.20-18.44.48:342][  0]LogTemp:Display: Loaded TP Android_ETC1TargetPlatform
[2016.04.20-18.44.48:353][  0]LogTemp:Display: Loaded TP Android_ETC2TargetPlatform
[2016.04.20-18.44.48:376][  0]LogTemp:Display: Loaded TP Android_MultiTargetPlatform
[2016.04.20-18.44.48:376][  0]LogTemp:Display: Loaded TP Android_PVRTCTargetPlatform
[2016.04.20-18.44.48:379][  0]LogTemp:Display: Loaded TP HTML5TargetPlatform
[2016.04.20-18.44.48:409][  0]LogTemp:Display: Loaded TP IOSTargetPlatform
[2016.04.20-18.44.48:420][  0]LogTemp:Display: Loaded TP LinuxNoEditorTargetPlatform
[2016.04.20-18.44.48:430][  0]LogTemp:Display: Loaded TP LinuxServerTargetPlatform
[2016.04.20-18.44.48:442][  0]LogTemp:Display: Loaded TP LinuxTargetPlatform
[2016.04.20-18.44.48:442][  0]LogTargetPlatformManager:Display: Building Assets For Windows
[2016.04.20-18.44.48:652][  0]LogDerivedDataCache:Display: Max Cache Size: 512 MB
[2016.04.20-18.44.48:801][  0]LogDerivedDataCache: Loaded boot cache 0.15s 41MB C:/Users/Doug!/AppData/Local/UnrealEngine/4.10/DerivedDataCache/Boot.ddc.
[2016.04.20-18.44.48:801][  0]LogDerivedDataCache:Display: Loaded Boot cache: C:/Users/Doug!/AppData/Local/UnrealEngine/4.10/DerivedDataCache/Boot.ddc
[2016.04.20-18.44.48:802][  0]LogDerivedDataCache: FDerivedDataBackendGraph:  Pak pak cache file ../../../../../../Users/Doug!/Documents/Game310/TinyThief/FamilyThief/DerivedDataCache/DDC.ddp not found, will not use a pak cache.
[2016.04.20-18.44.48:802][  0]LogDerivedDataCache: Unable to find inner node Pak for hierarchical cache Hierarchy.
[2016.04.20-18.44.48:802][  0]LogDerivedDataCache: FDerivedDataBackendGraph:  CompressedPak pak cache file ../../../../../../Users/Doug!/Documents/Game310/TinyThief/FamilyThief/DerivedDataCache/Compressed.ddp not found, will not use a pak cache.
[2016.04.20-18.44.48:802][  0]LogDerivedDataCache: Unable to find inner node CompressedPak for hierarchical cache Hierarchy.
[2016.04.20-18.44.48:975][  0]LogDerivedDataCache:Display: Pak cache opened for reading ../../../Engine/DerivedDataCache/Compressed.ddp.
[2016.04.20-18.44.48:989][  0]LogDerivedDataCache: Using Local data cache path C:/Users/Doug!/AppData/Local/UnrealEngine/Common/DerivedDataCache: Writable
[2016.04.20-18.44.49:559][  0]LogInit: Selected Device Profile: [Windows]
[2016.04.20-18.44.49:569][  0]LogContentStreaming: Texture pool size is 0.000000MB
[2016.04.20-18.44.49:971][  0]LogMeshUtilities: No automatic mesh reduction module available
[2016.04.20-18.44.49:971][  0]LogMeshUtilities: No automatic mesh merging module available
[2016.04.20-18.44.50:692][  0]LogInit: WinSock: version 1.1 (2.2), MaxSocks=32767, MaxUdp=65467
[2016.04.20-18.44.52:305][  0]UdpMessaging: Initializing bridge on interface 0.0.0.0:0 to multicast group 230.0.0.1:6666.
[2016.04.20-18.44.52:420][  0]LogAssetRegistry: FAssetRegistry took 0.0117 seconds to start up
[2016.04.20-18.44.52:697][  0]SourceControl: Info Source control is disabled
[2016.04.20-18.44.52:699][  0]SourceControl: Info Source control is disabled
[2016.04.20-18.44.52:713][  0]SourceControl: Info Source control is disabled
[2016.04.20-18.44.52:729][  0]SourceControl: Info Source control is disabled
[2016.04.20-18.44.53:082][  0]LogObj: 28633 objects as part of root set at end of initial load.
[2016.04.20-18.44.53:082][  0]LogUObjectAllocator: 6099752 out of 0 bytes used by permanent object pool.
[2016.04.20-18.44.53:186][  0]LogEngine: Initializing Engine...
[2016.04.20-18.44.53:193][  0]LogHMD: Can't find Oculus library dev build: is proper Runtime installed? Version: 0.8.0.0
[2016.04.20-18.44.53:194][  0]LogHMD: SteamVR failed to initialize.  Err: 110
[2016.04.20-18.44.53:551][  0]LogAIModule: Creating AISystem for world NewWorld
[2016.04.20-18.44.53:578][  0]LogInit: XAudio2 using 'Speakers (Realtek High Definition Audio)' : 4 channels at 48 kHz using 32 bits per sample (channel mask 0x33)
[2016.04.20-18.44.53:643][  0]LogInit: FAudioDevice initialized.
[2016.04.20-18.44.53:716][  0]LogDerivedDataCache: Saved boot cache 0.07s 41MB C:/Users/Doug!/AppData/Local/UnrealEngine/4.10/DerivedDataCache/Boot.ddc.
[2016.04.20-18.44.53:732][  0]LogInit: Texture streaming: Enabled
[2016.04.20-18.44.53:745][  0]LogAnalytics: Creating configured Analytics provider AnalyticsET
[2016.04.20-18.44.53:745][  0]LogAnalytics: [UEEditor.Rocket.Release] APIServer = http://et2.epicgames.com/ET2/. AppVersion = 4.10.4-2872498+++depot+UE4-Releases+4.10
[2016.04.20-18.44.53:746][  0]LogAnalytics: [UEEditor.Rocket.Release] SetUserId 52b10e6445fa931ea2b57b9ab393f2a9|a024f71aa653453a8ecdbc4f8186e225|56a0a37a-fce5-4ac1-879f-0e1c059c54f2
[2016.04.20-18.44.53:746][  0]LogAnalytics: [UEEditor.Rocket.Release] AnalyticsET::StartSession
[2016.04.20-18.44.53:770][  0]LogInit: Transaction tracking system initialized
[2016.04.20-18.44.53:837][  0]BlueprintLog: New page: Editor Load
[2016.04.20-18.44.54:024][  0]LocalizationService: Info Localization service is disabled
[2016.04.20-18.44.54:164][  0]LogConsoleResponse:Display: 
[2016.04.20-18.44.54:415][  0]LogCook:Display: Done creating registry. It took  0.00s.
[2016.04.20-18.44.54:533][  0]LogFileCache: Scanning file cache for directory 'C:/Users/Doug!/Documents/Game310/TinyThief/FamilyThief/Content/' took 0.03s
[2016.04.20-18.44.54:533][  0]SourceControl: Info Source control is disabled
[2016.04.20-18.44.54:533][  0]Cmd: MAP LOAD FILE="../../../../../../Users/Doug!/Documents/Game310/TinyThief/FamilyThief/Content/ThirdPersonBP/Maps/ThirdPersonExampleMap.umap" TEMPLATE=0 SHOWPROGRESS=1 FEATURELEVEL=3
[2016.04.20-18.44.54:534][  0]LightingResults: New page: Lighting Build
[2016.04.20-18.44.54:540][  0]MapCheck: New page: Map Check
[2016.04.20-18.44.54:540][  0]LightingResults: New page: Lighting Build
[2016.04.20-18.44.54:566][  0]LogParticles: Destroying 0 GPU particle simulations for FXSystem 0x00000027A6DE2AC0
[2016.04.20-18.44.55:175][  0]LogBlueprint:Warning: [compiler CharacterBase] Warning 'AIShooter Character' does not inherit from 'Character Base' ( Cast To AIShooter_Character  would always fail).
[2016.04.20-18.44.55:176][  0]LogBlueprint:Warning: [compiler CharacterBase] Warning 'Player Shooter Character' does not inherit from 'Character Base' ( Cast To PlayerShooterCharacter  would always fail).
[2016.04.20-18.44.55:177][  0]LogBlueprint:Warning: [compiler CharacterBase] Warning 'Player Shooter Character' does not inherit from 'Character Base' ( Cast To PlayerShooterCharacter  would always fail).
[2016.04.20-18.44.55:185][  0]LogBlueprint:Warning: [compiler CharacterBase] Warning [0012.19] Compile of CharacterBase successful, but with 3 Warning(s) [in 27 ms]
[2016.04.20-18.44.55:185][  0]LogBlueprint:Warning: [compiler CharacterBase] Warning [0012.19] Compile of CharacterBase successful, but with 4 Warning(s) [in 0 ms]
[2016.04.20-18.44.55:185][  0]LogBlueprint:Warning: [compiler CharacterBase] Warning [0012.19] Compile of CharacterBase successful, but with 5 Warning(s) [in 0 ms]
[2016.04.20-18.44.55:960][  0]LogBlueprint:Warning: [compiler UE4ASP_HeroTPP_AnimBlueprint] Warning Can't connect pins  Target  and  As AIShooter Character : Character Base Reference is not compatible with AIShooter Character Reference.
[2016.04.20-18.44.55:960][  0]LogBlueprint:Warning: [compiler UE4ASP_HeroTPP_AnimBlueprint] Warning Can't connect pins  As AIShooter Character  and  Target : AIShooter Character Reference is not compatible with Character Base Reference.
[2016.04.20-18.44.56:008][  0]LogBlueprint:Warning: [compiler UE4ASP_HeroTPP_AnimBlueprint] Warning Can't connect pins  Target  and  As AIShooter Character : Character Base Reference is not compatible with AIShooter Character Reference.
[2016.04.20-18.44.56:008][  0]LogBlueprint:Warning: [compiler UE4ASP_HeroTPP_AnimBlueprint] Warning Can't connect pins  As AIShooter Character  and  Target : AIShooter Character Reference is not compatible with Character Base Reference.
[2016.04.20-18.44.56:032][  0]LogBlueprint:Warning: [compiler UE4ASP_HeroTPP_AnimBlueprint] Warning [0013.04] Compile of UE4ASP_HeroTPP_AnimBlueprint successful, but with 4 Warning(s) [in 110 ms]
[2016.04.20-18.44.56:032][  0]LogBlueprint:Warning: [compiler UE4ASP_HeroTPP_AnimBlueprint] Warning [0013.04] Compile of UE4ASP_HeroTPP_AnimBlueprint successful, but with 5 Warning(s) [in 0 ms]
[2016.04.20-18.44.56:032][  0]LogBlueprint:Warning: [compiler UE4ASP_HeroTPP_AnimBlueprint] Warning [0013.04] Compile of UE4ASP_HeroTPP_AnimBlueprint successful, but with 6 Warning(s) [in 0 ms]
[2016.04.20-18.45.00:759][  0]LogAIModule: Creating AISystem for world ThirdPersonExampleMap
[2016.04.20-18.45.00:812][  0]LogPhysics:Warning: FConstraintInstance::GetRefFrame : Contained scale.
[2016.04.20-18.45.00:812][  0]LogPhysics:Warning: FConstraintInstance::GetRefFrame : Contained scale.
[2016.04.20-18.45.00:813][  0]LogPhysics:Warning: FConstraintInstance::GetRefFrame : Contained scale.
[2016.04.20-18.45.00:814][  0]LogPhysics:Warning: FConstraintInstance::GetRefFrame : Contained scale.
[2016.04.20-18.45.00:839][  0]LogEditorServer: Finished looking for orphan Actors (0.000 secs)
[2016.04.20-18.45.00:843][  0]Cmd: MAP CHECKDEP NOCLEARLOG
[2016.04.20-18.45.01:030][  0]MapCheck: Info Map check complete: 0 Error(s), 0 Warning(s), took 186.665ms to complete.
[2016.04.20-18.45.01:030][  0]LogFileHelpers: Loading map 'ThirdPersonExampleMap' took 6.498
[2016.04.20-18.45.01:254][  0]LogCollectionManager: Loaded 0 collections in 0.004748 seconds
[2016.04.20-18.45.01:319][  0]LogFileCache: Scanning file cache for directory 'C:/Users/Doug!/Documents/Game310/TinyThief/FamilyThief/Saved/Collections/' took 0.01s
[2016.04.20-18.45.01:319][  0]LogFileCache: Scanning file cache for directory 'C:/Users/Doug!/Documents/Game310/TinyThief/FamilyThief/Content/Developers/Doug/Collections/' took 0.01s
[2016.04.20-18.45.01:319][  0]LogFileCache: Scanning file cache for directory 'C:/Users/Doug!/Documents/Game310/TinyThief/FamilyThief/Content/Collections/' took 0.01s
[2016.04.20-18.45.01:319][  0]LogCollectionManager: Rebuilt the GUID cache for 0 collections in 0.000005 seconds
[2016.04.20-18.45.01:345][  0]LogContentBrowser: Native class hierarchy populated in 0.0257 seconds. Added 1893 classes and 338 folders.
[2016.04.20-18.45.01:366][  0]LogContentBrowser: Native class hierarchy updated for 'WidgetCarousel' in 0.0011 seconds. Added 0 classes and 0 folders.
[2016.04.20-18.45.01:512][  0]LogContentBrowser: Native class hierarchy updated for 'AddContentDialog' in 0.0011 seconds. Added 0 classes and 0 folders.
[2016.04.20-18.45.01:527][  0]LogContentBrowser: Native class hierarchy updated for 'SceneOutliner' in 0.0010 seconds. Added 1 classes and 2 folders.
[2016.04.20-18.45.01:762][  0]LogCrashTracker: Crashtracker disabled due to settings.
[2016.04.20-18.45.01:781][  0]LogUObjectGlobals:Warning: Failed to find object 'Class None.'
[2016.04.20-18.45.01:806][  0]LogLoad: Full Startup: 18.81 seconds (BP compile: 1.71 seconds)
[2016.04.20-18.45.01:833][  0]LogOcInput: Can't find Oculus library dev build: is proper Runtime installed? Version: 0.8.0.0
[2016.04.20-18.45.01:963][  0]LogContentStreaming: Texture pool size now 1000 MB
[2016.04.20-18.45.02:244][  0]LogContentBrowser:Verbose: The majority of assets in the view are of type: Blueprint
[2016.04.20-18.45.02:410][  0]LogRenderer: Reallocating scene render targets to support 1192x616 (Frame:2).
[2016.04.20-18.45.04:126][ 18]LogCollectionManager: Rebuilt the object cache for 0 collections in 0.000002 seconds (found 0 objects)
[2016.04.20-18.45.04:355][ 23]LogAssetRegistry: Asset discovery search completed in 11.9471 seconds
[2016.04.20-18.45.04:355][ 23]LogCollectionManager: Fixed up redirectors for 0 collections in 0.000008 seconds (updated 0 objects)
[2016.04.20-18.45.05:882][ 53]LogLinker:Warning: Asset '../../../Engine/Content/ArtTools/RenderToTexture/Macros/RenderToTextureMacros.uasset' has been saved with empty engine version. The asset will be loaded but may be incompatible.
[2016.04.20-18.45.07:115][ 53]LogContentBrowser: Native class hierarchy updated for 'BlueprintGraph' in 0.0018 seconds. Added 107 classes and 0 folders.
[2016.04.20-18.45.10:004][ 53]LogBlueprint:Error: [compiler BTT_Attack_2] Error This blueprint (self) is not a AIShooter_Character2_C, therefore ' Target ' must have a connection.
[2016.04.20-18.45.10:005][ 53]LogBlueprint:Error: [compiler BTT_Attack_2] Error This blueprint (self) is not a Character, therefore ' Target ' must have a connection.
[2016.04.20-18.45.10:005][ 53]LogBlueprint:Error: [compiler BTT_Attack_2] Error This blueprint (self) is not a Character, therefore ' Target ' must have a connection.
[2016.04.20-18.45.10:005][ 53]LogBlueprint:Error: [compiler BTT_Attack_2] Error Variable node  Get Target  uses an invalid target.  It may depend on a node that is not connected to the execution chain, and got purged.
[2016.04.20-18.45.10:005][ 53]LogBlueprint:Error: [compiler BTT_Attack_2] Error Variable node  Get CapsuleComponent  uses an invalid target.  It may depend on a node that is not connected to the execution chain, and got purged.
[2016.04.20-18.45.10:006][ 53]LogBlueprint:Error: [compiler BTT_Attack_2] Error Variable node  Get Mesh  uses an invalid target.  It may depend on a node that is not connected to the execution chain, and got purged.
[2016.04.20-18.45.10:020][ 53]LogBlueprint:Warning: [compiler BTT_Attack_2] Warning [0027.03] Compile of BTT_Attack_2 failed. 6 Fatal Issue(s) 0 Warning(s) [in 26 ms]
[2016.04.20-18.45.10:020][ 53]LogBlueprint:Warning: [compiler BTT_Attack_2] Warning [0027.03] Compile of BTT_Attack_2 failed. 6 Fatal Issue(s) 1 Warning(s) [in 0 ms]
[2016.04.20-18.45.10:025][ 53]LogBlueprint:Warning: [compiler BTT_Attack_2] Warning [0027.03] Compile of BTT_Attack_2 failed. 6 Fatal Issue(s) 2 Warning(s) [in 4 ms]
[2016.04.20-18.45.50:310][975]BlueprintLog: New page: Compile BTT_Attack_2
[2016.04.20-18.45.50:834][975]BlueprintEditorCompileResults: Info [0067.84] Compile of BTT_Attack_2 successful! [in 524 ms]
[2016.04.20-18.45.54:237][ 40]LogSavePackage: Save=192.283234ms
[2016.04.20-18.45.54:237][ 40]LogSavePackage: Moving '../../../../../../Users/Doug!/Documents/Game310/TinyThief/FamilyThief/Saved/BTT_Attack_26840CEEB4187DFF922AABC892A0D09B1.tmp' to '../../../../../../Users/Doug!/Documents/Game310/TinyThief/FamilyThief/Content/ThirdPersonBP/Friends/BTT_Attack_2.uasset'
[2016.04.20-18.45.54:246][ 40]LogSavePackage: Total save time: 225.539457ms
[2016.04.20-18.45.54:246][ 40]LogSavePackage:Display: Finished SavePackage ../../../../../../Users/Doug!/Documents/Game310/TinyThief/FamilyThief/Content/ThirdPersonBP/Friends/BTT_Attack_2.uasset
[2016.04.20-18.46.04:488][232]LogSavePackage: Save=2659.525146ms
[2016.04.20-18.46.04:488][232]LogSavePackage: Moving '../../../../../../Users/Doug!/Documents/Game310/TinyThief/FamilyThief/Saved/ThirdPersonExampleMap164F8930489A1BC17C8D64BEE4C09C0D.tmp' to '../../../../../../Users/Doug!/Documents/Game310/TinyThief/FamilyThief/Content/ThirdPersonBP/Maps/ThirdPersonExampleMap.umap'
[2016.04.20-18.46.04:497][232]LogSavePackage: Total save time: 2755.615596ms
[2016.04.20-18.46.04:497][232]LogSavePackage:Display: Finished SavePackage ../../../../../../Users/Doug!/Documents/Game310/TinyThief/FamilyThief/Content/ThirdPersonBP/Maps/ThirdPersonExampleMap.umap
[2016.04.20-18.46.10:367][346]LogWindowsTextInputMethodSystem:Display: IME system now deactivated.
[2016.04.20-18.46.10:944][347]Cmd: QUIT_EDITOR
[2016.04.20-18.46.11:528][347]LogExit: Preparing to exit.
[2016.04.20-18.46.12:571][347]LogExit: Editor shut down
[2016.04.20-18.46.12:572][347]LogExit: Transaction tracking system shut down
[2016.04.20-18.46.12:585][347]LogParticles: Destroying 0 GPU particle simulations for FXSystem 0x00000027B4B979C0
[2016.04.20-18.46.12:587][347]LogParticles: Destroying 0 GPU particle simulations for FXSystem 0x00000027C0A63880
[2016.04.20-18.46.12:587][347]LogParticles: Destroying 0 GPU particle simulations for FXSystem 0x00000027C12F47C0
[2016.04.20-18.46.12:588][347]LogParticles: Destroying 0 GPU particle simulations for FXSystem 0x00000027C82EA980
[2016.04.20-18.46.12:589][347]LogParticles: Destroying 0 GPU particle simulations for FXSystem 0x00000027C143F7E0
[2016.04.20-18.46.12:596][347]LogParticles: Destroying 0 GPU particle simulations for FXSystem 0x00000027EB3BFE20
[2016.04.20-18.46.12:597][347]LogParticles: Destroying 0 GPU particle simulations for FXSystem 0x00000027E6FED9E0
[2016.04.20-18.46.12:598][347]LogParticles: Destroying 0 GPU particle simulations for FXSystem 0x00000027FBDD2DE0
[2016.04.20-18.46.12:599][347]LogParticles: Destroying 0 GPU particle simulations for FXSystem 0x0000002780B258A0
[2016.04.20-18.46.12:600][347]LogParticles: Destroying 0 GPU particle simulations for FXSystem 0x00000028009E8F40
[2016.04.20-18.46.13:259][347]LogParticles: Destroying 0 GPU particle simulations for FXSystem 0x00000027E7B898A0
[2016.04.20-18.46.13:259][347]LogExit: Object subsystem successfully closed.
[2016.04.20-18.46.13:287][347]LogD3D11RHI: Shutdown
[2016.04.20-18.46.13:287][347]LogD3D11RHI: CleanupD3DDevice
[2016.04.20-18.46.13:608][347]LogD3D11RHI: ~FD3D11DynamicRHI
[2016.04.20-18.46.13:662][347]LogModuleManager: Shutting down and abandoning module CookingStats (200)
[2016.04.20-18.46.13:662][347]LogModuleManager: Shutting down and abandoning module BlueprintGraph (199)
[2016.04.20-18.46.13:662][347]LogModuleManager: Shutting down and abandoning module CrashTracker (198)
[2016.04.20-18.46.13:662][347]LogModuleManager: Shutting down and abandoning module SceneOutliner (197)
[2016.04.20-18.46.13:662][347]LogModuleManager: Shutting down and abandoning module SuperSearch (196)
[2016.04.20-18.46.13:662][347]LogModuleManager: Shutting down and abandoning module WidgetCarousel (195)
[2016.04.20-18.46.13:662][347]LogModuleManager: Shutting down and abandoning module AddContentDialog (194)
[2016.04.20-18.46.13:664][347]LogModuleManager: Shutting down and abandoning module EditorWidgets (193)
[2016.04.20-18.46.13:664][347]LogModuleManager: Shutting down and abandoning module CollectionManager (192)
[2016.04.20-18.46.13:664][347]LogModuleManager: Shutting down and abandoning module StatsViewer (191)
[2016.04.20-18.46.13:664][347]LogModuleManager: Shutting down and abandoning module FoliageEdit (190)
[2016.04.20-18.46.13:664][347]LogModuleManager: Shutting down and abandoning module LandscapeEditor (189)
[2016.04.20-18.46.13:665][347]LogModuleManager: Shutting down and abandoning module ActorPickerMode (188)
[2016.04.20-18.46.13:665][347]LogModuleManager: Shutting down and abandoning module GeometryMode (187)
[2016.04.20-18.46.13:665][347]LogModuleManager: Shutting down and abandoning module TextureAlignMode (186)
[2016.04.20-18.46.13:665][347]LogModuleManager: Shutting down and abandoning module BspMode (185)
[2016.04.20-18.46.13:665][347]LogModuleManager: Shutting down and abandoning module PlacementMode (184)
[2016.04.20-18.46.13:665][347]LogModuleManager: Shutting down and abandoning module AutomationWorker (183)
[2016.04.20-18.46.13:665][347]LogModuleManager: Shutting down and abandoning module CharacterAI (182)
[2016.04.20-18.46.13:665][347]LogModuleManager: Shutting down and abandoning module SmartSnapping (181)
[2016.04.20-18.46.13:665][347]LogModuleManager: Shutting down and abandoning module ViewportSnapping (180)
[2016.04.20-18.46.13:665][347]LogModuleManager: Shutting down and abandoning module LogVisualizer (179)
[2016.04.20-18.46.13:666][347]LogModuleManager: Shutting down and abandoning module GameProjectGeneration (178)
[2016.04.20-18.46.13:666][347]LogModuleManager: Shutting down and abandoning module IntroTutorials (177)
[2016.04.20-18.46.13:666][347]LogModuleManager: Shutting down and abandoning module EditorLiveStreaming (176)
[2016.04.20-18.46.13:666][347]LogModuleManager: Shutting down and abandoning module IOSPlatformEditor (175)
[2016.04.20-18.46.13:666][347]LogModuleManager: Shutting down and abandoning module HTML5PlatformEditor (174)
[2016.04.20-18.46.13:666][347]LogModuleManager: Shutting down and abandoning module AndroidDeviceDetection (173)
[2016.04.20-18.46.14:132][347]LogModuleManager: Shutting down and abandoning module AndroidPlatformEditor (172)
[2016.04.20-18.46.14:132][347]LogModuleManager: Shutting down and abandoning module IOSRuntimeSettings (171)
[2016.04.20-18.46.14:132][347]LogModuleManager: Shutting down and abandoning module AndroidRuntimeSettings (170)
[2016.04.20-18.46.14:132][347]LogModuleManager: Shutting down and abandoning module MergeActors (169)
[2016.04.20-18.46.14:132][347]LogModuleManager: Shutting down and abandoning module SizeMap (168)
[2016.04.20-18.46.14:132][347]LogModuleManager: Shutting down and abandoning module TreeMap (167)
[2016.04.20-18.46.14:132][347]LogModuleManager: Shutting down and abandoning module ReferenceViewer (166)
[2016.04.20-18.46.14:132][347]LogModuleManager: Shutting down and abandoning module LocalizationService (165)
[2016.04.20-18.46.14:133][347]LogModuleManager: Shutting down and abandoning module LocalizationDashboard (164)
[2016.04.20-18.46.14:133][347]LogModuleManager: Shutting down and abandoning module HardwareTargeting (163)
[2016.04.20-18.46.14:133][347]LogModuleManager: Shutting down and abandoning module DeviceProfileEditor (162)
[2016.04.20-18.46.14:133][347]LogModuleManager: Shutting down and abandoning module UndoHistory (161)
[2016.04.20-18.46.14:133][347]LogModuleManager: Shutting down and abandoning module GameplayTagsEditor (160)
[2016.04.20-18.46.14:133][347]LogModuleManager: Shutting down and abandoning module UserFeedback (159)
[2016.04.20-18.46.14:133][347]LogModuleManager: Shutting down and abandoning module XmlParser (158)
[2016.04.20-18.46.14:133][347]LogModuleManager: Shutting down and abandoning module Blutility (157)
[2016.04.20-18.46.14:133][347]LogModuleManager: Shutting down and abandoning module ProjectTargetPlatformEditor (156)
[2016.04.20-18.46.14:133][347]LogModuleManager: Shutting down and abandoning module ProjectSettingsViewer (155)
[2016.04.20-18.46.14:133][347]LogModuleManager: Shutting down and abandoning module InputBindingEditor (154)
[2016.04.20-18.46.14:133][347]LogModuleManager: Shutting down and abandoning module EditorSettingsViewer (153)
[2016.04.20-18.46.14:134][347]LogModuleManager: Shutting down and abandoning module SettingsEditor (152)
[2016.04.20-18.46.14:134][347]LogModuleManager: Shutting down and abandoning module ProjectLauncher (151)
[2016.04.20-18.46.14:134][347]LogModuleManager: Shutting down and abandoning module SessionFrontend (150)
[2016.04.20-18.46.14:134][347]LogModuleManager: Shutting down and abandoning module ProfilerClient (149)
[2016.04.20-18.46.14:134][347]LogModuleManager: Shutting down and abandoning module TargetDeviceServices (148)
[2016.04.20-18.46.14:134][347]LogModuleManager: Shutting down and abandoning module DeviceManager (147)
[2016.04.20-18.46.14:134][347]LogModuleManager: Shutting down and abandoning module AutomationController (146)
[2016.04.20-18.46.14:134][347]LogModuleManager: Shutting down and abandoning module AutomationWindow (145)
[2016.04.20-18.46.14:134][347]LogModuleManager: Shutting down and abandoning module Layers (144)
[2016.04.20-18.46.14:134][347]LogModuleManager: Shutting down and abandoning module ComponentVisualizers (143)
[2016.04.20-18.46.14:134][347]LogModuleManager: Shutting down and abandoning module DetailCustomizations (142)
[2016.04.20-18.46.14:134][347]LogModuleManager: Shutting down and abandoning module PackagesDialog (141)
[2016.04.20-18.46.14:135][347]LogModuleManager: Shutting down and abandoning module Persona (140)
[2016.04.20-18.46.14:135][347]LogModuleManager: Shutting down and abandoning module Kismet (139)
[2016.04.20-18.46.14:135][347]LogModuleManager: Shutting down and abandoning module GraphEditor (138)
[2016.04.20-18.46.14:135][347]LogModuleManager: Shutting down and abandoning module ClassViewer (137)
[2016.04.20-18.46.14:135][347]LogModuleManager: Shutting down and abandoning module Toolbox (136)
[2016.04.20-18.46.14:135][347]LogModuleManager: Shutting down and abandoning module ModuleUI (135)
[2016.04.20-18.46.14:135][347]LogModuleManager: Shutting down and abandoning module MovieSceneTools (134)
[2016.04.20-18.46.14:135][347]LogModuleManager: Shutting down and abandoning module OutputLog (133)
[2016.04.20-18.46.14:135][347]LogModuleManager: Shutting down and abandoning module GammaUI (132)
[2016.04.20-18.46.14:135][347]LogModuleManager: Shutting down and abandoning module Documentation (131)
[2016.04.20-18.46.14:135][347]LogModuleManager: Shutting down and abandoning module GameLiveStreaming (130)
[2016.04.20-18.46.14:135][347]LogModuleManager: Shutting down and abandoning module StreamingPauseRendering (129)
[2016.04.20-18.46.14:135][347]LogModuleManager: Shutting down and abandoning module AnalyticsET (128)
[2016.04.20-18.46.14:135][347]LogModuleManager: Shutting down and abandoning module Analytics (127)
[2016.04.20-18.46.14:136][347]LogModuleManager: Shutting down and abandoning module AITestSuite (126)
[2016.04.20-18.46.14:136][347]LogModuleManager: Shutting down and abandoning module GameplayDebugger (125)
[2016.04.20-18.46.14:136][347]LogModuleManager: Shutting down and abandoning module AIModule (124)
[2016.04.20-18.46.14:136][347]LogModuleManager: Shutting down and abandoning module ProfilerService (123)
[2016.04.20-18.46.14:179][347]LogModuleManager: Shutting down and abandoning module TaskGraph (122)
[2016.04.20-18.46.14:179][347]LogModuleManager: Shutting down and abandoning module SlateRemote (121)
[2016.04.20-18.46.14:179][347]LogModuleManager: Shutting down and abandoning module SteamVRController (120)
[2016.04.20-18.46.14:179][347]LogModuleManager: Shutting down and abandoning module SteamVR (119)
[2016.04.20-18.46.14:179][347]LogModuleManager: Shutting down and abandoning module ProceduralMeshComponent (118)
[2016.04.20-18.46.14:179][347]LogModuleManager: Shutting down and abandoning module OculusLibrary (117)
[2016.04.20-18.46.14:180][347]LogModuleManager: Shutting down and abandoning module OculusInput (116)
[2016.04.20-18.46.14:180][347]LogModuleManager: Shutting down and abandoning module LeapMotionController (115)
[2016.04.20-18.46.14:215][347]LogModuleManager: Shutting down and abandoning module CustomMeshComponent (114)
[2016.04.20-18.46.14:215][347]LogModuleManager: Shutting down and abandoning module CableComponent (113)
[2016.04.20-18.46.14:215][347]LogModuleManager: Shutting down and abandoning module ArchVisCharacter (112)
[2016.04.20-18.46.14:215][347]LogModuleManager: Shutting down and abandoning module MessagingDebugger (111)
[2016.04.20-18.46.14:215][347]LogModuleManager: Shutting down and abandoning module MediaPlayerEditor (110)
[2016.04.20-18.46.14:215][347]LogModuleManager: Shutting down and abandoning module HTML5Networking (109)
[2016.04.20-18.46.14:215][347]LogModuleManager: Shutting down and abandoning module SpeedTreeImporter (108)
[2016.04.20-18.46.14:215][347]LogModuleManager: Shutting down and abandoning module PluginBrowser (107)
[2016.04.20-18.46.14:216][347]LogModuleManager: Shutting down and abandoning module EpicSurvey (106)
[2016.04.20-18.46.14:216][347]LogModuleManager: Shutting down and abandoning module DesktopPlatform (105)
[2016.04.20-18.46.14:216][347]LogModuleManager: Shutting down and abandoning module VisualStudioSourceCodeAccess (104)
[2016.04.20-18.46.14:216][347]LogModuleManager: Shutting down and abandoning module UObjectPlugin (103)
[2016.04.20-18.46.14:216][347]LogModuleManager: Shutting down and abandoning module SubversionSourceControl (102)
[2016.04.20-18.46.14:216][347]LogModuleManager: Shutting down and abandoning module PerforceSourceControl (101)
[2016.04.20-18.46.14:216][347]LogModuleManager: Shutting down and abandoning module SourceControl (100)
[2016.04.20-18.46.14:216][347]LogModuleManager: Shutting down and abandoning module GitSourceControl (99)
[2016.04.20-18.46.14:216][347]LogModuleManager: Shutting down and abandoning module LightPropagationVolumeEditor (98)
[2016.04.20-18.46.14:216][347]LogModuleManager: Shutting down and abandoning module PaperTiledImporter (97)
[2016.04.20-18.46.14:216][347]LogModuleManager: Shutting down and abandoning module PaperSpriteSheetImporter (96)
[2016.04.20-18.46.14:216][347]LogModuleManager: Shutting down and abandoning module MeshPaint (95)
[2016.04.20-18.46.14:216][347]LogModuleManager: Shutting down and abandoning module SlateReflector (94)
[2016.04.20-18.46.14:216][347]LogModuleManager: Shutting down and abandoning module HotReload (93)
[2016.04.20-18.46.14:216][347]LogModuleManager: Shutting down and abandoning module MainFrame (92)
[2016.04.20-18.46.14:216][347]LogModuleManager: Shutting down and abandoning module LevelEditor (91)
[2016.04.20-18.46.14:219][347]LogModuleManager: Shutting down and abandoning module DirectoryWatcher (90)
[2016.04.20-18.46.14:220][347]LogModuleManager: Shutting down and abandoning module AssetRegistry (89)
[2016.04.20-18.46.14:478][347]LogModuleManager: Shutting down and abandoning module ContentBrowser (88)
[2016.04.20-18.46.14:480][347]LogModuleManager: Shutting down and abandoning module Paper2DEditor (87)
[2016.04.20-18.46.14:480][347]LogModuleManager: Shutting down and abandoning module UdpMessaging (86)
[2016.04.20-18.46.14:580][347]LogModuleManager: Shutting down and abandoning module LightPropagationVolumeRuntime (85)
[2016.04.20-18.46.14:580][347]LogModuleManager: Shutting down and abandoning module Paper2D (84)
[2016.04.20-18.46.14:580][347]LogModuleManager: Shutting down and abandoning module WindowsMoviePlayer (83)
[2016.04.20-18.46.14:591][347]LogModuleManager: Shutting down and abandoning module Media (82)
[2016.04.20-18.46.14:591][347]LogModuleManager: Shutting down and abandoning module WmfMedia (81)
[2016.04.20-18.46.14:592][347]LogModuleManager: Shutting down and abandoning module OnlineBlueprintSupport (80)
[2016.04.20-18.46.14:592][347]LogModuleManager: Shutting down and abandoning module GameplayTasksEditor (79)
[2016.04.20-18.46.14:592][347]LogModuleManager: Shutting down and abandoning module PropertyEditor (78)
[2016.04.20-18.46.14:592][347]LogModuleManager: Shutting down and abandoning module BehaviorTreeEditor (77)
[2016.04.20-18.46.14:592][347]LogModuleManager: Shutting down and abandoning module FunctionalTesting (76)
[2016.04.20-18.46.14:592][347]LogModuleManager: Shutting down and abandoning module CollisionAnalyzer (75)
[2016.04.20-18.46.14:592][347]LogModuleManager: Shutting down and abandoning module WorkspaceMenuStructure (74)
[2016.04.20-18.46.14:592][347]LogModuleManager: Shutting down and abandoning module MessageLog (73)
[2016.04.20-18.46.14:592][347]LogModuleManager: Shutting down and abandoning module Sequencer (72)
[2016.04.20-18.46.14:592][347]LogModuleManager: Shutting down and abandoning module AssetTools (71)
[2016.04.20-18.46.14:592][347]LogModuleManager: Shutting down and abandoning module UMGEditor (70)
[2016.04.20-18.46.14:592][347]LogModuleManager: Shutting down and abandoning module UMG (69)
[2016.04.20-18.46.14:593][347]LogModuleManager: Shutting down and abandoning module Slate (68)
[2016.04.20-18.46.14:593][347]LogModuleManager: Shutting down and abandoning module EditorStyle (67)
[2016.04.20-18.46.14:600][347]LogModuleManager: Shutting down and abandoning module SessionServices (66)
[2016.04.20-18.46.14:600][347]LogModuleManager: Shutting down and abandoning module SourceCodeAccess (65)
[2016.04.20-18.46.14:600][347]LogModuleManager: Shutting down and abandoning module HeadMountedDisplay (64)
[2016.04.20-18.46.14:600][347]LogModuleManager: Shutting down and abandoning module XAudio2 (63)
[2016.04.20-18.46.14:600][347]LogModuleManager: Shutting down and abandoning module Networking (61)
[2016.04.20-18.46.14:600][347]LogModuleManager: Shutting down and abandoning module Core (60)
[2016.04.20-18.46.14:600][347]LogModuleManager: Shutting down and abandoning module KismetCompiler (59)
[2016.04.20-18.46.14:600][347]LogModuleManager: Shutting down and abandoning module PhysXFormats (58)
[2016.04.20-18.46.14:600][347]LogModuleManager: Shutting down and abandoning module MeshUtilities (57)
[2016.04.20-18.46.14:600][347]LogModuleManager: Shutting down and abandoning module DerivedDataCache (56)
[2016.04.20-18.46.15:047][347]LogDerivedDataCache: Shutdown
[2016.04.20-18.46.15:047][347]LogModuleManager: Shutting down and abandoning module ShaderFormatOpenGL (55)
[2016.04.20-18.46.15:047][347]LogModuleManager: Shutting down and abandoning module ShaderFormatD3D (54)
[2016.04.20-18.46.15:047][347]LogModuleManager: Shutting down and abandoning module MetalShaderFormat (53)
[2016.04.20-18.46.15:047][347]LogModuleManager: Shutting down and abandoning module TextureFormatUncompressed (52)
[2016.04.20-18.46.15:047][347]LogModuleManager: Shutting down and abandoning module TextureFormatPVR (51)
[2016.04.20-18.46.15:047][347]LogModuleManager: Shutting down and abandoning module TextureFormatIntelISPCTexComp (50)
[2016.04.20-18.46.15:047][347]LogModuleManager: Shutting down and abandoning module TextureFormatDXT (49)
[2016.04.20-18.46.15:047][347]LogModuleManager: Shutting down and abandoning module ImageWrapper (48)
[2016.04.20-18.46.15:047][347]LogModuleManager: Shutting down and abandoning module TextureFormatASTC (47)
[2016.04.20-18.46.15:047][347]LogModuleManager: Shutting down and abandoning module TextureFormatAndroid (46)
[2016.04.20-18.46.15:047][347]LogModuleManager: Shutting down and abandoning module AudioFormatOpus (45)
[2016.04.20-18.46.15:047][347]LogModuleManager: Shutting down and abandoning module AudioFormatOgg (44)
[2016.04.20-18.46.15:048][347]LogModuleManager: Shutting down and abandoning module AudioFormatADPCM (43)
[2016.04.20-18.46.15:048][347]LogModuleManager: Shutting down and abandoning module LinuxTargetPlatform (42)
[2016.04.20-18.46.15:048][347]LogModuleManager: Shutting down and abandoning module LinuxServerTargetPlatform (41)
[2016.04.20-18.46.15:048][347]LogModuleManager: Shutting down and abandoning module LinuxNoEditorTargetPlatform (40)
[2016.04.20-18.46.15:048][347]LogModuleManager: Shutting down and abandoning module Messaging (39)
[2016.04.20-18.46.15:048][347]LogModuleManager: Shutting down and abandoning module IOSTargetPlatform (38)
[2016.04.20-18.46.15:048][347]LogModuleManager: Shutting down and abandoning module HTML5TargetPlatform (37)
[2016.04.20-18.46.15:048][347]LogModuleManager: Shutting down and abandoning module Android_PVRTCTargetPlatform (36)
[2016.04.20-18.46.15:048][347]LogModuleManager: Shutting down and abandoning module Android_MultiTargetPlatform (35)
[2016.04.20-18.46.15:048][347]LogModuleManager: Shutting down and abandoning module Android_ETC2TargetPlatform (34)
[2016.04.20-18.46.15:048][347]LogModuleManager: Shutting down and abandoning module Android_ETC1TargetPlatform (33)
[2016.04.20-18.46.15:048][347]LogModuleManager: Shutting down and abandoning module Android_DXTTargetPlatform (32)
[2016.04.20-18.46.15:048][347]LogModuleManager: Shutting down and abandoning module Android_ATCTargetPlatform (31)
[2016.04.20-18.46.15:048][347]LogModuleManager: Shutting down and abandoning module Android_ASTCTargetPlatform (30)
[2016.04.20-18.46.15:048][347]LogModuleManager: Shutting down and abandoning module AndroidTargetPlatform (29)
[2016.04.20-18.46.15:048][347]LogModuleManager: Shutting down and abandoning module WindowsTargetPlatform (28)
[2016.04.20-18.46.15:048][347]LogModuleManager: Shutting down and abandoning module WindowsServerTargetPlatform (27)
[2016.04.20-18.46.15:048][347]LogModuleManager: Shutting down and abandoning module WindowsNoEditorTargetPlatform (26)
[2016.04.20-18.46.15:048][347]LogModuleManager: Shutting down and abandoning module WindowsClientTargetPlatform (25)
[2016.04.20-18.46.15:048][347]LogModuleManager: Shutting down and abandoning module AllDesktopTargetPlatform (24)
[2016.04.20-18.46.15:048][347]LogModuleManager: Shutting down and abandoning module TargetPlatform (23)
[2016.04.20-18.46.15:048][347]LogModuleManager: Shutting down and abandoning module InputCore (22)
[2016.04.20-18.46.15:049][347]LogModuleManager: Shutting down and abandoning module Settings (21)
[2016.04.20-18.46.15:049][347]LogModuleManager: Shutting down and abandoning module OnlineSubsystem (19)
[2016.04.20-18.46.15:049][347]LogModuleManager: Shutting down and abandoning module HTTP (18)
[2016.04.20-18.46.16:051][347]LogModuleManager: Shutting down and abandoning module XMPP (17)
[2016.04.20-18.46.16:051][347]LogModuleManager: Shutting down and abandoning module OculusRift (16)
[2016.04.20-18.46.16:051][347]LogModuleManager: Shutting down and abandoning module ExampleDeviceProfileSelector (15)
[2016.04.20-18.46.16:051][347]LogModuleManager: Shutting down and abandoning module TextureCompressor (14)
[2016.04.20-18.46.16:051][347]LogModuleManager: Shutting down and abandoning module ShaderCore (13)
[2016.04.20-18.46.16:051][347]LogModuleManager: Shutting down and abandoning module Landscape (12)
[2016.04.20-18.46.16:051][347]LogModuleManager: Shutting down and abandoning module SlateRHIRenderer (11)
[2016.04.20-18.46.16:054][347]LogModuleManager: Shutting down and abandoning module OpenGLDrv (10)
[2016.04.20-18.46.16:054][347]LogModuleManager: Shutting down and abandoning module D3D11RHI (9)
[2016.04.20-18.46.16:054][347]LogModuleManager: Shutting down and abandoning module AnimGraphRuntime (8)
[2016.04.20-18.46.16:054][347]LogModuleManager: Shutting down and abandoning module Renderer (7)
[2016.04.20-18.46.16:054][347]LogModuleManager: Shutting down and abandoning module Engine (6)
[2016.04.20-18.46.16:054][347]LogModuleManager: Shutting down and abandoning module CoreUObject (5)
[2016.04.20-18.46.16:054][347]LogModuleManager: Shutting down and abandoning module NetworkFile (4)
[2016.04.20-18.46.16:054][347]LogModuleManager: Shutting down and abandoning module StreamingFile (3)
[2016.04.20-18.46.16:054][347]LogModuleManager: Shutting down and abandoning module SandboxFile (2)
[2016.04.20-18.46.16:054][347]LogModuleManager: Shutting down and abandoning module PakFile (1)
[2016.04.20-18.46.16:057][347]LogExit: Exiting.
[2016.04.20-18.46.16:060][347]Log file closed, 04/20/16 14:46:16
