[2016.03.26-20.27.23:431][  0]Log file open, 03/26/16 16:27:23
[2016.03.26-20.27.23:431][  0]LogInit:Display: Running engine for game: FamilyThief
[2016.03.26-20.27.23:431][  0]LogPlatformFile: Not using cached read wrapper
[2016.03.26-20.27.23:431][  0]LogInit:Display: RandInit(-910621928) SRandInit(-910621927).
[2016.03.26-20.27.23:431][  0]LogTaskGraph: Started task graph with 4 named threads and 7 total threads.
[2016.03.26-20.27.23:431][  0]LogStats: Stats thread started at 0.063843
[2016.03.26-20.27.23:431][  0]LogInit: Version: 4.10.4-2872498+++depot+UE4-Releases+4.10
[2016.03.26-20.27.23:431][  0]LogInit: API Version: 2758231
[2016.03.26-20.27.23:431][  0]LogInit: Compiled (64-bit): Feb 18 2016 15:47:04
[2016.03.26-20.27.23:431][  0]LogInit: Compiled with Visual C++: 19.00.23026.00
[2016.03.26-20.27.23:431][  0]LogInit: Build Configuration: Development
[2016.03.26-20.27.23:431][  0]LogInit: Branch Name: ++depot+UE4-Releases+4.10
[2016.03.26-20.27.23:431][  0]LogInit: Command line:  
[2016.03.26-20.27.23:431][  0]LogInit: Base directory: C:/Program Files (x86)/Epic Games/4.10/Engine/Binaries/Win64/
[2016.03.26-20.27.23:431][  0]LogInit: Rocket: 1
[2016.03.26-20.27.23:435][  0]LogInit: Using libcurl 7.41.0
[2016.03.26-20.27.23:435][  0]LogInit:  - built for x86_64-pc-win32
[2016.03.26-20.27.23:435][  0]LogInit:  - supports SSL with WinSSL
[2016.03.26-20.27.23:435][  0]LogInit:  - other features:
[2016.03.26-20.27.23:435][  0]LogInit:      CURL_VERSION_SSL
[2016.03.26-20.27.23:435][  0]LogInit:      CURL_VERSION_IPV6
[2016.03.26-20.27.23:435][  0]LogInit:      CURL_VERSION_ASYNCHDNS
[2016.03.26-20.27.23:435][  0]LogInit:      CURL_VERSION_LARGEFILE
[2016.03.26-20.27.23:435][  0]LogInit:      CURL_VERSION_IDN
[2016.03.26-20.27.23:435][  0]LogInit:  CurlRequestOptions (configurable via config and command line):
[2016.03.26-20.27.23:435][  0]LogInit:  - bVerifyPeer = true  - Libcurl will verify peer certificate
[2016.03.26-20.27.23:435][  0]LogInit:  - bUseHttpProxy = false  - Libcurl will NOT use HTTP proxy
[2016.03.26-20.27.23:435][  0]LogInit:  - bDontReuseConnections = false  - Libcurl will reuse connections
[2016.03.26-20.27.23:435][  0]LogInit:  - CertBundlePath = nullptr  - Libcurl will use whatever was configured at build time.
[2016.03.26-20.27.23:439][  0]LogInit: Presizing for 0 objects not considered by GC, pre-allocating 0 bytes.
[2016.03.26-20.27.23:444][  0]LogInit: Object subsystem initialized
[2016.03.26-20.27.23:444][  0]LogInit: Selected Device Profile: [Windows]
[2016.03.26-20.27.23:444][  0]LogInit: Applying CVar settings loaded from the selected device profile: [Windows]
[2016.03.26-20.27.23:451][  0]LogInit: Computer: DESKTOP-J618I8O
[2016.03.26-20.27.23:451][  0]LogInit: User: Doug
[2016.03.26-20.27.23:451][  0]LogInit: CPU Page size=4096, Cores=4
[2016.03.26-20.27.23:451][  0]LogInit: High frequency timer resolution =3.897224 MHz
[2016.03.26-20.27.23:451][  0]LogMemory: Memory total: Physical=16.0GB (16GB approx)
[2016.03.26-20.27.23:451][  0]LogMemory: Platform Memory Stats for Windows
[2016.03.26-20.27.23:451][  0]LogMemory: Process Physical Memory: 56.24 MB used, 56.24 MB peak
[2016.03.26-20.27.23:451][  0]LogMemory: Process Virtual Memory: 56.78 MB used, 56.78 MB peak
[2016.03.26-20.27.23:451][  0]LogMemory: Physical Memory: 4768.76 MB used, 16344.24 MB total
[2016.03.26-20.27.23:451][  0]LogMemory: Virtual Memory: 378.96 MB used, 134217728.00 MB total
[2016.03.26-20.27.23:478][  0]LogTextLocalizationManager: No specific translations for ('en-US') exist, so ('en') translations will be used.
[2016.03.26-20.27.23:828][  0]LogD3D11RHI: Found D3D11 adapter 0: NVIDIA GeForce GTX 980M                   (Feature Level 11_0)
[2016.03.26-20.27.23:828][  0]LogD3D11RHI: Adapter has 8093MB of dedicated video memory, 0MB of dedicated system memory, and 8172MB of shared system memory, 2 output[s]
[2016.03.26-20.27.23:830][  0]LogD3D11RHI: Found D3D11 adapter 1: Microsoft Basic Render Driver (Feature Level 11_0)
[2016.03.26-20.27.23:830][  0]LogD3D11RHI: Adapter has 0MB of dedicated video memory, 0MB of dedicated system memory, and 8172MB of shared system memory, 0 output[s]
[2016.03.26-20.27.23:830][  0]LogD3D11RHI: Chosen D3D11 Adapter Id = 0
[2016.03.26-20.27.23:833][  0]LogD3D11RHI: !Direct3DDevice
[2016.03.26-20.27.23:833][  0]LogRHI: Texture pool is 1361 MB (70% of 1945 MB)
[2016.03.26-20.27.23:842][  0]LogD3D11RHI: Async texture creation enabled
[2016.03.26-20.27.23:855][  0]LogShaderCompilers: Guid format shader working directory is -23 characters bigger than the processId version (../../../../../../Users/Doug!/Documents/Game310/TinyThief/FamilyThief/Intermediate/Shaders/WorkingDirectory/8252/).
[2016.03.26-20.27.23:855][  0]LogShaderCompilers: Cleaned the shader compiler working directory 'C:/Users/Doug!/AppData/Local/Temp/UnrealShaderWorkingDir/EF865A38454A98ECFB8ADEAE093E66E0/'.
[2016.03.26-20.27.23:855][  0]LogShaderCompilers:Display: Using Local Shader Compiler.
[2016.03.26-20.27.24:452][  0]LogTemp:Display: Loaded TP AllDesktopTargetPlatform
[2016.03.26-20.27.24:455][  0]LogTemp:Display: Loaded TP WindowsClientTargetPlatform
[2016.03.26-20.27.24:458][  0]LogTemp:Display: Loaded TP WindowsNoEditorTargetPlatform
[2016.03.26-20.27.24:461][  0]LogTemp:Display: Loaded TP WindowsServerTargetPlatform
[2016.03.26-20.27.24:464][  0]LogTemp:Display: Loaded TP WindowsTargetPlatform
[2016.03.26-20.27.24:466][  0]LogTemp:Display: Loaded TP AndroidTargetPlatform
[2016.03.26-20.27.24:468][  0]LogTemp:Display: Loaded TP Android_ASTCTargetPlatform
[2016.03.26-20.27.24:470][  0]LogTemp:Display: Loaded TP Android_ATCTargetPlatform
[2016.03.26-20.27.24:472][  0]LogTemp:Display: Loaded TP Android_DXTTargetPlatform
[2016.03.26-20.27.24:474][  0]LogTemp:Display: Loaded TP Android_ETC1TargetPlatform
[2016.03.26-20.27.24:476][  0]LogTemp:Display: Loaded TP Android_ETC2TargetPlatform
[2016.03.26-20.27.24:480][  0]LogTemp:Display: Loaded TP Android_MultiTargetPlatform
[2016.03.26-20.27.24:480][  0]LogTemp:Display: Loaded TP Android_PVRTCTargetPlatform
[2016.03.26-20.27.24:481][  0]LogTemp:Display: Loaded TP HTML5TargetPlatform
[2016.03.26-20.27.24:496][  0]LogTemp:Display: Loaded TP IOSTargetPlatform
[2016.03.26-20.27.24:498][  0]LogTemp:Display: Loaded TP LinuxNoEditorTargetPlatform
[2016.03.26-20.27.24:500][  0]LogTemp:Display: Loaded TP LinuxServerTargetPlatform
[2016.03.26-20.27.24:503][  0]LogTemp:Display: Loaded TP LinuxTargetPlatform
[2016.03.26-20.27.24:503][  0]LogTargetPlatformManager:Display: Building Assets For Windows
[2016.03.26-20.27.24:551][  0]LogDerivedDataCache:Display: Max Cache Size: 512 MB
[2016.03.26-20.27.24:588][  0]LogDerivedDataCache: Loaded boot cache 0.04s 41MB C:/Users/Doug!/AppData/Local/UnrealEngine/4.10/DerivedDataCache/Boot.ddc.
[2016.03.26-20.27.24:588][  0]LogDerivedDataCache:Display: Loaded Boot cache: C:/Users/Doug!/AppData/Local/UnrealEngine/4.10/DerivedDataCache/Boot.ddc
[2016.03.26-20.27.24:589][  0]LogDerivedDataCache: FDerivedDataBackendGraph:  Pak pak cache file ../../../../../../Users/Doug!/Documents/Game310/TinyThief/FamilyThief/DerivedDataCache/DDC.ddp not found, will not use a pak cache.
[2016.03.26-20.27.24:589][  0]LogDerivedDataCache: Unable to find inner node Pak for hierarchical cache Hierarchy.
[2016.03.26-20.27.24:589][  0]LogDerivedDataCache: FDerivedDataBackendGraph:  CompressedPak pak cache file ../../../../../../Users/Doug!/Documents/Game310/TinyThief/FamilyThief/DerivedDataCache/Compressed.ddp not found, will not use a pak cache.
[2016.03.26-20.27.24:589][  0]LogDerivedDataCache: Unable to find inner node CompressedPak for hierarchical cache Hierarchy.
[2016.03.26-20.27.24:631][  0]LogDerivedDataCache:Display: Pak cache opened for reading ../../../Engine/DerivedDataCache/Compressed.ddp.
[2016.03.26-20.27.24:643][  0]LogDerivedDataCache: Using Local data cache path C:/Users/Doug!/AppData/Local/UnrealEngine/Common/DerivedDataCache: Writable
[2016.03.26-20.27.24:776][  0]LogInit: Selected Device Profile: [Windows]
[2016.03.26-20.27.24:778][  0]LogContentStreaming: Texture pool size is 0.000000MB
[2016.03.26-20.27.24:863][  0]LogMeshUtilities: No automatic mesh reduction module available
[2016.03.26-20.27.24:863][  0]LogMeshUtilities: No automatic mesh merging module available
[2016.03.26-20.27.25:024][  0]LogInit: WinSock: version 1.1 (2.2), MaxSocks=32767, MaxUdp=65467
[2016.03.26-20.27.25:557][  0]UdpMessaging: Initializing bridge on interface 0.0.0.0:0 to multicast group 230.0.0.1:6666.
[2016.03.26-20.27.25:641][  0]LogAssetRegistry: FAssetRegistry took 0.0107 seconds to start up
[2016.03.26-20.27.25:754][  0]SourceControl: Info Source control is disabled
[2016.03.26-20.27.25:755][  0]SourceControl: Info Source control is disabled
[2016.03.26-20.27.25:761][  0]SourceControl: Info Source control is disabled
[2016.03.26-20.27.25:769][  0]SourceControl: Info Source control is disabled
[2016.03.26-20.27.25:917][  0]LogObj: 28633 objects as part of root set at end of initial load.
[2016.03.26-20.27.25:917][  0]LogUObjectAllocator: 6099752 out of 0 bytes used by permanent object pool.
[2016.03.26-20.27.25:960][  0]LogEngine: Initializing Engine...
[2016.03.26-20.27.25:961][  0]LogHMD: Can't find Oculus library dev build: is proper Runtime installed? Version: 0.8.0.0
[2016.03.26-20.27.25:961][  0]LogHMD: SteamVR failed to initialize.  Err: 110
[2016.03.26-20.27.26:045][  0]LogAIModule: Creating AISystem for world NewWorld
[2016.03.26-20.27.26:053][  0]LogInit: XAudio2 using 'U500CV-UMK-8 (NVIDIA High Definition Audio)' : 2 channels at 48 kHz using 16 bits per sample (channel mask 0x3)
[2016.03.26-20.27.26:057][  0]LogInit: FAudioDevice initialized.
[2016.03.26-20.27.26:076][  0]LogDerivedDataCache: Saved boot cache 0.02s 41MB C:/Users/Doug!/AppData/Local/UnrealEngine/4.10/DerivedDataCache/Boot.ddc.
[2016.03.26-20.27.26:081][  0]LogInit: Texture streaming: Enabled
[2016.03.26-20.27.26:085][  0]LogAnalytics: Creating configured Analytics provider AnalyticsET
[2016.03.26-20.27.26:085][  0]LogAnalytics: [UEEditor.Rocket.Release] APIServer = http://et2.epicgames.com/ET2/. AppVersion = 4.10.4-2872498+++depot+UE4-Releases+4.10
[2016.03.26-20.27.26:085][  0]LogAnalytics: [UEEditor.Rocket.Release] SetUserId 52b10e6445fa931ea2b57b9ab393f2a9|a024f71aa653453a8ecdbc4f8186e225|56a0a37a-fce5-4ac1-879f-0e1c059c54f2
[2016.03.26-20.27.26:085][  0]LogAnalytics: [UEEditor.Rocket.Release] AnalyticsET::StartSession
[2016.03.26-20.27.26:091][  0]LogInit: Transaction tracking system initialized
[2016.03.26-20.27.26:106][  0]BlueprintLog: New page: Editor Load
[2016.03.26-20.27.26:147][  0]LocalizationService: Info Localization service is disabled
[2016.03.26-20.27.26:196][  0]LogConsoleResponse:Display: 
[2016.03.26-20.27.26:275][  0]LogCook:Display: Done creating registry. It took  0.00s.
[2016.03.26-20.27.26:309][  0]LogFileCache: Scanning file cache for directory 'C:/Users/Doug!/Documents/Game310/TinyThief/FamilyThief/Content/' took 0.02s
[2016.03.26-20.27.26:309][  0]SourceControl: Info Source control is disabled
[2016.03.26-20.27.26:309][  0]Cmd: MAP LOAD FILE="../../../../../../Users/Doug!/Documents/Game310/TinyThief/FamilyThief/Content/ThirdPersonBP/Maps/ThirdPersonExampleMap.umap" TEMPLATE=0 SHOWPROGRESS=1 FEATURELEVEL=3
[2016.03.26-20.27.26:310][  0]LightingResults: New page: Lighting Build
[2016.03.26-20.27.26:311][  0]MapCheck: New page: Map Check
[2016.03.26-20.27.26:311][  0]LightingResults: New page: Lighting Build
[2016.03.26-20.27.26:320][  0]LogParticles: Destroying 0 GPU particle simulations for FXSystem 0x00000081A8927B00
[2016.03.26-20.27.26:385][  0]LogBlueprint:Error: [compiler CharacterBase] Error This blueprint (self) is not a PlayerShooterCharacter_C, therefore ' Target ' must have a connection.
[2016.03.26-20.27.26:387][  0]LogBlueprint:Warning: [compiler CharacterBase] Warning [0003.28] Compile of CharacterBase failed. 1 Fatal Issue(s) 0 Warning(s) [in 2 ms]
[2016.03.26-20.27.26:387][  0]LogBlueprint:Warning: [compiler CharacterBase] Warning [0003.29] Compile of CharacterBase failed. 1 Fatal Issue(s) 1 Warning(s) [in 0 ms]
[2016.03.26-20.27.26:387][  0]LogBlueprint:Warning: [compiler CharacterBase] Warning [0003.29] Compile of CharacterBase failed. 1 Fatal Issue(s) 2 Warning(s) [in 0 ms]
[2016.03.26-20.27.26:851][  0]LogAIModule: Creating AISystem for world ThirdPersonExampleMap
[2016.03.26-20.27.26:856][  0]LogEditorServer: Finished looking for orphan Actors (0.000 secs)
[2016.03.26-20.27.26:857][  0]Cmd: MAP CHECKDEP NOCLEARLOG
[2016.03.26-20.27.26:893][  0]MapCheck: Info Map check complete: 0 Error(s), 0 Warning(s), took 35.966ms to complete.
[2016.03.26-20.27.26:893][  0]LogFileHelpers: Loading map 'ThirdPersonExampleMap' took 0.583
[2016.03.26-20.27.26:988][  0]LogCollectionManager: Loaded 0 collections in 0.001731 seconds
[2016.03.26-20.27.27:030][  0]LogFileCache: Scanning file cache for directory 'C:/Users/Doug!/Documents/Game310/TinyThief/FamilyThief/Saved/Collections/' took 0.01s
[2016.03.26-20.27.27:030][  0]LogFileCache: Scanning file cache for directory 'C:/Users/Doug!/Documents/Game310/TinyThief/FamilyThief/Content/Developers/Doug/Collections/' took 0.01s
[2016.03.26-20.27.27:030][  0]LogFileCache: Scanning file cache for directory 'C:/Users/Doug!/Documents/Game310/TinyThief/FamilyThief/Content/Collections/' took 0.01s
[2016.03.26-20.27.27:030][  0]LogCollectionManager: Rebuilt the GUID cache for 0 collections in 0.000001 seconds
[2016.03.26-20.27.27:036][  0]LogContentBrowser: Native class hierarchy populated in 0.0055 seconds. Added 1893 classes and 338 folders.
[2016.03.26-20.27.27:039][  0]LogContentBrowser: Native class hierarchy updated for 'WidgetCarousel' in 0.0002 seconds. Added 0 classes and 0 folders.
[2016.03.26-20.27.27:067][  0]LogContentBrowser: Native class hierarchy updated for 'AddContentDialog' in 0.0003 seconds. Added 0 classes and 0 folders.
[2016.03.26-20.27.27:070][  0]LogContentBrowser: Native class hierarchy updated for 'SceneOutliner' in 0.0003 seconds. Added 1 classes and 2 folders.
[2016.03.26-20.27.27:085][  0]LogCrashTracker: Crashtracker disabled due to settings.
[2016.03.26-20.27.27:088][  0]LogUObjectGlobals:Warning: Failed to find object 'Class None.'
[2016.03.26-20.27.27:111][  0]LogLoad: Full Startup: 4.01 seconds (BP compile: 0.15 seconds)
[2016.03.26-20.27.27:130][  0]LogOcInput: Can't find Oculus library dev build: is proper Runtime installed? Version: 0.8.0.0
[2016.03.26-20.27.27:179][  0]LogContentStreaming: Texture pool size now 1000 MB
[2016.03.26-20.27.27:254][  0]LogContentBrowser:Verbose: The majority of assets in the view are of type: Blueprint
[2016.03.26-20.27.27:292][  0]LogRenderer: Reallocating scene render targets to support 1192x616 (Frame:2).
[2016.03.26-20.27.27:440][  5]LogAssetRegistry: Asset discovery search completed in 1.8103 seconds
[2016.03.26-20.27.27:440][  5]LogCollectionManager: Rebuilt the object cache for 0 collections in 0.000001 seconds (found 0 objects)
[2016.03.26-20.27.27:440][  5]LogCollectionManager: Fixed up redirectors for 0 collections in 0.000020 seconds (updated 0 objects)
[2016.03.26-20.27.30:299][171]LogLinker:Warning: Asset '../../../Engine/Content/ArtTools/RenderToTexture/Macros/RenderToTextureMacros.uasset' has been saved with empty engine version. The asset will be loaded but may be incompatible.
[2016.03.26-20.27.30:588][171]LogContentBrowser: Native class hierarchy updated for 'BlueprintGraph' in 0.0005 seconds. Added 107 classes and 0 folders.
[2016.03.26-20.27.35:115][389]BlueprintLog: New page: Compile CharacterBase
[2016.03.26-20.27.35:119][389]LogBlueprint:Error: [compiler CharacterBase] Error This blueprint (self) is not a PlayerShooterCharacter_C, therefore ' Target ' must have a connection.
[2016.03.26-20.27.35:157][389]LogActorComponent: UnregisterComponent: (/Engine/Transient.CharMoveComp) Not registered. Aborting.
[2016.03.26-20.27.35:234][389]LogBlueprint:Error: [compiler CharacterBase] Error This blueprint (self) is not a PlayerShooterCharacter_C, therefore ' Target ' must have a connection.
[2016.03.26-20.27.35:424][389]LogBlueprint:Error: [compiler CharacterBase] Error This blueprint (self) is not a PlayerShooterCharacter_C, therefore ' Target ' must have a connection.
[2016.03.26-20.27.35:609][389]LogBlueprint:Error: [compiler CharacterBase] Error This blueprint (self) is not a PlayerShooterCharacter_C, therefore ' Target ' must have a connection.
[2016.03.26-20.27.35:801][389]LogBlueprint:Error: [compiler CharacterBase] Error This blueprint (self) is not a PlayerShooterCharacter_C, therefore ' Target ' must have a connection.
[2016.03.26-20.27.35:992][389]LogBlueprint:Error: [compiler CharacterBase] Error This blueprint (self) is not a PlayerShooterCharacter_C, therefore ' Target ' must have a connection.
[2016.03.26-20.27.36:186][389]LogBlueprint:Error: [compiler CharacterBase] Error This blueprint (self) is not a PlayerShooterCharacter_C, therefore ' Target ' must have a connection.
[2016.03.26-20.27.36:380][389]LogBlueprint:Error: [compiler CharacterBase] Error This blueprint (self) is not a PlayerShooterCharacter_C, therefore ' Target ' must have a connection.
[2016.03.26-20.27.36:568][389]LogBlueprint:Error: [compiler CharacterBase] Error This blueprint (self) is not a PlayerShooterCharacter_C, therefore ' Target ' must have a connection.
[2016.03.26-20.27.36:764][389]LogBlueprint:Error: [compiler CharacterBase] Error This blueprint (self) is not a PlayerShooterCharacter_C, therefore ' Target ' must have a connection.
[2016.03.26-20.27.36:952][389]LogBlueprint:Error: [compiler CharacterBase] Error This blueprint (self) is not a PlayerShooterCharacter_C, therefore ' Target ' must have a connection.
[2016.03.26-20.27.37:142][389]LogBlueprint:Error: [compiler CharacterBase] Error This blueprint (self) is not a PlayerShooterCharacter_C, therefore ' Target ' must have a connection.
[2016.03.26-20.27.37:340][389]LogBlueprint:Error: [compiler CharacterBase] Error This blueprint (self) is not a PlayerShooterCharacter_C, therefore ' Target ' must have a connection.
[2016.03.26-20.27.37:541][389]LogBlueprint:Error: [compiler CharacterBase] Error This blueprint (self) is not a PlayerShooterCharacter_C, therefore ' Target ' must have a connection.
[2016.03.26-20.27.37:743][389]LogBlueprint:Error: [compiler CharacterBase] Error This blueprint (self) is not a PlayerShooterCharacter_C, therefore ' Target ' must have a connection.
[2016.03.26-20.27.37:935][389]LogBlueprint:Error: [compiler CharacterBase] Error This blueprint (self) is not a PlayerShooterCharacter_C, therefore ' Target ' must have a connection.
[2016.03.26-20.27.38:130][389]LogBlueprint:Error: [compiler CharacterBase] Error This blueprint (self) is not a PlayerShooterCharacter_C, therefore ' Target ' must have a connection.
[2016.03.26-20.27.38:327][389]LogBlueprint:Error: [compiler CharacterBase] Error This blueprint (self) is not a PlayerShooterCharacter_C, therefore ' Target ' must have a connection.
[2016.03.26-20.27.38:535][389]LogBlueprint:Error: [compiler CharacterBase] Error This blueprint (self) is not a PlayerShooterCharacter_C, therefore ' Target ' must have a connection.
[2016.03.26-20.27.38:738][389]LogBlueprint:Error: [compiler CharacterBase] Error This blueprint (self) is not a PlayerShooterCharacter_C, therefore ' Target ' must have a connection.
[2016.03.26-20.27.38:945][389]LogBlueprint:Error: [compiler CharacterBase] Error This blueprint (self) is not a PlayerShooterCharacter_C, therefore ' Target ' must have a connection.
[2016.03.26-20.27.39:149][389]LogBlueprint:Error: [compiler CharacterBase] Error This blueprint (self) is not a PlayerShooterCharacter_C, therefore ' Target ' must have a connection.
[2016.03.26-20.27.39:350][389]LogBlueprint:Error: [compiler CharacterBase] Error This blueprint (self) is not a PlayerShooterCharacter_C, therefore ' Target ' must have a connection.
[2016.03.26-20.27.39:551][389]LogBlueprint:Error: [compiler CharacterBase] Error This blueprint (self) is not a PlayerShooterCharacter_C, therefore ' Target ' must have a connection.
[2016.03.26-20.27.39:750][389]LogBlueprint:Error: [compiler CharacterBase] Error This blueprint (self) is not a PlayerShooterCharacter_C, therefore ' Target ' must have a connection.
[2016.03.26-20.27.39:955][389]LogBlueprint:Error: [compiler CharacterBase] Error This blueprint (self) is not a PlayerShooterCharacter_C, therefore ' Target ' must have a connection.
[2016.03.26-20.27.40:155][389]LogBlueprint:Error: [compiler CharacterBase] Error This blueprint (self) is not a PlayerShooterCharacter_C, therefore ' Target ' must have a connection.
[2016.03.26-20.27.40:360][389]LogBlueprint:Error: [compiler CharacterBase] Error This blueprint (self) is not a PlayerShooterCharacter_C, therefore ' Target ' must have a connection.
[2016.03.26-20.27.40:570][389]LogBlueprint:Error: [compiler CharacterBase] Error This blueprint (self) is not a PlayerShooterCharacter_C, therefore ' Target ' must have a connection.
[2016.03.26-20.27.40:783][389]LogBlueprint:Error: [compiler CharacterBase] Error This blueprint (self) is not a PlayerShooterCharacter_C, therefore ' Target ' must have a connection.
[2016.03.26-20.27.40:996][389]LogBlueprint:Error: [compiler CharacterBase] Error This blueprint (self) is not a PlayerShooterCharacter_C, therefore ' Target ' must have a connection.
[2016.03.26-20.27.41:205][389]LogBlueprint:Error: [compiler CharacterBase] Error This blueprint (self) is not a PlayerShooterCharacter_C, therefore ' Target ' must have a connection.
[2016.03.26-20.27.41:415][389]LogBlueprint:Error: [compiler CharacterBase] Error This blueprint (self) is not a PlayerShooterCharacter_C, therefore ' Target ' must have a connection.
[2016.03.26-20.27.41:637][389]LogBlueprint:Error: [compiler CharacterBase] Error This blueprint (self) is not a PlayerShooterCharacter_C, therefore ' Target ' must have a connection.
[2016.03.26-20.27.41:851][389]LogBlueprint:Error: [compiler CharacterBase] Error This blueprint (self) is not a PlayerShooterCharacter_C, therefore ' Target ' must have a connection.
[2016.03.26-20.27.42:064][389]LogBlueprint:Error: [compiler CharacterBase] Error This blueprint (self) is not a PlayerShooterCharacter_C, therefore ' Target ' must have a connection.
[2016.03.26-20.27.42:282][389]LogBlueprint:Error: [compiler CharacterBase] Error This blueprint (self) is not a PlayerShooterCharacter_C, therefore ' Target ' must have a connection.
[2016.03.26-20.27.42:492][389]LogBlueprint:Error: [compiler CharacterBase] Error This blueprint (self) is not a PlayerShooterCharacter_C, therefore ' Target ' must have a connection.
[2016.03.26-20.27.42:727][389]LogBlueprint:Error: [compiler CharacterBase] Error This blueprint (self) is not a PlayerShooterCharacter_C, therefore ' Target ' must have a connection.
[2016.03.26-20.27.42:941][389]LogBlueprint:Error: [compiler CharacterBase] Error This blueprint (self) is not a PlayerShooterCharacter_C, therefore ' Target ' must have a connection.
[2016.03.26-20.27.43:160][389]LogBlueprint:Error: [compiler CharacterBase] Error This blueprint (self) is not a PlayerShooterCharacter_C, therefore ' Target ' must have a connection.
[2016.03.26-20.27.43:385][389]LogBlueprint:Error: [compiler CharacterBase] Error This blueprint (self) is not a PlayerShooterCharacter_C, therefore ' Target ' must have a connection.
[2016.03.26-20.27.43:615][389]LogBlueprint:Error: [compiler CharacterBase] Error This blueprint (self) is not a PlayerShooterCharacter_C, therefore ' Target ' must have a connection.
[2016.03.26-20.27.43:834][389]LogBlueprint:Error: [compiler CharacterBase] Error This blueprint (self) is not a PlayerShooterCharacter_C, therefore ' Target ' must have a connection.
[2016.03.26-20.27.44:057][389]LogBlueprint:Error: [compiler CharacterBase] Error This blueprint (self) is not a PlayerShooterCharacter_C, therefore ' Target ' must have a connection.
[2016.03.26-20.27.44:277][389]LogBlueprint:Error: [compiler CharacterBase] Error This blueprint (self) is not a PlayerShooterCharacter_C, therefore ' Target ' must have a connection.
[2016.03.26-20.27.44:498][389]LogBlueprint:Error: [compiler CharacterBase] Error This blueprint (self) is not a PlayerShooterCharacter_C, therefore ' Target ' must have a connection.
[2016.03.26-20.27.44:726][389]LogBlueprint:Error: [compiler CharacterBase] Error This blueprint (self) is not a PlayerShooterCharacter_C, therefore ' Target ' must have a connection.
[2016.03.26-20.27.44:952][389]LogBlueprint:Error: [compiler CharacterBase] Error This blueprint (self) is not a PlayerShooterCharacter_C, therefore ' Target ' must have a connection.
[2016.03.26-20.27.45:174][389]LogBlueprint:Error: [compiler CharacterBase] Error This blueprint (self) is not a PlayerShooterCharacter_C, therefore ' Target ' must have a connection.
[2016.03.26-20.27.45:398][389]LogBlueprint:Error: [compiler CharacterBase] Error This blueprint (self) is not a PlayerShooterCharacter_C, therefore ' Target ' must have a connection.
[2016.03.26-20.27.45:621][389]LogBlueprint:Error: [compiler CharacterBase] Error This blueprint (self) is not a PlayerShooterCharacter_C, therefore ' Target ' must have a connection.
[2016.03.26-20.27.45:855][389]LogBlueprint:Error: [compiler CharacterBase] Error This blueprint (self) is not a PlayerShooterCharacter_C, therefore ' Target ' must have a connection.
[2016.03.26-20.27.46:083][389]LogBlueprint:Error: [compiler CharacterBase] Error This blueprint (self) is not a PlayerShooterCharacter_C, therefore ' Target ' must have a connection.
[2016.03.26-20.27.46:309][389]LogBlueprint:Error: [compiler CharacterBase] Error This blueprint (self) is not a PlayerShooterCharacter_C, therefore ' Target ' must have a connection.
[2016.03.26-20.27.46:547][389]LogBlueprint:Error: [compiler CharacterBase] Error This blueprint (self) is not a PlayerShooterCharacter_C, therefore ' Target ' must have a connection.
[2016.03.26-20.27.46:774][389]LogBlueprint:Error: [compiler CharacterBase] Error This blueprint (self) is not a PlayerShooterCharacter_C, therefore ' Target ' must have a connection.
[2016.03.26-20.27.47:004][389]LogBlueprint:Error: [compiler CharacterBase] Error This blueprint (self) is not a PlayerShooterCharacter_C, therefore ' Target ' must have a connection.
[2016.03.26-20.27.47:238][389]LogBlueprint:Error: [compiler CharacterBase] Error This blueprint (self) is not a PlayerShooterCharacter_C, therefore ' Target ' must have a connection.
[2016.03.26-20.27.47:470][389]LogBlueprint:Error: [compiler CharacterBase] Error This blueprint (self) is not a PlayerShooterCharacter_C, therefore ' Target ' must have a connection.
[2016.03.26-20.27.47:708][389]LogBlueprint:Error: [compiler CharacterBase] Error This blueprint (self) is not a PlayerShooterCharacter_C, therefore ' Target ' must have a connection.
[2016.03.26-20.27.47:943][389]LogBlueprint:Error: [compiler CharacterBase] Error This blueprint (self) is not a PlayerShooterCharacter_C, therefore ' Target ' must have a connection.
[2016.03.26-20.27.48:183][389]LogBlueprint:Error: [compiler CharacterBase] Error This blueprint (self) is not a PlayerShooterCharacter_C, therefore ' Target ' must have a connection.
[2016.03.26-20.27.48:413][389]LogBlueprint:Error: [compiler CharacterBase] Error This blueprint (self) is not a PlayerShooterCharacter_C, therefore ' Target ' must have a connection.
[2016.03.26-20.27.48:655][389]LogBlueprint:Error: [compiler CharacterBase] Error This blueprint (self) is not a PlayerShooterCharacter_C, therefore ' Target ' must have a connection.
[2016.03.26-20.27.48:886][389]LogBlueprint:Error: [compiler CharacterBase] Error This blueprint (self) is not a PlayerShooterCharacter_C, therefore ' Target ' must have a connection.
[2016.03.26-20.27.49:127][389]LogBlueprint:Error: [compiler CharacterBase] Error This blueprint (self) is not a PlayerShooterCharacter_C, therefore ' Target ' must have a connection.
[2016.03.26-20.27.49:375][389]LogBlueprint:Error: [compiler CharacterBase] Error This blueprint (self) is not a PlayerShooterCharacter_C, therefore ' Target ' must have a connection.
[2016.03.26-20.27.49:612][389]LogBlueprint:Error: [compiler CharacterBase] Error This blueprint (self) is not a PlayerShooterCharacter_C, therefore ' Target ' must have a connection.
[2016.03.26-20.27.49:856][389]LogBlueprint:Error: [compiler CharacterBase] Error This blueprint (self) is not a PlayerShooterCharacter_C, therefore ' Target ' must have a connection.
[2016.03.26-20.27.50:101][389]LogBlueprint:Error: [compiler CharacterBase] Error This blueprint (self) is not a PlayerShooterCharacter_C, therefore ' Target ' must have a connection.
[2016.03.26-20.27.50:345][389]LogBlueprint:Error: [compiler CharacterBase] Error This blueprint (self) is not a PlayerShooterCharacter_C, therefore ' Target ' must have a connection.
[2016.03.26-20.27.50:585][389]LogBlueprint:Error: [compiler CharacterBase] Error This blueprint (self) is not a PlayerShooterCharacter_C, therefore ' Target ' must have a connection.
[2016.03.26-20.27.50:839][389]LogBlueprint:Error: [compiler CharacterBase] Error This blueprint (self) is not a PlayerShooterCharacter_C, therefore ' Target ' must have a connection.
[2016.03.26-20.27.51:103][389]LogBlueprint:Error: [compiler CharacterBase] Error This blueprint (self) is not a PlayerShooterCharacter_C, therefore ' Target ' must have a connection.
[2016.03.26-20.27.51:357][389]LogBlueprint:Error: [compiler CharacterBase] Error This blueprint (self) is not a PlayerShooterCharacter_C, therefore ' Target ' must have a connection.
[2016.03.26-20.27.51:608][389]LogBlueprint:Error: [compiler CharacterBase] Error This blueprint (self) is not a PlayerShooterCharacter_C, therefore ' Target ' must have a connection.
[2016.03.26-20.27.51:860][389]LogBlueprint:Error: [compiler CharacterBase] Error This blueprint (self) is not a PlayerShooterCharacter_C, therefore ' Target ' must have a connection.
[2016.03.26-20.27.52:113][389]LogBlueprint:Error: [compiler CharacterBase] Error This blueprint (self) is not a PlayerShooterCharacter_C, therefore ' Target ' must have a connection.
[2016.03.26-20.27.52:360][389]LogBlueprint:Error: [compiler CharacterBase] Error This blueprint (self) is not a PlayerShooterCharacter_C, therefore ' Target ' must have a connection.
[2016.03.26-20.27.52:618][389]LogBlueprint:Error: [compiler CharacterBase] Error This blueprint (self) is not a PlayerShooterCharacter_C, therefore ' Target ' must have a connection.
[2016.03.26-20.27.52:869][389]LogBlueprint:Error: [compiler CharacterBase] Error This blueprint (self) is not a PlayerShooterCharacter_C, therefore ' Target ' must have a connection.
[2016.03.26-20.27.53:117][389]LogBlueprint:Error: [compiler CharacterBase] Error This blueprint (self) is not a PlayerShooterCharacter_C, therefore ' Target ' must have a connection.
[2016.03.26-20.27.53:367][389]LogBlueprint:Error: [compiler CharacterBase] Error This blueprint (self) is not a PlayerShooterCharacter_C, therefore ' Target ' must have a connection.
[2016.03.26-20.27.53:627][389]LogBlueprint:Error: [compiler CharacterBase] Error This blueprint (self) is not a PlayerShooterCharacter_C, therefore ' Target ' must have a connection.
[2016.03.26-20.27.53:888][389]LogBlueprint:Error: [compiler CharacterBase] Error This blueprint (self) is not a PlayerShooterCharacter_C, therefore ' Target ' must have a connection.
[2016.03.26-20.27.54:135][389]LogBlueprint:Error: [compiler CharacterBase] Error This blueprint (self) is not a PlayerShooterCharacter_C, therefore ' Target ' must have a connection.
[2016.03.26-20.27.54:395][389]LogBlueprint:Error: [compiler CharacterBase] Error This blueprint (self) is not a PlayerShooterCharacter_C, therefore ' Target ' must have a connection.
[2016.03.26-20.27.54:661][389]LogBlueprint:Error: [compiler CharacterBase] Error This blueprint (self) is not a PlayerShooterCharacter_C, therefore ' Target ' must have a connection.
[2016.03.26-20.27.54:920][389]LogBlueprint:Error: [compiler CharacterBase] Error This blueprint (self) is not a PlayerShooterCharacter_C, therefore ' Target ' must have a connection.
[2016.03.26-20.27.55:177][389]LogBlueprint:Error: [compiler CharacterBase] Error This blueprint (self) is not a PlayerShooterCharacter_C, therefore ' Target ' must have a connection.
[2016.03.26-20.27.55:441][389]LogBlueprint:Error: [compiler CharacterBase] Error This blueprint (self) is not a PlayerShooterCharacter_C, therefore ' Target ' mu