[2016.04.03-00.22.15:862][  0]Log file open, 04/02/16 20:22:15
[2016.04.03-00.22.15:862][  0]LogInit:Display: Running engine for game: FamilyThief
[2016.04.03-00.22.15:862][  0]LogPlatformFile: Not using cached read wrapper
[2016.04.03-00.22.15:862][  0]LogInit:Display: RandInit(-1498764104) SRandInit(-1498764104).
[2016.04.03-00.22.15:862][  0]LogTaskGraph: Started task graph with 4 named threads and 7 total threads.
[2016.04.03-00.22.15:862][  0]LogStats: Stats thread started at 0.064219
[2016.04.03-00.22.15:862][  0]LogInit: Version: 4.10.4-2872498+++depot+UE4-Releases+4.10
[2016.04.03-00.22.15:862][  0]LogInit: API Version: 2758231
[2016.04.03-00.22.15:862][  0]LogInit: Compiled (64-bit): Feb 18 2016 15:47:04
[2016.04.03-00.22.15:862][  0]LogInit: Compiled with Visual C++: 19.00.23026.00
[2016.04.03-00.22.15:862][  0]LogInit: Build Configuration: Development
[2016.04.03-00.22.15:862][  0]LogInit: Branch Name: ++depot+UE4-Releases+4.10
[2016.04.03-00.22.15:862][  0]LogInit: Command line:  /Temp/Autosaves/Game/ThirdPersonBP/Maps/UEDPCThirdPersonExampleMap -game -PIEVIACONSOLE -ResX=1280 -ResY=720  -Multiprocess 
[2016.04.03-00.22.15:862][  0]LogInit: Base directory: C:/Program Files (x86)/Epic Games/4.10/Engine/Binaries/Win64/
[2016.04.03-00.22.15:862][  0]LogInit: Rocket: 1
[2016.04.03-00.22.15:868][  0]LogInit: Using libcurl 7.41.0
[2016.04.03-00.22.15:868][  0]LogInit:  - built for x86_64-pc-win32
[2016.04.03-00.22.15:868][  0]LogInit:  - supports SSL with WinSSL
[2016.04.03-00.22.15:868][  0]LogInit:  - other features:
[2016.04.03-00.22.15:868][  0]LogInit:      CURL_VERSION_SSL
[2016.04.03-00.22.15:868][  0]LogInit:      CURL_VERSION_IPV6
[2016.04.03-00.22.15:868][  0]LogInit:      CURL_VERSION_ASYNCHDNS
[2016.04.03-00.22.15:868][  0]LogInit:      CURL_VERSION_LARGEFILE
[2016.04.03-00.22.15:868][  0]LogInit:      CURL_VERSION_IDN
[2016.04.03-00.22.15:868][  0]LogInit:  CurlRequestOptions (configurable via config and command line):
[2016.04.03-00.22.15:868][  0]LogInit:  - bVerifyPeer = true  - Libcurl will verify peer certificate
[2016.04.03-00.22.15:868][  0]LogInit:  - bUseHttpProxy = false  - Libcurl will NOT use HTTP proxy
[2016.04.03-00.22.15:868][  0]LogInit:  - bDontReuseConnections = false  - Libcurl will reuse connections
[2016.04.03-00.22.15:868][  0]LogInit:  - CertBundlePath = nullptr  - Libcurl will use whatever was configured at build time.
[2016.04.03-00.22.15:872][  0]LogInit: Presizing for 0 objects not considered by GC, pre-allocating 0 bytes.
[2016.04.03-00.22.15:876][  0]LogInit: Object subsystem initialized
[2016.04.03-00.22.15:877][  0]LogInit: Selected Device Profile: [Windows]
[2016.04.03-00.22.15:877][  0]LogInit: Applying CVar settings loaded from the selected device profile: [Windows]
[2016.04.03-00.22.15:879][  0]LogInit: Computer: DESKTOP-J618I8O
[2016.04.03-00.22.15:879][  0]LogInit: User: Doug
[2016.04.03-00.22.15:879][  0]LogInit: CPU Page size=4096, Cores=4
[2016.04.03-00.22.15:879][  0]LogInit: High frequency timer resolution =3.897227 MHz
[2016.04.03-00.22.15:879][  0]LogMemory: Memory total: Physical=16.0GB (16GB approx)
[2016.04.03-00.22.15:879][  0]LogMemory: Platform Memory Stats for Windows
[2016.04.03-00.22.15:879][  0]LogMemory: Process Physical Memory: 56.72 MB used, 56.72 MB peak
[2016.04.03-00.22.15:879][  0]LogMemory: Process Virtual Memory: 57.00 MB used, 57.00 MB peak
[2016.04.03-00.22.15:879][  0]LogMemory: Physical Memory: 7271.32 MB used, 16344.24 MB total
[2016.04.03-00.22.15:879][  0]LogMemory: Virtual Memory: 379.83 MB used, 134217728.00 MB total
[2016.04.03-00.22.15:905][  0]LogTextLocalizationManager: No specific translations for ('en-US') exist, so ('en') translations will be used.
[2016.04.03-00.22.16:194][  0]LogD3D11RHI: Found D3D11 adapter 0: NVIDIA GeForce GTX 980M                   (Feature Level 11_0)
[2016.04.03-00.22.16:194][  0]LogD3D11RHI: Adapter has 8093MB of dedicated video memory, 0MB of dedicated system memory, and 8172MB of shared system memory, 2 output[s]
[2016.04.03-00.22.16:195][  0]LogD3D11RHI: Found D3D11 adapter 1: Microsoft Basic Render Driver (Feature Level 11_0)
[2016.04.03-00.22.16:195][  0]LogD3D11RHI: Adapter has 0MB of dedicated video memory, 0MB of dedicated system memory, and 8172MB of shared system memory, 0 output[s]
[2016.04.03-00.22.16:195][  0]LogD3D11RHI: Chosen D3D11 Adapter Id = 0
[2016.04.03-00.22.16:198][  0]LogD3D11RHI: !Direct3DDevice
[2016.04.03-00.22.16:198][  0]LogRHI: Texture pool is 1361 MB (70% of 1945 MB)
[2016.04.03-00.22.16:207][  0]LogD3D11RHI: Async texture creation enabled
[2016.04.03-00.22.16:221][  0]LogShaderCompilers: Guid format shader working directory is -23 characters bigger than the processId version (../../../../../../Users/Doug!/Documents/Game310/TinyThief/FamilyThief/Intermediate/Shaders/WorkingDirectory/2272/).
[2016.04.03-00.22.16:221][  0]LogShaderCompilers: Cleaned the shader compiler working directory 'C:/Users/Doug!/AppData/Local/Temp/UnrealShaderWorkingDir/21E0E9824B7AAEDDAFB0BEA3C732528F/'.
[2016.04.03-00.22.16:221][  0]LogShaderCompilers:Display: Using Local Shader Compiler.
[2016.04.03-00.22.16:796][  0]LogTemp:Display: Loaded TP AllDesktopTargetPlatform
[2016.04.03-00.22.16:798][  0]LogTemp:Display: Loaded TP WindowsClientTargetPlatform
[2016.04.03-00.22.16:801][  0]LogTemp:Display: Loaded TP WindowsNoEditorTargetPlatform
[2016.04.03-00.22.16:804][  0]LogTemp:Display: Loaded TP WindowsServerTargetPlatform
[2016.04.03-00.22.16:807][  0]LogTemp:Display: Loaded TP WindowsTargetPlatform
[2016.04.03-00.22.16:809][  0]LogTemp:Display: Loaded TP AndroidTargetPlatform
[2016.04.03-00.22.16:811][  0]LogTemp:Display: Loaded TP Android_ASTCTargetPlatform
[2016.04.03-00.22.16:812][  0]LogTemp:Display: Loaded TP Android_ATCTargetPlatform
[2016.04.03-00.22.16:814][  0]LogTemp:Display: Loaded TP Android_DXTTargetPlatform
[2016.04.03-00.22.16:816][  0]LogTemp:Display: Loaded TP Android_ETC1TargetPlatform
[2016.04.03-00.22.16:818][  0]LogTemp:Display: Loaded TP Android_ETC2TargetPlatform
[2016.04.03-00.22.16:822][  0]LogTemp:Display: Loaded TP Android_MultiTargetPlatform
[2016.04.03-00.22.16:822][  0]LogTemp:Display: Loaded TP Android_PVRTCTargetPlatform
[2016.04.03-00.22.16:822][  0]LogTemp:Display: Loaded TP HTML5TargetPlatform
[2016.04.03-00.22.16:837][  0]LogTemp:Display: Loaded TP IOSTargetPlatform
[2016.04.03-00.22.16:839][  0]LogTemp:Display: Loaded TP LinuxNoEditorTargetPlatform
[2016.04.03-00.22.16:841][  0]LogTemp:Display: Loaded TP LinuxServerTargetPlatform
[2016.04.03-00.22.16:844][  0]LogTemp:Display: Loaded TP LinuxTargetPlatform
[2016.04.03-00.22.16:844][  0]LogTargetPlatformManager:Display: Building Assets For Windows
[2016.04.03-00.22.16:888][  0]LogDerivedDataCache:Display: Max Cache Size: 512 MB
[2016.04.03-00.22.16:923][  0]LogDerivedDataCache: Loaded boot cache 0.03s 45MB C:/Users/Doug!/AppData/Local/UnrealEngine/4.10/DerivedDataCache/Boot.ddc.
[2016.04.03-00.22.16:923][  0]LogDerivedDataCache:Display: Loaded Boot cache: C:/Users/Doug!/AppData/Local/UnrealEngine/4.10/DerivedDataCache/Boot.ddc
[2016.04.03-00.22.16:923][  0]LogDerivedDataCache: FDerivedDataBackendGraph:  Pak pak cache file ../../../../../../Users/Doug!/Documents/Game310/TinyThief/FamilyThief/DerivedDataCache/DDC.ddp not found, will not use a pak cache.
[2016.04.03-00.22.16:923][  0]LogDerivedDataCache: Unable to find inner node Pak for hierarchical cache Hierarchy.
[2016.04.03-00.22.16:923][  0]LogDerivedDataCache: FDerivedDataBackendGraph:  CompressedPak pak cache file ../../../../../../Users/Doug!/Documents/Game310/TinyThief/FamilyThief/DerivedDataCache/Compressed.ddp not found, will not use a pak cache.
[2016.04.03-00.22.16:923][  0]LogDerivedDataCache: Unable to find inner node CompressedPak for hierarchical cache Hierarchy.
[2016.04.03-00.22.16:965][  0]LogDerivedDataCache:Display: Pak cache opened for reading ../../../Engine/DerivedDataCache/Compressed.ddp.
[2016.04.03-00.22.16:977][  0]LogDerivedDataCache: Using Local data cache path C:/Users/Doug!/AppData/Local/UnrealEngine/Common/DerivedDataCache: Writable
[2016.04.03-00.22.17:102][  0]LogInit: Selected Device Profile: [Windows]
[2016.04.03-00.22.17:104][  0]LogContentStreaming: Texture pool size is 1000.000000MB
[2016.04.03-00.22.17:177][  0]LogMeshUtilities: No automatic mesh reduction module available
[2016.04.03-00.22.17:177][  0]LogMeshUtilities: No automatic mesh merging module available
[2016.04.03-00.22.17:314][  0]LogInit: WinSock: version 1.1 (2.2), MaxSocks=32767, MaxUdp=65467
[2016.04.03-00.22.17:447][  0]LogWindowsMoviePlayer: Unable to load movie: ../../../../../../Users/Doug!/Documents/Game310/TinyThief/FamilyThief/Content/Movies/Default_Startup.mp4
[2016.04.03-00.22.17:515][  0]SourceControl: Info Source control is disabled
[2016.04.03-00.22.17:515][  0]SourceControl: Info Source control is disabled
[2016.04.03-00.22.17:520][  0]SourceControl: Info Source control is disabled
[2016.04.03-00.22.17:608][  0]LogObj: 27935 objects as part of root set at end of initial load.
[2016.04.03-00.22.17:608][  0]LogUObjectAllocator: 5830072 out of 0 bytes used by permanent object pool.
[2016.04.03-00.22.17:651][  0]LogEngine: Initializing Engine...
[2016.04.03-00.22.17:653][  0]LogHMD: Can't find Oculus library dev build: is proper Runtime installed? Version: 0.8.0.0
[2016.04.03-00.22.17:653][  0]LogHMD: SteamVR failed to initialize.  Err: 110
[2016.04.03-00.22.17:732][  0]LogInit: XAudio2 using 'Speakers (Realtek High Definition Audio)' : 4 channels at 48 kHz using 32 bits per sample (channel mask 0x33)
[2016.04.03-00.22.17:736][  0]LogInit: FAudioDevice initialized.
[2016.04.03-00.22.17:738][  0]LogInit: Texture streaming: Enabled
[2016.04.03-00.22.17:783][  0]LogNet: Browse: /Temp/Autosaves/Game/ThirdPersonBP/Maps/UEDPCThirdPersonExampleMap?Name=Player
[2016.04.03-00.22.17:783][  0]LogLoad: LoadMap: /Temp/Autosaves/Game/ThirdPersonBP/Maps/UEDPCThirdPersonExampleMap?Name=Player
[2016.04.03-00.22.17:791][  0]LogParticles: Destroying 0 GPU particle simulations for FXSystem 0x000000019C40DD00
[2016.04.03-00.22.17:797][  0]LogMemory: Platform Memory Stats for Windows
[2016.04.03-00.22.17:797][  0]LogMemory: Process Physical Memory: 405.88 MB used, 405.88 MB peak
[2016.04.03-00.22.17:797][  0]LogMemory: Process Virtual Memory: 458.94 MB used, 458.95 MB peak
[2016.04.03-00.22.17:797][  0]LogMemory: Physical Memory: 7574.31 MB used, 16344.24 MB total
[2016.04.03-00.22.17:797][  0]LogMemory: Virtual Memory: 1021.59 MB used, 134217728.00 MB total
[2016.04.03-00.22.17:797][  0]LogMemory: 
[2016.04.03-00.22.17:797][  0]Allocator Stats for TBB: (not implemented)
[2016.04.03-00.22.17:920][  0]LogBlueprint:Warning: [compiler CharacterBase] Warning 'AIShooter Character' does not inherit from 'Character Base' ( Cast To AIShooter_Character  would always fail).
[2016.04.03-00.22.17:920][  0]LogBlueprint:Warning: [compiler CharacterBase] Warning 'Player Shooter Character' does not inherit from 'Character Base' ( Cast To PlayerShooterCharacter  would always fail).
[2016.04.03-00.22.17:920][  0]LogBlueprint:Warning: [compiler CharacterBase] Warning 'Player Shooter Character' does not inherit from 'Character Base' ( Cast To PlayerShooterCharacter  would always fail).
[2016.04.03-00.22.17:922][  0]LogBlueprint:Warning: [compiler CharacterBase] Warning [0002.26] Compile of CharacterBase successful, but with 3 Warning(s) [in 4 ms]
[2016.04.03-00.22.17:923][  0]LogBlueprint:Warning: [compiler CharacterBase] Warning [0002.26] Compile of CharacterBase successful, but with 4 Warning(s) [in 0 ms]
[2016.04.03-00.22.17:923][  0]LogBlueprint:Warning: [compiler CharacterBase] Warning [0002.26] Compile of CharacterBase successful, but with 5 Warning(s) [in 0 ms]
[2016.04.03-00.22.18:323][  0]LogAIModule: Creating AISystem for world ThirdPersonExampleMap
[2016.04.03-00.22.18:326][  0]LogWorld: Game class is 'ThirdPersonGameMode_C'
[2016.04.03-00.22.18:329][  0]LogWorld: Bringing World /Temp/Autosaves/Game/ThirdPersonBP/Maps/UEDPCThirdPersonExampleMap.ThirdPersonExampleMap up for play (max tick rate 0) at 2016.04.02-20.22.18
[2016.04.03-00.22.18:330][  0]LogWorld: Bringing up level for play took: 0.003358
[2016.04.03-00.22.18:332][  0]LogInit:Display: Game Engine Initialized.
[2016.04.03-00.22.18:541][  0]LogLoad: Full Startup: 2.88 seconds (BP compile: 0.18 seconds)
[2016.04.03-00.22.18:559][  0]LogWindowsTextInputMethodSystem:Display: IME system now deactivated.
[2016.04.03-00.22.18:559][  0]LogWindowsTextInputMethodSystem:Display: IME system now deactivated.
[2016.04.03-00.22.18:561][  0]LogOcInput: Can't find Oculus library dev build: is proper Runtime installed? Version: 0.8.0.0
[2016.04.03-00.22.18:611][  0]LogRenderer: Reallocating scene render targets to support 128x128 (Frame:1).
[2016.04.03-00.22.18:676][  1]LogRenderer: Reallocating scene render targets to support 1280x720 (Frame:2).
[2016.04.03-00.22.18:677][  1]LogScript:Warning: Accessed None 'K2Node_DynamicCast_AsCharacter_Movement_Component'
	BTT_SetWalkSpeedAndFocus_C /Temp/Autosaves/Game/ThirdPersonBP/Maps/UEDPCThirdPersonExampleMap.ThirdPersonExampleMap:PersistentLevel.AICharacter_Controller_C_0.BTComponent.BTT_SetWalkSpeedAndFocus_C_4
	Function /Game/ThirdPersonBP/AICharacter/BTT_SetWalkSpeedAndFocus.BTT_SetWalkSpeedAndFocus_C:ExecuteUbergraph_BTT_SetWalkSpeedAndFocus:0105
[2016.04.03-00.22.18:677][  1]LogScript:Warning: Attempt to assign variable through None
	BTT_SetWalkSpeedAndFocus_C /Temp/Autosaves/Game/ThirdPersonBP/Maps/UEDPCThirdPersonExampleMap.ThirdPersonExampleMap:PersistentLevel.AICharacter_Controller_C_0.BTComponent.BTT_SetWalkSpeedAndFocus_C_4
	Function /Game/ThirdPersonBP/AICharacter/BTT_SetWalkSpeedAndFocus.BTT_SetWalkSpeedAndFocus_C:ExecuteUbergraph_BTT_SetWalkSpeedAndFocus:011A
[2016.04.03-00.22.20:274][100]LogScript:Warning: Accessed None 'K2Node_DynamicCast_AsCharacter_Movement_Component'
	BTT_SetWalkSpeedAndFocus_C /Temp/Autosaves/Game/ThirdPersonBP/Maps/UEDPCThirdPersonExampleMap.ThirdPersonExampleMap:PersistentLevel.AICharacter_Controller_C_0.BTComponent.BTT_SetWalkSpeedAndFocus_C_4
	Function /Game/ThirdPersonBP/AICharacter/BTT_SetWalkSpeedAndFocus.BTT_SetWalkSpeedAndFocus_C:ExecuteUbergraph_BTT_SetWalkSpeedAndFocus:0105
[2016.04.03-00.22.20:274][100]LogScript:Warning: Attempt to assign variable through None
	BTT_SetWalkSpeedAndFocus_C /Temp/Autosaves/Game/ThirdPersonBP/Maps/UEDPCThirdPersonExampleMap.ThirdPersonExampleMap:PersistentLevel.AICharacter_Controller_C_0.BTComponent.BTT_SetWalkSpeedAndFocus_C_4
	Function /Game/ThirdPersonBP/AICharacter/BTT_SetWalkSpeedAndFocus.BTT_SetWalkSpeedAndFocus_C:ExecuteUbergraph_BTT_SetWalkSpeedAndFocus:011A
[2016.04.03-00.22.25:081][398]LogBlueprintUserMessages: [PlayerShooterCharacter_C_0] ouch
[2016.04.03-00.22.26:016][456]LogBlueprintUserMessages: [AIShooter_Character_C_0] ouch
[2016.04.03-00.22.26:258][471]LogBlueprintUserMessages: [AIShooter_Character_C_0] ouch
[2016.04.03-00.22.26:662][496]LogBlueprintUserMessages: [AIShooter_Character_C_0] ouch
[2016.04.03-00.22.37:839][189]LogBlueprintUserMessages: [BTT_Sleep_C_1] waking
[2016.04.03-00.22.37:871][191]LogScript:Warning: Accessed None 'K2Node_DynamicCast_AsCharacter_Movement_Component'
	BTT_SetWalkSpeedAndFocus_C /Temp/Autosaves/Game/ThirdPersonBP/Maps/UEDPCThirdPersonExampleMap.ThirdPersonExampleMap:PersistentLevel.AICharacter_Controller_C_0.BTComponent.BTT_SetWalkSpeedAndFocus_C_4
	Function /Game/ThirdPersonBP/AICharacter/BTT_SetWalkSpeedAndFocus.BTT_SetWalkSpeedAndFocus_C:ExecuteUbergraph_BTT_SetWalkSpeedAndFocus:0105
[2016.04.03-00.22.37:871][191]LogScript:Warning: Attempt to assign variable through None
	BTT_SetWalkSpeedAndFocus_C /Temp/Autosaves/Game/ThirdPersonBP/Maps/UEDPCThirdPersonExampleMap.ThirdPersonExampleMap:PersistentLevel.AICharacter_Controller_C_0.BTComponent.BTT_SetWalkSpeedAndFocus_C_4
	Function /Game/ThirdPersonBP/AICharacter/BTT_SetWalkSpeedAndFocus.BTT_SetWalkSpeedAndFocus_C:ExecuteUbergraph_BTT_SetWalkSpeedAndFocus:011A
[2016.04.03-00.22.38:242][214]LogBlueprintUserMessages: [PlayerShooterCharacter_C_0] ouch
[2016.04.03-00.22.38:952][258]LogBlueprintUserMessages: [AIShooter_Character_C_0] ouch
[2016.04.03-00.22.39:162][271]LogBlueprintUserMessages: [AIShooter_Character_C_0] ouch
[2016.04.03-00.22.39:371][284]LogBlueprintUserMessages: [AIShooter_Character_C_0] ouch
[2016.04.03-00.22.50:614][981]LogBlueprintUserMessages: [BTT_Sleep_C_1] waking
[2016.04.03-00.22.51:259][ 21]LogBlueprintUserMessages: [PlayerShooterCharacter_C_0] ouch
[2016.04.03-00.22.53:291][144]LogPackageName: SearchForPackageOnDisk took   0.049s to resolve ThirdPersonExampleMap.umap.
[2016.04.03-00.22.53:339][145]LogPackageName: SearchForPackageOnDisk took   0.046s to resolve ThirdPersonExampleMap.umap.
[2016.04.03-00.22.53:339][145]LogNet: Browse: /Game/ThirdPersonBP/Maps/ThirdPersonExampleMap
[2016.04.03-00.22.53:339][145]LogLoad: LoadMap: /Game/ThirdPersonBP/Maps/ThirdPersonExampleMap
[2016.04.03-00.22.53:366][145]LogParticles: Destroying 0 GPU particle simulations for FXSystem 0x000000019FABFEC0
[2016.04.03-00.22.53:390][145]LogMemory: Platform Memory Stats for Windows
[2016.04.03-00.22.53:390][145]LogMemory: Process Physical Memory: 475.59 MB used, 496.12 MB peak
[2016.04.03-00.22.53:390][145]LogMemory: Process Virtual Memory: 730.70 MB used, 775.96 MB peak
[2016.04.03-00.22.53:390][145]LogMemory: Physical Memory: 7622.06 MB used, 16344.24 MB total
[2016.04.03-00.22.53:390][145]LogMemory: Virtual Memory: 1384.92 MB used, 134217728.00 MB total
[2016.04.03-00.22.53:390][145]LogMemory: 
[2016.04.03-00.22.53:390][145]Allocator Stats for TBB: (not implemented)
[2016.04.03-00.22.53:507][145]LogBlueprint:Warning: [compiler CharacterBase] Warning 'AIShooter Character' does not inherit from 'Character Base' ( Cast To AIShooter_Character  would always fail).
[2016.04.03-00.22.53:508][145]LogBlueprint:Warning: [compiler CharacterBase] Warning 'Player Shooter Character' does not inherit from 'Character Base' ( Cast To PlayerShooterCharacter  would always fail).
[2016.04.03-00.22.53:508][145]LogBlueprint:Warning: [compiler CharacterBase] Warning 'Player Shooter Character' does not inherit from 'Character Base' ( Cast To PlayerShooterCharacter  would always fail).
[2016.04.03-00.22.53:509][145]LogBlueprint:Warning: [compiler CharacterBase] Warning [0037.85] Compile of CharacterBase successful, but with 3 Warning(s) [in 5 ms]
[2016.04.03-00.22.53:510][145]LogBlueprint:Warning: [compiler CharacterBase] Warning [0037.85] Compile of CharacterBase successful, but with 4 Warning(s) [in 0 ms]
[2016.04.03-00.22.53:510][145]LogBlueprint:Warning: [compiler CharacterBase] Warning [0037.85] Compile of CharacterBase successful, but with 5 Warning(s) [in 0 ms]
[2016.04.03-00.22.53:895][145]LogAIModule: Creating AISystem for world ThirdPersonExampleMap
[2016.04.03-00.22.53:898][145]LogWorld: Game class is 'ThirdPersonGameMode_C'
[2016.04.03-00.22.53:900][145]LogWorld: Bringing World /Game/ThirdPersonBP/Maps/ThirdPersonExampleMap.ThirdPersonExampleMap up for play (max tick rate 0) at 2016.04.02-20.22.53
[2016.04.03-00.22.53:901][145]LogWorld: Bringing up level for play took: 0.002381
[2016.04.03-00.22.53:903][145]LogScript:Warning: Accessed None 'K2Node_DynamicCast_AsCharacter_Movement_Component'
	BTT_SetWalkSpeedAndFocus_C /Game/ThirdPersonBP/Maps/ThirdPersonExampleMap.ThirdPersonExampleMap:PersistentLevel.AICharacter_Controller_C_0.BTComponent.BTT_SetWalkSpeedAndFocus_C_4
	Function /Game/ThirdPersonBP/AICharacter/BTT_SetWalkSpeedAndFocus.BTT_SetWalkSpeedAndFocus_C:ExecuteUbergraph_BTT_SetWalkSpeedAndFocus:0105
[2016.04.03-00.22.53:903][145]LogScript:Warning: Attempt to assign variable through None
	BTT_SetWalkSpeedAndFocus_C /Game/ThirdPersonBP/Maps/ThirdPersonExampleMap.ThirdPersonExampleMap:PersistentLevel.AICharacter_Controller_C_0.BTComponent.BTT_SetWalkSpeedAndFocus_C_4
	Function /Game/ThirdPersonBP/AICharacter/BTT_SetWalkSpeedAndFocus.BTT_SetWalkSpeedAndFocus_C:ExecuteUbergraph_BTT_SetWalkSpeedAndFocus:011A
[2016.04.03-00.22.53:904][146]Set new viewmode: Wireframe
[2016.04.03-00.22.57:214][350]LogScript:Warning: Accessed None 'K2Node_DynamicCast_AsCharacter_Movement_Component'
	BTT_SetWalkSpeedAndFocus_C /Game/ThirdPersonBP/Maps/ThirdPersonExampleMap.ThirdPersonExampleMap:PersistentLevel.AICharacter_Controller_C_0.BTComponent.BTT_SetWalkSpeedAndFocus_C_4
	Function /Game/ThirdPersonBP/AICharacter/BTT_SetWalkSpeedAndFocus.BTT_SetWalkSpeedAndFocus_C:ExecuteUbergraph_BTT_SetWalkSpeedAndFocus:0105
[2016.04.03-00.22.57:214][350]LogScript:Warning: Attempt to assign variable through None
	BTT_SetWalkSpeedAndFocus_C /Game/ThirdPersonBP/Maps/ThirdPersonExampleMap.ThirdPersonExampleMap:PersistentLevel.AICharacter_Controller_C_0.BTComponent.BTT_SetWalkSpeedAndFocus_C_4
	Function /Game/ThirdPersonBP/AICharacter/BTT_SetWalkSpeedAndFocus.BTT_SetWalkSpeedAndFocus_C:ExecuteUbergraph_BTT_SetWalkSpeedAndFocus:011A
[2016.04.03-00.22.58:246][414]LogScript:Warning: Accessed None 'K2Node_DynamicCast_AsCharacter_Movement_Component'
	BTT_SetWalkSpeedAndFocus_C /Game/ThirdPersonBP/Maps/ThirdPersonExampleMap.ThirdPersonExampleMap:PersistentLevel.AICharacter_Controller_C_0.BTComponent.BTT_SetWalkSpeedAndFocus_C_4
	Function /Game/ThirdPersonBP/AICharacter/BTT_SetWalkSpeedAndFocus.BTT_SetWalkSpeedAndFocus_C:ExecuteUbergraph_BTT_SetWalkSpeedAndFocus:0105
[2016.04.03-00.22.58:246][414]LogScript:Warning: Attempt to assign variable through None
	BTT_SetWalkSpeedAndFocus_C /Game/ThirdPersonBP/Maps/ThirdPersonExampleMap.ThirdPersonExampleMap:PersistentLevel.AICharacter_Controller_C_0.BTComponent.BTT_SetWalkSpeedAndFocus_C_4
	Function /Game/ThirdPersonBP/AICharacter/BTT_SetWalkSpeedAndFocus.BTT_SetWalkSpeedAndFocus_C:ExecuteUbergraph_BTT_SetWalkSpeedAndFocus:011A
[2016.04.03-00.22.58:589][431]LogWindowsTextInputMethodSystem:Display: IME system now deactivated.
[2016.04.03-00.22.58:589][431]LogWindowsTextInputMethodSystem:Display: IME system now deactivated.
[2016.04.03-00.22.58:592][431]LogEngine: All Windows Closed
[2016.04.03-00.22.58:592][431]LogWindows: FPlatformMisc::RequestExit(0)
[2016.04.03-00.22.58:666][432]LogExit: Preparing to exit.
[2016.04.03-00.22.58:723][432]LogExit: Game engine shut down
[2016.04.03-00.22.58:828][432]LogParticles: Destroying 0 GPU particle simulations for FXSystem 0x00000001AD043CE0
[2016.04.03-00.22.58:828][432]LogExit: Object subsystem successfully closed.
[2016.04.03-00.22.58:840][432]LogD3D11RHI: Shutdown
[2016.04.03-00.22.58:840][432]LogD3D11RHI: CleanupD3DDevice
[2016.04.03-00.22.58:867][432]LogD3D11RHI: ~FD3D11DynamicRHI
[2016.04.03-00.22.58:873][432]LogModuleManager: Shutting down and abandoning module AndroidDeviceDetection (117)
[2016.04.03-00.22.59:560][432]LogModuleManager: Shutting down and abandoning module AutomationController (116)
[2016.04.03-00.22.59:560][432]LogModuleManager: Shutting down and abandoning module AutomationWorker (115)
[2016.04.03-00.22.59:560][432]LogModuleManager: Shutting down and abandoning module CharacterAI (114)
[2016.04.03-00.22.59:560][432]LogModuleManager: Shutting down and abandoning module AITestSuite (113)
[2016.04.03-00.22.59:560][432]LogModuleManager: Shutting down and abandoning module GameplayDebugger (112)
[2016.04.03-00.22.59:560][432]LogModuleManager: Shutting down and abandoning module AIModule (111)
[2016.04.03-00.22.59:560][432]LogModuleManager: Shutting down and abandoning module MovieSceneCapture (110)
[2016.04.03-00.22.59:560][432]LogModuleManager: Shutting down and abandoning module GameLiveStreaming (109)
[2016.04.03-00.22.59:560][432]LogModuleManager: Shutting down and abandoning module StreamingPauseRendering (108)
[2016.04.03-00.22.59:560][432]LogModuleManager: Shutting down and abandoning module ProfilerService (107)
[2016.04.03-00.22.59:654][432]LogModuleManager: Shutting down and abandoning module TaskGraph (106)
[2016.04.03-00.22.59:654][432]LogModuleManager: Shutting down and abandoning module SlateRemote (105)
[2016.04.03-00.22.59:654][432]LogModuleManager: Shutting down and abandoning module SteamVRController (104)
[2016.04.03-00.22.59:654][432]LogModuleManager: Shutting down and abandoning module SteamVR (103)
[2016.04.03-00.22.59:654][432]LogModuleManager: Shutting down and abandoning module ProceduralMeshComponent (102)
[2016.04.03-00.22.59:654][432]LogModuleManager: Shutting down and abandoning module OculusLibrary (101)
[2016.04.03-00.22.59:654][432]LogModuleManager: Shutting down and abandoning module OculusInput (100)
[2016.04.03-00.22.59:654][432]LogModuleManager: Shutting down and abandoning module LeapMotionController (99)
[2016.04.03-00.22.59:664][432]LogModuleManager: Shutting down and abandoning module CustomMeshComponent (98)
[2016.04.03-00.22.59:664][432]LogModuleManager: Shutting down and abandoning module CableComponent (97)
[2016.04.03-00.22.59:664][432]LogModuleManager: Shutting down and abandoning module ArchVisCharacter (96)
[2016.04.03-00.22.59:664][432]LogModuleManager: Shutting down and abandoning module HTML5Networking (95)
[2016.04.03-00.22.59:664][432]LogModuleManager: Shutting down and abandoning module DesktopPlatform (94)
[2016.04.03-00.22.59:664][432]LogModuleManager: Shutting down and abandoning module DirectoryWatcher (93)
[2016.04.03-00.22.59:664][432]LogModuleManager: Shutting down and abandoning module HotReload (92)
[2016.04.03-00.22.59:664][432]LogModuleManager: Shutting down and abandoning module VisualStudioSourceCodeAccess (91)
[2016.04.03-00.22.59:664][432]LogModuleManager: Shutting down and abandoning module UObjectPlugin (90)
[2016.04.03-00.22.59:664][432]LogModuleManager: Shutting down and abandoning module SubversionSourceControl (89)
[2016.04.03-00.22.59:664][432]LogModuleManager: Shutting down and abandoning module SourceControl (88)
[2016.04.03-00.22.59:664][432]LogModuleManager: Shutting down and abandoning module PerforceSourceControl (87)
[2016.04.03-00.22.59:664][432]LogModuleManager: Shutting down and abandoning module UdpMessaging (86)
[2016.04.03-00.22.59:664][432]LogModuleManager: Shutting down and abandoning module LightPropagationVolumeRuntime (85)
[2016.04.03-00.22.59:664][432]LogModuleManager: Shutting down and abandoning module Paper2D (84)
[2016.04.03-00.22.59:664][432]LogModuleManager: Shutting down and abandoning module WindowsMoviePlayer (83)
[2016.04.03-00.22.59:666][432]LogModuleManager: Shutting down and abandoning module Media (82)
[2016.04.03-00.22.59:666][432]LogModuleManager: Shutting down and abandoning module WmfMedia (81)
[2016.04.03-00.22.59:666][432]LogModuleManager: Shutting down and abandoning module OnlineBlueprintSupport (80)
[2016.04.03-00.22.59:666][432]LogModuleManager: Shutting down and abandoning module GameplayTasksEditor (79)
[2016.04.03-00.22.59:666][432]LogModuleManager: Shutting down and abandoning module PropertyEditor (78)
[2016.04.03-00.22.59:666][432]LogModuleManager: Shutting down and abandoning module BehaviorTreeEditor (77)
[2016.04.03-00.22.59:666][432]LogModuleManager: Shutting down and abandoning module FunctionalTesting (76)
[2016.04.03-00.22.59:666][432]LogModuleManager: Shutting down and abandoning module CollisionAnalyzer (75)
[2016.04.03-00.22.59:666][432]LogModuleManager: Shutting down and abandoning module WorkspaceMenuStructure (74)
[2016.04.03-00.22.59:666][432]LogModuleManager: Shutting down and abandoning module MessageLog (73)
[2016.04.03-00.22.59:666][432]LogModuleManager: Shutting down and abandoning module Sequencer (72)
[2016.04.03-00.22.59:666][432]LogModuleManager: Shutting down and abandoning module AssetTools (71)
[2016.04.03-00.22.59:666][432]LogModuleManager: Shutting down and abandoning module UMGEditor (70)
[2016.04.03-00.22.59:666][432]LogModuleManager: Shutting down and abandoning module UMG (69)
[2016.04.03-00.22.59:666][432]LogModuleManager: Shutting down and abandoning module Slate (68)
[2016.04.03-00.22.59:666][432]LogModuleManager: Shutting down and abandoning module EditorStyle (67)
[2016.04.03-00.22.59:667][432]LogModuleManager: Shutting down and abandoning module SessionServices (66)
[2016.04.03-00.22.59:667][432]LogModuleManager: Shutting down and abandoning module SourceCodeAccess (65)
[2016.04.03-00.22.59:667][432]LogModuleManager: Shutting down and abandoning module HeadMountedDisplay (64)
[2016.04.03-00.22.59:667][432]LogModuleManager: Shutting down and abandoning module XAudio2 (63)
[2016.04.03-00.22.59:667][432]LogModuleManager: Shutting down and abandoning module Networking (61)
[2016.04.03-00.22.59:667][432]LogModuleManager: Shutting down and abandoning module Core (60)
[2016.04.03-00.22.59:667][432]LogModuleManager: Shutting down and abandoning module KismetCompiler (59)
[2016.04.03-00.22.59:667][432]LogModuleManager: Shutting down and abandoning module PhysXFormats (58)
[2016.04.03-00.22.59:667][432]LogModuleManager: Shutting down and abandoning module MeshUtilities (57)
[2016.04.03-00.22.59:667][432]LogModuleManager: Shutting down and abandoning module DerivedDataCache (56)
[2016.04.03-00.22.59:993][432]LogDerivedDataCache: Shutdown
[2016.04.03-00.22.59:993][432]LogModuleManager: Shutting down and abandoning module ShaderFormatOpenGL (55)
[2016.04.03-00.22.59:993][432]LogModuleManager: Shutting down and abandoning module ShaderFormatD3D (54)
[2016.04.03-00.22.59:993][432]LogModuleManager: Shutting down and abandoning module MetalShaderFormat (53)
[2016.04.03-00.22.59:993][432]LogModuleManager: Shutting down and abandoning module TextureFormatUncompressed (52)
[2016.04.03-00.22.59:993][432]LogModuleManager: Shutting down and abandoning module TextureFormatPVR (51)
[2016.04.03-00.22.59:993][432]LogModuleManager: Shutting down and abandoning module TextureFormatIntelISPCTexComp (50)
[2016.04.03-00.22.59:993][432]LogModuleManager: Shutting down and abandoning module TextureFormatDXT (49)
[2016.04.03-00.22.59:993][432]LogModuleManager: Shutting down and abandoning module ImageWrapper (48)
[2016.04.03-00.22.59:993][432]LogModuleManager: Shutting down and abandoning module TextureFormatASTC (47)
[2016.04.03-00.22.59:993][432]LogModuleManager: Shutting down and abandoning module TextureFormatAndroid (46)
[2016.04.03-00.22.59:993][432]LogModuleManager: Shutting down and abandoning module AudioFormatOpus (45)
[2016.04.03-00.22.59:993][432]LogModuleManager: Shutting down and abandoning module AudioFormatOgg (44)
[2016.04.03-00.22.59:993][432]LogModuleManager: Shutting down and abandoning module AudioFormatADPCM (43)
[2016.04.03-00.22.59:993][432]LogModuleManager: Shutting down and abandoning module LinuxTargetPlatform (42)
[2016.04.03-00.22.59:993][432]LogModuleManager: Shutting down and abandoning module LinuxServerTargetPlatform (41)
[2016.04.03-00.22.59:993][432]LogModuleManager: Shutting down and abandoning module LinuxNoEditorTargetPlatform (40)
[2016.04.03-00.22.59:993][432]LogModuleManager: Shutting down and abandoning module Messaging (39)
[2016.04.03-00.22.59:993][432]LogModuleManager: Shutting down and abandoning module IOSTargetPlatform (38)
[2016.04.03-00.22.59:993][432]LogModuleManager: Shutting down and abandoning module HTML5TargetPlatform (37)
[2016.04.03-00.22.59:993][432]LogModuleManager: Shutting down and abandoning module Android_PVRTCTargetPlatform (36)
[2016.04.03-00.22.59:993][432]LogModuleManager: Shutting down and abandoning module Android_MultiTargetPlatform (35)
[2016.04.03-00.22.59:993][432]LogModuleManager: Shutting down and abandoning module Android_ETC2TargetPlatform (34)
[2016.04.03-00.22.59:993][432]LogModuleManager: Shutting down and abandoning module Android_ETC1TargetPlatform (33)
[2016.04.03-00.22.59:993][432]LogModuleManager: Shutting down and abandoning module Android_DXTTargetPlatform (32)
[2016.04.03-00.22.59:993][432]LogModuleManager: Shutting down and abandoning module Android_ATCTargetPlatform (31)
[2016.04.03-00.22.59:993][432]LogModuleManager: Shutting down and abandoning module Android_ASTCTargetPlatform (30)
[2016.04.03-00.22.59:993][432]LogModuleManager: Shutting down and abandoning module AndroidTargetPlatform (29)
[2016.04.03-00.22.59:993][432]LogModuleManager: Shutting down and abandoning module WindowsTargetPlatform (28)
[2016.04.03-00.22.59:993][432]LogModuleManager: Shutting down and abandoning module WindowsServerTargetPlatform (27)
[2016.04.03-00.22.59:993][432]LogModuleManager: Shutting down and abandoning module WindowsNoEditorTargetPlatform (26)
[2016.04.03-00.22.59:993][432]LogModuleManager: Shutting down and abandoning module WindowsClientTargetPlatform (25)
[2016.04.03-00.22.59:993][432]LogModuleManager: Shutting down and abandoning module AllDesktopTargetPlatform (24)
[2016.04.03-00.22.59:993][432]LogModuleManager: Shutting down and abandoning module TargetPlatform (23)
[2016.04.03-00.22.59:993][432]LogModuleManager: Shutting down and abandoning module InputCore (22)
[2016.04.03-00.22.59:993][432]LogModuleManager: Shutting down and abandoning module Settings (21)
[2016.04.03-00.22.59:993][432]LogModuleManager: Shutting down and abandoning module OnlineSubsystem (19)
[2016.04.03-00.22.59:993][432]LogModuleManager: Shutting down and abandoning module HTTP (18)
[2016.04.03-00.22.59:993][432]LogModuleManager: Shutting down and abandoning module XMPP (17)
[2016.04.03-00.22.59:993][432]LogModuleManager: Shutting down and abandoning module OculusRift (16)
[2016.04.03-00.22.59:993][432]LogModuleManager: Shutting down and abandoning module ExampleDeviceProfileSelector (15)
[2016.04.03-00.22.59:993][432]LogModuleManager: Shutting down and abandoning module TextureCompressor (14)
[2016.04.03-00.22.59:993][432]LogModuleManager: Shutting down and abandoning module ShaderCore (13)
[2016.04.03-00.22.59:993][432]LogModuleManager: Shutting down and abandoning module Landscape (12)
[2016.04.03-00.22.59:993][432]LogModuleManager: Shutting down and abandoning module SlateRHIRenderer (11)
[2016.04.03-00.22.59:993][432]LogModuleManager: Shutting down and abandoning module OpenGLDrv (10)
[2016.04.03-00.22.59:993][432]LogModuleManager: Shutting down and abandoning module D3D11RHI (9)
[2016.04.03-00.22.59:993][432]LogModuleManager: Shutting down and abandoning module AnimGraphRuntime (8)
[2016.04.03-00.22.59:993][432]LogModuleManager: Shutting down and abandoning module Renderer (7)
[2016.04.03-00.22.59:994][432]LogModuleManager: Shutting down and abandoning module Engine (6)
[2016.04.03-00.22.59:994][432]LogModuleManager: Shutting down and abandoning module CoreUObject (5)
[2016.04.03-00.22.59:994][432]LogModuleManager: Shutting down and abandoning module NetworkFile (4)
[2016.04.03-00.22.59:994][432]LogModuleManager: Shutting down and abandoning module StreamingFile (3)
[2016.04.03-00.22.59:994][432]LogModuleManager: Shutting down and abandoning module SandboxFile (2)
[2016.04.03-00.22.59:994][432]LogModuleManager: Shutting down and abandoning module PakFile (1)
[2016.04.03-00.22.59:994][432]LogExit: Exiting.
[2016.04.03-00.22.59:995][432]Log file closed, 04/02/16 20:22:59
