[2016.03.26-20.15.48:990][  0]Log file open, 03/26/16 16:15:48
[2016.03.26-20.15.48:990][  0]LogInit:Display: Running engine for game: FamilyThief
[2016.03.26-20.15.48:990][  0]LogPlatformFile: Not using cached read wrapper
[2016.03.26-20.15.48:990][  0]LogInit:Display: RandInit(674092644) SRandInit(674092650).
[2016.03.26-20.15.48:990][  0]LogTaskGraph: Started task graph with 4 named threads and 7 total threads.
[2016.03.26-20.15.48:990][  0]LogStats: Stats thread started at 0.169488
[2016.03.26-20.15.48:990][  0]LogInit: Version: 4.10.4-2872498+++depot+UE4-Releases+4.10
[2016.03.26-20.15.48:990][  0]LogInit: API Version: 2758231
[2016.03.26-20.15.48:990][  0]LogInit: Compiled (64-bit): Feb 18 2016 15:47:04
[2016.03.26-20.15.48:990][  0]LogInit: Compiled with Visual C++: 19.00.23026.00
[2016.03.26-20.15.48:990][  0]LogInit: Build Configuration: Development
[2016.03.26-20.15.48:990][  0]LogInit: Branch Name: ++depot+UE4-Releases+4.10
[2016.03.26-20.15.48:990][  0]LogInit: Command line:  
[2016.03.26-20.15.48:990][  0]LogInit: Base directory: C:/Program Files (x86)/Epic Games/4.10/Engine/Binaries/Win64/
[2016.03.26-20.15.48:990][  0]LogInit: Rocket: 1
[2016.03.26-20.15.49:007][  0]LogInit: Using libcurl 7.41.0
[2016.03.26-20.15.49:007][  0]LogInit:  - built for x86_64-pc-win32
[2016.03.26-20.15.49:007][  0]LogInit:  - supports SSL with WinSSL
[2016.03.26-20.15.49:007][  0]LogInit:  - other features:
[2016.03.26-20.15.49:007][  0]LogInit:      CURL_VERSION_SSL
[2016.03.26-20.15.49:007][  0]LogInit:      CURL_VERSION_IPV6
[2016.03.26-20.15.49:007][  0]LogInit:      CURL_VERSION_ASYNCHDNS
[2016.03.26-20.15.49:007][  0]LogInit:      CURL_VERSION_LARGEFILE
[2016.03.26-20.15.49:007][  0]LogInit:      CURL_VERSION_IDN
[2016.03.26-20.15.49:007][  0]LogInit:  CurlRequestOptions (configurable via config and command line):
[2016.03.26-20.15.49:007][  0]LogInit:  - bVerifyPeer = true  - Libcurl will verify peer certificate
[2016.03.26-20.15.49:007][  0]LogInit:  - bUseHttpProxy = false  - Libcurl will NOT use HTTP proxy
[2016.03.26-20.15.49:007][  0]LogInit:  - bDontReuseConnections = false  - Libcurl will reuse connections
[2016.03.26-20.15.49:007][  0]LogInit:  - CertBundlePath = nullptr  - Libcurl will use whatever was configured at build time.
[2016.03.26-20.15.49:024][  0]LogInit: Presizing for 0 objects not considered by GC, pre-allocating 0 bytes.
[2016.03.26-20.15.49:039][  0]LogInit: Object subsystem initialized
[2016.03.26-20.15.49:042][  0]LogInit: Selected Device Profile: [Windows]
[2016.03.26-20.15.49:042][  0]LogInit: Applying CVar settings loaded from the selected device profile: [Windows]
[2016.03.26-20.15.49:071][  0]LogInit: Computer: DESKTOP-J618I8O
[2016.03.26-20.15.49:071][  0]LogInit: User: Doug
[2016.03.26-20.15.49:071][  0]LogInit: CPU Page size=4096, Cores=4
[2016.03.26-20.15.49:071][  0]LogInit: High frequency timer resolution =3.897224 MHz
[2016.03.26-20.15.49:071][  0]LogMemory: Memory total: Physical=16.0GB (16GB approx)
[2016.03.26-20.15.49:071][  0]LogMemory: Platform Memory Stats for Windows
[2016.03.26-20.15.49:071][  0]LogMemory: Process Physical Memory: 56.28 MB used, 56.28 MB peak
[2016.03.26-20.15.49:071][  0]LogMemory: Process Virtual Memory: 56.80 MB used, 56.80 MB peak
[2016.03.26-20.15.49:071][  0]LogMemory: Physical Memory: 4662.77 MB used, 16344.24 MB total
[2016.03.26-20.15.49:071][  0]LogMemory: Virtual Memory: 378.96 MB used, 134217728.00 MB total
[2016.03.26-20.15.49:135][  0]LogTextLocalizationManager: No specific translations for ('en-US') exist, so ('en') translations will be used.
[2016.03.26-20.15.50:285][  0]LogD3D11RHI: Found D3D11 adapter 0: NVIDIA GeForce GTX 980M                   (Feature Level 11_0)
[2016.03.26-20.15.50:285][  0]LogD3D11RHI: Adapter has 8093MB of dedicated video memory, 0MB of dedicated system memory, and 8172MB of shared system memory, 2 output[s]
[2016.03.26-20.15.50:289][  0]LogD3D11RHI: Found D3D11 adapter 1: Microsoft Basic Render Driver (Feature Level 11_0)
[2016.03.26-20.15.50:289][  0]LogD3D11RHI: Adapter has 0MB of dedicated video memory, 0MB of dedicated system memory, and 8172MB of shared system memory, 0 output[s]
[2016.03.26-20.15.50:290][  0]LogD3D11RHI: Chosen D3D11 Adapter Id = 0
[2016.03.26-20.15.50:301][  0]LogD3D11RHI: !Direct3DDevice
[2016.03.26-20.15.50:301][  0]LogRHI: Texture pool is 1361 MB (70% of 1945 MB)
[2016.03.26-20.15.50:329][  0]LogD3D11RHI: Async texture creation enabled
[2016.03.26-20.15.50:346][  0]LogShaderCompilers: Guid format shader working directory is -23 characters bigger than the processId version (../../../../../../Users/Doug!/Documents/Game310/TinyThief/FamilyThief/Intermediate/Shaders/WorkingDirectory/3900/).
[2016.03.26-20.15.50:346][  0]LogShaderCompilers: Cleaned the shader compiler working directory 'C:/Users/Doug!/AppData/Local/Temp/UnrealShaderWorkingDir/D07104854429103BBE7D5CA6F28350FD/'.
[2016.03.26-20.15.50:346][  0]LogShaderCompilers:Display: Using Local Shader Compiler.
[2016.03.26-20.15.53:556][  0]LogTemp:Display: Loaded TP AllDesktopTargetPlatform
[2016.03.26-20.15.53:572][  0]LogTemp:Display: Loaded TP WindowsClientTargetPlatform
[2016.03.26-20.15.53:588][  0]LogTemp:Display: Loaded TP WindowsNoEditorTargetPlatform
[2016.03.26-20.15.53:599][  0]LogTemp:Display: Loaded TP WindowsServerTargetPlatform
[2016.03.26-20.15.53:610][  0]LogTemp:Display: Loaded TP WindowsTargetPlatform
[2016.03.26-20.15.53:618][  0]LogTemp:Display: Loaded TP AndroidTargetPlatform
[2016.03.26-20.15.53:626][  0]LogTemp:Display: Loaded TP Android_ASTCTargetPlatform
[2016.03.26-20.15.53:636][  0]LogTemp:Display: Loaded TP Android_ATCTargetPlatform
[2016.03.26-20.15.53:646][  0]LogTemp:Display: Loaded TP Android_DXTTargetPlatform
[2016.03.26-20.15.53:654][  0]LogTemp:Display: Loaded TP Android_ETC1TargetPlatform
[2016.03.26-20.15.53:662][  0]LogTemp:Display: Loaded TP Android_ETC2TargetPlatform
[2016.03.26-20.15.53:685][  0]LogTemp:Display: Loaded TP Android_MultiTargetPlatform
[2016.03.26-20.15.53:685][  0]LogTemp:Display: Loaded TP Android_PVRTCTargetPlatform
[2016.03.26-20.15.53:687][  0]LogTemp:Display: Loaded TP HTML5TargetPlatform
[2016.03.26-20.15.53:718][  0]LogTemp:Display: Loaded TP IOSTargetPlatform
[2016.03.26-20.15.53:726][  0]LogTemp:Display: Loaded TP LinuxNoEditorTargetPlatform
[2016.03.26-20.15.53:738][  0]LogTemp:Display: Loaded TP LinuxServerTargetPlatform
[2016.03.26-20.15.53:751][  0]LogTemp:Display: Loaded TP LinuxTargetPlatform
[2016.03.26-20.15.53:751][  0]LogTargetPlatformManager:Display: Building Assets For Windows
[2016.03.26-20.15.53:994][  0]LogDerivedDataCache:Display: Max Cache Size: 512 MB
[2016.03.26-20.15.54:116][  0]LogDerivedDataCache: Loaded boot cache 0.12s 41MB C:/Users/Doug!/AppData/Local/UnrealEngine/4.10/DerivedDataCache/Boot.ddc.
[2016.03.26-20.15.54:116][  0]LogDerivedDataCache:Display: Loaded Boot cache: C:/Users/Doug!/AppData/Local/UnrealEngine/4.10/DerivedDataCache/Boot.ddc
[2016.03.26-20.15.54:116][  0]LogDerivedDataCache: FDerivedDataBackendGraph:  Pak pak cache file ../../../../../../Users/Doug!/Documents/Game310/TinyThief/FamilyThief/DerivedDataCache/DDC.ddp not found, will not use a pak cache.
[2016.03.26-20.15.54:116][  0]LogDerivedDataCache: Unable to find inner node Pak for hierarchical cache Hierarchy.
[2016.03.26-20.15.54:116][  0]LogDerivedDataCache: FDerivedDataBackendGraph:  CompressedPak pak cache file ../../../../../../Users/Doug!/Documents/Game310/TinyThief/FamilyThief/DerivedDataCache/Compressed.ddp not found, will not use a pak cache.
[2016.03.26-20.15.54:116][  0]LogDerivedDataCache: Unable to find inner node CompressedPak for hierarchical cache Hierarchy.
[2016.03.26-20.15.54:323][  0]LogDerivedDataCache:Display: Pak cache opened for reading ../../../Engine/DerivedDataCache/Compressed.ddp.
[2016.03.26-20.15.54:336][  0]LogDerivedDataCache: Using Local data cache path C:/Users/Doug!/AppData/Local/UnrealEngine/Common/DerivedDataCache: Writable
[2016.03.26-20.15.55:049][  0]LogInit: Selected Device Profile: [Windows]
[2016.03.26-20.15.55:063][  0]LogContentStreaming: Texture pool size is 0.000000MB
[2016.03.26-20.15.55:590][  0]LogMeshUtilities: No automatic mesh reduction module available
[2016.03.26-20.15.55:590][  0]LogMeshUtilities: No automatic mesh merging module available
[2016.03.26-20.15.56:703][  0]LogInit: WinSock: version 1.1 (2.2), MaxSocks=32767, MaxUdp=65467
[2016.03.26-20.16.01:549][  0]UdpMessaging: Initializing bridge on interface 0.0.0.0:0 to multicast group 230.0.0.1:6666.
[2016.03.26-20.16.01:804][  0]LogAssetRegistry: FAssetRegistry took 0.0115 seconds to start up
[2016.03.26-20.16.02:669][  0]SourceControl: Info Source control is disabled
[2016.03.26-20.16.02:673][  0]SourceControl: Info Source control is disabled
[2016.03.26-20.16.02:702][  0]SourceControl: Info Source control is disabled
[2016.03.26-20.16.02:730][  0]SourceControl: Info Source control is disabled
[2016.03.26-20.16.03:372][  0]LogObj: 28633 objects as part of root set at end of initial load.
[2016.03.26-20.16.03:372][  0]LogUObjectAllocator: 6099752 out of 0 bytes used by permanent object pool.
[2016.03.26-20.16.03:563][  0]LogEngine: Initializing Engine...
[2016.03.26-20.16.03:569][  0]LogHMD: Can't find Oculus library dev build: is proper Runtime installed? Version: 0.8.0.0
[2016.03.26-20.16.03:596][  0]LogHMD: SteamVR failed to initialize.  Err: 110
[2016.03.26-20.16.04:421][  0]LogAIModule: Creating AISystem for world NewWorld
[2016.03.26-20.16.04:487][  0]LogInit: XAudio2 using 'U500CV-UMK-8 (NVIDIA High Definition Audio)' : 2 channels at 48 kHz using 16 bits per sample (channel mask 0x3)
[2016.03.26-20.16.04:514][  0]LogInit: FAudioDevice initialized.
[2016.03.26-20.16.04:579][  0]LogDerivedDataCache: Saved boot cache 0.06s 41MB C:/Users/Doug!/AppData/Local/UnrealEngine/4.10/DerivedDataCache/Boot.ddc.
[2016.03.26-20.16.04:595][  0]LogInit: Texture streaming: Enabled
[2016.03.26-20.16.04:613][  0]LogAnalytics: Creating configured Analytics provider AnalyticsET
[2016.03.26-20.16.04:613][  0]LogAnalytics: [UEEditor.Rocket.Release] APIServer = http://et2.epicgames.com/ET2/. AppVersion = 4.10.4-2872498+++depot+UE4-Releases+4.10
[2016.03.26-20.16.04:613][  0]LogAnalytics: [UEEditor.Rocket.Release] SetUserId 52b10e6445fa931ea2b57b9ab393f2a9|a024f71aa653453a8ecdbc4f8186e225|56a0a37a-fce5-4ac1-879f-0e1c059c54f2
[2016.03.26-20.16.04:614][  0]LogAnalytics: [UEEditor.Rocket.Release] AnalyticsET::StartSession
[2016.03.26-20.16.04:649][  0]LogInit: Transaction tracking system initialized
[2016.03.26-20.16.04:753][  0]BlueprintLog: New page: Editor Load
[2016.03.26-20.16.05:060][  0]LocalizationService: Info Localization service is disabled
[2016.03.26-20.16.05:282][  0]LogConsoleResponse:Display: 
[2016.03.26-20.16.06:044][  0]LogCook:Display: Done creating registry. It took  0.00s.
[2016.03.26-20.16.06:215][  0]LogFileCache: Scanning file cache for directory 'C:/Users/Doug!/Documents/Game310/TinyThief/FamilyThief/Content/' took 0.05s
[2016.03.26-20.16.06:215][  0]SourceControl: Info Source control is disabled
[2016.03.26-20.16.06:215][  0]Cmd: MAP LOAD FILE="../../../../../../Users/Doug!/Documents/Game310/TinyThief/FamilyThief/Content/ThirdPersonBP/Maps/ThirdPersonExampleMap.umap" TEMPLATE=0 SHOWPROGRESS=1 FEATURELEVEL=3
[2016.03.26-20.16.06:223][  0]LightingResults: New page: Lighting Build
[2016.03.26-20.16.06:230][  0]MapCheck: New page: Map Check
[2016.03.26-20.16.06:230][  0]LightingResults: New page: Lighting Build
[2016.03.26-20.16.06:269][  0]LogParticles: Destroying 0 GPU particle simulations for FXSystem 0x00000072037F3B00
[2016.03.26-20.16.09:987][  0]LogAIModule: Creating AISystem for world ThirdPersonExampleMap
[2016.03.26-20.16.10:018][  0]LogEditorServer: Finished looking for orphan Actors (0.000 secs)
[2016.03.26-20.16.10:020][  0]Cmd: MAP CHECKDEP NOCLEARLOG
[2016.03.26-20.16.10:194][  0]MapCheck: Info Map check complete: 0 Error(s), 0 Warning(s), took 174.297ms to complete.
[2016.03.26-20.16.10:194][  0]LogFileHelpers: Loading map 'ThirdPersonExampleMap' took 3.979
[2016.03.26-20.16.10:656][  0]LogCollectionManager: Loaded 0 collections in 0.008365 seconds
[2016.03.26-20.16.10:759][  0]LogFileCache: Scanning file cache for directory 'C:/Users/Doug!/Documents/Game310/TinyThief/FamilyThief/Saved/Collections/' took 0.01s
[2016.03.26-20.16.10:759][  0]LogFileCache: Scanning file cache for directory 'C:/Users/Doug!/Documents/Game310/TinyThief/FamilyThief/Content/Developers/Doug/Collections/' took 0.01s
[2016.03.26-20.16.10:759][  0]LogFileCache: Scanning file cache for directory 'C:/Users/Doug!/Documents/Game310/TinyThief/FamilyThief/Content/Collections/' took 0.01s
[2016.03.26-20.16.10:759][  0]LogCollectionManager: Rebuilt the GUID cache for 0 collections in 0.000006 seconds
[2016.03.26-20.16.10:805][  0]LogContentBrowser: Native class hierarchy populated in 0.0458 seconds. Added 1893 classes and 338 folders.
[2016.03.26-20.16.10:826][  0]LogContentBrowser: Native class hierarchy updated for 'WidgetCarousel' in 0.0016 seconds. Added 0 classes and 0 folders.
[2016.03.26-20.16.11:635][  0]LogContentBrowser: Native class hierarchy updated for 'AddContentDialog' in 0.0012 seconds. Added 0 classes and 0 folders.
[2016.03.26-20.16.11:647][  0]LogContentBrowser: Native class hierarchy updated for 'SceneOutliner' in 0.0011 seconds. Added 1 classes and 2 folders.
[2016.03.26-20.16.11:764][  0]LogCrashTracker: Crashtracker disabled due to settings.
[2016.03.26-20.16.11:789][  0]LogUObjectGlobals:Warning: Failed to find object 'Class None.'
[2016.03.26-20.16.11:818][  0]LogLoad: Full Startup: 24.25 seconds (BP compile: 0.87 seconds)
[2016.03.26-20.16.11:845][  0]LogOcInput: Can't find Oculus library dev build: is proper Runtime installed? Version: 0.8.0.0
[2016.03.26-20.16.12:125][  0]LogContentStreaming: Texture pool size now 1000 MB
[2016.03.26-20.16.12:847][  0]LogRenderer: Reallocating scene render targets to support 1192x616 (Frame:2).
[2016.03.26-20.16.13:145][  1]LogContentBrowser:Verbose: The majority of assets in the view are of type: Blueprint
[2016.03.26-20.16.14:043][ 11]LogAssetRegistry: Asset discovery search completed in 12.2498 seconds
[2016.03.26-20.16.14:043][ 11]LogCollectionManager: Rebuilt the object cache for 0 collections in 0.000001 seconds (found 0 objects)
[2016.03.26-20.16.14:043][ 11]LogCollectionManager: Fixed up redirectors for 0 collections in 0.000035 seconds (updated 0 objects)
[2016.03.26-20.16.17:823][199]LogLinker:Warning: Asset '../../../Engine/Content/ArtTools/RenderToTexture/Macros/RenderToTextureMacros.uasset' has been saved with empty engine version. The asset will be loaded but may be incompatible.
[2016.03.26-20.16.19:408][199]LogContentBrowser: Native class hierarchy updated for 'BlueprintGraph' in 0.0031 seconds. Added 107 classes and 0 folders.
[2016.03.26-20.16.24:308][199]LogSkeletalMesh: InitArticulated: Bodies already created (/Engine/Transient.DebugSkelMeshComponent_0) - call TermArticulated first.
[2016.03.26-20.16.26:222][199]LogActorComponent: RegisterComponentWithWorld: (/Engine/Transient.DebugSkelMeshComponent_0) Already registered. Aborting.
[2016.03.26-20.16.26:474][200]LogRenderer: Reallocating scene render targets to support 1192x836 (Frame:187).
[2016.03.26-20.17.09:450][ 41]LogSavePackage: Save=346.049896ms
[2016.03.26-20.17.09:450][ 41]LogSavePackage: Moving '../../../../../../Users/Doug!/Documents/Game310/TinyThief/FamilyThief/Saved/PlayerShooterCharacterC94A3F20493C2CB54FC5939FA11AED05.tmp' to '../../../../../../Users/Doug!/Documents/Game310/TinyThief/FamilyThief/Content/ThirdPersonBP/Blueprints/PlayerShooterCharacter.uasset'
[2016.03.26-20.17.09:452][ 41]LogFileManager:Warning: DeleteFile was unable to delete '../../../../../../Users/Doug!/Documents/Game310/TinyThief/FamilyThief/Content/ThirdPersonBP/Blueprints/PlayerShooterCharacter.uasset', retrying in .5s...
[2016.03.26-20.17.09:953][ 41]LogFileManager:Error: Error deleting file '../../../../../../Users/Doug!/Documents/Game310/TinyThief/FamilyThief/Content/ThirdPersonBP/Blueprints/PlayerShooterCharacter.uasset'.
[2016.03.26-20.17.09:953][ 41]LogSavePackage:Error: Error saving '../../../../../../Users/Doug!/Documents/Game310/TinyThief/FamilyThief/Content/ThirdPersonBP/Blueprints/PlayerShooterCharacter.uasset'
[2016.03.26-20.17.09:959][ 41]LogSavePackage: Total save time: 934.209067ms
[2016.03.26-20.17.09:959][ 41]LogSavePackage:Display: Finished SavePackage ../../../../../../Users/Doug!/Documents/Game310/TinyThief/FamilyThief/Content/ThirdPersonBP/Blueprints/PlayerShooterCharacter.uasset
[2016.03.26-20.17.23:446][ 41]LogSavePackage: Save=418.051422ms
[2016.03.26-20.17.23:446][ 41]LogSavePackage: Moving '../../../../../../Users/Doug!/Documents/Game310/TinyThief/FamilyThief/Saved/PlayerShooterCharacterB66E14294B214BF38B6F48981AC3F51A.tmp' to '../../../../../../Users/Doug!/Documents/Game310/TinyThief/FamilyThief/Content/ThirdPersonBP/Blueprints/PlayerShooterCharacter.uasset'
[2016.03.26-20.17.23:448][ 41]LogFileManager:Warning: DeleteFile was unable to delete '../../../../../../Users/Doug!/Documents/Game310/TinyThief/FamilyThief/Content/ThirdPersonBP/Blueprints/PlayerShooterCharacter.uasset', retrying in .5s...
[2016.03.26-20.17.23:948][ 41]LogFileManager:Error: Error deleting file '../../../../../../Users/Doug!/Documents/Game310/TinyThief/FamilyThief/Content/ThirdPersonBP/Blueprints/PlayerShooterCharacter.uasset'.
[2016.03.26-20.17.23:949][ 41]LogSavePackage:Error: Error saving '../../../../../../Users/Doug!/Documents/Game310/TinyThief/FamilyThief/Content/ThirdPersonBP/Blueprints/PlayerShooterCharacter.uasset'
[2016.03.26-20.17.23:951][ 41]LogSavePackage: Total save time: 971.630834ms
[2016.03.26-20.17.23:951][ 41]LogSavePackage:Display: Finished SavePackage ../../../../../../Users/Doug!/Documents/Game310/TinyThief/FamilyThief/Content/ThirdPersonBP/Blueprints/PlayerShooterCharacter.uasset
[2016.03.26-20.17.25:073][ 41]EditorErrors: New page: Save Output
[2016.03.26-20.17.25:073][ 41]EditorErrors:Warning: Warning Error saving '../../../../../../Users/Doug!/Documents/Game310/TinyThief/FamilyThief/Content/ThirdPersonBP/Blueprints/PlayerShooterCharacter.uasset'
[2016.03.26-20.17.25:073][ 41]EditorErrors:Warning: Warning Error saving '../../../../../../Users/Doug!/Documents/Game310/TinyThief/FamilyThief/Content/ThirdPersonBP/Blueprints/PlayerShooterCharacter.uasset'
[2016.03.26-20.17.30:676][120]LogSavePackage: Save=424.980957ms
[2016.03.26-20.17.30:676][120]LogSavePackage: Moving '../../../../../../Users/Doug!/Documents/Game310/TinyThief/FamilyThief/Saved/PlayerShooterCharacter6950C23D4163D7C0A447EAB881CB72E4.tmp' to '../../../../../../Users/Doug!/Documents/Game310/TinyThief/FamilyThief/Content/ThirdPersonBP/Blueprints/PlayerShooterCharacter.uasset'
[2016.03.26-20.17.30:678][120]LogFileManager:Warning: DeleteFile was unable to delete '../../../../../../Users/Doug!/Documents/Game310/TinyThief/FamilyThief/Content/ThirdPersonBP/Blueprints/PlayerShooterCharacter.uasset', retrying in .5s...
[2016.03.26-20.17.31:179][120]LogFileManager:Error: Error deleting file '../../../../../../Users/Doug!/Documents/Game310/TinyThief/FamilyThief/Content/ThirdPersonBP/Blueprints/PlayerShooterCharacter.uasset'.
[2016.03.26-20.17.31:179][120]LogSavePackage:Error: Error saving '../../../../../../Users/Doug!/Documents/Game310/TinyThief/FamilyThief/Content/ThirdPersonBP/Blueprints/PlayerShooterCharacter.uasset'
[2016.03.26-20.17.31:183][120]LogSavePackage: Total save time: 967.105560ms
[2016.03.26-20.17.31:183][120]LogSavePackage:Display: Finished SavePackage ../../../../../../Users/Doug!/Documents/Game310/TinyThief/FamilyThief/Content/ThirdPersonBP/Blueprints/PlayerShooterCharacter.uasset
[2016.03.26-20.17.35:310][120]EditorErrors: New page: Save Output
[2016.03.26-20.17.35:310][120]EditorErrors:Warning: Warning Error saving '../../../../../../Users/Doug!/Documents/Game310/TinyThief/FamilyThief/Content/ThirdPersonBP/Blueprints/PlayerShooterCharacter.uasset'
[2016.03.26-20.17.38:295][185]BlueprintLog: New page: Compile PlayerShooterCharacter
[2016.03.26-20.17.38:804][185]LogActorComponent: UnregisterComponent: (/Engine/Transient.CharMoveComp) Not registered. Aborting.
[2016.03.26-20.17.38:804][185]LogActorComponent: UnregisterComponent: (/Engine/Transient.CharacterMovementComponent_0) Not registered. Aborting.
[2016.03.26-20.17.38:961][185]LogParticles: Destroying 0 GPU particle simulations for FXSystem 0x000000724E5E0AE0
[2016.03.26-20.17.39:051][185]BlueprintEditorCompileResults: Info [0111.48] Compile of PlayerShooterCharacter successful! [in 755 ms]
[2016.03.26-20.17.39:061][185]LogAnimation:Warning: FAnimNode_StateMachine::Update - Invalid current state, please report. Attempting to use state 0 in state machine 0
[2016.03.26-20.17.39:061][185]LogAnimation:Warning: 		When updating AnimInstance: UE4ASP_HeroTPP_AnimBlueprint_C_4
[2016.03.26-20.17.39:157][186]LogAnimation:Warning: FAnimNode_StateMachine::Update - Invalid current state, please report. Attempting to use state 0 in state machine 0
[2016.03.26-20.17.39:157][186]LogAnimation:Warning: 		When updating AnimInstance: UE4ASP_HeroTPP_AnimBlueprint_C_4
[2016.03.26-20.17.39:209][187]LogAnimation:Warning: FAnimNode_StateMachine::Update - Invalid current state, please report. Attempting to use state 0 in state machine 0
[2016.03.26-20.17.39:209][187]LogAnimation:Warning: 		When updating AnimInstance: UE4ASP_HeroTPP_AnimBlueprint_C_4
[2016.03.26-20.17.39:249][188]LogAnimation:Warning: FAnimNode_StateMachine::Update - Invalid current state, please report. Attempting to use state 0 in state machine 0
[2016.03.26-20.17.39:249][188]LogAnimation:Warning: 		When updating AnimInstance: UE4ASP_HeroTPP_AnimBlueprint_C_4
[2016.03.26-20.17.39:299][189]LogAnimation:Warning: FAnimNode_StateMachine::Update - Invalid current state, please report. Attempting to use state 0 in state machine 0
[2016.03.26-20.17.39:299][189]LogAnimation:Warning: 		When updating AnimInstance: UE4ASP_HeroTPP_AnimBlueprint_C_4
[2016.03.26-20.17.39:350][190]LogAnimation:Warning: FAnimNode_StateMachine::Update - Invalid current state, please report. Attempting to use state 0 in state machine 0
[2016.03.26-20.17.39:350][190]LogAnimation:Warning: 		When updating AnimInstance: UE4ASP_HeroTPP_AnimBlueprint_C_4
[2016.03.26-20.17.39:396][191]LogAnimation:Warning: FAnimNode_StateMachine::Update - Invalid current state, please report. Attempting to use state 0 in state machine 0
[2016.03.26-20.17.39:396][191]LogAnimation:Warning: 		When updating AnimInstance: UE4ASP_HeroTPP_AnimBlueprint_C_4
[2016.03.26-20.17.39:443][192]LogAnimation:Warning: FAnimNode_StateMachine::Update - Invalid current state, please report. Attempting to use state 0 in state machine 0
[2016.03.26-20.17.39:444][192]LogAnimation:Warning: 		When updating AnimInstance: UE4ASP_HeroTPP_AnimBlueprint_C_4
[2016.03.26-20.17.39:500][193]LogAnimation:Warning: FAnimNode_StateMachine::Update - Invalid current state, please report. Attempting to use state 0 in state machine 0
[2016.03.26-20.17.39:500][193]LogAnimation:Warning: 		When updating AnimInstance: UE4ASP_HeroTPP_AnimBlueprint_C_4
[2016.03.26-20.17.39:547][194]LogAnimation:Warning: FAnimNode_StateMachine::Update - Invalid current state, please report. Attempting to use state 0 in state machine 0
[2016.03.26-20.17.39:547][194]LogAnimation:Warning: 		When updating AnimInstance: UE4ASP_HeroTPP_AnimBlueprint_C_4
[2016.03.26-20.17.39:597][195]LogAnimation:Warning: FAnimNode_StateMachine::Update - Invalid current state, please report. Attempting to use state 0 in state machine 0
[2016.03.26-20.17.39:597][195]LogAnimation:Warning: 		When updating AnimInstance: UE4ASP_HeroTPP_AnimBlueprint_C_4
[2016.03.26-20.17.39:646][196]LogAnimation:Warning: FAnimNode_StateMachine::Update - Invalid current state, please report. Attempting to use state 0 in state machine 0
[2016.03.26-20.17.39:646][196]LogAnimation:Warning: 		When updating AnimInstance: UE4ASP_HeroTPP_AnimBlueprint_C_4
[2016.03.26-20.17.39:694][197]LogAnimation:Warning: FAnimNode_StateMachine::Update - Invalid current state, please report. Attempting to use state 0 in state machine 0
[2016.03.26-20.17.39:694][197]LogAnimation:Warning: 		When updating AnimInstance: UE4ASP_HeroTPP_AnimBlueprint_C_4
[2016.03.26-20.17.39:737][198]LogAnimation:Warning: FAnimNode_StateMachine::Update - Invalid current state, please report. Attempting to use state 0 in state machine 0
[2016.03.26-20.17.39:737][198]LogAnimation:Warning: 		When updating AnimInstance: UE4ASP_HeroTPP_AnimBlueprint_C_4
[2016.03.26-20.17.39:787][199]LogAnimation:Warning: FAnimNode_StateMachine::Update - Invalid current state, please report. Attempting to use state 0 in state machine 0
[2016.03.26-20.17.39:787][199]LogAnimation:Warning: 		When updating AnimInstance: UE4ASP_HeroTPP_AnimBlueprint_C_4
[2016.03.26-20.17.39:826][200]LogAnimation:Warning: FAnimNode_StateMachine::Update - Invalid current state, please report. Attempting to use state 0 in state machine 0
[2016.03.26-20.17.39:826][200]LogAnimation:Warning: 		When updating AnimInstance: UE4ASP_HeroTPP_AnimBlueprint_C_4
[2016.03.26-20.17.39:868][201]LogAnimation:Warning: FAnimNode_StateMachine::Update - Invalid current state, please report. Attempting to use state 0 in state machine 0
[2016.03.26-20.17.39:868][201]LogAnimation:Warning: 		When updating AnimInstance: UE4ASP_HeroTPP_AnimBlueprint_C_4
[2016.03.26-20.17.39:915][202]LogAnimation:Warning: FAnimNode_StateMachine::Update - Invalid current state, please report. Attempting to use state 0 in state machine 0
[2016.03.26-20.17.39:915][202]LogAnimation:Warning: 		When updating AnimInstance: UE4ASP_HeroTPP_AnimBlueprint_C_4
[2016.03.26-20.17.39:965][203]LogAnimation:Warning: FAnimNode_StateMachine::Update - Invalid current state, please report. Attempting to use state 0 in state machine 0
[2016.03.26-20.17.39:965][203]LogAnimation:Warning: 		When updating AnimInstance: UE4ASP_HeroTPP_AnimBlueprint_C_4
[2016.03.26-20.17.40:009][204]LogAnimation:Warning: FAnimNode_StateMachine::Update - Invalid current state, please report. Attempting to use state 0 in state machine 0
[2016.03.26-20.17.40:009][204]LogAnimation:Warning: 		When updating AnimInstance: UE4ASP_HeroTPP_AnimBlueprint_C_4
[2016.03.26-20.17.40:059][205]LogAnimation:Warning: FAnimNode_StateMachine::Update - Invalid current state, please report. Attempting to use state 0 in state machine 0
[2016.03.26-20.17.40:060][205]LogAnimation:Warning: 		When updating AnimInstance: UE4ASP_HeroTPP_AnimBlueprint_C_4
[2016.03.26-20.17.40:103][206]LogAnimation:Warning: FAnimNode_StateMachine::Update - Invalid current state, please report. Attempting to use state 0 in state machine 0
[2016.03.26-20.17.40:103][206]LogAnimation:Warning: 		When updating AnimInstance: UE4ASP_HeroTPP_AnimBlueprint_C_4
[2016.03.26-20.17.40:152][207]LogAnimation:Warning: FAnimNode_StateMachine::Update - Invalid current state, please report. Attempting to use state 0 in state machine 0
[2016.03.26-20.17.40:152][207]LogAnimation:Warning: 		When updating AnimInstance: UE4ASP_HeroTPP_AnimBlueprint_C_4
[2016.03.26-20.17.40:856][211]LogSavePackage: Save=369.142242ms
[2016.03.26-20.17.40:856][211]LogSavePackage: Moving '../../../../../../Users/Doug!/Documents/Game310/TinyThief/FamilyThief/Saved/PlayerShooterCharacterB3E3F1B24E753317CF4005A28723E777.tmp' to '../../../../../../Users/Doug!/Documents/Game310/TinyThief/FamilyThief/Content/ThirdPersonBP/Blueprints/PlayerShooterCharacter.uasset'
[2016.03.26-20.17.40:858][211]LogFileManager:Warning: DeleteFile was unable to delete '../../../../../../Users/Doug!/Documents/Game310/TinyThief/FamilyThief/Content/ThirdPersonBP/Blueprints/PlayerShooterCharacter.uasset', retrying in .5s...
[2016.03.26-20.17.41:358][211]LogFileManager:Error: Error deleting file '../../../../../../Users/Doug!/Documents/Game310/TinyThief/FamilyThief/Content/ThirdPersonBP/Blueprints/PlayerShooterCharacter.uasset'.
[2016.03.26-20.17.41:359][211]LogSavePackage:Error: Error saving '../../../../../../Users/Doug!/Documents/Game310/TinyThief/FamilyThief/Content/ThirdPersonBP/Blueprints/PlayerShooterCharacter.uasset'
[2016.03.26-20.17.41:362][211]LogSavePackage: Total save time: 901.267413ms
[2016.03.26-20.17.41:362][211]LogSavePackage:Display: Finished SavePackage ../../../../../../Users/Doug!/Documents/Game310/TinyThief/FamilyThief/Content/ThirdPersonBP/Blueprints/PlayerShooterCharacter.uasset
[2016.03.26-20.17.55:177][211]EditorErrors: New page: Save Output
[2016.03.26-20.17.55:177][211]EditorErrors:Warning: Warning Error saving '../../../../../../Users/Doug!/Documents/Game310/TinyThief/FamilyThief/Content/ThirdPersonBP/Blueprints/PlayerShooterCharacter.uasset'
[2016.03.26-20.17.57:263][211]LogAnimation:Warning: FAnimNode_StateMachine::Update - Invalid current state, please report. Attempting to use state 0 in state machine 0
[2016.03.26-20.17.57:263][211]LogAnimation:Warning: 		When updating AnimInstance: UE4ASP_HeroTPP_AnimBlueprint_C_4
[2016.03.26-20.17.57:306][212]LogAnimation:Warning: FAnimNode_StateMachine::Update - Invalid current state, please report. Attempting to use state 0 in state machine 0
[2016.03.26-20.17.57:306][212]LogAnimation:Warning: 		When updating AnimInstance: UE4ASP_HeroTPP_AnimBlueprint_C_4
[2016.03.26-20.17.57:349][213]LogAnimation:Warning: FAnimNode_StateMachine::Update - Invalid current state, please report. Attempting to use state 0 in state machine 0
[2016.03.26-20.17.57:349][213]LogAnimation:Warning: 		When updating AnimInstance: UE4ASP_HeroTPP_AnimBlueprint_C_4
[2016.03.26-20.17.57:397][214]LogAnimation:Warning: FAnimNode_StateMachine::Update - Invalid current state, please report. Attempting to use state 0 in state machine 0
[2016.03.26-20.17.57:397][214]LogAnimation:Warning: 		When updating AnimInstance: UE4ASP_HeroTPP_AnimBlueprint_C_4
[2016.03.26-20.17.57:437][215]LogAnimation:Warning: FAnimNode_StateMachine::Update - Invalid current state, please report. Attempting to use state 0 in state machine 0
[2016.03.26-20.17.57:437][215]LogAnimation:Warning: 		When updating AnimInstance: UE4ASP_HeroTPP_AnimBlueprint_C_4
[2016.03.26-20.17.57:479][216]LogAnimation:Warning: FAnimNode_StateMachine::Update - Invalid current state, please report. Attempting to use state 0 in state machine 0
[2016.03.26-20.17.57:479][216]LogAnimation:Warning: 		When updating AnimInstance: UE4ASP_HeroTPP_AnimBlueprint_C_4
[2016.03.26-20.17.57:523][217]LogAnimation:Warning: FAnimNode_StateMachine::Update - Invalid current state, please report. Attempting to use state 0 in state machine 0
[2016.03.26-20.17.57:523][217]LogAnimation:Warning: 		When updating AnimInstance: UE4ASP_HeroTPP_AnimBlueprint_C_4
[2016.03.26-20.17.57:564][218]LogAnimation:Warning: FAnimNode_StateMachine::Update - Invalid current state, please report. Attempting to use state 0 in state machine 0
[2016.03.26-20.17.57:564][218]LogAnimation:Warning: 		When updating AnimInstance: UE4ASP_HeroTPP_AnimBlueprint_C_4
[2016.03.26-20.17.57:606][219]LogAnimation:Warning: FAnimNode_StateMachine::Update - Invalid current state, please report. Attempting to use state 0 in state machine 0
[2016.03.26-20.17.57:606][219]LogAnimation:Warning: 		When updating AnimInstance: UE4ASP_HeroTPP_AnimBlueprint_C_4
[2016.03.26-20.17.57:653][220]LogAnimation:Warning: FAnimNode_StateMachine::Update - Invalid current state, please report. Attempting to use state 0 in state machine 0
[2016.03.26-20.17.57:653][220]LogAnimation:Warning: 		When updating AnimInstance: UE4ASP_HeroTPP_AnimBlueprint_C_4
[2016.03.26-20.17.57:699][221]LogAnimation:Warning: FAnimNode_StateMachine::Update - Invalid current state, please report. Attempting to use state 0 in state machine 0
[2016.03.26-20.17.57:699][221]LogAnimation:Warning: 		When updating AnimInstance: UE4ASP_HeroTPP_AnimBlueprint_C_4
[2016.03.26-20.17.57:745][222]LogAnimation:Warning: FAnimNode_StateMachine::Update - Invalid current state, please report. Attempting to use state 0 in state machine 0
[2016.03.26-20.17.57:745][222]LogAnimation:Warning: 		When updating AnimInstance: UE4ASP_HeroTPP_AnimBlueprint_C_4
[2016.03.26-20.17.57:791][223]LogAnimation:Warning: FAnimNode_StateMachine::Update - Invalid current state, please report. Attempting to use state 0 in state machine 0
[2016.03.26-20.17.57:791][223]LogAnimation:Warning: 		When updating AnimInstance: UE4ASP_HeroTPP_AnimBlueprint_C_4
[2016.03.26-20.17.57:833][224]LogAnimation:Warning: FAnimNode_StateMachine::Update - Invalid current state, please report. Attempting to use state 0 in state machine 0
[2016.03.26-20.17.57:833][224]LogAnimation:Warning: 		When updating AnimInstance: UE4ASP_HeroTPP_AnimBlueprint_C_4
[2016.03.26-20.17.57:889][225]LogAnimation:Warning: FAnimNode_StateMachine::Update - Invalid current state, please report. Attempting to use state 0 in state machine 0
[2016.03.26-20.17.57:889][225]LogAnimation:Warning: 		When updating AnimInstance: UE4ASP_HeroTPP_AnimBlueprint_C_4
[2016.03.26-20.17.57:941][226]LogAnimation:Warning: FAnimNode_StateMachine::Update - Invalid current state, please report. Attempting to use state 0 in state machine 0
[2016.03.26-20.17.57:941][226]LogAnimation:Warning: 		When updating AnimInstance: UE4ASP_HeroTPP_AnimBlueprint_C_4
[2016.03.26-20.17.57:989][227]LogAnimation:Warning: FAnimNode_StateMachine::Update - Invalid current state, please report. Attempting to use state 0 in state machine 0
[2016.03.26-20.17.57:989][227]LogAnimation:Warning: 		When updating AnimInstance: UE4ASP_HeroTPP_AnimBlueprint_C_4
[2016.03.26-20.17.58:035][228]LogAnimation:Warning: FAnimNode_StateMachine::Update - Invalid current state, please report. Attempting to use state 0 in state machine 0
[2016.03.26-20.17.58:035][228]LogAnimation:Warning: 		When updating AnimInstance: UE4ASP_HeroTPP_AnimBlueprint_C_4
[2016.03.26-20.17.58:079][229]LogAnimation:Warning: FAnimNode_StateMachine::Update - Invalid current state, please report. Attempting to use state 0 in state machine 0
[2016.03.26-20.17.58:080][229]LogAnimation:Warning: 		When updating AnimInstance: UE4ASP_HeroTPP_AnimBlueprint_C_4
[2016.03.26-20.17.58:125][230]LogAnimation:Warning: FAnimNode_StateMachine::Update - Invalid current state, please report. Attempting to use state 0 in state machine 0
[2016.03.26-20.17.58:125][230]LogAnimation:Warning: 		When updating AnimInstance: UE4ASP_HeroTPP_AnimBlueprint_C_4
[2016.03.26-20.17.58:167][231]LogAnimation:Warning: FAnimNode_StateMachine::Update - Invalid current state, please report. Attempting to use state 0 in state machine 0
[2016.03.26-20.17.58:167][231]LogAnimation:Warning: 		When updating AnimInstance: UE4ASP_HeroTPP_AnimBlueprint_C_4
[2016.03.26-20.17.58:211][232]LogAnimation:Warning: FAnimNode_StateMachine::Update - Invalid current state, please report. Attempting to use state 0 in state machine 0
[2016.03.26-20.17.58:211][232]LogAnimation:Warning: 		When updating AnimInstance: UE4ASP_HeroTPP_AnimBlueprint_C_4
[2016.03.26-20.17.58:254][233]LogAnimation:Warning: FAnimNode_StateMachine::Update - Invalid current state, please report. Attempting to use state 0 in state machine 0
[2016.03.26-20.17.58:254][233]LogAnimation:Warning: 		When updating AnimInstance: UE4ASP_HeroTPP_AnimBlueprint_C_4
[2016.03.26-20.17.59:114][234]LogCrashTracker: 


[2016.03.26-20.17.59:115][234]LogCrashTracker: 


[2016.03.26-20.17.59:115][234]LogWindows:Error: === Critical error: ===
Fatal error!



[2016.03.26-20.17.59:459][234]LogExit: Executing StaticShutdownAfterError
[2016.03.26-20.17.59:471][234]LogPhysics:Warning: PHYSX: ..\..\PhysX\src\NpScene.cpp (2946) 8 : PxScene::unlockWrite() called without matching call to PxScene::lockWrite(), behaviour will be undefined.
[2016.03.26-20.17.59:472][234]LogPhysics:Warning: PHYSX: ..\..\PhysX\src\NpScene.cpp (2946) 8 : PxScene::unlockWrite() called without matching call to PxScene::lockWrite(), behaviour will be undefined.
[2016.03.26-20.17.59:472][234]LogPhysics:Warning: PHYSX: ..\..\PhysX\src\NpScene.cpp (2946) 8 : PxScene::unlockWrite() called without matching call to PxScene::lockWrite(), behaviour will be undefined.
[2016.03.26-20.17.59:472][234]LogPhysics:Warning: PHYSX: ..\..\PhysX\src\NpScene.cpp (2946) 8 : PxScene::unlockWrite() called without matching call to PxScene::lockWrite(), behaviour will be undefined.
[2016.03.26-20.17.59:472][234]LogPhysics:Warning: PHYSX: ..\..\PhysX\src\NpScene.cpp (2946) 8 : PxScene::unlockWrite() called without matching call to PxScene::lockWrite(), behaviour will be undefined.
[2016.03.26-20.17.59:473][234]LogPhysics:Warning: PHYSX: ..\..\PhysX\src\NpScene.cpp (2946) 8 : PxScene::unlockWrite() called without matching call to PxScene::lockWrite(), behaviour will be undefined.
[2016.03.26-20.17.59:473][234]LogPhysics:Warning: PHYSX: ..\..\PhysX\src\NpScene.cpp (2946) 8 : PxScene::unlockWrite() called without matching call to PxScene::lockWrite(), behaviour will be undefined.
[2016.03.26-20.17.59:473][234]LogPhysics:Warning: PHYSX: ..\..\PhysX\src\NpScene.cpp (2946) 8 : PxScene::unlockWrite() called without matching call to PxScene::lockWrite(), behaviour will be undefined.
[2016.03.26-20.17.59:473][234]LogPhysics:Warning: PHYSX: ..\..\PhysX\src\NpScene.cpp (2946) 8 : PxScene::unlockWrite() called without matching call to PxScene::lockWrite(), behaviour will be undefined.
[2016.03.26-20.17.59:473][234]LogPhysics:Warning: PHYSX: ..\..\PhysX\src\NpScene.cpp (2946) 8 : PxScene::unlockWrite() called without matching call to PxScene::lockWrite(), behaviour will be undefined.
[2016.03.26-20.17.59:474][234]LogPhysics:Warning: PHYSX: ..\..\PhysX\src\NpScene.cpp (2946) 8 : PxScene::unlockWrite() called without matching call to PxScene::lockWrite(), behaviour will be undefined.
[2016.03.26-20.17.59:474][234]LogPhysics:Warning: PHYSX: ..\..\PhysX\src\NpScene.cpp (2946) 8 : PxScene::unlockWrite() called without matching call to PxScene::lockWrite(), behaviour will be undefined.
[2016.03.26-20.17.59:474][234]LogWindows: FPlatformMisc::RequestExit(1)
[2016.03.26-20.17.59:474][234]Log file closed, 03/26/16 16:17:59
