[2016.03.21-17.16.25:773][  0]Log file open, 03/21/16 13:16:25
[2016.03.21-17.16.25:774][  0]LogInit:Display: Running engine for game: FamilyThief
[2016.03.21-17.16.25:774][  0]LogPlatformFile: Not using cached read wrapper
[2016.03.21-17.16.25:774][  0]LogInit:Display: RandInit(2116709352) SRandInit(2116709357).
[2016.03.21-17.16.25:774][  0]LogTaskGraph: Started task graph with 4 named threads and 7 total threads.
[2016.03.21-17.16.25:774][  0]LogStats: Stats thread started at 0.157961
[2016.03.21-17.16.25:774][  0]LogInit: Version: 4.10.4-2872498+++depot+UE4-Releases+4.10
[2016.03.21-17.16.25:774][  0]LogInit: API Version: 2758231
[2016.03.21-17.16.25:774][  0]LogInit: Compiled (64-bit): Feb 18 2016 15:47:04
[2016.03.21-17.16.25:774][  0]LogInit: Compiled with Visual C++: 19.00.23026.00
[2016.03.21-17.16.25:774][  0]LogInit: Build Configuration: Development
[2016.03.21-17.16.25:774][  0]LogInit: Branch Name: ++depot+UE4-Releases+4.10
[2016.03.21-17.16.25:774][  0]LogInit: Command line: -EpicPortal 
[2016.03.21-17.16.25:774][  0]LogInit: Base directory: C:/Program Files (x86)/Epic Games/4.10/Engine/Binaries/Win64/
[2016.03.21-17.16.25:774][  0]LogInit: Rocket: 1
[2016.03.21-17.16.25:796][  0]LogInit: Using libcurl 7.41.0
[2016.03.21-17.16.25:796][  0]LogInit:  - built for x86_64-pc-win32
[2016.03.21-17.16.25:796][  0]LogInit:  - supports SSL with WinSSL
[2016.03.21-17.16.25:796][  0]LogInit:  - other features:
[2016.03.21-17.16.25:796][  0]LogInit:      CURL_VERSION_SSL
[2016.03.21-17.16.25:796][  0]LogInit:      CURL_VERSION_IPV6
[2016.03.21-17.16.25:796][  0]LogInit:      CURL_VERSION_ASYNCHDNS
[2016.03.21-17.16.25:796][  0]LogInit:      CURL_VERSION_LARGEFILE
[2016.03.21-17.16.25:796][  0]LogInit:      CURL_VERSION_IDN
[2016.03.21-17.16.25:796][  0]LogInit:  CurlRequestOptions (configurable via config and command line):
[2016.03.21-17.16.25:796][  0]LogInit:  - bVerifyPeer = true  - Libcurl will verify peer certificate
[2016.03.21-17.16.25:797][  0]LogInit:  - bUseHttpProxy = false  - Libcurl will NOT use HTTP proxy
[2016.03.21-17.16.25:797][  0]LogInit:  - bDontReuseConnections = false  - Libcurl will reuse connections
[2016.03.21-17.16.25:797][  0]LogInit:  - CertBundlePath = nullptr  - Libcurl will use whatever was configured at build time.
[2016.03.21-17.16.25:823][  0]LogInit: Presizing for 0 objects not considered by GC, pre-allocating 0 bytes.
[2016.03.21-17.16.25:850][  0]LogInit: Object subsystem initialized
[2016.03.21-17.16.25:855][  0]LogInit: Selected Device Profile: [Windows]
[2016.03.21-17.16.25:855][  0]LogInit: Applying CVar settings loaded from the selected device profile: [Windows]
[2016.03.21-17.16.25:914][  0]LogInit: Computer: DESKTOP-J618I8O
[2016.03.21-17.16.25:914][  0]LogInit: User: Doug
[2016.03.21-17.16.25:914][  0]LogInit: CPU Page size=4096, Cores=4
[2016.03.21-17.16.25:914][  0]LogInit: High frequency timer resolution =3.897227 MHz
[2016.03.21-17.16.25:914][  0]LogMemory: Memory total: Physical=16.0GB (16GB approx)
[2016.03.21-17.16.25:914][  0]LogMemory: Platform Memory Stats for Windows
[2016.03.21-17.16.25:914][  0]LogMemory: Process Physical Memory: 56.34 MB used, 56.34 MB peak
[2016.03.21-17.16.25:915][  0]LogMemory: Process Virtual Memory: 58.79 MB used, 58.79 MB peak
[2016.03.21-17.16.25:915][  0]LogMemory: Physical Memory: 3651.36 MB used, 16344.24 MB total
[2016.03.21-17.16.25:915][  0]LogMemory: Virtual Memory: 381.89 MB used, 134217728.00 MB total
[2016.03.21-17.16.26:019][  0]LogTextLocalizationManager: No specific translations for ('en-US') exist, so ('en') translations will be used.
[2016.03.21-17.16.27:683][  0]LogD3D11RHI: Found D3D11 adapter 0: NVIDIA GeForce GTX 980M                   (Feature Level 11_0)
[2016.03.21-17.16.27:683][  0]LogD3D11RHI: Adapter has 8093MB of dedicated video memory, 0MB of dedicated system memory, and 8172MB of shared system memory, 1 output[s]
[2016.03.21-17.16.27:686][  0]LogD3D11RHI: Found D3D11 adapter 1: Microsoft Basic Render Driver (Feature Level 11_0)
[2016.03.21-17.16.27:686][  0]LogD3D11RHI: Adapter has 0MB of dedicated video memory, 0MB of dedicated system memory, and 8172MB of shared system memory, 0 output[s]
[2016.03.21-17.16.27:686][  0]LogD3D11RHI: Chosen D3D11 Adapter Id = 0
[2016.03.21-17.16.27:696][  0]LogD3D11RHI: !Direct3DDevice
[2016.03.21-17.16.27:696][  0]LogRHI: Texture pool is 1361 MB (70% of 1945 MB)
[2016.03.21-17.16.27:723][  0]LogD3D11RHI: Async texture creation enabled
[2016.03.21-17.16.27:743][  0]LogShaderCompilers: Guid format shader working directory is -21 characters bigger than the processId version (../../../../../../Users/Doug!/Documents/Unreal Projects/FamilyThief/Intermediate/Shaders/WorkingDirectory/3024/).
[2016.03.21-17.16.27:744][  0]LogShaderCompilers: Cleaned the shader compiler working directory 'C:/Users/Doug!/AppData/Local/Temp/UnrealShaderWorkingDir/A6E4287D47C642C3D8A04A99261F8208/'.
[2016.03.21-17.16.27:744][  0]LogShaderCompilers:Display: Using Local Shader Compiler.
[2016.03.21-17.16.30:479][  0]LogTemp:Display: Loaded TP AllDesktopTargetPlatform
[2016.03.21-17.16.30:490][  0]LogTemp:Display: Loaded TP WindowsClientTargetPlatform
[2016.03.21-17.16.30:502][  0]LogTemp:Display: Loaded TP WindowsNoEditorTargetPlatform
[2016.03.21-17.16.30:513][  0]LogTemp:Display: Loaded TP WindowsServerTargetPlatform
[2016.03.21-17.16.30:523][  0]LogTemp:Display: Loaded TP WindowsTargetPlatform
[2016.03.21-17.16.30:531][  0]LogTemp:Display: Loaded TP AndroidTargetPlatform
[2016.03.21-17.16.30:539][  0]LogTemp:Display: Loaded TP Android_ASTCTargetPlatform
[2016.03.21-17.16.30:548][  0]LogTemp:Display: Loaded TP Android_ATCTargetPlatform
[2016.03.21-17.16.30:556][  0]LogTemp:Display: Loaded TP Android_DXTTargetPlatform
[2016.03.21-17.16.30:563][  0]LogTemp:Display: Loaded TP Android_ETC1TargetPlatform
[2016.03.21-17.16.30:571][  0]LogTemp:Display: Loaded TP Android_ETC2TargetPlatform
[2016.03.21-17.16.30:592][  0]LogTemp:Display: Loaded TP Android_MultiTargetPlatform
[2016.03.21-17.16.30:592][  0]LogTemp:Display: Loaded TP Android_PVRTCTargetPlatform
[2016.03.21-17.16.30:594][  0]LogTemp:Display: Loaded TP HTML5TargetPlatform
[2016.03.21-17.16.30:629][  0]LogTemp:Display: Loaded TP IOSTargetPlatform
[2016.03.21-17.16.30:639][  0]LogTemp:Display: Loaded TP LinuxNoEditorTargetPlatform
[2016.03.21-17.16.30:651][  0]LogTemp:Display: Loaded TP LinuxServerTargetPlatform
[2016.03.21-17.16.30:663][  0]LogTemp:Display: Loaded TP LinuxTargetPlatform
[2016.03.21-17.16.30:663][  0]LogTargetPlatformManager:Display: Building Assets For Windows
[2016.03.21-17.16.30:962][  0]LogDerivedDataCache:Display: Max Cache Size: 512 MB
[2016.03.21-17.16.31:100][  0]LogDerivedDataCache: Loaded boot cache 0.14s 41MB C:/Users/Doug!/AppData/Local/UnrealEngine/4.10/DerivedDataCache/Boot.ddc.
[2016.03.21-17.16.31:100][  0]LogDerivedDataCache:Display: Loaded Boot cache: C:/Users/Doug!/AppData/Local/UnrealEngine/4.10/DerivedDataCache/Boot.ddc
[2016.03.21-17.16.31:100][  0]LogDerivedDataCache: FDerivedDataBackendGraph:  Pak pak cache file ../../../../../../Users/Doug!/Documents/Unreal Projects/FamilyThief/DerivedDataCache/DDC.ddp not found, will not use a pak cache.
[2016.03.21-17.16.31:100][  0]LogDerivedDataCache: Unable to find inner node Pak for hierarchical cache Hierarchy.
[2016.03.21-17.16.31:100][  0]LogDerivedDataCache: FDerivedDataBackendGraph:  CompressedPak pak cache file ../../../../../../Users/Doug!/Documents/Unreal Projects/FamilyThief/DerivedDataCache/Compressed.ddp not found, will not use a pak cache.
[2016.03.21-17.16.31:100][  0]LogDerivedDataCache: Unable to find inner node CompressedPak for hierarchical cache Hierarchy.
[2016.03.21-17.16.31:315][  0]LogDerivedDataCache:Display: Pak cache opened for reading ../../../Engine/DerivedDataCache/Compressed.ddp.
[2016.03.21-17.16.31:329][  0]LogDerivedDataCache: Using Local data cache path C:/Users/Doug!/AppData/Local/UnrealEngine/Common/DerivedDataCache: Writable
[2016.03.21-17.16.32:006][  0]LogInit: Selected Device Profile: [Windows]
[2016.03.21-17.16.32:015][  0]LogContentStreaming: Texture pool size is 0.000000MB
[2016.03.21-17.16.32:396][  0]LogMeshUtilities: No automatic mesh reduction module available
[2016.03.21-17.16.32:396][  0]LogMeshUtilities: No automatic mesh merging module available
[2016.03.21-17.16.33:130][  0]LogInit: WinSock: version 1.1 (2.2), MaxSocks=32767, MaxUdp=65467
[2016.03.21-17.16.35:442][  0]UdpMessaging: Initializing bridge on interface 0.0.0.0:0 to multicast group 230.0.0.1:6666.
[2016.03.21-17.16.35:601][  0]LogAssetRegistry: FAssetRegistry took 0.0115 seconds to start up
[2016.03.21-17.16.36:110][  0]SourceControl: Info Source control is disabled
[2016.03.21-17.16.36:113][  0]SourceControl: Info Source control is disabled
[2016.03.21-17.16.36:140][  0]SourceControl: Info Source control is disabled
[2016.03.21-17.16.36:169][  0]SourceControl: Info Source control is disabled
[2016.03.21-17.16.36:693][  0]LogObj: 28633 objects as part of root set at end of initial load.
[2016.03.21-17.16.36:693][  0]LogUObjectAllocator: 6099744 out of 0 bytes used by permanent object pool.
[2016.03.21-17.16.36:874][  0]LogEngine: Initializing Engine...
[2016.03.21-17.16.36:885][  0]LogHMD: Can't find Oculus library dev build: is proper Runtime installed? Version: 0.8.0.0
[2016.03.21-17.16.36:887][  0]LogHMD: SteamVR failed to initialize.  Err: 110
[2016.03.21-17.16.37:252][  0]LogAIModule: Creating AISystem for world NewWorld
[2016.03.21-17.16.37:281][  0]LogInit: XAudio2 using 'Speakers (Realtek High Definition Audio)' : 4 channels at 48 kHz using 32 bits per sample (channel mask 0x33)
[2016.03.21-17.16.37:340][  0]LogInit: FAudioDevice initialized.
[2016.03.21-17.16.37:395][  0]LogDerivedDataCache: Saved boot cache 0.05s 41MB C:/Users/Doug!/AppData/Local/UnrealEngine/4.10/DerivedDataCache/Boot.ddc.
[2016.03.21-17.16.37:410][  0]LogInit: Texture streaming: Enabled
[2016.03.21-17.16.37:424][  0]LogAnalytics: Creating configured Analytics provider AnalyticsET
[2016.03.21-17.16.37:424][  0]LogAnalytics: [UEEditor.Rocket.Release] APIServer = http://et2.epicgames.com/ET2/. AppVersion = 4.10.4-2872498+++depot+UE4-Releases+4.10
[2016.03.21-17.16.37:424][  0]LogAnalytics: [UEEditor.Rocket.Release] SetUserId 52b10e6445fa931ea2b57b9ab393f2a9|a024f71aa653453a8ecdbc4f8186e225|56a0a37a-fce5-4ac1-879f-0e1c059c54f2
[2016.03.21-17.16.37:425][  0]LogAnalytics: [UEEditor.Rocket.Release] AnalyticsET::StartSession
[2016.03.21-17.16.37:449][  0]LogInit: Transaction tracking system initialized
[2016.03.21-17.16.37:514][  0]BlueprintLog: New page: Editor Load
[2016.03.21-17.16.37:716][  0]LocalizationService: Info Localization service is disabled
[2016.03.21-17.16.37:893][  0]LogConsoleResponse:Display: 
[2016.03.21-17.16.38:217][  0]LogCook:Display: Done creating registry. It took  0.00s.
[2016.03.21-17.16.38:362][  0]LogFileCache: Scanning file cache for directory 'C:/Users/Doug!/Documents/Unreal Projects/FamilyThief/Content/' took 0.03s
[2016.03.21-17.16.38:362][  0]SourceControl: Info Source control is disabled
[2016.03.21-17.16.38:363][  0]Cmd: MAP LOAD FILE="../../../../../../Users/Doug!/Documents/Unreal Projects/FamilyThief/Content/ThirdPersonBP/Maps/ThirdPersonExampleMap.umap" TEMPLATE=0 SHOWPROGRESS=1 FEATURELEVEL=3
[2016.03.21-17.16.38:373][  0]LightingResults: New page: Lighting Build
[2016.03.21-17.16.38:381][  0]MapCheck: New page: Map Check
[2016.03.21-17.16.38:381][  0]LightingResults: New page: Lighting Build
[2016.03.21-17.16.38:413][  0]LogParticles: Destroying 0 GPU particle simulations for FXSystem 0x0000000C71C63B00
[2016.03.21-17.16.41:368][  0]LogAIModule: Creating AISystem for world ThirdPersonExampleMap
[2016.03.21-17.16.41:394][  0]LogEditorServer: Finished looking for orphan Actors (0.000 secs)
[2016.03.21-17.16.41:398][  0]Cmd: MAP CHECKDEP NOCLEARLOG
[2016.03.21-17.16.41:555][  0]MapCheck: Info Map check complete: 0 Error(s), 0 Warning(s), took 156.09ms to complete.
[2016.03.21-17.16.41:555][  0]LogFileHelpers: Loading map 'ThirdPersonExampleMap' took 3.192
[2016.03.21-17.16.41:846][  0]LogCollectionManager: Loaded 0 collections in 0.004839 seconds
[2016.03.21-17.16.41:907][  0]LogFileCache: Scanning file cache for directory 'C:/Users/Doug!/Documents/Unreal Projects/FamilyThief/Saved/Collections/' took 0.01s
[2016.03.21-17.16.41:907][  0]LogFileCache: Scanning file cache for directory 'C:/Users/Doug!/Documents/Unreal Projects/FamilyThief/Content/Developers/Doug/Collections/' took 0.01s
[2016.03.21-17.16.41:907][  0]LogFileCache: Scanning file cache for directory 'C:/Users/Doug!/Documents/Unreal Projects/FamilyThief/Content/Collections/' took 0.01s
[2016.03.21-17.16.41:907][  0]LogCollectionManager: Rebuilt the GUID cache for 0 collections in 0.000005 seconds
[2016.03.21-17.16.41:932][  0]LogContentBrowser: Native class hierarchy populated in 0.0238 seconds. Added 1893 classes and 338 folders.
[2016.03.21-17.16.41:953][  0]LogContentBrowser: Native class hierarchy updated for 'WidgetCarousel' in 0.0011 seconds. Added 0 classes and 0 folders.
[2016.03.21-17.16.42:755][  0]LogContentBrowser: Native class hierarchy updated for 'AddContentDialog' in 0.0011 seconds. Added 0 classes and 0 folders.
[2016.03.21-17.16.42:771][  0]LogContentBrowser: Native class hierarchy updated for 'SceneOutliner' in 0.0011 seconds. Added 1 classes and 2 folders.
[2016.03.21-17.16.42:921][  0]LogCrashTracker: Crashtracker disabled due to settings.
[2016.03.21-17.16.42:943][  0]LogUObjectGlobals:Warning: Failed to find object 'Class None.'
[2016.03.21-17.16.42:969][  0]LogLoad: Full Startup: 18.73 seconds (BP compile: 0.58 seconds)
[2016.03.21-17.16.42:995][  0]LogOcInput: Can't find Oculus library dev build: is proper Runtime installed? Version: 0.8.0.0
[2016.03.21-17.16.43:284][  0]LogContentStreaming: Texture pool size now 1000 MB
[2016.03.21-17.16.43:592][  0]LogContentBrowser:Verbose: The majority of assets in the view are of type: AnimSequence
[2016.03.21-17.16.43:794][  0]LogRenderer: Reallocating scene render targets to support 1360x724 (Frame:2).
[2016.03.21-17.16.44:721][ 10]LogAssetRegistry: Asset discovery search completed in 9.1311 seconds
[2016.03.21-17.16.44:721][ 10]LogCollectionManager: Rebuilt the object cache for 0 collections in 0.000001 seconds (found 0 objects)
[2016.03.21-17.16.44:721][ 10]LogCollectionManager: Fixed up redirectors for 0 collections in 0.000058 seconds (updated 0 objects)
[2016.03.21-17.17.52:186][973]LogBlueprintUserMessages: Early PlayInEditor Detection: Level '/Game/ThirdPersonBP/Maps/ThirdPersonExampleMap.ThirdPersonExampleMap:PersistentLevel' has LevelScriptBlueprint '/Game/ThirdPersonBP/Maps/ThirdPersonExampleMap.ThirdPersonExampleMap:PersistentLevel.ThirdPersonExampleMap' with GeneratedClass '/Game/ThirdPersonBP/Maps/ThirdPersonExampleMap.ThirdPersonExampleMap_C' with ClassGeneratedBy '/Game/ThirdPersonBP/Maps/ThirdPersonExampleMap.ThirdPersonExampleMap:PersistentLevel.ThirdPersonExampleMap'
[2016.03.21-17.17.52:186][973]LogPlayLevel: PlayLevel: No blueprints needed recompiling
[2016.03.21-17.17.52:188][973]PIE: New page: PIE session: ThirdPersonExampleMap (Mar 21, 2016, 9:17:52 AM)
[2016.03.21-17.17.52:188][973]LogPlayLevel: Creating play world package: /Game/ThirdPersonBP/Maps/UEDPIE_0_ThirdPersonExampleMap
[2016.03.21-17.17.52:273][973]LogPlayLevel: PIE: StaticDuplicateObject took: (0.084659s)
[2016.03.21-17.17.52:275][973]LogAIModule: Creating AISystem for world ThirdPersonExampleMap
[2016.03.21-17.17.52:276][973]LogPlayLevel: PIE: World Init took: (0.002726s)
[2016.03.21-17.17.52:276][973]LogPlayLevel: PIE: Created PIE world by copying editor world from /Game/ThirdPersonBP/Maps/ThirdPersonExampleMap.ThirdPersonExampleMap to /Game/ThirdPersonBP/Maps/UEDPIE_0_ThirdPersonExampleMap.ThirdPersonExampleMap (0.088342s)
[2016.03.21-17.17.52:277][973]LogActorComponent: UnregisterComponent: (/Engine/Transient.CharMoveComp) Not registered. Aborting.
[2016.03.21-17.17.52:399][973]LogInit: XAudio2 using 'Speakers (Realtek High Definition Audio)' : 4 channels at 48 kHz using 32 bits per sample (channel mask 0x33)
[2016.03.21-17.17.52:411][973]LogInit: FAudioDevice initialized.
[2016.03.21-17.17.52:537][973]LogWorld: Game class is 'ThirdPersonGameMode_C'
[2016.03.21-17.17.52:553][973]LogWorld: Bringing World /Game/ThirdPersonBP/Maps/UEDPIE_0_ThirdPersonExampleMap.ThirdPersonExampleMap up for play (max tick rate 60) at 2016.03.21-13.17.52
[2016.03.21-17.17.52:553][973]LogActor:Warning: GameSession /Game/ThirdPersonBP/Maps/UEDPIE_0_ThirdPersonExampleMap.ThirdPersonExampleMap:PersistentLevel.GameSession_0 has natively added scene component(s), but none of them were set as the actor's RootComponent - picking one arbitrarily
[2016.03.21-17.17.52:553][973]LogActor:Warning: GameNetworkManager /Game/ThirdPersonBP/Maps/UEDPIE_0_ThirdPersonExampleMap.ThirdPersonExampleMap:PersistentLevel.GameNetworkManager_0 has natively added scene component(s), but none of them were set as the actor's RootComponent - picking one arbitrarily
[2016.03.21-17.17.52:561][973]LogWorld: Bringing up level for play took: 0.018572
[2016.03.21-17.17.52:577][973]PIE: Info Play in editor start time for /Game/ThirdPersonBP/Maps/UEDPIE_0_ThirdPersonExampleMap -0.523
[2016.03.21-17.17.52:578][973]LogBlueprintUserMessages: Late PlayInEditor Detection: Level '/Game/ThirdPersonBP/Maps/ThirdPersonExampleMap.ThirdPersonExampleMap:PersistentLevel' has LevelScriptBlueprint '/Game/ThirdPersonBP/Maps/ThirdPersonExampleMap.ThirdPersonExampleMap:PersistentLevel.ThirdPersonExampleMap' with GeneratedClass '/Game/ThirdPersonBP/Maps/ThirdPersonExampleMap.ThirdPersonExampleMap_C' with ClassGeneratedBy '/Game/ThirdPersonBP/Maps/ThirdPersonExampleMap.ThirdPersonExampleMap:PersistentLevel.ThirdPersonExampleMap'
[2016.03.21-17.17.54:707][ 84]LogBlueprintUserMessages: [PlayerShooterCharacter_C_0] ouch
[2016.03.21-17.17.56:716][194]LogBlueprintUserMessages: [PlayerShooterCharacter_C_0] ouch
[2016.03.21-17.17.58:718][307]LogBlueprintUserMessages: [PlayerShooterCharacter_C_0] ouch
[2016.03.21-17.18.00:725][421]LogBlueprintUserMessages: [PlayerShooterCharacter_C_0] ouch
[2016.03.21-17.18.02:735][535]LogBlueprintUserMessages: [PlayerShooterCharacter_C_0] ouch
[2016.03.21-17.18.04:746][648]LogBlueprintUserMessages: [PlayerShooterCharacter_C_0] ouch
[2016.03.21-17.18.06:762][763]LogBlueprintUserMessages: [PlayerShooterCharacter_C_0] ouch
[2016.03.21-17.18.08:767][874]LogBlueprintUserMessages: [PlayerShooterCharacter_C_0] ouch
[2016.03.21-17.18.10:780][982]LogBlueprintUserMessages: [PlayerShooterCharacter_C_0] ouch
[2016.03.21-17.18.12:794][ 74]LogBlueprintUserMessages: [PlayerShooterCharacter_C_0] ouch
[2016.03.21-17.18.14:799][186]LogBlueprintUserMessages: [PlayerShooterCharacter_C_0] ouch
[2016.03.21-17.18.16:805][299]LogBlueprintUserMessages: [PlayerShooterCharacter_C_0] ouch
[2016.03.21-17.18.18:816][413]LogBlueprintUserMessages: [PlayerShooterCharacter_C_0] ouch
[2016.03.21-17.18.20:832][524]LogBlueprintUserMessages: [PlayerShooterCharacter_C_0] ouch
[2016.03.21-17.18.22:834][635]LogBlueprintUserMessages: [PlayerShooterCharacter_C_0] ouch
[2016.03.21-17.18.25:084][757]LogBlueprintUserMessages: [BTT_DestroyMemory_C_1] Destroy
[2016.03.21-17.18.34:862][288]LogBlueprintUserMessages: [AIShooter_Character_C_0] ouch
[2016.03.21-17.18.34:976][294]LogBlueprintUserMessages: [PlayerShooterCharacter_C_0] ouch
[2016.03.21-17.18.35:317][313]LogBlueprintUserMessages: [AIShooter_Character_C_0] ouch
[2016.03.21-17.18.35:662][332]LogBlueprintUserMessages: [AIShooter_Character_C_0] ouch
[2016.03.21-17.18.45:247][865]LogBlueprintUserMessages: Early EndPlayMap Detection: Level '/Game/ThirdPersonBP/Maps/ThirdPersonExampleMap.ThirdPersonExampleMap:PersistentLevel' has LevelScriptBlueprint '/Game/ThirdPersonBP/Maps/ThirdPersonExampleMap.ThirdPersonExampleMap:PersistentLevel.ThirdPersonExampleMap' with GeneratedClass '/Game/ThirdPersonBP/Maps/ThirdPersonExampleMap.ThirdPersonExampleMap_C' with ClassGeneratedBy '/Game/ThirdPersonBP/Maps/ThirdPersonExampleMap.ThirdPersonExampleMap:PersistentLevel.ThirdPersonExampleMap'
[2016.03.21-17.18.45:320][865]LogBlueprintUserMessages: Late EndPlayMap Detection: Level '/Game/ThirdPersonBP/Maps/ThirdPersonExampleMap.ThirdPersonExampleMap:PersistentLevel' has LevelScriptBlueprint '/Game/ThirdPersonBP/Maps/ThirdPersonExampleMap.ThirdPersonExampleMap:PersistentLevel.ThirdPersonExampleMap' with GeneratedClass '/Game/ThirdPersonBP/Maps/ThirdPersonExampleMap.ThirdPersonExampleMap_C' with ClassGeneratedBy '/Game/ThirdPersonBP/Maps/ThirdPersonExampleMap.ThirdPersonExampleMap:PersistentLevel.ThirdPersonExampleMap'
[2016.03.21-17.18.45:362][865]LogParticles: Destroying 0 GPU particle simulations for FXSystem 0x0000000C53D5D3A0
[2016.03.21-18.07.44:801][484]LogBlueprintUserMessages: Early PlayInEditor Detection: Level '/Game/ThirdPersonBP/Maps/ThirdPersonExampleMap.ThirdPersonExampleMap:PersistentLevel' has LevelScriptBlueprint '/Game/ThirdPersonBP/Maps/ThirdPersonExampleMap.ThirdPersonExampleMap:PersistentLevel.ThirdPersonExampleMap' with GeneratedClass '/Game/ThirdPersonBP/Maps/ThirdPersonExampleMap.ThirdPersonExampleMap_C' with ClassGeneratedBy '/Game/ThirdPersonBP/Maps/ThirdPersonExampleMap.ThirdPersonExampleMap:PersistentLevel.ThirdPersonExampleMap'
[2016.03.21-18.07.44:802][484]LogPlayLevel: PlayLevel: No blueprints needed recompiling
[2016.03.21-18.07.44:802][484]PIE: New page: PIE session: ThirdPersonExampleMap (Mar 21, 2016, 10:07:44 AM)
[2016.03.21-18.07.44:802][484]LogPlayLevel: Creating play world package: /Game/ThirdPersonBP/Maps/UEDPIE_0_ThirdPersonExampleMap
[2016.03.21-18.07.44:873][484]LogPlayLevel: PIE: StaticDuplicateObject took: (0.070882s)
[2016.03.21-18.07.44:878][484]LogAIModule: Creating AISystem for world ThirdPersonExampleMap
[2016.03.21-18.07.44:879][484]LogPlayLevel: PIE: World Init took: (0.006097s)
[2016.03.21-18.07.44:880][484]LogPlayLevel: PIE: Created PIE world by copying editor world from /Game/ThirdPersonBP/Maps/ThirdPersonExampleMap.ThirdPersonExampleMap to /Game/ThirdPersonBP/Maps/UEDPIE_0_ThirdPersonExampleMap.ThirdPersonExampleMap (0.077815s)
[2016.03.21-18.07.44:957][484]LogInit: XAudio2 using 'Speakers (Realtek High Definition Audio)' : 4 channels at 48 kHz using 32 bits per sample (channel mask 0x33)
[2016.03.21-18.07.44:971][484]LogInit: FAudioDevice initialized.
[2016.03.21-18.07.45:027][484]LogWorld: Game class is 'ThirdPersonGameMode_C'
[2016.03.21-18.07.45:042][484]LogWorld: Bringing World /Game/ThirdPersonBP/Maps/UEDPIE_0_ThirdPersonExampleMap.ThirdPersonExampleMap up for play (max tick rate 60) at 2016.03.21-14.07.45
[2016.03.21-18.07.45:042][484]LogActor:Warning: GameSession /Game/ThirdPersonBP/Maps/UEDPIE_0_ThirdPersonExampleMap.ThirdPersonExampleMap:PersistentLevel.GameSession_1 has natively added scene component(s), but none of them were set as the actor's RootComponent - picking one arbitrarily
[2016.03.21-18.07.45:043][484]LogActor:Warning: GameNetworkManager /Game/ThirdPersonBP/Maps/UEDPIE_0_ThirdPersonExampleMap.ThirdPersonExampleMap:PersistentLevel.GameNetworkManager_1 has natively added scene component(s), but none of them were set as the actor's RootComponent - picking one arbitrarily
[2016.03.21-18.07.45:045][484]LogWorld: Bringing up level for play took: 0.014611
[2016.03.21-18.07.45:055][484]PIE: Info Play in editor start time for /Game/ThirdPersonBP/Maps/UEDPIE_0_ThirdPersonExampleMap -0.045
[2016.03.21-18.07.45:055][484]LogBlueprintUserMessages: Late PlayInEditor Detection: Level '/Game/ThirdPersonBP/Maps/ThirdPersonExampleMap.ThirdPersonExampleMap:PersistentLevel' has LevelScriptBlueprint '/Game/ThirdPersonBP/Maps/ThirdPersonExampleMap.ThirdPersonExampleMap:PersistentLevel.ThirdPersonExampleMap' with GeneratedClass '/Game/ThirdPersonBP/Maps/ThirdPersonExampleMap.ThirdPersonExampleMap_C' with ClassGeneratedBy '/Game/ThirdPersonBP/Maps/ThirdPersonExampleMap.ThirdPersonExampleMap:PersistentLevel.ThirdPersonExampleMap'
[2016.03.21-18.07.47:353][603]LogBlueprintUserMessages: [PlayerShooterCharacter_C_1] ouch
[2016.03.21-18.07.49:100][697]LogBlueprintUserMessages: [AIShooter_Character_C_0] ouch
[2016.03.21-18.07.49:370][711]LogBlueprintUserMessages: [PlayerShooterCharacter_C_1] ouch
[2016.03.21-18.07.51:391][821]LogBlueprintUserMessages: [PlayerShooterCharacter_C_1] ouch
[2016.03.21-18.07.52:008][855]LogBlueprintUserMessages: [AIShooter_Character_C_0] ouch
[2016.03.21-18.07.53:393][931]LogBlueprintUserMessages: [PlayerShooterCharacter_C_1] ouch
[2016.03.21-18.07.54:432][987]LogBlueprintUserMessages: [AIShooter_Character_C_0] ouch
[2016.03.21-18.10.53:463][120]LogBlueprintUserMessages: Early EndPlayMap Detection: Level '/Game/ThirdPersonBP/Maps/ThirdPersonExampleMap.ThirdPersonExampleMap:PersistentLevel' has LevelScriptBlueprint '/Game/ThirdPersonBP/Maps/ThirdPersonExampleMap.ThirdPersonExampleMap:PersistentLevel.ThirdPersonExampleMap' with GeneratedClass '/Game/ThirdPersonBP/Maps/ThirdPersonExampleMap.ThirdPersonExampleMap_C' with ClassGeneratedBy '/Game/ThirdPersonBP/Maps/ThirdPersonExampleMap.ThirdPersonExampleMap:PersistentLevel.ThirdPersonExampleMap'
[2016.03.21-18.10.53:503][120]LogBlueprintUserMessages: Late EndPlayMap Detection: Level '/Game/ThirdPersonBP/Maps/ThirdPersonExampleMap.ThirdPersonExampleMap:PersistentLevel' has LevelScriptBlueprint '/Game/ThirdPersonBP/Maps/ThirdPersonExampleMap.ThirdPersonExampleMap:PersistentLevel.ThirdPersonExampleMap' with GeneratedClass '/Game/ThirdPersonBP/Maps/ThirdPersonExampleMap.ThirdPersonExampleMap_C' with ClassGeneratedBy '/Game/ThirdPersonBP/Maps/ThirdPersonExampleMap.ThirdPersonExampleMap:PersistentLevel.ThirdPersonExampleMap'
[2016.03.21-18.10.53:582][121]LogParticles: Destroying 0 GPU particle simulations for FXSystem 0x0000000C6433A160
[2016.03.21-18.49.30:401][325]LogWindowsTextInputMethodSystem:Display: IME system now deactivated.
[2016.03.21-18.49.30:585][326]Cmd: QUIT_EDITOR
[2016.03.21-18.49.31:612][326]LogExit: Preparing to exit.
[2016.03.21-18.49.32:315][326]LogExit: Editor shut down
[2016.03.21-18.49.32:315][326]LogExit: Transaction tracking system shut down
[2016.03.21-18.49.32:318][326]LogParticles: Destroying 0 GPU particle simulations for FXSystem 0x0000000C78DA7100
[2016.03.21-18.49.32:318][326]LogParticles: Destroying 0 GPU particle simulations for FXSystem 0x0000000C00473B00
[2016.03.21-18.49.32:318][326]LogParticles: Destroying 0 GPU particle simulations for FXSystem 0x0000000C004A3B00
[2016.03.21-18.49.32:421][326]LogExit: Object subsystem successfully closed.
[2016.03.21-18.49.32:428][326]LogD3D11RHI: Shutdown
[2016.03.21-18.49.32:428][326]LogD3D11RHI: CleanupD3DDevice
[2016.03.21-18.49.32:475][326]LogD3D11RHI: ~FD3D11DynamicRHI
[2016.03.21-18.49.32:484][326]LogModuleManager: Shutting down and abandoning module CrashTracker (198)
[2016.03.21-18.49.32:485][326]LogModuleManager: Shutting down and abandoning module SceneOutliner (197)
[2016.03.21-18.49.32:485][326]LogModuleManager: Shutting down and abandoning module SuperSearch (196)
[2016.03.21-18.49.32:485][326]LogModuleManager: Shutting down and abandoning module WidgetCarousel (195)
[2016.03.21-18.49.32:485][326]LogModuleManager: Shutting down and abandoning module AddContentDialog (194)
[2016.03.21-18.49.32:487][326]LogModuleManager: Shutting down and abandoning module EditorWidgets (193)
[2016.03.21-18.49.32:487][326]LogModuleManager: Shutting down and abandoning module CollectionManager (192)
[2016.03.21-18.49.32:487][326]LogModuleManager: Shutting down and abandoning module StatsViewer (191)
[2016.03.21-18.49.32:487][326]LogModuleManager: Shutting down and abandoning module FoliageEdit (190)
[2016.03.21-18.49.32:487][326]LogModuleManager: Shutting down and abandoning module LandscapeEditor (189)
[2016.03.21-18.49.32:487][326]LogModuleManager: Shutting down and abandoning module ActorPickerMode (188)
[2016.03.21-18.49.32:487][326]LogModuleManager: Shutting down and abandoning module GeometryMode (187)
[2016.03.21-18.49.32:487][326]LogModuleManager: Shutting down and abandoning module TextureAlignMode (186)
[2016.03.21-18.49.32:487][326]LogModuleManager: Shutting down and abandoning module BspMode (185)
[2016.03.21-18.49.32:487][326]LogModuleManager: Shutting down and abandoning module PlacementMode (184)
[2016.03.21-18.49.32:487][326]LogModuleManager: Shutting down and abandoning module AutomationWorker (183)
[2016.03.21-18.49.32:487][326]LogModuleManager: Shutting down and abandoning module CharacterAI (182)
[2016.03.21-18.49.32:487][326]LogModuleManager: Shutting down and abandoning module SmartSnapping (181)
[2016.03.21-18.49.32:487][326]LogModuleManager: Shutting down and abandoning module ViewportSnapping (180)
[2016.03.21-18.49.32:487][326]LogModuleManager: Shutting down and abandoning module LogVisualizer (179)
[2016.03.21-18.49.32:487][326]LogModuleManager: Shutting down and abandoning module GameProjectGeneration (178)
[2016.03.21-18.49.32:487][326]LogModuleManager: Shutting down and abandoning module IntroTutorials (177)
[2016.03.21-18.49.32:487][326]LogModuleManager: Shutting down and abandoning module EditorLiveStreaming (176)
[2016.03.21-18.49.32:487][326]LogModuleManager: Shutting down and abandoning module IOSPlatformEditor (175)
[2016.03.21-18.49.32:487][326]LogModuleManager: Shutting down and abandoning module HTML5PlatformEditor (174)
[2016.03.21-18.49.32:487][326]LogModuleManager: Shutting down and abandoning module AndroidDeviceDetection (173)
[2016.03.21-18.49.32:528][326]LogModuleManager: Shutting down and abandoning module AndroidPlatformEditor (172)
[2016.03.21-18.49.32:528][326]LogModuleManager: Shutting down and abandoning module IOSRuntimeSettings (171)
[2016.03.21-18.49.32:528][326]LogModuleManager: Shutting down and abandoning module AndroidRuntimeSettings (170)
[2016.03.21-18.49.32:528][326]LogModuleManager: Shutting down and abandoning module MergeActors (169)
[2016.03.21-18.49.32:528][326]LogModuleManager: Shutting down and abandoning module SizeMap (168)
[2016.03.21-18.49.32:528][326]LogModuleManager: Shutting down and abandoning module TreeMap (167)
[2016.03.21-18.49.32:528][326]LogModuleManager: Shutting down and abandoning module ReferenceViewer (166)
[2016.03.21-18.49.32:528][326]LogModuleManager: Shutting down and abandoning module LocalizationService (165)
[2016.03.21-18.49.32:528][326]LogModuleManager: Shutting down and abandoning module LocalizationDashboard (164)
[2016.03.21-18.49.32:528][326]LogModuleManager: Shutting down and abandoning module HardwareTargeting (163)
[2016.03.21-18.49.32:528][326]LogModuleManager: Shutting down and abandoning module DeviceProfileEditor (162)
[2016.03.21-18.49.32:528][326]LogModuleManager: Shutting down and abandoning module UndoHistory (161)
[2016.03.21-18.49.32:528][326]LogModuleManager: Shutting down and abandoning module GameplayTagsEditor (160)
[2016.03.21-18.49.32:528][326]LogModuleManager: Shutting down and abandoning module UserFeedback (159)
[2016.03.21-18.49.32:528][326]LogModuleManager: Shutting down and abandoning module XmlParser (158)
[2016.03.21-18.49.32:528][326]LogModuleManager: Shutting down and abandoning module Blutility (157)
[2016.03.21-18.49.32:528][326]LogModuleManager: Shutting down and abandoning module ProjectTargetPlatformEditor (156)
[2016.03.21-18.49.32:528][326]LogModuleManager: Shutting down and abandoning module ProjectSettingsViewer (155)
[2016.03.21-18.49.32:529][326]LogModuleManager: Shutting down and abandoning module InputBindingEditor (154)
[2016.03.21-18.49.32:529][326]LogModuleManager: Shutting down and abandoning module EditorSettingsViewer (153)
[2016.03.21-18.49.32:529][326]LogModuleManager: Shutting down and abandoning module SettingsEditor (152)
[2016.03.21-18.49.32:529][326]LogModuleManager: Shutting down and abandoning module ProjectLauncher (151)
[2016.03.21-18.49.32:529][326]LogModuleManager: Shutting down and abandoning module SessionFrontend (150)
[2016.03.21-18.49.32:529][326]LogModuleManager: Shutting down and abandoning module ProfilerClient (149)
[2016.03.21-18.49.32:529][326]LogModuleManager: Shutting down and abandoning module TargetDeviceServices (148)
[2016.03.21-18.49.32:529][326]LogModuleManager: Shutting down and abandoning module DeviceManager (147)
[2016.03.21-18.49.32:529][326]LogModuleManager: Shutting down and abandoning module AutomationController (146)
[2016.03.21-18.49.32:529][326]LogModuleManager: Shutting down and abandoning module AutomationWindow (145)
[2016.03.21-18.49.32:529][326]LogModuleManager: Shutting down and abandoning module Layers (144)
[2016.03.21-18.49.32:530][326]LogModuleManager: Shutting down and abandoning module ComponentVisualizers (143)
[2016.03.21-18.49.32:530][326]LogModuleManager: Shutting down and abandoning module DetailCustomizations (142)
[2016.03.21-18.49.32:530][326]LogModuleManager: Shutting down and abandoning module PackagesDialog (141)
[2016.03.21-18.49.32:530][326]LogModuleManager: Shutting down and abandoning module Persona (140)
[2016.03.21-18.49.32:530][326]LogModuleManager: Shutting down and abandoning module Kismet (139)
[2016.03.21-18.49.32:530][326]LogModuleManager: Shutting down and abandoning module GraphEditor (138)
[2016.03.21-18.49.32:530][326]LogModuleManager: Shutting down and abandoning module ClassViewer (137)
[2016.03.21-18.49.32:530][326]LogModuleManager: Shutting down and abandoning module Toolbox (136)
[2016.03.21-18.49.32:530][326]LogModuleManager: Shutting down and abandoning module ModuleUI (135)
[2016.03.21-18.49.32:530][326]LogModuleManager: Shutting down and abandoning module MovieSceneTools (134)
[2016.03.21-18.49.32:530][326]LogModuleManager: Shutting down and abandoning module OutputLog (133)
[2016.03.21-18.49.32:530][326]LogModuleManager: Shutting down and abandoning module GammaUI (132)
[2016.03.21-18.49.32:530][326]LogModuleManager: Shutting down and abandoning module Documentation (131)
[2016.03.21-18.49.32:530][326]LogModuleManager: Shutting down and abandoning module GameLiveStreaming (130)
[2016.03.21-18.49.32:531][326]LogModuleManager: Shutting down and abandoning module StreamingPauseRendering (129)
[2016.03.21-18.49.32:531][326]LogModuleManager: Shutting down and abandoning module AnalyticsET (128)
[2016.03.21-18.49.32:531][326]LogModuleManager: Shutting down and abandoning module Analytics (127)
[2016.03.21-18.49.32:531][326]LogModuleManager: Shutting down and abandoning module AITestSuite (126)
[2016.03.21-18.49.32:531][326]LogModuleManager: Shutting down and abandoning module GameplayDebugger (125)
[2016.03.21-18.49.32:531][326]LogModuleManager: Shutting down and abandoning module AIModule (124)
[2016.03.21-18.49.32:531][326]LogModuleManager: Shutting down and abandoning module ProfilerService (123)
[2016.03.21-18.49.32:706][326]LogModuleManager: Shutting down and abandoning module TaskGraph (122)
[2016.03.21-18.49.32:706][326]LogModuleManager: Shutting down and abandoning module SlateRemote (121)
[2016.03.21-18.49.32:706][326]LogModuleManager: Shutting down and abandoning module SteamVRController (120)
[2016.03.21-18.49.32:706][326]LogModuleManager: Shutting down and abandoning module SteamVR (119)
[2016.03.21-18.49.32:706][326]LogModuleManager: Shutting down and abandoning module ProceduralMeshComponent (118)
[2016.03.21-18.49.32:706][326]LogModuleManager: Shutting down and abandoning module OculusLibrary (117)
[2016.03.21-18.49.32:706][326]LogModuleManager: Shutting down and abandoning module OculusInput (116)
[2016.03.21-18.49.32:706][326]LogModuleManager: Shutting down and abandoning module LeapMotionController (115)
[2016.03.21-18.49.32:715][326]LogModuleManager: Shutting down and abandoning module CustomMeshComponent (114)
[2016.03.21-18.49.32:715][326]LogModuleManager: Shutting down and abandoning module CableComponent (113)
[2016.03.21-18.49.32:715][326]LogModuleManager: Shutting down and abandoning module ArchVisCharacter (112)
[2016.03.21-18.49.32:715][326]LogModuleManager: Shutting down and abandoning module MessagingDebugger (111)
[2016.03.21-18.49.32:715][326]LogModuleManager: Shutting down and abandoning module MediaPlayerEditor (110)
[2016.03.21-18.49.32:715][326]LogModuleManager: Shutting down and abandoning module HTML5Networking (109)
[2016.03.21-18.49.32:715][326]LogModuleManager: Shutting down and abandoning module SpeedTreeImporter (108)
[2016.03.21-18.49.32:715][326]LogModuleManager: Shutting down and abandoning module PluginBrowser (107)
[2016.03.21-18.49.32:715][326]LogModuleManager: Shutting down and abandoning module EpicSurvey (106)
[2016.03.21-18.49.32:715][326]LogModuleManager: Shutting down and abandoning module DesktopPlatform (105)
[2016.03.21-18.49.32:715][326]LogModuleManager: Shutting down and abandoning module VisualStudioSourceCodeAccess (104)
[2016.03.21-18.49.32:715][326]LogModuleManager: Shutting down and abandoning module UObjectPlugin (103)
[2016.03.21-18.49.32:715][326]LogModuleManager: Shutting down and abandoning module SubversionSourceControl (102)
[2016.03.21-18.49.32:715][326]LogModuleManager: Shutting down and abandoning module PerforceSourceControl (101)
[2016.03.21-18.49.32:715][326]LogModuleManager: Shutting down and abandoning module SourceControl (100)
[2016.03.21-18.49.32:715][326]LogModuleManager: Shutting down and abandoning module GitSourceControl (99)
[2016.03.21-18.49.32:715][326]LogModuleManager: Shutting down and abandoning module LightPropagationVolumeEditor (98)
[2016.03.21-18.49.32:715][326]LogModuleManager: Shutting down and abandoning module PaperTiledImporter (97)
[2016.03.21-18.49.32:715][326]LogModuleManager: Shutting down and abandoning module PaperSpriteSheetImporter (96)
[2016.03.21-18.49.32:715][326]LogModuleManager: Shutting down and abandoning module MeshPaint (95)
[2016.03.21-18.49.32:715][326]LogModuleManager: Shutting down and abandoning module SlateReflector (94)
[2016.03.21-18.49.32:715][326]LogModuleManager: Shutting down and abandoning module HotReload (93)
[2016.03.21-18.49.32:715][326]LogModuleManager: Shutting down and abandoning module MainFrame (92)
[2016.03.21-18.49.32:715][326]LogModuleManager: Shutting down and abandoning module LevelEditor (91)
[2016.03.21-18.49.32:716][326]LogModuleManager: Shutting down and abandoning module DirectoryWatcher (90)
[2016.03.21-18.49.32:718][326]LogModuleManager: Shutting down and abandoning module AssetRegistry (89)
[2016.03.21-18.49.32:817][326]LogModuleManager: Shutting down and abandoning module ContentBrowser (88)
[2016.03.21-18.49.32:818][326]LogModuleManager: Shutting down and abandoning module Paper2DEditor (87)
[2016.03.21-18.49.32:818][326]LogModuleManager: Shutting down and abandoning module UdpMessaging (86)
[2016.03.21-18.49.32:918][326]LogModuleManager: Shutting down and abandoning module LightPropagationVolumeRuntime (85)
[2016.03.21-18.49.32:918][326]LogModuleManager: Shutting down and abandoning module Paper2D (84)
[2016.03.21-18.49.32:918][326]LogModuleManager: Shutting down and abandoning module WindowsMoviePlayer (83)
[2016.03.21-18.49.32:925][326]LogModuleManager: Shutting down and abandoning module Media (82)
[2016.03.21-18.49.32:925][326]LogModuleManager: Shutting down and abandoning module WmfMedia (81)
[2016.03.21-18.49.32:926][326]LogModuleManager: Shutting down and abandoning module OnlineBlueprintSupport (80)
[2016.03.21-18.49.32:926][326]LogModuleManager: Shutting down and abandoning module GameplayTasksEditor (79)
[2016.03.21-18.49.32:926][326]LogModuleManager: Shutting down and abandoning module PropertyEditor (78)
[2016.03.21-18.49.32:926][326]LogModuleManager: Shutting down and abandoning module BehaviorTreeEditor (77)
[2016.03.21-18.49.32:926][326]LogModuleManager: Shutting down and abandoning module FunctionalTesting (76)
[2016.03.21-18.49.32:926][326]LogModuleManager: Shutting down and abandoning module CollisionAnalyzer (75)
[2016.03.21-18.49.32:926][326]LogModuleManager: Shutting down and abandoning module WorkspaceMenuStructure (74)
[2016.03.21-18.49.32:926][326]LogModuleManager: Shutting down and abandoning module MessageLog (73)
[2016.03.21-18.49.32:926][326]LogModuleManager: Shutting down and abandoning module Sequencer (72)
[2016.03.21-18.49.32:927][326]LogModuleManager: Shutting down and abandoning module AssetTools (71)
[2016.03.21-18.49.32:927][326]LogModuleManager: Shutting down and abandoning module UMGEditor (70)
[2016.03.21-18.49.32:927][326]LogModuleManager: Shutting down and abandoning module UMG (69)
[2016.03.21-18.49.32:927][326]LogModuleManager: Shutting down and abandoning module Slate (68)
[2016.03.21-18.49.32:927][326]LogModuleManager: Shutting down and abandoning module EditorStyle (67)
[2016.03.21-18.49.32:934][326]LogModuleManager: Shutting down and abandoning module SessionServices (66)
[2016.03.21-18.49.32:934][326]LogModuleManager: Shutting down and abandoning module SourceCodeAccess (65)
[2016.03.21-18.49.32:934][326]LogModuleManager: Shutting down and abandoning module HeadMountedDisplay (64)
[2016.03.21-18.49.32:934][326]LogModuleManager: Shutting down and abandoning module XAudio2 (63)
[2016.03.21-18.49.32:934][326]LogModuleManager: Shutting down and abandoning module Networking (61)
[2016.03.21-18.49.32:934][326]LogModuleManager: Shutting down and abandoning module Core (60)
[2016.03.21-18.49.32:934][326]LogModuleManager: Shutting down and abandoning module KismetCompiler (59)
[2016.03.21-18.49.32:934][326]LogModuleManager: Shutting down and abandoning module PhysXFormats (58)
[2016.03.21-18.49.32:934][326]LogModuleManager: Shutting down and abandoning module MeshUtilities (57)
[2016.03.21-18.49.32:934][326]LogModuleManager: Shutting down and abandoning module DerivedDataCache (56)
[2016.03.21-18.49.33:019][326]LogDerivedDataCache: Shutdown
[2016.03.21-18.49.33:019][326]LogModuleManager: Shutting down and abandoning module ShaderFormatOpenGL (55)
[2016.03.21-18.49.33:019][326]LogModuleManager: Shutting down and abandoning module ShaderFormatD3D (54)
[2016.03.21-18.49.33:019][326]LogModuleManager: Shutting down and abandoning module MetalShaderFormat (53)
[2016.03.21-18.49.33:019][326]LogModuleManager: Shutting down and abandoning module TextureFormatUncompressed (52)
[2016.03.21-18.49.33:019][326]LogModuleManager: Shutting down and abandoning module TextureFormatPVR (51)
[2016.03.21-18.49.33:019][326]LogModuleManager: Shutting down and abandoning module TextureFormatIntelISPCTexComp (50)
[2016.03.21-18.49.33:019][326]LogModuleManager: Shutting down and abandoning module TextureFormatDXT (49)
[2016.03.21-18.49.33:019][326]LogModuleManager: Shutting down and abandoning module ImageWrapper (48)
[2016.03.21-18.49.33:019][326]LogModuleManager: Shutting down and abandoning module TextureFormatASTC (47)
[2016.03.21-18.49.33:019][326]LogModuleManager: Shutting down and abandoning module TextureFormatAndroid (46)
[2016.03.21-18.49.33:019][326]LogModuleManager: Shutting down and abandoning module AudioFormatOpus (45)
[2016.03.21-18.49.33:019][326]LogModuleManager: Shutting down and abandoning module AudioFormatOgg (44)
[2016.03.21-18.49.33:019][326]LogModuleManager: Shutting down and abandoning module AudioFormatADPCM (43)
[2016.03.21-18.49.33:019][326]LogModuleManager: Shutting down and abandoning module LinuxTargetPlatform (42)
[2016.03.21-18.49.33:019][326]LogModuleManager: Shutting down and abandoning module LinuxServerTargetPlatform (41)
[2016.03.21-18.49.33:019][326]LogModuleManager: Shutting down and abandoning module LinuxNoEditorTargetPlatform (40)
[2016.03.21-18.49.33:019][326]LogModuleManager: Shutting down and abandoning module Messaging (39)
[2016.03.21-18.49.33:019][326]LogModuleManager: Shutting down and abandoning module IOSTargetPlatform (38)
[2016.03.21-18.49.33:019][326]LogModuleManager: Shutting down and abandoning module HTML5TargetPlatform (37)
[2016.03.21-18.49.33:019][326]LogModuleManager: Shutting down and abandoning module Android_PVRTCTargetPlatform (36)
[2016.03.21-18.49.33:019][326]LogModuleManager: Shutting down and abandoning module Android_MultiTargetPlatform (35)
[2016.03.21-18.49.33:019][326]LogModuleManager: Shutting down and abandoning module Android_ETC2TargetPlatform (34)
[2016.03.21-18.49.33:019][326]LogModuleManager: Shutting down and abandoning module Android_ETC1TargetPlatform (33)
[2016.03.21-18.49.33:019][326]LogModuleManager: Shutting down and abandoning module Android_DXTTargetPlatform (32)
[2016.03.21-18.49.33:019][326]LogModuleManager: Shutting down and abandoning module Android_ATCTargetPlatform (31)
[2016.03.21-18.49.33:019][326]LogModuleManager: Shutting down and abandoning module Android_ASTCTargetPlatform (30)
[2016.03.21-18.49.33:019][326]LogModuleManager: Shutting down and abandoning module AndroidTargetPlatform (29)
[2016.03.21-18.49.33:019][326]LogModuleManager: Shutting down and abandoning module WindowsTargetPlatform (28)
[2016.03.21-18.49.33:019][326]LogModuleManager: Shutting down and abandoning module WindowsServerTargetPlatform (27)
[2016.03.21-18.49.33:019][326]LogModuleManager: Shutting down and abandoning module WindowsNoEditorTargetPlatform (26)
[2016.03.21-18.49.33:019][326]LogModuleManager: Shutting down and abandoning module WindowsClientTargetPlatform (25)
[2016.03.21-18.49.33:019][326]LogModuleManager: Shutting down and abandoning module AllDesktopTargetPlatform (24)
[2016.03.21-18.49.33:019][326]LogModuleManager: Shutting down and abandoning module TargetPlatform (23)
[2016.03.21-18.49.33:019][326]LogModuleManager: Shutting down and abandoning module InputCore (22)
[2016.03.21-18.49.33:019][326]LogModuleManager: Shutting down and abandoning module Settings (21)
[2016.03.21-18.49.33:019][326]LogModuleManager: Shutting down and abandoning module OnlineSubsystem (19)
[2016.03.21-18.49.33:019][326]LogModuleManager: Shutting down and abandoning module HTTP (18)
[2016.03.21-18.49.35:022][326]LogModuleManager: Shutting down and abandoning module XMPP (17)
[2016.03.21-18.49.35:022][326]LogModuleManager: Shutting down and abandoning module OculusRift (16)
[2016.03.21-18.49.35:022][326]LogModuleManager: Shutting down and abandoning module ExampleDeviceProfileSelector (15)
[2016.03.21-18.49.35:022][326]LogModuleManager: Shutting down and abandoning module TextureCompressor (14)
[2016.03.21-18.49.35:022][326]LogModuleManager: Shutting down and abandoning module ShaderCore (13)
[2016.03.21-18.49.35:022][326]LogModuleManager: Shutting down and abandoning module Landscape (12)
[2016.03.21-18.49.35:023][326]LogModuleManager: Shutting down and abandoning module SlateRHIRenderer (11)
[2016.03.21-18.49.35:027][326]LogModuleManager: Shutting down and abandoning module OpenGLDrv (10)
[2016.03.21-18.49.35:027][326]LogModuleManager: Shutting down and abandoning module D3D11RHI (9)
[2016.03.21-18.49.35:027][326]LogModuleManager: Shutting down and abandoning module AnimGraphRuntime (8)
[2016.03.21-18.49.35:027][326]LogModuleManager: Shutting down and abandoning module Renderer (7)
[2016.03.21-18.49.35:027][326]LogModuleManager: Shutting down and abandoning module Engine (6)
[2016.03.21-18.49.35:027][326]LogModuleManager: Shutting down and abandoning module CoreUObject (5)
[2016.03.21-18.49.35:027][326]LogModuleManager: Shutting down and abandoning module NetworkFile (4)
[2016.03.21-18.49.35:027][326]LogModuleManager: Shutting down and abandoning module StreamingFile (3)
[2016.03.21-18.49.35:027][326]LogModuleManager: Shutting down and abandoning module SandboxFile (2)
[2016.03.21-18.49.35:027][326]LogModuleManager: Shutting down and abandoning module PakFile (1)
[2016.03.21-18.49.35:031][326]LogExit: Exiting.
[2016.03.21-18.49.35:034][326]Log file closed, 03/21/16 14:49:35
