[2016.04.02-23.22.11:237][  0]Log file open, 04/02/16 19:22:11
[2016.04.02-23.22.11:237][  0]LogInit:Display: Running engine for game: FamilyThief
[2016.04.02-23.22.11:237][  0]LogPlatformFile: Not using cached read wrapper
[2016.04.02-23.22.11:237][  0]LogInit:Display: RandInit(1633040672) SRandInit(1633040673).
[2016.04.02-23.22.11:237][  0]LogTaskGraph: Started task graph with 4 named threads and 7 total threads.
[2016.04.02-23.22.11:237][  0]LogStats: Stats thread started at 0.065206
[2016.04.02-23.22.11:237][  0]LogInit: Version: 4.10.4-2872498+++depot+UE4-Releases+4.10
[2016.04.02-23.22.11:237][  0]LogInit: API Version: 2758231
[2016.04.02-23.22.11:237][  0]LogInit: Compiled (64-bit): Feb 18 2016 15:47:04
[2016.04.02-23.22.11:237][  0]LogInit: Compiled with Visual C++: 19.00.23026.00
[2016.04.02-23.22.11:237][  0]LogInit: Build Configuration: Development
[2016.04.02-23.22.11:237][  0]LogInit: Branch Name: ++depot+UE4-Releases+4.10
[2016.04.02-23.22.11:237][  0]LogInit: Command line:  /Temp/Autosaves/Game/ThirdPersonBP/Maps/UEDPCThirdPersonExampleMap -game -PIEVIACONSOLE -ResX=1280 -ResY=720  -Multiprocess 
[2016.04.02-23.22.11:237][  0]LogInit: Base directory: C:/Program Files (x86)/Epic Games/4.10/Engine/Binaries/Win64/
[2016.04.02-23.22.11:237][  0]LogInit: Rocket: 1
[2016.04.02-23.22.11:242][  0]LogInit: Using libcurl 7.41.0
[2016.04.02-23.22.11:242][  0]LogInit:  - built for x86_64-pc-win32
[2016.04.02-23.22.11:242][  0]LogInit:  - supports SSL with WinSSL
[2016.04.02-23.22.11:242][  0]LogInit:  - other features:
[2016.04.02-23.22.11:242][  0]LogInit:      CURL_VERSION_SSL
[2016.04.02-23.22.11:242][  0]LogInit:      CURL_VERSION_IPV6
[2016.04.02-23.22.11:242][  0]LogInit:      CURL_VERSION_ASYNCHDNS
[2016.04.02-23.22.11:242][  0]LogInit:      CURL_VERSION_LARGEFILE
[2016.04.02-23.22.11:242][  0]LogInit:      CURL_VERSION_IDN
[2016.04.02-23.22.11:242][  0]LogInit:  CurlRequestOptions (configurable via config and command line):
[2016.04.02-23.22.11:242][  0]LogInit:  - bVerifyPeer = true  - Libcurl will verify peer certificate
[2016.04.02-23.22.11:242][  0]LogInit:  - bUseHttpProxy = false  - Libcurl will NOT use HTTP proxy
[2016.04.02-23.22.11:242][  0]LogInit:  - bDontReuseConnections = false  - Libcurl will reuse connections
[2016.04.02-23.22.11:242][  0]LogInit:  - CertBundlePath = nullptr  - Libcurl will use whatever was configured at build time.
[2016.04.02-23.22.11:246][  0]LogInit: Presizing for 0 objects not considered by GC, pre-allocating 0 bytes.
[2016.04.02-23.22.11:250][  0]LogInit: Object subsystem initialized
[2016.04.02-23.22.11:251][  0]LogInit: Selected Device Profile: [Windows]
[2016.04.02-23.22.11:251][  0]LogInit: Applying CVar settings loaded from the selected device profile: [Windows]
[2016.04.02-23.22.11:253][  0]LogInit: Computer: DESKTOP-J618I8O
[2016.04.02-23.22.11:253][  0]LogInit: User: Doug
[2016.04.02-23.22.11:253][  0]LogInit: CPU Page size=4096, Cores=4
[2016.04.02-23.22.11:253][  0]LogInit: High frequency timer resolution =3.897227 MHz
[2016.04.02-23.22.11:253][  0]LogMemory: Memory total: Physical=16.0GB (16GB approx)
[2016.04.02-23.22.11:253][  0]LogMemory: Platform Memory Stats for Windows
[2016.04.02-23.22.11:253][  0]LogMemory: Process Physical Memory: 56.30 MB used, 56.30 MB peak
[2016.04.02-23.22.11:253][  0]LogMemory: Process Virtual Memory: 57.12 MB used, 57.12 MB peak
[2016.04.02-23.22.11:253][  0]LogMemory: Physical Memory: 5637.87 MB used, 16344.24 MB total
[2016.04.02-23.22.11:253][  0]LogMemory: Virtual Memory: 379.96 MB used, 134217728.00 MB total
[2016.04.02-23.22.11:279][  0]LogTextLocalizationManager: No specific translations for ('en-US') exist, so ('en') translations will be used.
[2016.04.02-23.22.11:566][  0]LogD3D11RHI: Found D3D11 adapter 0: NVIDIA GeForce GTX 980M                   (Feature Level 11_0)
[2016.04.02-23.22.11:566][  0]LogD3D11RHI: Adapter has 8093MB of dedicated video memory, 0MB of dedicated system memory, and 8172MB of shared system memory, 2 output[s]
[2016.04.02-23.22.11:567][  0]LogD3D11RHI: Found D3D11 adapter 1: Microsoft Basic Render Driver (Feature Level 11_0)
[2016.04.02-23.22.11:567][  0]LogD3D11RHI: Adapter has 0MB of dedicated video memory, 0MB of dedicated system memory, and 8172MB of shared system memory, 0 output[s]
[2016.04.02-23.22.11:567][  0]LogD3D11RHI: Chosen D3D11 Adapter Id = 0
[2016.04.02-23.22.11:570][  0]LogD3D11RHI: !Direct3DDevice
[2016.04.02-23.22.11:570][  0]LogRHI: Texture pool is 1361 MB (70% of 1945 MB)
[2016.04.02-23.22.11:580][  0]LogD3D11RHI: Async texture creation enabled
[2016.04.02-23.22.11:594][  0]LogShaderCompilers: Guid format shader working directory is -23 characters bigger than the processId version (../../../../../../Users/Doug!/Documents/Game310/TinyThief/FamilyThief/Intermediate/Shaders/WorkingDirectory/5344/).
[2016.04.02-23.22.11:595][  0]LogShaderCompilers: Cleaned the shader compiler working directory 'C:/Users/Doug!/AppData/Local/Temp/UnrealShaderWorkingDir/D7F8F61B4EF926043519EEA5419ADC2A/'.
[2016.04.02-23.22.11:595][  0]LogShaderCompilers:Display: Using Local Shader Compiler.
[2016.04.02-23.22.12:153][  0]LogTemp:Display: Loaded TP AllDesktopTargetPlatform
[2016.04.02-23.22.12:155][  0]LogTemp:Display: Loaded TP WindowsClientTargetPlatform
[2016.04.02-23.22.12:158][  0]LogTemp:Display: Loaded TP WindowsNoEditorTargetPlatform
[2016.04.02-23.22.12:161][  0]LogTemp:Display: Loaded TP WindowsServerTargetPlatform
[2016.04.02-23.22.12:163][  0]LogTemp:Display: Loaded TP WindowsTargetPlatform
[2016.04.02-23.22.12:165][  0]LogTemp:Display: Loaded TP AndroidTargetPlatform
[2016.04.02-23.22.12:167][  0]LogTemp:Display: Loaded TP Android_ASTCTargetPlatform
[2016.04.02-23.22.12:169][  0]LogTemp:Display: Loaded TP Android_ATCTargetPlatform
[2016.04.02-23.22.12:171][  0]LogTemp:Display: Loaded TP Android_DXTTargetPlatform
[2016.04.02-23.22.12:172][  0]LogTemp:Display: Loaded TP Android_ETC1TargetPlatform
[2016.04.02-23.22.12:174][  0]LogTemp:Display: Loaded TP Android_ETC2TargetPlatform
[2016.04.02-23.22.12:178][  0]LogTemp:Display: Loaded TP Android_MultiTargetPlatform
[2016.04.02-23.22.12:178][  0]LogTemp:Display: Loaded TP Android_PVRTCTargetPlatform
[2016.04.02-23.22.12:178][  0]LogTemp:Display: Loaded TP HTML5TargetPlatform
[2016.04.02-23.22.12:194][  0]LogTemp:Display: Loaded TP IOSTargetPlatform
[2016.04.02-23.22.12:196][  0]LogTemp:Display: Loaded TP LinuxNoEditorTargetPlatform
[2016.04.02-23.22.12:198][  0]LogTemp:Display: Loaded TP LinuxServerTargetPlatform
[2016.04.02-23.22.12:200][  0]LogTemp:Display: Loaded TP LinuxTargetPlatform
[2016.04.02-23.22.12:200][  0]LogTargetPlatformManager:Display: Building Assets For Windows
[2016.04.02-23.22.12:245][  0]LogDerivedDataCache:Display: Max Cache Size: 512 MB
[2016.04.02-23.22.12:281][  0]LogDerivedDataCache: Loaded boot cache 0.03s 45MB C:/Users/Doug!/AppData/Local/UnrealEngine/4.10/DerivedDataCache/Boot.ddc.
[2016.04.02-23.22.12:281][  0]LogDerivedDataCache:Display: Loaded Boot cache: C:/Users/Doug!/AppData/Local/UnrealEngine/4.10/DerivedDataCache/Boot.ddc
[2016.04.02-23.22.12:281][  0]LogDerivedDataCache: FDerivedDataBackendGraph:  Pak pak cache file ../../../../../../Users/Doug!/Documents/Game310/TinyThief/FamilyThief/DerivedDataCache/DDC.ddp not found, will not use a pak cache.
[2016.04.02-23.22.12:281][  0]LogDerivedDataCache: Unable to find inner node Pak for hierarchical cache Hierarchy.
[2016.04.02-23.22.12:281][  0]LogDerivedDataCache: FDerivedDataBackendGraph:  CompressedPak pak cache file ../../../../../../Users/Doug!/Documents/Game310/TinyThief/FamilyThief/DerivedDataCache/Compressed.ddp not found, will not use a pak cache.
[2016.04.02-23.22.12:281][  0]LogDerivedDataCache: Unable to find inner node CompressedPak for hierarchical cache Hierarchy.
[2016.04.02-23.22.12:323][  0]LogDerivedDataCache:Display: Pak cache opened for reading ../../../Engine/DerivedDataCache/Compressed.ddp.
[2016.04.02-23.22.12:335][  0]LogDerivedDataCache: Using Local data cache path C:/Users/Doug!/AppData/Local/UnrealEngine/Common/DerivedDataCache: Writable
[2016.04.02-23.22.12:460][  0]LogInit: Selected Device Profile: [Windows]
[2016.04.02-23.22.12:462][  0]LogContentStreaming: Texture pool size is 1000.000000MB
[2016.04.02-23.22.12:532][  0]LogMeshUtilities: No automatic mesh reduction module available
[2016.04.02-23.22.12:532][  0]LogMeshUtilities: No automatic mesh merging module available
[2016.04.02-23.22.12:666][  0]LogInit: WinSock: version 1.1 (2.2), MaxSocks=32767, MaxUdp=65467
[2016.04.02-23.22.12:789][  0]LogWindowsMoviePlayer: Unable to load movie: ../../../../../../Users/Doug!/Documents/Game310/TinyThief/FamilyThief/Content/Movies/Default_Startup.mp4
[2016.04.02-23.22.12:857][  0]SourceControl: Info Source control is disabled
[2016.04.02-23.22.12:857][  0]SourceControl: Info Source control is disabled
[2016.04.02-23.22.12:863][  0]SourceControl: Info Source control is disabled
[2016.04.02-23.22.12:956][  0]LogObj: 27935 objects as part of root set at end of initial load.
[2016.04.02-23.22.12:956][  0]LogUObjectAllocator: 5830072 out of 0 bytes used by permanent object pool.
[2016.04.02-23.22.12:997][  0]LogEngine: Initializing Engine...
[2016.04.02-23.22.12:999][  0]LogHMD: Can't find Oculus library dev build: is proper Runtime installed? Version: 0.8.0.0
[2016.04.02-23.22.12:999][  0]LogHMD: SteamVR failed to initialize.  Err: 110
[2016.04.02-23.22.13:079][  0]LogInit: XAudio2 using 'Speakers (Realtek High Definition Audio)' : 4 channels at 48 kHz using 32 bits per sample (channel mask 0x33)
[2016.04.02-23.22.13:084][  0]LogInit: FAudioDevice initialized.
[2016.04.02-23.22.13:087][  0]LogInit: Texture streaming: Enabled
[2016.04.02-23.22.13:132][  0]LogNet: Browse: /Temp/Autosaves/Game/ThirdPersonBP/Maps/UEDPCThirdPersonExampleMap?Name=Player
[2016.04.02-23.22.13:132][  0]LogLoad: LoadMap: /Temp/Autosaves/Game/ThirdPersonBP/Maps/UEDPCThirdPersonExampleMap?Name=Player
[2016.04.02-23.22.13:139][  0]LogParticles: Destroying 0 GPU particle simulations for FXSystem 0x0000006689D35D00
[2016.04.02-23.22.13:145][  0]LogMemory: Platform Memory Stats for Windows
[2016.04.02-23.22.13:145][  0]LogMemory: Process Physical Memory: 405.21 MB used, 405.21 MB peak
[2016.04.02-23.22.13:145][  0]LogMemory: Process Virtual Memory: 456.83 MB used, 456.83 MB peak
[2016.04.02-23.22.13:145][  0]LogMemory: Physical Memory: 5949.20 MB used, 16344.24 MB total
[2016.04.02-23.22.13:145][  0]LogMemory: Virtual Memory: 1019.59 MB used, 134217728.00 MB total
[2016.04.02-23.22.13:145][  0]LogMemory: 
[2016.04.02-23.22.13:145][  0]Allocator Stats for TBB: (not implemented)
[2016.04.02-23.22.13:268][  0]LogBlueprint:Warning: [compiler CharacterBase] Warning 'AIShooter Character' does not inherit from 'Character Base' ( Cast To AIShooter_Character  would always fail).
[2016.04.02-23.22.13:268][  0]LogBlueprint:Warning: [compiler CharacterBase] Warning 'Player Shooter Character' does not inherit from 'Character Base' ( Cast To PlayerShooterCharacter  would always fail).
[2016.04.02-23.22.13:268][  0]LogBlueprint:Warning: [compiler CharacterBase] Warning 'Player Shooter Character' does not inherit from 'Character Base' ( Cast To PlayerShooterCharacter  would always fail).
[2016.04.02-23.22.13:270][  0]LogBlueprint:Warning: [compiler CharacterBase] Warning [0002.24] Compile of CharacterBase successful, but with 3 Warning(s) [in 4 ms]
[2016.04.02-23.22.13:271][  0]LogBlueprint:Warning: [compiler CharacterBase] Warning [0002.24] Compile of CharacterBase successful, but with 4 Warning(s) [in 0 ms]
[2016.04.02-23.22.13:271][  0]LogBlueprint:Warning: [compiler CharacterBase] Warning [0002.24] Compile of CharacterBase successful, but with 5 Warning(s) [in 0 ms]
[2016.04.02-23.22.13:666][  0]LogAIModule: Creating AISystem for world ThirdPersonExampleMap
[2016.04.02-23.22.13:670][  0]LogWorld: Game class is 'ThirdPersonGameMode_C'
[2016.04.02-23.22.13:674][  0]LogWorld: Bringing World /Temp/Autosaves/Game/ThirdPersonBP/Maps/UEDPCThirdPersonExampleMap.ThirdPersonExampleMap up for play (max tick rate 0) at 2016.04.02-19.22.13
[2016.04.02-23.22.13:675][  0]LogWorld: Bringing up level for play took: 0.003472
[2016.04.02-23.22.13:677][  0]LogInit:Display: Game Engine Initialized.
[2016.04.02-23.22.13:886][  0]LogLoad: Full Startup: 2.86 seconds (BP compile: 0.17 seconds)
[2016.04.02-23.22.13:903][  0]LogWindowsTextInputMethodSystem:Display: IME system now deactivated.
[2016.04.02-23.22.13:904][  0]LogWindowsTextInputMethodSystem:Display: IME system now deactivated.
[2016.04.02-23.22.13:905][  0]LogOcInput: Can't find Oculus library dev build: is proper Runtime installed? Version: 0.8.0.0
[2016.04.02-23.22.13:957][  0]LogRenderer: Reallocating scene render targets to support 128x128 (Frame:1).
[2016.04.02-23.22.14:024][  1]LogRenderer: Reallocating scene render targets to support 1280x720 (Frame:2).
[2016.04.02-23.22.14:026][  1]LogScript:Warning: Accessed None 'K2Node_DynamicCast_AsCharacter_Movement_Component'
	BTT_SetWalkSpeedAndFocus_C /Temp/Autosaves/Game/ThirdPersonBP/Maps/UEDPCThirdPersonExampleMap.ThirdPersonExampleMap:PersistentLevel.AICharacter_Controller_C_0.BTComponent.BTT_SetWalkSpeedAndFocus_C_4
	Function /Game/ThirdPersonBP/AICharacter/BTT_SetWalkSpeedAndFocus.BTT_SetWalkSpeedAndFocus_C:ExecuteUbergraph_BTT_SetWalkSpeedAndFocus:0105
[2016.04.02-23.22.14:026][  1]LogScript:Warning: Attempt to assign variable through None
	BTT_SetWalkSpeedAndFocus_C /Temp/Autosaves/Game/ThirdPersonBP/Maps/UEDPCThirdPersonExampleMap.ThirdPersonExampleMap:PersistentLevel.AICharacter_Controller_C_0.BTComponent.BTT_SetWalkSpeedAndFocus_C_4
	Function /Game/ThirdPersonBP/AICharacter/BTT_SetWalkSpeedAndFocus.BTT_SetWalkSpeedAndFocus_C:ExecuteUbergraph_BTT_SetWalkSpeedAndFocus:011A
[2016.04.02-23.22.16:980][184]LogScript:Warning: Accessed None 'K2Node_DynamicCast_AsCharacter_Movement_Component'
	BTT_SetWalkSpeedAndFocus_C /Temp/Autosaves/Game/ThirdPersonBP/Maps/UEDPCThirdPersonExampleMap.ThirdPersonExampleMap:PersistentLevel.AICharacter_Controller_C_0.BTComponent.BTT_SetWalkSpeedAndFocus_C_4
	Function /Game/ThirdPersonBP/AICharacter/BTT_SetWalkSpeedAndFocus.BTT_SetWalkSpeedAndFocus_C:ExecuteUbergraph_BTT_SetWalkSpeedAndFocus:0105
[2016.04.02-23.22.16:980][184]LogScript:Warning: Attempt to assign variable through None
	BTT_SetWalkSpeedAndFocus_C /Temp/Autosaves/Game/ThirdPersonBP/Maps/UEDPCThirdPersonExampleMap.ThirdPersonExampleMap:PersistentLevel.AICharacter_Controller_C_0.BTComponent.BTT_SetWalkSpeedAndFocus_C_4
	Function /Game/ThirdPersonBP/AICharacter/BTT_SetWalkSpeedAndFocus.BTT_SetWalkSpeedAndFocus_C:ExecuteUbergraph_BTT_SetWalkSpeedAndFocus:011A
[2016.04.02-23.22.17:883][240]LogScript:Warning: Accessed None 'K2Node_DynamicCast_AsCharacter_Movement_Component'
	BTT_SetWalkSpeedAndFocus_C /Temp/Autosaves/Game/ThirdPersonBP/Maps/UEDPCThirdPersonExampleMap.ThirdPersonExampleMap:PersistentLevel.AICharacter_Controller_C_0.BTComponent.BTT_SetWalkSpeedAndFocus_C_4
	Function /Game/ThirdPersonBP/AICharacter/BTT_SetWalkSpeedAndFocus.BTT_SetWalkSpeedAndFocus_C:ExecuteUbergraph_BTT_SetWalkSpeedAndFocus:0105
[2016.04.02-23.22.17:883][240]LogScript:Warning: Attempt to assign variable through None
	BTT_SetWalkSpeedAndFocus_C /Temp/Autosaves/Game/ThirdPersonBP/Maps/UEDPCThirdPersonExampleMap.ThirdPersonExampleMap:PersistentLevel.AICharacter_Controller_C_0.BTComponent.BTT_SetWalkSpeedAndFocus_C_4
	Function /Game/ThirdPersonBP/AICharacter/BTT_SetWalkSpeedAndFocus.BTT_SetWalkSpeedAndFocus_C:ExecuteUbergraph_BTT_SetWalkSpeedAndFocus:011A
[2016.04.02-23.22.19:738][355]LogScript:Warning: Accessed None 'K2Node_DynamicCast_AsCharacter_Movement_Component'
	BTT_SetWalkSpeedAndFocus_C /Temp/Autosaves/Game/ThirdPersonBP/Maps/UEDPCThirdPersonExampleMap.ThirdPersonExampleMap:PersistentLevel.AICharacter_Controller_C_0.BTComponent.BTT_SetWalkSpeedAndFocus_C_4
	Function /Game/ThirdPersonBP/AICharacter/BTT_SetWalkSpeedAndFocus.BTT_SetWalkSpeedAndFocus_C:ExecuteUbergraph_BTT_SetWalkSpeedAndFocus:0105
[2016.04.02-23.22.19:738][355]LogScript:Warning: Attempt to assign variable through None
	BTT_SetWalkSpeedAndFocus_C /Temp/Autosaves/Game/ThirdPersonBP/Maps/UEDPCThirdPersonExampleMap.ThirdPersonExampleMap:PersistentLevel.AICharacter_Controller_C_0.BTComponent.BTT_SetWalkSpeedAndFocus_C_4
	Function /Game/ThirdPersonBP/AICharacter/BTT_SetWalkSpeedAndFocus.BTT_SetWalkSpeedAndFocus_C:ExecuteUbergraph_BTT_SetWalkSpeedAndFocus:011A
[2016.04.02-23.22.20:141][380]LogScript:Warning: Accessed None 'K2Node_DynamicCast_AsCharacter_Movement_Component'
	BTT_SetWalkSpeedAndFocus_C /Temp/Autosaves/Game/ThirdPersonBP/Maps/UEDPCThirdPersonExampleMap.ThirdPersonExampleMap:PersistentLevel.AICharacter_Controller_C_0.BTComponent.BTT_SetWalkSpeedAndFocus_C_5
	Function /Game/ThirdPersonBP/AICharacter/BTT_SetWalkSpeedAndFocus.BTT_SetWalkSpeedAndFocus_C:ExecuteUbergraph_BTT_SetWalkSpeedAndFocus:0105
[2016.04.02-23.22.20:141][380]LogScript:Warning: Attempt to assign variable through None
	BTT_SetWalkSpeedAndFocus_C /Temp/Autosaves/Game/ThirdPersonBP/Maps/UEDPCThirdPersonExampleMap.ThirdPersonExampleMap:PersistentLevel.AICharacter_Controller_C_0.BTComponent.BTT_SetWalkSpeedAndFocus_C_5
	Function /Game/ThirdPersonBP/AICharacter/BTT_SetWalkSpeedAndFocus.BTT_SetWalkSpeedAndFocus_C:ExecuteUbergraph_BTT_SetWalkSpeedAndFocus:011A
[2016.04.02-23.22.22:092][501]LogScript:Warning: Accessed None 'K2Node_DynamicCast_AsCharacter_Movement_Component'
	BTT_SetWalkSpeedAndFocus_C /Temp/Autosaves/Game/ThirdPersonBP/Maps/UEDPCThirdPersonExampleMap.ThirdPersonExampleMap:PersistentLevel.AICharacter_Controller_C_0.BTComponent.BTT_SetWalkSpeedAndFocus_C_4
	Function /Game/ThirdPersonBP/AICharacter/BTT_SetWalkSpeedAndFocus.BTT_SetWalkSpeedAndFocus_C:ExecuteUbergraph_BTT_SetWalkSpeedAndFocus:0105
[2016.04.02-23.22.22:092][501]LogScript:Warning: Attempt to assign variable through None
	BTT_SetWalkSpeedAndFocus_C /Temp/Autosaves/Game/ThirdPersonBP/Maps/UEDPCThirdPersonExampleMap.ThirdPersonExampleMap:PersistentLevel.AICharacter_Controller_C_0.BTComponent.BTT_SetWalkSpeedAndFocus_C_4
	Function /Game/ThirdPersonBP/AICharacter/BTT_SetWalkSpeedAndFocus.BTT_SetWalkSpeedAndFocus_C:ExecuteUbergraph_BTT_SetWalkSpeedAndFocus:011A
[2016.04.02-23.22.23:545][591]LogScript:Warning: Accessed None 'K2Node_DynamicCast_AsCharacter_Movement_Component'
	BTT_SetWalkSpeedAndFocus_C /Temp/Autosaves/Game/ThirdPersonBP/Maps/UEDPCThirdPersonExampleMap.ThirdPersonExampleMap:PersistentLevel.AICharacter_Controller_C_0.BTComponent.BTT_SetWalkSpeedAndFocus_C_4
	Function /Game/ThirdPersonBP/AICharacter/BTT_SetWalkSpeedAndFocus.BTT_SetWalkSpeedAndFocus_C:ExecuteUbergraph_BTT_SetWalkSpeedAndFocus:0105
[2016.04.02-23.22.23:545][591]LogScript:Warning: Attempt to assign variable through None
	BTT_SetWalkSpeedAndFocus_C /Temp/Autosaves/Game/ThirdPersonBP/Maps/UEDPCThirdPersonExampleMap.ThirdPersonExampleMap:PersistentLevel.AICharacter_Controller_C_0.BTComponent.BTT_SetWalkSpeedAndFocus_C_4
	Function /Game/ThirdPersonBP/AICharacter/BTT_SetWalkSpeedAndFocus.BTT_SetWalkSpeedAndFocus_C:ExecuteUbergraph_BTT_SetWalkSpeedAndFocus:011A
[2016.04.02-23.22.23:980][618]LogBlueprintUserMessages: [PlayerShooterCharacter_C_0] ouch
[2016.04.02-23.22.26:851][796]LogScript:Warning: Accessed None 'K2Node_DynamicCast_AsCharacter_Movement_Component'
	BTT_SetWalkSpeedAndFocus_C /Temp/Autosaves/Game/ThirdPersonBP/Maps/UEDPCThirdPersonExampleMap.ThirdPersonExampleMap:PersistentLevel.AICharacter_Controller_C_0.BTComponent.BTT_SetWalkSpeedAndFocus_C_5
	Function /Game/ThirdPersonBP/AICharacter/BTT_SetWalkSpeedAndFocus.BTT_SetWalkSpeedAndFocus_C:ExecuteUbergraph_BTT_SetWalkSpeedAndFocus:0105
[2016.04.02-23.22.26:851][796]LogScript:Warning: Attempt to assign variable through None
	BTT_SetWalkSpeedAndFocus_C /Temp/Autosaves/Game/ThirdPersonBP/Maps/UEDPCThirdPersonExampleMap.ThirdPersonExampleMap:PersistentLevel.AICharacter_Controller_C_0.BTComponent.BTT_SetWalkSpeedAndFocus_C_5
	Function /Game/ThirdPersonBP/AICharacter/BTT_SetWalkSpeedAndFocus.BTT_SetWalkSpeedAndFocus_C:ExecuteUbergraph_BTT_SetWalkSpeedAndFocus:011A
[2016.04.02-23.22.27:658][846]LogScript:Warning: Accessed None 'K2Node_DynamicCast_AsCharacter_Movement_Component'
	BTT_SetWalkSpeedAndFocus_C /Temp/Autosaves/Game/ThirdPersonBP/Maps/UEDPCThirdPersonExampleMap.ThirdPersonExampleMap:PersistentLevel.AICharacter_Controller_C_0.BTComponent.BTT_SetWalkSpeedAndFocus_C_4
	Function /Game/ThirdPersonBP/AICharacter/BTT_SetWalkSpeedAndFocus.BTT_SetWalkSpeedAndFocus_C:ExecuteUbergraph_BTT_SetWalkSpeedAndFocus:0105
[2016.04.02-23.22.27:658][846]LogScript:Warning: Attempt to assign variable through None
	BTT_SetWalkSpeedAndFocus_C /Temp/Autosaves/Game/ThirdPersonBP/Maps/UEDPCThirdPersonExampleMap.ThirdPersonExampleMap:PersistentLevel.AICharacter_Controller_C_0.BTComponent.BTT_SetWalkSpeedAndFocus_C_4
	Function /Game/ThirdPersonBP/AICharacter/BTT_SetWalkSpeedAndFocus.BTT_SetWalkSpeedAndFocus_C:ExecuteUbergraph_BTT_SetWalkSpeedAndFocus:011A
[2016.04.02-23.22.31:013][ 54]LogScript:Warning: Accessed None 'K2Node_DynamicCast_AsCharacter_Movement_Component'
	BTT_SetWalkSpeedAndFocus_C /Temp/Autosaves/Game/ThirdPersonBP/Maps/UEDPCThirdPersonExampleMap.ThirdPersonExampleMap:PersistentLevel.AICharacter_Controller_C_0.BTComponent.BTT_SetWalkSpeedAndFocus_C_4
	Function /Game/ThirdPersonBP/AICharacter/BTT_SetWalkSpeedAndFocus.BTT_SetWalkSpeedAndFocus_C:ExecuteUbergraph_BTT_SetWalkSpeedAndFocus:0105
[2016.04.02-23.22.31:013][ 54]LogScript:Warning: Attempt to assign variable through None
	BTT_SetWalkSpeedAndFocus_C /Temp/Autosaves/Game/ThirdPersonBP/Maps/UEDPCThirdPersonExampleMap.ThirdPersonExampleMap:PersistentLevel.AICharacter_Controller_C_0.BTComponent.BTT_SetWalkSpeedAndFocus_C_4
	Function /Game/ThirdPersonBP/AICharacter/BTT_SetWalkSpeedAndFocus.BTT_SetWalkSpeedAndFocus_C:ExecuteUbergraph_BTT_SetWalkSpeedAndFocus:011A
[2016.04.02-23.22.32:529][148]LogBlueprintUserMessages: [AIShooter_Character_C_0] ouch
[2016.04.02-23.22.32:561][150]LogScript:Warning: Accessed None 'K2Node_DynamicCast_AsCharacter_Movement_Component'
	BTT_SetWalkSpeedAndFocus_C /Temp/Autosaves/Game/ThirdPersonBP/Maps/UEDPCThirdPersonExampleMap.ThirdPersonExampleMap:PersistentLevel.AICharacter_Controller_C_0.BTComponent.BTT_SetWalkSpeedAndFocus_C_4
	Function /Game/ThirdPersonBP/AICharacter/BTT_SetWalkSpeedAndFocus.BTT_SetWalkSpeedAndFocus_C:ExecuteUbergraph_BTT_SetWalkSpeedAndFocus:0105
[2016.04.02-23.22.32:900][171]LogScript:Warning: Accessed None 'K2Node_DynamicCast_AsCharacter_Movement_Component'
	BTT_SetWalkSpeedAndFocus_C /Temp/Autosaves/Game/ThirdPersonBP/Maps/UEDPCThirdPersonExampleMap.ThirdPersonExampleMap:PersistentLevel.AICharacter_Controller_C_0.BTComponent.BTT_SetWalkSpeedAndFocus_C_5
	Function /Game/ThirdPersonBP/AICharacter/BTT_SetWalkSpeedAndFocus.BTT_SetWalkSpeedAndFocus_C:ExecuteUbergraph_BTT_SetWalkSpeedAndFocus:0105
[2016.04.02-23.22.32:900][171]LogScript:Warning: Attempt to assign variable through None
	BTT_SetWalkSpeedAndFocus_C /Temp/Autosaves/Game/ThirdPersonBP/Maps/UEDPCThirdPersonExampleMap.ThirdPersonExampleMap:PersistentLevel.AICharacter_Controller_C_0.BTComponent.BTT_SetWalkSpeedAndFocus_C_5
	Function /Game/ThirdPersonBP/AICharacter/BTT_SetWalkSpeedAndFocus.BTT_SetWalkSpeedAndFocus_C:ExecuteUbergraph_BTT_SetWalkSpeedAndFocus:011A
[2016.04.02-23.22.33:223][191]LogBlueprintUserMessages: [PlayerShooterCharacter_C_0] ouch
[2016.04.02-23.22.34:609][277]LogScript:Warning: Accessed None 'K2Node_DynamicCast_AsCharacter_Movement_Component'
	BTT_SetWalkSpeedAndFocus_C /Temp/Autosaves/Game/ThirdPersonBP/Maps/UEDPCThirdPersonExampleMap.ThirdPersonExampleMap:PersistentLevel.AICharacter_Controller_C_0.BTComponent.BTT_SetWalkSpeedAndFocus_C_5
	Function /Game/ThirdPersonBP/AICharacter/BTT_SetWalkSpeedAndFocus.BTT_SetWalkSpeedAndFocus_C:ExecuteUbergraph_BTT_SetWalkSpeedAndFocus:0105
[2016.04.02-23.22.34:609][277]LogScript:Warning: Attempt to assign variable through None
	BTT_SetWalkSpeedAndFocus_C /Temp/Autosaves/Game/ThirdPersonBP/Maps/UEDPCThirdPersonExampleMap.ThirdPersonExampleMap:PersistentLevel.AICharacter_Controller_C_0.BTComponent.BTT_SetWalkSpeedAndFocus_C_5
	Function /Game/ThirdPersonBP/AICharacter/BTT_SetWalkSpeedAndFocus.BTT_SetWalkSpeedAndFocus_C:ExecuteUbergraph_BTT_SetWalkSpeedAndFocus:011A
[2016.04.02-23.22.34:819][290]LogScript:Warning: Accessed None 'K2Node_DynamicCast_AsCharacter_Movement_Component'
	BTT_SetWalkSpeedAndFocus_C /Temp/Autosaves/Game/ThirdPersonBP/Maps/UEDPCThirdPersonExampleMap.ThirdPersonExampleMap:PersistentLevel.AICharacter_Controller_C_0.BTComponent.BTT_SetWalkSpeedAndFocus_C_7
	Function /Game/ThirdPersonBP/AICharacter/BTT_SetWalkSpeedAndFocus.BTT_SetWalkSpeedAndFocus_C:ExecuteUbergraph_BTT_SetWalkSpeedAndFocus:0105
[2016.04.02-23.22.34:819][290]LogScript:Warning: Attempt to assign variable through None
	BTT_SetWalkSpeedAndFocus_C /Temp/Autosaves/Game/ThirdPersonBP/Maps/UEDPCThirdPersonExampleMap.ThirdPersonExampleMap:PersistentLevel.AICharacter_Controller_C_0.BTComponent.BTT_SetWalkSpeedAndFocus_C_7
	Function /Game/ThirdPersonBP/AICharacter/BTT_SetWalkSpeedAndFocus.BTT_SetWalkSpeedAndFocus_C:ExecuteUbergraph_BTT_SetWalkSpeedAndFocus:011A
[2016.04.02-23.22.36:352][385]LogBlueprintUserMessages: [BTT_DestroyMemory_C_1] Destroy
[2016.04.02-23.22.37:884][480]LogBlueprintUserMessages: [PlayerShooterCharacter_C_0] ouch
[2016.04.02-23.22.39:918][603]LogPackageName: SearchForPackageOnDisk took   0.051s to resolve ThirdPersonExampleMap.umap.
[2016.04.02-23.22.39:967][604]LogPackageName: SearchForPackageOnDisk took   0.047s to resolve ThirdPersonExampleMap.umap.
[2016.04.02-23.22.39:967][604]LogNet: Browse: /Game/ThirdPersonBP/Maps/ThirdPersonExampleMap
[2016.04.02-23.22.39:967][604]LogLoad: LoadMap: /Game/ThirdPersonBP/Maps/ThirdPersonExampleMap
[2016.04.02-23.22.39:994][604]LogParticles: Destroying 0 GPU particle simulations for FXSystem 0x00000066FBE91620
[2016.04.02-23.22.40:017][604]LogMemory: Platform Memory Stats for Windows
[2016.04.02-23.22.40:017][604]LogMemory: Process Physical Memory: 473.39 MB used, 489.35 MB peak
[2016.04.02-23.22.40:017][604]LogMemory: Process Virtual Memory: 730.17 MB used, 772.56 MB peak
[2016.04.02-23.22.40:017][604]LogMemory: Physical Memory: 5981.53 MB used, 16344.24 MB total
[2016.04.02-23.22.40:017][604]LogMemory: Virtual Memory: 1369.42 MB used, 134217728.00 MB total
[2016.04.02-23.22.40:017][604]LogMemory: 
[2016.04.02-23.22.40:017][604]Allocator Stats for TBB: (not implemented)
[2016.04.02-23.22.40:134][604]LogBlueprint:Warning: [compiler CharacterBase] Warning 'AIShooter Character' does not inherit from 'Character Base' ( Cast To AIShooter_Character  would always fail).
[2016.04.02-23.22.40:135][604]LogBlueprint:Warning: [compiler CharacterBase] Warning 'Player Shooter Character' does not inherit from 'Character Base' ( Cast To PlayerShooterCharacter  would always fail).
[2016.04.02-23.22.40:135][604]LogBlueprint:Warning: [compiler CharacterBase] Warning 'Player Shooter Character' does not inherit from 'Character Base' ( Cast To PlayerShooterCharacter  would always fail).
[2016.04.02-23.22.40:137][604]LogBlueprint:Warning: [compiler CharacterBase] Warning [0029.11] Compile of CharacterBase successful, but with 3 Warning(s) [in 4 ms]
[2016.04.02-23.22.40:137][604]LogBlueprint:Warning: [compiler CharacterBase] Warning [0029.11] Compile of CharacterBase successful, but with 4 Warning(s) [in 0 ms]
[2016.04.02-23.22.40:137][604]LogBlueprint:Warning: [compiler CharacterBase] Warning [0029.11] Compile of CharacterBase successful, but with 5 Warning(s) [in 0 ms]
[2016.04.02-23.22.40:518][604]LogAIModule: Creating AISystem for world ThirdPersonExampleMap
[2016.04.02-23.22.40:521][604]LogWorld: Game class is 'ThirdPersonGameMode_C'
[2016.04.02-23.22.40:523][604]LogWorld: Bringing World /Game/ThirdPersonBP/Maps/ThirdPersonExampleMap.ThirdPersonExampleMap up for play (max tick rate 0) at 2016.04.02-19.22.40
[2016.04.02-23.22.40:524][604]LogWorld: Bringing up level for play took: 0.002427
[2016.04.02-23.22.40:589][607]LogScript:Warning: Accessed None 'K2Node_DynamicCast_AsCharacter_Movement_Component'
	BTT_SetWalkSpeedAndFocus_C /Game/ThirdPersonBP/Maps/ThirdPersonExampleMap.ThirdPersonExampleMap:PersistentLevel.AICharacter_Controller_C_0.BTComponent.BTT_SetWalkSpeedAndFocus_C_5
	Function /Game/ThirdPersonBP/AICharacter/BTT_SetWalkSpeedAndFocus.BTT_SetWalkSpeedAndFocus_C:ExecuteUbergraph_BTT_SetWalkSpeedAndFocus:0105
[2016.04.02-23.22.40:589][607]LogScript:Warning: Attempt to assign variable through None
	BTT_SetWalkSpeedAndFocus_C /Game/ThirdPersonBP/Maps/ThirdPersonExampleMap.ThirdPersonExampleMap:PersistentLevel.AICharacter_Controller_C_0.BTComponent.BTT_SetWalkSpeedAndFocus_C_5
	Function /Game/ThirdPersonBP/AICharacter/BTT_SetWalkSpeedAndFocus.BTT_SetWalkSpeedAndFocus_C:ExecuteUbergraph_BTT_SetWalkSpeedAndFocus:011A
[2016.04.02-23.22.42:170][705]LogScript:Warning: Accessed None 'K2Node_DynamicCast_AsCharacter_Movement_Component'
	BTT_SetWalkSpeedAndFocus_C /Game/ThirdPersonBP/Maps/ThirdPersonExampleMap.ThirdPersonExampleMap:PersistentLevel.AICharacter_Controller_C_0.BTComponent.BTT_SetWalkSpeedAndFocus_C_7
	Function /Game/ThirdPersonBP/AICharacter/BTT_SetWalkSpeedAndFocus.BTT_SetWalkSpeedAndFocus_C:ExecuteUbergraph_BTT_SetWalkSpeedAndFocus:0105
[2016.04.02-23.22.42:170][705]LogScript:Warning: Attempt to assign variable through None
	BTT_SetWalkSpeedAndFocus_C /Game/ThirdPersonBP/Maps/ThirdPersonExampleMap.ThirdPersonExampleMap:PersistentLevel.AICharacter_Controller_C_0.BTComponent.BTT_SetWalkSpeedAndFocus_C_7
	Function /Game/ThirdPersonBP/AICharacter/BTT_SetWalkSpeedAndFocus.BTT_SetWalkSpeedAndFocus_C:ExecuteUbergraph_BTT_SetWalkSpeedAndFocus:011A
[2016.04.02-23.22.43:795][798]LogWindowsTextInputMethodSystem:Display: IME system now deactivated.
[2016.04.02-23.22.43:795][798]LogWindowsTextInputMethodSystem:Display: IME system now deactivated.
[2016.04.02-23.22.43:798][798]LogEngine: All Windows Closed
[2016.04.02-23.22.43:798][798]LogWindows: FPlatformMisc::RequestExit(0)
[2016.04.02-23.22.44:011][799]LogExit: Preparing to exit.
[2016.04.02-23.22.44:130][799]LogExit: Game engine shut down
[2016.04.02-23.22.44:234][799]LogParticles: Destroying 0 GPU particle simulations for FXSystem 0x00000066FBB6D440
[2016.04.02-23.22.44:234][799]LogExit: Object subsystem successfully closed.
[2016.04.02-23.22.44:240][799]LogD3D11RHI: Shutdown
[2016.04.02-23.22.44:240][799]LogD3D11RHI: CleanupD3DDevice
[2016.04.02-23.22.44:271][799]LogD3D11RHI: ~FD3D11DynamicRHI
[2016.04.02-23.22.44:277][799]LogModuleManager: Shutting down and abandoning module AndroidDeviceDetection (117)
[2016.04.02-23.22.44:910][799]LogModuleManager: Shutting down and abandoning module AutomationController (116)
[2016.04.02-23.22.44:910][799]LogModuleManager: Shutting down and abandoning module AutomationWorker (115)
[2016.04.02-23.22.44:910][799]LogModuleManager: Shutting down and abandoning module CharacterAI (114)
[2016.04.02-23.22.44:910][799]LogModuleManager: Shutting down and abandoning module AITestSuite (113)
[2016.04.02-23.22.44:910][799]LogModuleManager: Shutting down and abandoning module GameplayDebugger (112)
[2016.04.02-23.22.44:910][799]LogModuleManager: Shutting down and abandoning module AIModule (111)
[2016.04.02-23.22.44:910][799]LogModuleManager: Shutting down and abandoning module MovieSceneCapture (110)
[2016.04.02-23.22.44:910][799]LogModuleManager: Shutting down and abandoning module GameLiveStreaming (109)
[2016.04.02-23.22.44:910][799]LogModuleManager: Shutting down and abandoning module StreamingPauseRendering (108)
[2016.04.02-23.22.44:910][799]LogModuleManager: Shutting down and abandoning module ProfilerService (107)
[2016.04.02-23.22.44:994][799]LogModuleManager: Shutting down and abandoning module TaskGraph (106)
[2016.04.02-23.22.44:994][799]LogModuleManager: Shutting down and abandoning module SlateRemote (105)
[2016.04.02-23.22.44:994][799]LogModuleManager: Shutting down and abandoning module SteamVRController (104)
[2016.04.02-23.22.44:994][799]LogModuleManager: Shutting down and abandoning module SteamVR (103)
[2016.04.02-23.22.44:994][799]LogModuleManager: Shutting down and abandoning module ProceduralMeshComponent (102)
[2016.04.02-23.22.44:994][799]LogModuleManager: Shutting down and abandoning module OculusLibrary (101)
[2016.04.02-23.22.44:994][799]LogModuleManager: Shutting down and abandoning module OculusInput (100)
[2016.04.02-23.22.44:994][799]LogModuleManager: Shutting down and abandoning module LeapMotionController (99)
[2016.04.02-23.22.45:002][799]LogModuleManager: Shutting down and abandoning module CustomMeshComponent (98)
[2016.04.02-23.22.45:002][799]LogModuleManager: Shutting down and abandoning module CableComponent (97)
[2016.04.02-23.22.45:002][799]LogModuleManager: Shutting down and abandoning module ArchVisCharacter (96)
[2016.04.02-23.22.45:002][799]LogModuleManager: Shutting down and abandoning module HTML5Networking (95)
[2016.04.02-23.22.45:002][799]LogModuleManager: Shutting down and abandoning module DesktopPlatform (94)
[2016.04.02-23.22.45:002][799]LogModuleManager: Shutting down and abandoning module DirectoryWatcher (93)
[2016.04.02-23.22.45:002][799]LogModuleManager: Shutting down and abandoning module HotReload (92)
[2016.04.02-23.22.45:002][799]LogModuleManager: Shutting down and abandoning module VisualStudioSourceCodeAccess (91)
[2016.04.02-23.22.45:002][799]LogModuleManager: Shutting down and abandoning module UObjectPlugin (90)
[2016.04.02-23.22.45:002][799]LogModuleManager: Shutting down and abandoning module SubversionSourceControl (89)
[2016.04.02-23.22.45:002][799]LogModuleManager: Shutting down and abandoning module SourceControl (88)
[2016.04.02-23.22.45:002][799]LogModuleManager: Shutting down and abandoning module PerforceSourceControl (87)
[2016.04.02-23.22.45:002][799]LogModuleManager: Shutting down and abandoning module UdpMessaging (86)
[2016.04.02-23.22.45:002][799]LogModuleManager: Shutting down and abandoning module LightPropagationVolumeRuntime (85)
[2016.04.02-23.22.45:002][799]LogModuleManager: Shutting down and abandoning module Paper2D (84)
[2016.04.02-23.22.45:002][799]LogModuleManager: Shutting down and abandoning module WindowsMoviePlayer (83)
[2016.04.02-23.22.45:004][799]LogModuleManager: Shutting down and abandoning module Media (82)
[2016.04.02-23.22.45:004][799]LogModuleManager: Shutting down and abandoning module WmfMedia (81)
[2016.04.02-23.22.45:004][799]LogModuleManager: Shutting down and abandoning module OnlineBlueprintSupport (80)
[2016.04.02-23.22.45:004][799]LogModuleManager: Shutting down and abandoning module GameplayTasksEditor (79)
[2016.04.02-23.22.45:004][799]LogModuleManager: Shutting down and abandoning module PropertyEditor (78)
[2016.04.02-23.22.45:004][799]LogModuleManager: Shutting down and abandoning module BehaviorTreeEditor (77)
[2016.04.02-23.22.45:004][799]LogModuleManager: Shutting down and abandoning module FunctionalTesting (76)
[2016.04.02-23.22.45:004][799]LogModuleManager: Shutting down and abandoning module CollisionAnalyzer (75)
[2016.04.02-23.22.45:004][799]LogModuleManager: Shutting down and abandoning module WorkspaceMenuStructure (74)
[2016.04.02-23.22.45:004][799]LogModuleManager: Shutting down and abandoning module MessageLog (73)
[2016.04.02-23.22.45:004][799]LogModuleManager: Shutting down and abandoning module Sequencer (72)
[2016.04.02-23.22.45:004][799]LogModuleManager: Shutting down and abandoning module AssetTools (71)
[2016.04.02-23.22.45:004][799]LogModuleManager: Shutting down and abandoning module UMGEditor (70)
[2016.04.02-23.22.45:004][799]LogModuleManager: Shutting down and abandoning module UMG (69)
[2016.04.02-23.22.45:004][799]LogModuleManager: Shutting down and abandoning module Slate (68)
[2016.04.02-23.22.45:004][799]LogModuleManager: Shutting down and abandoning module EditorStyle (67)
[2016.04.02-23.22.45:005][799]LogModuleManager: Shutting down and abandoning module SessionServices (66)
[2016.04.02-23.22.45:005][799]LogModuleManager: Shutting down and abandoning module SourceCodeAccess (65)
[2016.04.02-23.22.45:005][799]LogModuleManager: Shutting down and abandoning module HeadMountedDisplay (64)
[2016.04.02-23.22.45:005][799]LogModuleManager: Shutting down and abandoning module XAudio2 (63)
[2016.04.02-23.22.45:005][799]LogModuleManager: Shutting down and abandoning module Networking (61)
[2016.04.02-23.22.45:005][799]LogModuleManager: Shutting down and abandoning module Core (60)
[2016.04.02-23.22.45:005][799]LogModuleManager: Shutting down and abandoning module KismetCompiler (59)
[2016.04.02-23.22.45:005][799]LogModuleManager: Shutting down and abandoning module PhysXFormats (58)
[2016.04.02-23.22.45:005][799]LogModuleManager: Shutting down and abandoning module MeshUtilities (57)
[2016.04.02-23.22.45:005][799]LogModuleManager: Shutting down and abandoning module DerivedDataCache (56)
[2016.04.02-23.22.45:343][799]LogDerivedDataCache: Shutdown
[2016.04.02-23.22.45:343][799]LogModuleManager: Shutting down and abandoning module ShaderFormatOpenGL (55)
[2016.04.02-23.22.45:343][799]LogModuleManager: Shutting down and abandoning module ShaderFormatD3D (54)
[2016.04.02-23.22.45:343][799]LogModuleManager: Shutting down and abandoning module MetalShaderFormat (53)
[2016.04.02-23.22.45:343][799]LogModuleManager: Shutting down and abandoning module TextureFormatUncompressed (52)
[2016.04.02-23.22.45:343][799]LogModuleManager: Shutting down and abandoning module TextureFormatPVR (51)
[2016.04.02-23.22.45:343][799]LogModuleManager: Shutting down and abandoning module TextureFormatIntelISPCTexComp (50)
[2016.04.02-23.22.45:343][799]LogModuleManager: Shutting down and abandoning module TextureFormatDXT (49)
[2016.04.02-23.22.45:343][799]LogModuleManager: Shutting down and abandoning module ImageWrapper (48)
[2016.04.02-23.22.45:343][799]LogModuleManager: Shutting down and abandoning module TextureFormatASTC (47)
[2016.04.02-23.22.45:343][799]LogModuleManager: Shutting down and abandoning module TextureFormatAndroid (46)
[2016.04.02-23.22.45:343][799]LogModuleManager: Shutting down and abandoning module AudioFormatOpus (45)
[2016.04.02-23.22.45:343][799]LogModuleManager: Shutting down and abandoning module AudioFormatOgg (44)
[2016.04.02-23.22.45:343][799]LogModuleManager: Shutting down and abandoning module AudioFormatADPCM (43)
[2016.04.02-23.22.45:343][799]LogModuleManager: Shutting down and abandoning module LinuxTargetPlatform (42)
[2016.04.02-23.22.45:343][799]LogModuleManager: Shutting down and abandoning module LinuxServerTargetPlatform (41)
[2016.04.02-23.22.45:343][799]LogModuleManager: Shutting down and abandoning module LinuxNoEditorTargetPlatform (40)
[2016.04.02-23.22.45:343][799]LogModuleManager: Shutting down and abandoning module Messaging (39)
[2016.04.02-23.22.45:343][799]LogModuleManager: Shutting down and abandoning module IOSTargetPlatform (38)
[2016.04.02-23.22.45:343][799]LogModuleManager: Shutting down and abandoning module HTML5TargetPlatform (37)
[2016.04.02-23.22.45:343][799]LogModuleManager: Shutting down and abandoning module Android_PVRTCTargetPlatform (36)
[2016.04.02-23.22.45:343][799]LogModuleManager: Shutting down and abandoning module Android_MultiTargetPlatform (35)
[2016.04.02-23.22.45:343][799]LogModuleManager: Shutting down and abandoning module Android_ETC2TargetPlatform (34)
[2016.04.02-23.22.45:343][799]LogModuleManager: Shutting down and abandoning module Android_ETC1TargetPlatform (33)
[2016.04.02-23.22.45:343][799]LogModuleManager: Shutting down and abandoning module Android_DXTTargetPlatform (32)
[2016.04.02-23.22.45:343][799]LogModuleManager: Shutting down and abandoning module Android_ATCTargetPlatform (31)
[2016.04.02-23.22.45:343][799]LogModuleManager: Shutting down and abandoning module Android_ASTCTargetPlatform (30)
[2016.04.02-23.22.45:343][799]LogModuleManager: Shutting down and abandoning module AndroidTargetPlatform (29)
[2016.04.02-23.22.45:343][799]LogModuleManager: Shutting down and abandoning module WindowsTargetPlatform (28)
[2016.04.02-23.22.45:343][799]LogModuleManager: Shutting down and abandoning module WindowsServerTargetPlatform (27)
[2016.04.02-23.22.45:343][799]LogModuleManager: Shutting down and abandoning module WindowsNoEditorTargetPlatform (26)
[2016.04.02-23.22.45:343][799]LogModuleManager: Shutting down and abandoning module WindowsClientTargetPlatform (25)
[2016.04.02-23.22.45:343][799]LogModuleManager: Shutting down and abandoning module AllDesktopTargetPlatform (24)
[2016.04.02-23.22.45:343][799]LogModuleManager: Shutting down and abandoning module TargetPlatform (23)
[2016.04.02-23.22.45:343][799]LogModuleManager: Shutting down and abandoning module InputCore (22)
[2016.04.02-23.22.45:343][799]LogModuleManager: Shutting down and abandoning module Settings (21)
[2016.04.02-23.22.45:343][799]LogModuleManager: Shutting down and abandoning module OnlineSubsystem (19)
[2016.04.02-23.22.45:343][799]LogModuleManager: Shutting down and abandoning module HTTP (18)
[2016.04.02-23.22.45:343][799]LogModuleManager: Shutting down and abandoning module XMPP (17)
[2016.04.02-23.22.45:343][799]LogModuleManager: Shutting down and abandoning module OculusRift (16)
[2016.04.02-23.22.45:343][799]LogModuleManager: Shutting down and abandoning module ExampleDeviceProfileSelector (15)
[2016.04.02-23.22.45:343][799]LogModuleManager: Shutting down and abandoning module TextureCompressor (14)
[2016.04.02-23.22.45:343][799]LogModuleManager: Shutting down and abandoning module ShaderCore (13)
[2016.04.02-23.22.45:343][799]LogModuleManager: Shutting down and abandoning module Landscape (12)
[2016.04.02-23.22.45:343][799]LogModuleManager: Shutting down and abandoning module SlateRHIRenderer (11)
[2016.04.02-23.22.45:343][799]LogModuleManager: Shutting down and abandoning module OpenGLDrv (10)
[2016.04.02-23.22.45:343][799]LogModuleManager: Shutting down and abandoning module D3D11RHI (9)
[2016.04.02-23.22.45:343][799]LogModuleManager: Shutting down and abandoning module AnimGraphRuntime (8)
[2016.04.02-23.22.45:343][799]LogModuleManager: Shutting down and abandoning module Renderer (7)
[2016.04.02-23.22.45:343][799]LogModuleManager: Shutting down and abandoning module Engine (6)
[2016.04.02-23.22.45:343][799]LogModuleManager: Shutting down and abandoning module CoreUObject (5)
[2016.04.02-23.22.45:343][799]LogModuleManager: Shutting down and abandoning module NetworkFile (4)
[2016.04.02-23.22.45:343][799]LogModuleManager: Shutting down and abandoning module StreamingFile (3)
[2016.04.02-23.22.45:343][799]LogModuleManager: Shutting down and abandoning module SandboxFile (2)
[2016.04.02-23.22.45:343][799]LogModuleManager: Shutting down and abandoning module PakFile (1)
[2016.04.02-23.22.45:344][799]LogExit: Exiting.
[2016.04.02-23.22.45:345][799]Log file closed, 04/02/16 19:22:45
