[2016.03.18-22.23.23:439][  0]Log file open, 03/18/16 18:23:23
[2016.03.18-22.23.23:439][  0]LogInit:Display: Running engine for game: FamilyThief
[2016.03.18-22.23.23:439][  0]LogPlatformFile: Not using cached read wrapper
[2016.03.18-22.23.23:439][  0]LogInit:Display: RandInit(1775099086) SRandInit(1775099087).
[2016.03.18-22.23.23:439][  0]LogTaskGraph: Started task graph with 4 named threads and 7 total threads.
[2016.03.18-22.23.23:439][  0]LogStats: Stats thread started at 0.065423
[2016.03.18-22.23.23:439][  0]LogInit: Version: 4.10.4-2872498+++depot+UE4-Releases+4.10
[2016.03.18-22.23.23:439][  0]LogInit: API Version: 2758231
[2016.03.18-22.23.23:439][  0]LogInit: Compiled (64-bit): Feb 18 2016 15:47:04
[2016.03.18-22.23.23:439][  0]LogInit: Compiled with Visual C++: 19.00.23026.00
[2016.03.18-22.23.23:439][  0]LogInit: Build Configuration: Development
[2016.03.18-22.23.23:439][  0]LogInit: Branch Name: ++depot+UE4-Releases+4.10
[2016.03.18-22.23.23:439][  0]LogInit: Command line: -EpicPortal 
[2016.03.18-22.23.23:439][  0]LogInit: Base directory: C:/Program Files (x86)/Epic Games/4.10/Engine/Binaries/Win64/
[2016.03.18-22.23.23:439][  0]LogInit: Rocket: 1
[2016.03.18-22.23.23:443][  0]LogInit: Using libcurl 7.41.0
[2016.03.18-22.23.23:443][  0]LogInit:  - built for x86_64-pc-win32
[2016.03.18-22.23.23:443][  0]LogInit:  - supports SSL with WinSSL
[2016.03.18-22.23.23:443][  0]LogInit:  - other features:
[2016.03.18-22.23.23:443][  0]LogInit:      CURL_VERSION_SSL
[2016.03.18-22.23.23:443][  0]LogInit:      CURL_VERSION_IPV6
[2016.03.18-22.23.23:443][  0]LogInit:      CURL_VERSION_ASYNCHDNS
[2016.03.18-22.23.23:443][  0]LogInit:      CURL_VERSION_LARGEFILE
[2016.03.18-22.23.23:443][  0]LogInit:      CURL_VERSION_IDN
[2016.03.18-22.23.23:443][  0]LogInit:  CurlRequestOptions (configurable via config and command line):
[2016.03.18-22.23.23:443][  0]LogInit:  - bVerifyPeer = true  - Libcurl will verify peer certificate
[2016.03.18-22.23.23:443][  0]LogInit:  - bUseHttpProxy = false  - Libcurl will NOT use HTTP proxy
[2016.03.18-22.23.23:443][  0]LogInit:  - bDontReuseConnections = false  - Libcurl will reuse connections
[2016.03.18-22.23.23:443][  0]LogInit:  - CertBundlePath = nullptr  - Libcurl will use whatever was configured at build time.
[2016.03.18-22.23.23:447][  0]LogInit: Presizing for 0 objects not considered by GC, pre-allocating 0 bytes.
[2016.03.18-22.23.23:452][  0]LogInit: Object subsystem initialized
[2016.03.18-22.23.23:452][  0]LogInit: Selected Device Profile: [Windows]
[2016.03.18-22.23.23:452][  0]LogInit: Applying CVar settings loaded from the selected device profile: [Windows]
[2016.03.18-22.23.23:460][  0]LogInit: Computer: DESKTOP-J618I8O
[2016.03.18-22.23.23:460][  0]LogInit: User: Doug
[2016.03.18-22.23.23:460][  0]LogInit: CPU Page size=4096, Cores=4
[2016.03.18-22.23.23:460][  0]LogInit: High frequency timer resolution =3.897231 MHz
[2016.03.18-22.23.23:460][  0]LogMemory: Memory total: Physical=16.0GB (16GB approx)
[2016.03.18-22.23.23:460][  0]LogMemory: Platform Memory Stats for Windows
[2016.03.18-22.23.23:460][  0]LogMemory: Process Physical Memory: 56.24 MB used, 56.24 MB peak
[2016.03.18-22.23.23:460][  0]LogMemory: Process Virtual Memory: 58.75 MB used, 58.75 MB peak
[2016.03.18-22.23.23:460][  0]LogMemory: Physical Memory: 4935.85 MB used, 16344.24 MB total
[2016.03.18-22.23.23:460][  0]LogMemory: Virtual Memory: 381.89 MB used, 134217728.00 MB total
[2016.03.18-22.23.23:486][  0]LogTextLocalizationManager: No specific translations for ('en-US') exist, so ('en') translations will be used.
[2016.03.18-22.23.23:838][  0]LogD3D11RHI: Found D3D11 adapter 0: NVIDIA GeForce GTX 980M                   (Feature Level 11_0)
[2016.03.18-22.23.23:838][  0]LogD3D11RHI: Adapter has 8093MB of dedicated video memory, 0MB of dedicated system memory, and 8172MB of shared system memory, 3 output[s]
[2016.03.18-22.23.23:839][  0]LogD3D11RHI: Found D3D11 adapter 1: Microsoft Basic Render Driver (Feature Level 11_0)
[2016.03.18-22.23.23:839][  0]LogD3D11RHI: Adapter has 0MB of dedicated video memory, 0MB of dedicated system memory, and 8172MB of shared system memory, 0 output[s]
[2016.03.18-22.23.23:839][  0]LogD3D11RHI: Chosen D3D11 Adapter Id = 0
[2016.03.18-22.23.23:842][  0]LogD3D11RHI: !Direct3DDevice
[2016.03.18-22.23.23:842][  0]LogRHI: Texture pool is 1361 MB (70% of 1945 MB)
[2016.03.18-22.23.23:850][  0]LogD3D11RHI: Async texture creation enabled
[2016.03.18-22.23.23:866][  0]LogShaderCompilers: Guid format shader working directory is -21 characters bigger than the processId version (../../../../../../Users/Doug!/Documents/Unreal Projects/FamilyThief/Intermediate/Shaders/WorkingDirectory/9144/).
[2016.03.18-22.23.23:866][  0]LogShaderCompilers: Cleaned the shader compiler working directory 'C:/Users/Doug!/AppData/Local/Temp/UnrealShaderWorkingDir/8DB65DD949DCC2F63BAD079B8D6CDF72/'.
[2016.03.18-22.23.23:866][  0]LogShaderCompilers:Display: Using Local Shader Compiler.
[2016.03.18-22.23.24:436][  0]LogTemp:Display: Loaded TP AllDesktopTargetPlatform
[2016.03.18-22.23.24:439][  0]LogTemp:Display: Loaded TP WindowsClientTargetPlatform
[2016.03.18-22.23.24:441][  0]LogTemp:Display: Loaded TP WindowsNoEditorTargetPlatform
[2016.03.18-22.23.24:444][  0]LogTemp:Display: Loaded TP WindowsServerTargetPlatform
[2016.03.18-22.23.24:447][  0]LogTemp:Display: Loaded TP WindowsTargetPlatform
[2016.03.18-22.23.24:449][  0]LogTemp:Display: Loaded TP AndroidTargetPlatform
[2016.03.18-22.23.24:451][  0]LogTemp:Display: Loaded TP Android_ASTCTargetPlatform
[2016.03.18-22.23.24:452][  0]LogTemp:Display: Loaded TP Android_ATCTargetPlatform
[2016.03.18-22.23.24:454][  0]LogTemp:Display: Loaded TP Android_DXTTargetPlatform
[2016.03.18-22.23.24:456][  0]LogTemp:Display: Loaded TP Android_ETC1TargetPlatform
[2016.03.18-22.23.24:458][  0]LogTemp:Display: Loaded TP Android_ETC2TargetPlatform
[2016.03.18-22.23.24:462][  0]LogTemp:Display: Loaded TP Android_MultiTargetPlatform
[2016.03.18-22.23.24:462][  0]LogTemp:Display: Loaded TP Android_PVRTCTargetPlatform
[2016.03.18-22.23.24:462][  0]LogTemp:Display: Loaded TP HTML5TargetPlatform
[2016.03.18-22.23.24:477][  0]LogTemp:Display: Loaded TP IOSTargetPlatform
[2016.03.18-22.23.24:479][  0]LogTemp:Display: Loaded TP LinuxNoEditorTargetPlatform
[2016.03.18-22.23.24:481][  0]LogTemp:Display: Loaded TP LinuxServerTargetPlatform
[2016.03.18-22.23.24:483][  0]LogTemp:Display: Loaded TP LinuxTargetPlatform
[2016.03.18-22.23.24:483][  0]LogTargetPlatformManager:Display: Building Assets For Windows
[2016.03.18-22.23.24:526][  0]LogDerivedDataCache:Display: Max Cache Size: 512 MB
[2016.03.18-22.23.24:561][  0]LogDerivedDataCache: Loaded boot cache 0.03s 41MB C:/Users/Doug!/AppData/Local/UnrealEngine/4.10/DerivedDataCache/Boot.ddc.
[2016.03.18-22.23.24:561][  0]LogDerivedDataCache:Display: Loaded Boot cache: C:/Users/Doug!/AppData/Local/UnrealEngine/4.10/DerivedDataCache/Boot.ddc
[2016.03.18-22.23.24:561][  0]LogDerivedDataCache: FDerivedDataBackendGraph:  Pak pak cache file ../../../../../../Users/Doug!/Documents/Unreal Projects/FamilyThief/DerivedDataCache/DDC.ddp not found, will not use a pak cache.
[2016.03.18-22.23.24:561][  0]LogDerivedDataCache: Unable to find inner node Pak for hierarchical cache Hierarchy.
[2016.03.18-22.23.24:561][  0]LogDerivedDataCache: FDerivedDataBackendGraph:  CompressedPak pak cache file ../../../../../../Users/Doug!/Documents/Unreal Projects/FamilyThief/DerivedDataCache/Compressed.ddp not found, will not use a pak cache.
[2016.03.18-22.23.24:561][  0]LogDerivedDataCache: Unable to find inner node CompressedPak for hierarchical cache Hierarchy.
[2016.03.18-22.23.24:603][  0]LogDerivedDataCache:Display: Pak cache opened for reading ../../../Engine/DerivedDataCache/Compressed.ddp.
[2016.03.18-22.23.24:615][  0]LogDerivedDataCache: Using Local data cache path C:/Users/Doug!/AppData/Local/UnrealEngine/Common/DerivedDataCache: Writable
[2016.03.18-22.23.24:769][  0]LogInit: Selected Device Profile: [Windows]
[2016.03.18-22.23.24:770][  0]LogContentStreaming: Texture pool size is 0.000000MB
[2016.03.18-22.23.24:846][  0]LogMeshUtilities: No automatic mesh reduction module available
[2016.03.18-22.23.24:846][  0]LogMeshUtilities: No automatic mesh merging module available
[2016.03.18-22.23.25:007][  0]LogInit: WinSock: version 1.1 (2.2), MaxSocks=32767, MaxUdp=65467
[2016.03.18-22.23.25:516][  0]UdpMessaging: Initializing bridge on interface 0.0.0.0:0 to multicast group 230.0.0.1:6666.
[2016.03.18-22.23.25:615][  0]LogAssetRegistry: FAssetRegistry took 0.0107 seconds to start up
[2016.03.18-22.23.25:711][  0]SourceControl: Info Source control is disabled
[2016.03.18-22.23.25:712][  0]SourceControl: Info Source control is disabled
[2016.03.18-22.23.25:718][  0]SourceControl: Info Source control is disabled
[2016.03.18-22.23.25:724][  0]SourceControl: Info Source control is disabled
[2016.03.18-22.23.25:852][  0]LogObj: 28633 objects as part of root set at end of initial load.
[2016.03.18-22.23.25:852][  0]LogUObjectAllocator: 6099752 out of 0 bytes used by permanent object pool.
[2016.03.18-22.23.25:893][  0]LogEngine: Initializing Engine...
[2016.03.18-22.23.25:895][  0]LogHMD: Can't find Oculus library dev build: is proper Runtime installed? Version: 0.8.0.0
[2016.03.18-22.23.25:895][  0]LogHMD: SteamVR failed to initialize.  Err: 110
[2016.03.18-22.23.25:972][  0]LogAIModule: Creating AISystem for world NewWorld
[2016.03.18-22.23.25:978][  0]LogInit: XAudio2 using 'Speakers (Realtek High Definition Audio)' : 4 channels at 48 kHz using 32 bits per sample (channel mask 0x33)
[2016.03.18-22.23.25:982][  0]LogInit: FAudioDevice initialized.
[2016.03.18-22.23.26:000][  0]LogDerivedDataCache: Saved boot cache 0.02s 41MB C:/Users/Doug!/AppData/Local/UnrealEngine/4.10/DerivedDataCache/Boot.ddc.
[2016.03.18-22.23.26:003][  0]LogInit: Texture streaming: Enabled
[2016.03.18-22.23.26:006][  0]LogAnalytics: Creating configured Analytics provider AnalyticsET
[2016.03.18-22.23.26:006][  0]LogAnalytics: [UEEditor.Rocket.Release] APIServer = http://et2.epicgames.com/ET2/. AppVersion = 4.10.4-2872498+++depot+UE4-Releases+4.10
[2016.03.18-22.23.26:006][  0]LogAnalytics: [UEEditor.Rocket.Release] SetUserId 52b10e6445fa931ea2b57b9ab393f2a9|a024f71aa653453a8ecdbc4f8186e225|56a0a37a-fce5-4ac1-879f-0e1c059c54f2
[2016.03.18-22.23.26:006][  0]LogAnalytics: [UEEditor.Rocket.Release] AnalyticsET::StartSession
[2016.03.18-22.23.26:013][  0]LogInit: Transaction tracking system initialized
[2016.03.18-22.23.26:026][  0]BlueprintLog: New page: Editor Load
[2016.03.18-22.23.26:067][  0]LocalizationService: Info Localization service is disabled
[2016.03.18-22.23.26:112][  0]LogConsoleResponse:Display: 
[2016.03.18-22.23.26:193][  0]LogCook:Display: Done creating registry. It took  0.00s.
[2016.03.18-22.23.26:223][  0]LogFileCache: Scanning file cache for directory 'C:/Users/Doug!/Documents/Unreal Projects/FamilyThief/Content/' took 0.01s
[2016.03.18-22.23.26:223][  0]SourceControl: Info Source control is disabled
[2016.03.18-22.23.31:653][  0]LogWindowsTextInputMethodSystem:Display: IME system now deactivated.
[2016.03.18-22.23.31:661][  0]LogWindowsTextInputMethodSystem:Display: IME system now deactivated.
[2016.03.18-22.23.31:662][  0]Cmd: MAP LOAD FILE="../../../../../../Users/Doug!/Documents/Unreal Projects/FamilyThief/Content/ThirdPersonBP/Maps/ThirdPersonExampleMap.umap" TEMPLATE=0 SHOWPROGRESS=1 FEATURELEVEL=3
[2016.03.18-22.23.31:663][  0]LightingResults: New page: Lighting Build
[2016.03.18-22.23.31:665][  0]MapCheck: New page: Map Check
[2016.03.18-22.23.31:665][  0]LightingResults: New page: Lighting Build
[2016.03.18-22.23.31:677][  0]LogParticles: Destroying 0 GPU particle simulations for FXSystem 0x000000F28B4A7B00
[2016.03.18-22.23.31:985][  0]LogAIModule: Creating AISystem for world ThirdPersonExampleMap
[2016.03.18-22.23.31:996][  0]LogEditorServer: Finished looking for orphan Actors (0.000 secs)
[2016.03.18-22.23.31:997][  0]Cmd: MAP CHECKDEP NOCLEARLOG
[2016.03.18-22.23.32:037][  0]MapCheck: Info Map check complete: 0 Error(s), 0 Warning(s), took 40.136ms to complete.
[2016.03.18-22.23.32:037][  0]LogFileHelpers: Loading map 'ThirdPersonExampleMap' took 0.374
[2016.03.18-22.23.32:040][  0]LogWindowsTextInputMethodSystem:Display: IME system now deactivated.
[2016.03.18-22.23.32:114][  0]LogCollectionManager: Loaded 0 collections in 0.000932 seconds
[2016.03.18-22.23.32:161][  0]LogFileCache: Scanning file cache for directory 'C:/Users/Doug!/Documents/Unreal Projects/FamilyThief/Saved/Collections/' took 0.01s
[2016.03.18-22.23.32:161][  0]LogFileCache: Scanning file cache for directory 'C:/Users/Doug!/Documents/Unreal Projects/FamilyThief/Content/Developers/Doug/Collections/' took 0.01s
[2016.03.18-22.23.32:161][  0]LogFileCache: Scanning file cache for directory 'C:/Users/Doug!/Documents/Unreal Projects/FamilyThief/Content/Collections/' took 0.01s
[2016.03.18-22.23.32:161][  0]LogCollectionManager: Rebuilt the GUID cache for 0 collections in 0.000001 seconds
[2016.03.18-22.23.32:167][  0]LogContentBrowser: Native class hierarchy populated in 0.0054 seconds. Added 1893 classes and 338 folders.
[2016.03.18-22.23.32:170][  0]LogContentBrowser: Native class hierarchy updated for 'WidgetCarousel' in 0.0002 seconds. Added 0 classes and 0 folders.
[2016.03.18-22.23.32:196][  0]LogContentBrowser: Native class hierarchy updated for 'AddContentDialog' in 0.0003 seconds. Added 0 classes and 0 folders.
[2016.03.18-22.23.32:199][  0]LogContentBrowser: Native class hierarchy updated for 'SceneOutliner' in 0.0003 seconds. Added 1 classes and 2 folders.
[2016.03.18-22.23.32:213][  0]LogCrashTracker: Crashtracker disabled due to settings.
[2016.03.18-22.23.32:217][  0]LogUObjectGlobals:Warning: Failed to find object 'Class None.'
[2016.03.18-22.23.32:238][  0]LogStats:Warning: MetaData mismatch. Did you assign a stat to two groups? New //STATGROUP_Threads//SplashScreenThread///Thread_2bbc_0///####STATCAT_Advanced#### old //STATGROUP_Threads//SplashScreenThread///Thread_2d0c_0///####STATCAT_Advanced####
[2016.03.18-22.23.32:238][  0]LogLoad: Full Startup: 9.12 seconds (BP compile: 0.06 seconds)
[2016.03.18-22.23.32:257][  0]LogOcInput: Can't find Oculus library dev build: is proper Runtime installed? Version: 0.8.0.0
[2016.03.18-22.23.32:295][  0]LogContentStreaming: Texture pool size now 1000 MB
[2016.03.18-22.23.32:399][  0]LogRenderer: Reallocating scene render targets to support 1628x724 (Frame:2).
[2016.03.18-22.23.32:672][  9]LogAssetRegistry: Asset discovery search completed in 7.0675 seconds
[2016.03.18-22.23.32:672][  9]LogCollectionManager: Rebuilt the object cache for 0 collections in 0.000001 seconds (found 0 objects)
[2016.03.18-22.23.32:672][  9]LogCollectionManager: Fixed up redirectors for 0 collections in 0.000015 seconds (updated 0 objects)
[2016.03.18-22.23.37:563][287]LogLinker:Warning: Asset '../../../Engine/Content/ArtTools/RenderToTexture/Macros/RenderToTextureMacros.uasset' has been saved with empty engine version. The asset will be loaded but may be incompatible.
[2016.03.18-22.23.37:840][287]LogContentBrowser: Native class hierarchy updated for 'BlueprintGraph' in 0.0005 seconds. Added 107 classes and 0 folders.
[2016.03.18-22.27.43:056][567]LogPackageName: SearchForPackageOnDisk took   0.000s, but failed to resolve /Game/ThirdPersonBP/AICharacter/BTService_BlueprintBase_New.
[2016.03.18-22.27.56:152][340]LogPackageName: SearchForPackageOnDisk took   0.000s, but failed to resolve /Game/ThirdPersonBP/AICharacter/BTService_BlueprintBase_New2.
[2016.03.18-22.28.24:332][973]LogParticles: Destroying 0 GPU particle simulations for FXSystem 0x000000F2CB56A7A0
[2016.03.18-22.28.27:367][973]LogActorComponent: UnregisterComponent: (/Engine/Transient.EditorFloorComp) Not registered. Aborting.
[2016.03.18-22.28.27:737][973]LogObjectTools:Warning: ForceReplaceReferences replaced references for a transient object 'DEADCLASS_BTService_BlueprintBase_New2_C_1' or package '/Engine/Transient'.
[2016.03.18-22.28.27:737][973]LogObjectTools:Warning: ForceReplaceReferences replaced references for a transient object 'DEADCLASS_BTService_BlueprintBase_New2_C_0' or package '/Engine/Transient'.
[2016.03.18-22.28.27:737][973]LogObjectTools:Warning: ForceReplaceReferences replaced references for a transient object 'REINST_SKEL_BTService_BlueprintBase_New2_C_44' or package '/Engine/Transient'.
[2016.03.18-22.28.27:737][973]LogObjectTools:Warning: ForceReplaceReferences replaced references for a transient object 'REINST_BTService_BlueprintBase_New2_C_43' or package '/Engine/Transient'.
[2016.03.18-22.28.27:849][973]LogParticles: Destroying 0 GPU particle simulations for FXSystem 0x000000F288E06700
[2016.03.18-22.28.27:850][973]LogParticles: Destroying 0 GPU particle simulations for FXSystem 0x000000F2C5DF7100
[2016.03.18-22.28.27:851][973]LogParticles: Destroying 0 GPU particle simulations for FXSystem 0x000000F2DA0BB100
[2016.03.18-22.28.30:205][112]LogActorComponent: UnregisterComponent: (/Engine/Transient.CharMoveComp) Not registered. Aborting.
[2016.03.18-22.28.30:432][112]LogSavePackage: Save=196.822311ms
[2016.03.18-22.28.30:432][112]LogSavePackage: Moving '../../../../../../Users/Doug!/Documents/Unreal Projects/FamilyThief/Saved/ThirdPersonExampleMap67B3657E4D292AF769A20AA413C67F77.tmp' to '../../../../../../Users/Doug!/Documents/Unreal Projects/FamilyThief/Content/ThirdPersonBP/Maps/ThirdPersonExampleMap.umap'
[2016.03.18-22.28.30:434][112]LogSavePackage: Total save time: 210.565142ms
[2016.03.18-22.28.30:434][112]LogSavePackage:Display: Finished SavePackage ../../../../../../Users/Doug!/Documents/Unreal Projects/FamilyThief/Content/ThirdPersonBP/Maps/ThirdPersonExampleMap.umap
[2016.03.18-22.28.51:391][315]LogParticles: Destroying 0 GPU particle simulations for FXSystem 0x000000F2C59D1120
[2016.03.18-22.29.34:836][260]LogSlate:Warning: Prevented a slow task dialog from being summoned while a context menu was open
[2016.03.18-22.29.34:991][260]LogPackageName: SearchForPackageOnDisk took   0.000s, but failed to resolve /Game/ThirdPersonBP/AICharacter/BTService_BlueprintBase_New.
[2016.03.18-22.30.04:090][  1]LogActorComponent: UnregisterComponent: (/Engine/Transient.CharMoveComp) Not registered. Aborting.
[2016.03.18-22.30.04:112][  1]LogMetaData: Removing '/Game/ThirdPersonBP/AICharacter/BTS_VisionCheck.SKEL_BTS_VisionCheck_C' ref from Metadata '/Game/ThirdPersonBP/AICharacter/BTService_BlueprintBase_New.PackageMetaData'
[2016.03.18-22.30.04:112][  1]LogMetaData: Removing '/Game/ThirdPersonBP/AICharacter/BTS_VisionCheck.BTS_VisionCheck_C' ref from Metadata '/Game/ThirdPersonBP/AICharacter/BTService_BlueprintBase_New.PackageMetaData'
[2016.03.18-22.30.04:148][  1]LogSavePackage: Save=3.316714ms
[2016.03.18-22.30.04:148][  1]LogSavePackage: Moving '../../../../../../Users/Doug!/Documents/Unreal Projects/FamilyThief/Saved/BTS_VisionCheckC4FD5E0E4092A95178D56FB2CBB8C460.tmp' to '../../../../../../Users/Doug!/Documents/Unreal Projects/FamilyThief/Content/ThirdPersonBP/AICharacter/BTS_VisionCheck.uasset'
[2016.03.18-22.30.04:149][  1]LogSavePackage: Total save time: 4.801102ms
[2016.03.18-22.30.04:149][  1]LogSavePackage:Display: Finished SavePackage ../../../../../../Users/Doug!/Documents/Unreal Projects/FamilyThief/Content/ThirdPersonBP/AICharacter/BTS_VisionCheck.uasset
[2016.03.18-22.30.04:273][  3]LogPackageName: SearchForPackageOnDisk took   0.000s to resolve /Game/ThirdPersonBP/AICharacter/BTS_VisionCheck.
[2016.03.18-22.40.27:410][797]LogActorComponent: UnregisterComponent: (/Engine/Transient.CharMoveComp) Not registered. Aborting.
[2016.03.18-22.40.27:434][797]LogFileHelpers: Editor autosave (incl. sublevels) for '/Game/ThirdPersonBP/Maps/ThirdPersonExampleMap' took 0.024
[2016.03.18-22.40.27:437][797]OBJ SavePackage: Generating thumbnails for [0] asset(s) in package [/Game/ThirdPersonBP/AICharacter/AICharacter_BehaviourTree] ([1] browsable assets)...
[2016.03.18-22.40.27:437][797]OBJ SavePackage: Finished generating thumbnails for package [/Game/ThirdPersonBP/AICharacter/AICharacter_BehaviourTree]
[2016.03.18-22.40.27:445][797]LogSavePackage: Save=3.739835ms
[2016.03.18-22.40.27:445][797]LogSavePackage: Moving '../../../../../../Users/Doug!/Documents/Unreal Projects/FamilyThief/Saved/AICharacter_BehaviourTree_Auto1D01F7F104D3C4E227506E5B525C36732.tmp' to '../../../../../../Users/Doug!/Documents/Unreal Projects/FamilyThief/Saved/Autosaves/Game/ThirdPersonBP/AICharacter/AICharacter_BehaviourTree_Auto1.uasset'
[2016.03.18-22.40.27:446][797]LogSavePackage: Total save time: 7.649790ms
[2016.03.18-22.40.27:446][797]LogSavePackage:Display: Finished SavePackage ../../../../../../Users/Doug!/Documents/Unreal Projects/FamilyThief/Saved/Autosaves/Game/ThirdPersonBP/AICharacter/AICharacter_BehaviourTree_Auto1.uasset
[2016.03.18-22.40.27:453][797]LogSavePackage: Save=2.507165ms
[2016.03.18-22.40.27:453][797]LogSavePackage: Moving '../../../../../../Users/Doug!/Documents/Unreal Projects/FamilyThief/Saved/BTService_BlueprintBase_New_Auto1EE307ADA469E0685B7246AB7378D1C8C.tmp' to '../../../../../../Users/Doug!/Documents/Unreal Projects/FamilyThief/Saved/Autosaves/Game/ThirdPersonBP/AICharacter/BTService_BlueprintBase_New_Auto1.uasset'
[2016.03.18-22.40.27:454][797]LogSavePackage: Total save time: 3.253590ms
[2016.03.18-22.40.27:454][797]LogSavePackage:Display: Finished SavePackage ../../../../../../Users/Doug!/Documents/Unreal Projects/FamilyThief/Saved/Autosaves/Game/ThirdPersonBP/AICharacter/BTService_BlueprintBase_New_Auto1.uasset
[2016.03.18-22.40.27:457][797]OBJ SavePackage: Generating thumbnails for [0] asset(s) in package [/Game/ThirdPersonBP/AICharacter/BTS_VisionCheck] ([1] browsable assets)...
[2016.03.18-22.40.27:457][797]OBJ SavePackage: Finished generating thumbnails for package [/Game/ThirdPersonBP/AICharacter/BTS_VisionCheck]
[2016.03.18-22.40.27:474][797]LogSavePackage: Save=14.984999ms
[2016.03.18-22.40.27:474][797]LogSavePackage: Moving '../../../../../../Users/Doug!/Documents/Unreal Projects/FamilyThief/Saved/BTS_VisionCheck_Auto16306A8134FCBB5DDBC0464AEE2F2906E.tmp' to '../../../../../../Users/Doug!/Documents/Unreal Projects/FamilyThief/Saved/Autosaves/Game/ThirdPersonBP/AICharacter/BTS_VisionCheck_Auto1.uasset'
[2016.03.18-22.40.27:475][797]LogSavePackage: Total save time: 17.055444ms
[2016.03.18-22.40.27:475][797]LogSavePackage:Display: Finished SavePackage ../../../../../../Users/Doug!/Documents/Unreal Projects/FamilyThief/Saved/Autosaves/Game/ThirdPersonBP/AICharacter/BTS_VisionCheck_Auto1.uasset
[2016.03.18-22.40.27:475][797]LogFileHelpers: Auto-saving content packages took 0.041
[2016.03.18-22.43.15:156][847]LogSavePackage: Save=15.119196ms
[2016.03.18-22.43.15:156][847]LogSavePackage: Moving '../../../../../../Users/Doug!/Documents/Unreal Projects/FamilyThief/Saved/BTS_VisionCheckB4E914C6417977725EF02DB700768F0C.tmp' to '../../../../../../Users/Doug!/Documents/Unreal Projects/FamilyThief/Content/ThirdPersonBP/AICharacter/BTS_VisionCheck.uasset'
[2016.03.18-22.43.15:160][847]LogSavePackage: Total save time: 19.827154ms
[2016.03.18-22.43.15:160][847]LogSavePackage:Display: Finished SavePackage ../../../../../../Users/Doug!/Documents/Unreal Projects/FamilyThief/Content/ThirdPersonBP/AICharacter/BTS_VisionCheck.uasset
[2016.03.18-22.43.15:688][879]BlueprintLog: New page: Compile BTS_VisionCheck
[2016.03.18-22.43.15:746][879]BlueprintEditorCompileResults: Info [1192.63] Compile of BTS_VisionCheck successful! [in 58 ms]
[2016.03.18-22.45.34:791][781]LogEditorTransaction: Undo Add Node
[2016.03.18-22.50.06:322][654]LogProperty:Warning: ObjectProperty /Script/Engine.EdGraphPin:LinkedTo.LinkedTo: unresolved reference to 'EdGraphPin'K2Node_EnumLiteral_69.EdGraphPin_23508''
[2016.03.18-22.50.06:322][654]LogProperty:Warning: ObjectProperty /Script/Engine.EdGraphPin:LinkedTo.LinkedTo: unresolved reference to 'EdGraphPin'K2Node_VariableGet_53.EdGraphPin_23469''
[2016.03.18-22.51.37:998][714]LogSavePackage: Save=4.559648ms
[2016.03.18-22.51.37:998][714]LogSavePackage: Moving '../../../../../../Users/Doug!/Documents/Unreal Projects/FamilyThief/Saved/AICharacter_BehaviourTreeC7D288C14728039B9B825CAE39670054.tmp' to '../../../../../../Users/Doug!/Documents/Unreal Projects/FamilyThief/Content/ThirdPersonBP/AICharacter/AICharacter_BehaviourTree.uasset'
[2016.03.18-22.51.38:001][714]LogSavePackage: Total save time: 11.519976ms
[2016.03.18-22.51.38:001][714]LogSavePackage:Display: Finished SavePackage ../../../../../../Users/Doug!/Documents/Unreal Projects/FamilyThief/Content/ThirdPersonBP/AICharacter/AICharacter_BehaviourTree.uasset
[2016.03.18-22.53.30:216][ 86]LogSavePackage: Save=4.072635ms
[2016.03.18-22.53.30:216][ 86]LogSavePackage: Moving '../../../../../../Users/Doug!/Documents/Unreal Projects/FamilyThief/Saved/AICharacter_BehaviourTree37F1A33E4CADDC921E38DFAB25C3E719.tmp' to '../../../../../../Users/Doug!/Documents/Unreal Projects/FamilyThief/Content/ThirdPersonBP/AICharacter/AICharacter_BehaviourTree.uasset'
[2016.03.18-22.53.30:218][ 86]LogSavePackage: Total save time: 6.455097ms
[2016.03.18-22.53.30:218][ 86]LogSavePackage:Display: Finished SavePackage ../../../../../../Users/Doug!/Documents/Unreal Projects/FamilyThief/Content/ThirdPersonBP/AICharacter/AICharacter_BehaviourTree.uasset
[2016.03.18-22.53.32:481][219]LogSavePackage: Save=2.488947ms
[2016.03.18-22.53.32:481][219]LogSavePackage: Moving '../../../../../../Users/Doug!/Documents/Unreal Projects/FamilyThief/Saved/AIState75547E284F86BF3A7118B893CE6808EF.tmp' to '../../../../../../Users/Doug!/Documents/Unreal Projects/FamilyThief/Content/ThirdPersonBP/AICharacter/AIState.uasset'
[2016.03.18-22.53.32:482][219]LogSavePackage: Total save time: 5.089000ms
[2016.03.18-22.53.32:482][219]LogSavePackage:Display: Finished SavePackage ../../../../../../Users/Doug!/Documents/Unreal Projects/FamilyThief/Content/ThirdPersonBP/AICharacter/AIState.uasset
[2016.03.18-22.53.48:482][178]BlueprintLog: New page: Compile BTS_VisionCheck
[2016.03.18-22.53.48:545][178]BlueprintEditorCompileResults: Info [1825.43] Compile of BTS_VisionCheck successful! [in 63 ms]
[2016.03.18-22.53.49:070][206]LogSavePackage: Save=20.956675ms
[2016.03.18-22.53.49:070][206]LogSavePackage: Moving '../../../../../../Users/Doug!/Documents/Unreal Projects/FamilyThief/Saved/BTS_VisionCheck0B84C7C84D8C5CF9972482AFEE4F5477.tmp' to '../../../../../../Users/Doug!/Documents/Unreal Projects/FamilyThief/Content/ThirdPersonBP/AICharacter/BTS_VisionCheck.uasset'
[2016.03.18-22.53.49:071][206]LogSavePackage: Total save time: 26.396949ms
[2016.03.18-22.53.49:072][206]LogSavePackage:Display: Finished SavePackage ../../../../../../Users/Doug!/Documents/Unreal Projects/FamilyThief/Content/ThirdPersonBP/AICharacter/BTS_VisionCheck.uasset
[2016.03.18-22.54.52:389][999]LogSavePackage: Save=2.627763ms
[2016.03.18-22.54.52:389][999]LogSavePackage: Moving '../../../../../../Users/Doug!/Documents/Unreal Projects/FamilyThief/Saved/AICharacter_Blackboard41C4E0544BBE6FE95FA881ADCB93D059.tmp' to '../../../../../../Users/Doug!/Documents/Unreal Projects/FamilyThief/Content/ThirdPersonBP/AICharacter/AICharacter_Blackboard.uasset'
[2016.03.18-22.54.52:391][999]LogSavePackage: Total save time: 7.650048ms
[2016.03.18-22.54.52:391][999]LogSavePackage:Display: Finished SavePackage ../../../../../../Users/Doug!/Documents/Unreal Projects/FamilyThief/Content/ThirdPersonBP/AICharacter/AICharacter_Blackboard.uasset
[2016.03.18-22.58.41:688][509]BlueprintLog: New page: Compile BTS_VisionCheck
[2016.03.18-22.58.41:750][509]LogParticles: Destroying 0 GPU particle simulations for FXSystem 0x000000F2C4A9BD80
[2016.03.18-22.58.41:751][509]LogParticles: Destroying 0 GPU particle simulations for FXSystem 0x000000F2C51D6660
[2016.03.18-22.58.41:756][509]BlueprintEditorCompileResults: Info [2118.64] Compile of BTS_VisionCheck successful! [in 67 ms]
[2016.03.18-22.58.42:271][537]LogSavePackage: Save=24.058876ms
[2016.03.18-22.58.42:271][537]LogSavePackage: Moving '../../../../../../Users/Doug!/Documents/Unreal Projects/FamilyThief/Saved/BTS_VisionCheckB149243E4F00DCD9A514E7BF7A5CC111.tmp' to '../../../../../../Users/Doug!/Documents/Unreal Projects/FamilyThief/Content/ThirdPersonBP/AICharacter/BTS_VisionCheck.uasset'
[2016.03.18-22.58.42:273][537]LogSavePackage: Total save time: 26.775680ms
[2016.03.18-22.58.42:273][537]LogSavePackage:Display: Finished SavePackage ../../../../../../Users/Doug!/Documents/Unreal Projects/FamilyThief/Content/ThirdPersonBP/AICharacter/BTS_VisionCheck.uasset
[2016.03.18-22.58.52:836][116]LogActor:Warning: RecastNavMesh /Game/ThirdPersonBP/Maps/ThirdPersonExampleMap.ThirdPersonExampleMap:PersistentLevel.RecastNavMesh_0 has natively added scene component(s), but none of them were set as the actor's RootComponent - picking one arbitrarily
[2016.03.18-22.59.51:734][124]LogEditorViewport: Clicking on Actor (LMB): RecastNavMesh (RecastNavMesh-Default)
[2016.03.18-22.59.56:199][390]LogEditorViewport: Clicking on Actor (LMB): StaticMeshActor (Floor)
[2016.03.18-22.59.56:863][428]LogEditorViewport: Clicking on Actor (LMB): NavMeshBoundsVolume (NavMeshBoundsVolume)
[2016.03.18-23.00.29:987][735]LogActorComponent: UnregisterComponent: (/Engine/Transient.CharMoveComp) Not registered. Aborting.
[2016.03.18-23.00.30:217][735]LogSavePackage: Save=198.018280ms
[2016.03.18-23.00.30:217][735]LogSavePackage: Moving '../../../../../../Users/Doug!/Documents/Unreal Projects/FamilyThief/Saved/ThirdPersonExampleMapE08DD742455E68CF29ABBA805712B21A.tmp' to '../../../../../../Users/Doug!/Documents/Unreal Projects/FamilyThief/Content/ThirdPersonBP/Maps/ThirdPersonExampleMap.umap'
[2016.03.18-23.00.30:221][735]LogSavePackage: Total save time: 213.057421ms
[2016.03.18-23.00.30:221][735]LogSavePackage:Display: Finished SavePackage ../../../../../../Users/Doug!/Documents/Unreal Projects/FamilyThief/Content/ThirdPersonBP/Maps/ThirdPersonExampleMap.umap
[2016.03.18-23.01.06:561][143]LogSavePackage: Save=3.717511ms
[2016.03.18-23.01.06:561][143]LogSavePackage: Moving '../../../../../../Users/Doug!/Documents/Unreal Projects/FamilyThief/Saved/AICharacter_BehaviourTree7F50D0294078BC83D621149EE5DBDE0E.tmp' to '../../../../../../Users/Doug!/Documents/Unreal Projects/FamilyThief/Content/ThirdPersonBP/AICharacter/AICharacter_BehaviourTree.uasset'
[2016.03.18-23.01.06:562][143]LogSavePackage: Total save time: 6.875139ms
[2016.03.18-23.01.06:562][143]LogSavePackage:Display: Finished SavePackage ../../../../../../Users/Doug!/Documents/Unreal Projects/FamilyThief/Content/ThirdPersonBP/AICharacter/AICharacter_BehaviourTree.uasset
[2016.03.18-23.01.08:534][259]LogSavePackage: Save=9.125967ms
[2016.03.18-23.01.08:534][259]LogSavePackage: Moving '../../../../../../Users/Doug!/Documents/Unreal Projects/FamilyThief/Saved/AICharacter_Controller3623687C4179B8B3C47B43B7ED96AC71.tmp' to '../../../../../../Users/Doug!/Documents/Unreal Projects/FamilyThief/Content/ThirdPersonBP/AICharacter/AICharacter_Controller.uasset'
[2016.03.18-23.01.08:535][259]LogSavePackage: Total save time: 13.738982ms
[2016.03.18-23.01.08:535][259]LogSavePackage:Display: Finished SavePackage ../../../../../../Users/Doug!/Documents/Unreal Projects/FamilyThief/Content/ThirdPersonBP/AICharacter/AICharacter_Controller.uasset
[2016.03.18-23.01.10:549][375]LogSavePackage: Save=23.609840ms
[2016.03.18-23.01.10:549][375]LogSavePackage: Moving '../../../../../../Users/Doug!/Documents/Unreal Projects/FamilyThief/Saved/BTS_VisionCheck12E7195643820AFDB68F538E1D047F1F.tmp' to '../../../../../../Users/Doug!/Documents/Unreal Projects/FamilyThief/Content/ThirdPersonBP/AICharacter/BTS_VisionCheck.uasset'
[2016.03.18-23.01.10:550][375]LogSavePackage: Total save time: 28.655473ms
[2016.03.18-23.01.10:550][375]LogSavePackage:Display: Finished SavePackage ../../../../../../Users/Doug!/Documents/Unreal Projects/FamilyThief/Content/ThirdPersonBP/AICharacter/BTS_VisionCheck.uasset
[2016.03.18-23.01.54:199][ 79]BlueprintLog: New page: Compile BTS_VisionCheck
[2016.03.18-23.01.54:266][ 79]BlueprintEditorCompileResults: Info [2311.15] Compile of BTS_VisionCheck successful! [in 67 ms]
[2016.03.18-23.01.55:114][126]LogSavePackage: Save=22.873419ms
[2016.03.18-23.01.55:115][126]LogSavePackage: Moving '../../../../../../Users/Doug!/Documents/Unreal Projects/FamilyThief/Saved/BTS_VisionCheck9C75CD2B4E1972670B524EA687183DE4.tmp' to '../../../../../../Users/Doug!/Documents/Unreal Projects/FamilyThief/Content/ThirdPersonBP/AICharacter/BTS_VisionCheck.uasset'
[2016.03.18-23.01.55:117][126]LogSavePackage: Total save time: 26.040025ms
[2016.03.18-23.01.55:117][126]LogSavePackage:Display: Finished SavePackage ../../../../../../Users/Doug!/Documents/Unreal Projects/FamilyThief/Content/ThirdPersonBP/AICharacter/BTS_VisionCheck.uasset
[2016.03.18-23.02.46:049][803]LogSavePackage: Save=3.805522ms
[2016.03.18-23.02.46:049][803]LogSavePackage: Moving '../../../../../../Users/Doug!/Documents/Unreal Projects/FamilyThief/Saved/AICharacter_BehaviourTree25715DCF40876AED745502937E39DAFD.tmp' to '../../../../../../Users/Doug!/Documents/Unreal Projects/FamilyThief/Content/ThirdPersonBP/AICharacter/AICharacter_BehaviourTree.uasset'
[2016.03.18-23.02.46:050][803]LogSavePackage: Total save time: 6.544903ms
[2016.03.18-23.02.46:050][803]LogSavePackage:Display: Finished SavePackage ../../../../../../Users/Doug!/Documents/Unreal Projects/FamilyThief/Content/ThirdPersonBP/AICharacter/AICharacter_BehaviourTree.uasset
[2016.03.18-23.02.48:328][901]LogBlueprintUserMessages: Early PlayInEditor Detection: Level '/Game/ThirdPersonBP/Maps/ThirdPersonExampleMap.ThirdPersonExampleMap:PersistentLevel' has LevelScriptBlueprint '/Game/ThirdPersonBP/Maps/ThirdPersonExampleMap.ThirdPersonExampleMap:PersistentLevel.ThirdPersonExampleMap' with GeneratedClass '/Game/ThirdPersonBP/Maps/ThirdPersonExampleMap.ThirdPersonExampleMap_C' with ClassGeneratedBy '/Game/ThirdPersonBP/Maps/ThirdPersonExampleMap.ThirdPersonExampleMap:PersistentLevel.ThirdPersonExampleMap'
[2016.03.18-23.02.48:330][901]LogPlayLevel: PlayLevel: No blueprints needed recompiling
[2016.03.18-23.02.48:330][901]PIE: New page: PIE session: ThirdPersonExampleMap (Mar 18, 2016, 3:02:48 PM)
[2016.03.18-23.02.48:330][901]LogPlayLevel: Creating play world package: /Game/ThirdPersonBP/Maps/UEDPIE_0_ThirdPersonExampleMap
[2016.03.18-23.02.48:347][901]LogPlayLevel: PIE: StaticDuplicateObject took: (0.017179s)
[2016.03.18-23.02.48:348][901]LogAIModule: Creating AISystem for world ThirdPersonExampleMap
[2016.03.18-23.02.48:348][901]LogPlayLevel: PIE: World Init took: (0.000882s)
[2016.03.18-23.02.48:348][901]LogPlayLevel: PIE: Created PIE world by copying editor world from /Game/ThirdPersonBP/Maps/ThirdPersonExampleMap.ThirdPersonExampleMap to /Game/ThirdPersonBP/Maps/UEDPIE_0_ThirdPersonExampleMap.ThirdPersonExampleMap (0.018299s)
[2016.03.18-23.02.48:376][901]LogInit: XAudio2 using 'Speakers (Realtek High Definition Audio)' : 4 channels at 48 kHz using 32 bits per sample (channel mask 0x33)
[2016.03.18-23.02.48:379][901]LogInit: FAudioDevice initialized.
[2016.03.18-23.02.48:453][901]LogWorld: Game class is 'ThirdPersonGameMode_C'
[2016.03.18-23.02.48:457][901]LogWorld: Bringing World /Game/ThirdPersonBP/Maps/UEDPIE_0_ThirdPersonExampleMap.ThirdPersonExampleMap up for play (max tick rate 60) at 2016.03.18-19.02.48
[2016.03.18-23.02.48:457][901]LogActor:Warning: GameSession /Game/ThirdPersonBP/Maps/UEDPIE_0_ThirdPersonExampleMap.ThirdPersonExampleMap:PersistentLevel.GameSession_0 has natively added scene component(s), but none of them were set as the actor's RootComponent - picking one arbitrarily
[2016.03.18-23.02.48:457][901]LogActor:Warning: GameNetworkManager /Game/ThirdPersonBP/Maps/UEDPIE_0_ThirdPersonExampleMap.ThirdPersonExampleMap:PersistentLevel.GameNetworkManager_0 has natively added scene component(s), but none of them were set as the actor's RootComponent - picking one arbitrarily
[2016.03.18-23.02.48:458][901]LogWorld: Bringing up level for play took: 0.003013
[2016.03.18-23.02.48:459][901]PIE: Info Play in editor start time for /Game/ThirdPersonBP/Maps/UEDPIE_0_ThirdPersonExampleMap -0.072
[2016.03.18-23.02.48:459][901]LogBlueprintUserMessages: Late PlayInEditor Detection: Level '/Game/ThirdPersonBP/Maps/ThirdPersonExampleMap.ThirdPersonExampleMap:PersistentLevel' has LevelScriptBlueprint '/Game/ThirdPersonBP/Maps/ThirdPersonExampleMap.ThirdPersonExampleMap:PersistentLevel.ThirdPersonExampleMap' with GeneratedClass '/Game/ThirdPersonBP/Maps/ThirdPersonExampleMap.ThirdPersonExampleMap_C' with ClassGeneratedBy '/Game/ThirdPersonBP/Maps/ThirdPersonExampleMap.ThirdPersonExampleMap:PersistentLevel.ThirdPersonExampleMap'
[2016.03.18-23.02.54:448][258]LogBlueprintUserMessages: Early EndPlayMap Detection: Level '/Game/ThirdPersonBP/Maps/ThirdPersonExampleMap.ThirdPersonExampleMap:PersistentLevel' has LevelScriptBlueprint '/Game/ThirdPersonBP/Maps/ThirdPersonExampleMap.ThirdPersonExampleMap:PersistentLevel.ThirdPersonExampleMap' with GeneratedClass '/Game/ThirdPersonBP/Maps/ThirdPersonExampleMap.ThirdPersonExampleMap_C' with ClassGeneratedBy '/Game/ThirdPersonBP/Maps/ThirdPersonExampleMap.ThirdPersonExampleMap:PersistentLevel.ThirdPersonExampleMap'
[2016.03.18-23.02.54:489][258]LogBlueprintUserMessages: Late EndPlayMap Detection: Level '/Game/ThirdPersonBP/Maps/ThirdPersonExampleMap.ThirdPersonExampleMap:PersistentLevel' has LevelScriptBlueprint '/Game/ThirdPersonBP/Maps/ThirdPersonExampleMap.ThirdPersonExampleMap:PersistentLevel.ThirdPersonExampleMap' with GeneratedClass '/Game/ThirdPersonBP/Maps/ThirdPersonExampleMap.ThirdPersonExampleMap_C' with ClassGeneratedBy '/Game/ThirdPersonBP/Maps/ThirdPersonExampleMap.ThirdPersonExampleMap:PersistentLevel.ThirdPersonExampleMap'
[2016.03.18-23.02.54:539][259]LogParticles: Destroying 0 GPU particle simulations for FXSystem 0x000000F2EE03CFE0
[2016.03.18-23.03.24:955][ 44]LogBlueprintUserMessages: Early PlayInEditor Detection: Level '/Game/ThirdPersonBP/Maps/ThirdPersonExampleMap.ThirdPersonExampleMap:PersistentLevel' has LevelScriptBlueprint '/Game/ThirdPersonBP/Maps/ThirdPersonExampleMap.ThirdPersonExampleMap:PersistentLevel.ThirdPersonExampleMap' with GeneratedClass '/Game/ThirdPersonBP/Maps/ThirdPersonExampleMap.ThirdPersonExampleMap_C' with ClassGeneratedBy '/Game/ThirdPersonBP/Maps/ThirdPersonExampleMap.ThirdPersonExampleMap:PersistentLevel.ThirdPersonExampleMap'
[2016.03.18-23.03.24:956][ 44]LogPlayLevel: PlayLevel: No blueprints needed recompiling
[2016.03.18-23.03.24:956][ 44]PIE: New page: PIE session: ThirdPersonExampleMap (Mar 18, 2016, 3:03:24 PM)
[2016.03.18-23.03.24:956][ 44]LogPlayLevel: Creating play world package: /Game/ThirdPersonBP/Maps/UEDPIE_0_ThirdPersonExampleMap
[2016.03.18-23.03.24:972][ 44]LogPlayLevel: PIE: StaticDuplicateObject took: (0.015918s)
[2016.03.18-23.03.24:973][ 44]LogAIModule: Creating AISystem for world ThirdPersonExampleMap
[2016.03.18-23.03.24:973][ 44]LogPlayLevel: PIE: World Init took: (0.000875s)
[2016.03.18-23.03.24:973][ 44]LogPlayLevel: PIE: Created PIE world by copying editor world from /Game/ThirdPersonBP/Maps/ThirdPersonExampleMap.ThirdPersonExampleMap to /Game/ThirdPersonBP/Maps/UEDPIE_0_ThirdPersonExampleMap.ThirdPersonExampleMap (0.017017s)
[2016.03.18-23.03.24:973][ 44]LogActorComponent: UnregisterComponent: (/Engine/Transient.CharMoveComp) Not registered. Aborting.
[2016.03.18-23.03.24:973][ 44]LogActorComponent: UnregisterComponent: (/Engine/Transient.CharacterMovementComponent_0) Not registered. Aborting.
[2016.03.18-23.03.25:003][ 44]LogInit: XAudio2 using 'Speakers (Realtek High Definition Audio)' : 4 channels at 48 kHz using 32 bits per sample (channel mask 0x33)
[2016.03.18-23.03.25:006][ 44]LogInit: FAudioDevice initialized.
[2016.03.18-23.03.25:041][ 44]LogWorld: Game class is 'ThirdPersonGameMode_C'
[2016.03.18-23.03.25:045][ 44]LogWorld: Bringing World /Game/ThirdPersonBP/Maps/UEDPIE_0_ThirdPersonExampleMap.ThirdPersonExampleMap up for play (max tick rate 60) at 2016.03.18-19.03.25
[2016.03.18-23.03.25:045][ 44]LogActor:Warning: GameSession /Game/ThirdPersonBP/Maps/UEDPIE_0_ThirdPersonExampleMap.ThirdPersonExampleMap:PersistentLevel.GameSession_1 has natively added scene component(s), but none of them were set as the actor's RootComponent - picking one arbitrarily
[2016.03.18-23.03.25:045][ 44]LogActor:Warning: GameNetworkManager /Game/ThirdPersonBP/Maps/UEDPIE_0_ThirdPersonExampleMap.ThirdPersonExampleMap:PersistentLevel.GameNetworkManager_1 has natively added scene component(s), but none of them were set as the actor's RootComponent - picking one arbitrarily
[2016.03.18-23.03.25:046][ 44]LogWorld: Bringing up level for play took: 0.003710
[2016.03.18-23.03.25:047][ 44]PIE: Info Play in editor start time for /Game/ThirdPersonBP/Maps/UEDPIE_0_ThirdPersonExampleMap 0.516
[2016.03.18-23.03.25:047][ 44]LogBlueprintUserMessages: Late PlayInEditor Detection: Level '/Game/ThirdPersonBP/Maps/ThirdPersonExampleMap.ThirdPersonExampleMap:PersistentLevel' has LevelScriptBlueprint '/Game/ThirdPersonBP/Maps/ThirdPersonExampleMap.ThirdPersonExampleMap:PersistentLevel.ThirdPersonExampleMap' with GeneratedClass '/Game/ThirdPersonBP/Maps/ThirdPersonExampleMap.ThirdPersonExampleMap_C' with ClassGeneratedBy '/Game/ThirdPersonBP/Maps/ThirdPersonExampleMap.ThirdPersonExampleMap:PersistentLevel.ThirdPersonExampleMap'
[2016.03.18-23.03.52:645][699]LogBlueprintUserMessages: Early EndPlayMap Detection: Level '/Game/ThirdPersonBP/Maps/ThirdPersonExampleMap.ThirdPersonExampleMap:PersistentLevel' has LevelScriptBlueprint '/Game/ThirdPersonBP/Maps/ThirdPersonExampleMap.ThirdPersonExampleMap:PersistentLevel.ThirdPersonExampleMap' with GeneratedClass '/Game/ThirdPersonBP/Maps/ThirdPersonExampleMap.ThirdPersonExampleMap_C' with ClassGeneratedBy '/Game/ThirdPersonBP/Maps/ThirdPersonExampleMap.ThirdPersonExampleMap:PersistentLevel.ThirdPersonExampleMap'
[2016.03.18-23.03.52:695][699]LogBlueprintUserMessages: Late EndPlayMap Detection: Level '/Game/ThirdPersonBP/Maps/ThirdPersonExampleMap.ThirdPersonExampleMap:PersistentLevel' has LevelScriptBlueprint '/Game/ThirdPersonBP/Maps/ThirdPersonExampleMap.ThirdPersonExampleMap:PersistentLevel.ThirdPersonExampleMap' with GeneratedClass '/Game/ThirdPersonBP/Maps/ThirdPersonExampleMap.ThirdPersonExampleMap_C' with ClassGeneratedBy '/Game/ThirdPersonBP/Maps/ThirdPersonExampleMap.ThirdPersonExampleMap:PersistentLevel.ThirdPersonExampleMap'
[2016.03.18-23.03.52:716][699]LogParticles: Destroying 0 GPU particle simulations for FXSystem 0x000000F2B2727880
[2016.03.18-23.04.13:636][939]BlueprintLog: New page: Compile BTS_VisionCheck
[2016.03.18-23.04.13:673][939]LogActorComponent: UnregisterComponent: (/Engine/Transient.CharMoveComp) Not registered. Aborting.
[2016.03.18-23.04.13:673][939]LogActorComponent: UnregisterComponent: (/Engine/Transient.CharacterMovementComponent_1) Not registered. Aborting.
[2016.03.18-23.04.13:697][939]BlueprintEditorCompileResults: Info [2450.58] Compile of BTS_VisionCheck successful! [in 61 ms]
[2016.03.18-23.04.14:205][965]LogSavePackage: Save=22.672508ms
[2016.03.18-23.04.14:205][965]LogSavePackage: Moving '../../../../../../Users/Doug!/Documents/Unreal Projects/FamilyThief/Saved/BTS_VisionCheckF4CC40B346A7BA92DBAB39BF934A157B.tmp' to '../../../../../../Users/Doug!/Documents/Unreal Projects/FamilyThief/Content/ThirdPersonBP/AICharacter/BTS_VisionCheck.uasset'
[2016.03.18-23.04.14:207][965]LogSavePackage: Total save time: 25.363393ms
[2016.03.18-23.04.14:207][965]LogSavePackage:Display: Finished SavePackage ../../../../../../Users/Doug!/Documents/Unreal Projects/FamilyThief/Content/ThirdPersonBP/AICharacter/BTS_VisionCheck.uasset
[2016.03.18-23.04.16:798][ 83]LogBlueprintUserMessages: Early PlayInEditor Detection: Level '/Game/ThirdPersonBP/Maps/ThirdPersonExampleMap.ThirdPersonExampleMap:PersistentLevel' has LevelScriptBlueprint '/Game/ThirdPersonBP/Maps/ThirdPersonExampleMap.ThirdPersonExampleMap:PersistentLevel.ThirdPersonExampleMap' with GeneratedClass '/Game/ThirdPersonBP/Maps/ThirdPersonExampleMap.ThirdPersonExampleMap_C' with ClassGeneratedBy '/Game/ThirdPersonBP/Maps/ThirdPersonExampleMap.ThirdPersonExampleMap:PersistentLevel.ThirdPersonExampleMap'
[2016.03.18-23.04.16:800][ 83]LogPlayLevel: PlayLevel: No blueprints needed recompiling
[2016.03.18-23.04.16:800][ 83]PIE: New page: PIE session: ThirdPersonExampleMap (Mar 18, 2016, 3:04:16 PM)
[2016.03.18-23.04.16:800][ 83]LogPlayLevel: Creating play world package: /Game/ThirdPersonBP/Maps/UEDPIE_0_ThirdPersonExampleMap
[2016.03.18-23.04.16:817][ 83]LogPlayLevel: PIE: StaticDuplicateObject took: (0.017006s)
[2016.03.18-23.04.16:818][ 83]LogAIModule: Creating AISystem for world ThirdPersonExampleMap
[2016.03.18-23.04.16:818][ 83]LogPlayLevel: PIE: World Init took: (0.000770s)
[2016.03.18-23.04.16:818][ 83]LogPlayLevel: PIE: Created PIE world by copying editor world from /Game/ThirdPersonBP/Maps/ThirdPersonExampleMap.ThirdPersonExampleMap to /Game/ThirdPersonBP/Maps/UEDPIE_0_ThirdPersonExampleMap.ThirdPersonExampleMap (0.018014s)
[2016.03.18-23.04.16:847][ 83]LogInit: XAudio2 using 'Speakers (Realtek High Definition Audio)' : 4 channels at 48 kHz using 32 bits per sample (channel mask 0x33)
[2016.03.18-23.04.16:850][ 83]LogInit: FAudioDevice initialized.
[2016.03.18-23.04.16:879][ 83]LogWorld: Game class is 'ThirdPersonGameMode_C'
[2016.03.18-23.04.16:883][ 83]LogWorld: Bringing World /Game/ThirdPersonBP/Maps/UEDPIE_0_ThirdPersonExampleMap.ThirdPersonExampleMap up for play (max tick rate 60) at 2016.03.18-19.04.16
[2016.03.18-23.04.16:883][ 83]LogActor:Warning: GameSession /Game/ThirdPersonBP/Maps/UEDPIE_0_ThirdPersonExampleMap.ThirdPersonExampleMap:PersistentLevel.GameSession_2 has natively added scene component(s), but none of them were set as the actor's RootComponent - picking one arbitrarily
[2016.03.18-23.04.16:883][ 83]LogActor:Warning: GameNetworkManager /Game/ThirdPersonBP/Maps/UEDPIE_0_ThirdPersonExampleMap.ThirdPersonExampleMap:PersistentLevel.GameNetworkManager_2 has natively added scene component(s), but none of them were set as the actor's RootComponent - picking one arbitrarily
[2016.03.18-23.04.16:884][ 83]LogWorld: Bringing up level for play took: 0.003782
[2016.03.18-23.04.16:885][ 83]PIE: Info Play in editor start time for /Game/ThirdPersonBP/Maps/UEDPIE_0_ThirdPersonExampleMap 0.355
[2016.03.18-23.04.16:885][ 83]LogBlueprintUserMessages: Late PlayInEditor Detection: Level '/Game/ThirdPersonBP/Maps/ThirdPersonExampleMap.ThirdPersonExampleMap:PersistentLevel' has LevelScriptBlueprint '/Game/ThirdPersonBP/Maps/ThirdPersonExampleMap.ThirdPersonExampleMap:PersistentLevel.ThirdPersonExampleMap' with GeneratedClass '/Game/ThirdPersonBP/Maps/ThirdPersonExampleMap.ThirdPersonExampleMap_C' with ClassGeneratedBy '/Game/ThirdPersonBP/Maps/ThirdPersonExampleMap.ThirdPersonExampleMap:PersistentLevel.ThirdPersonExampleMap'
[2016.03.18-23.04.20:765][315]LogBlueprintUserMessages: Early EndPlayMap Detection: Level '/Game/ThirdPersonBP/Maps/ThirdPersonExampleMap.ThirdPersonExampleMap:PersistentLevel' has LevelScriptBlueprint '/Game/ThirdPersonBP/Maps/ThirdPersonExampleMap.ThirdPersonExampleMap:PersistentLevel.ThirdPersonExampleMap' with GeneratedClass '/Game/ThirdPersonBP/Maps/ThirdPersonExampleMap.ThirdPersonExampleMap_C' with ClassGeneratedBy '/Game/ThirdPersonBP/Maps/ThirdPersonExampleMap.ThirdPersonExampleMap:PersistentLevel.ThirdPersonExampleMap'
[2016.03.18-23.04.20:816][315]LogBlueprintUserMessages: Late EndPlayMap Detection: Level '/Game/ThirdPersonBP/Maps/ThirdPersonExampleMap.ThirdPersonExampleMap:PersistentLevel' has LevelScriptBlueprint '/Game/ThirdPersonBP/Maps/ThirdPersonExampleMap.ThirdPersonExampleMap:PersistentLevel.ThirdPersonExampleMap' with GeneratedClass '/Game/ThirdPersonBP/Maps/ThirdPersonExampleMap.ThirdPersonExampleMap_C' with ClassGeneratedBy '/Game/ThirdPersonBP/Maps/ThirdPersonExampleMap.ThirdPersonExampleMap:PersistentLevel.ThirdPersonExampleMap'
[2016.03.18-23.04.20:836][315]LogParticles: Destroying 0 GPU particle simulations for FXSystem 0x000000F30FDC0FE0
[2016.03.18-23.06.23:896][420]LogSavePackage: Save=3.849913ms
[2016.03.18-23.06.23:896][420]LogSavePackage: Moving '../../../../../../Users/Doug!/Documents/Unreal Projects/FamilyThief/Saved/AICharacter_BehaviourTree778E91284424E0B62B938E93FCF1F791.tmp' to '../../../../../../Users/Doug!/Documents/Unreal Projects/FamilyThief/Content/ThirdPersonBP/AICharacter/AICharacter_BehaviourTree.uasset'
[2016.03.18-23.06.23:898][420]LogSavePackage: Total save time: 7.310063ms
[2016.03.18-23.06.23:898][420]LogSavePackage:Display: Finished SavePackage ../../../../../../Users/Doug!/Documents/Unreal Projects/FamilyThief/Content/ThirdPersonBP/AICharacter/AICharacter_BehaviourTree.uasset
[2016.03.18-23.06.37:053][209]BlueprintLog: New page: Compile BTS_VisionCheck
[2016.03.18-23.06.37:113][209]BlueprintEditorCompileResults: Info [2594.00] Compile of BTS_VisionCheck successful! [in 60 ms]
[2016.03.18-23.06.37:650][237]LogSavePackage: Save=22.521889ms
[2016.03.18-23.06.37:650][237]LogSavePackage: Moving '../../../../../../Users/Doug!/Documents/Unreal Projects/FamilyThief/Saved/BTS_VisionCheckC9C03BD9498C1072E9525DB875B52C7E.tmp' to '../../../../../../Users/Doug!/Documents/Unreal Projects/FamilyThief/Content/ThirdPersonBP/AICharacter/BTS_VisionCheck.uasset'
[2016.03.18-23.06.37:652][237]LogSavePackage: Total save time: 28.625198ms
[2016.03.18-23.06.37:652][237]LogSavePackage:Display: Finished SavePackage ../../../../../../Users/Doug!/Documents/Unreal Projects/FamilyThief/Content/ThirdPersonBP/AICharacter/BTS_VisionCheck.uasset
[2016.03.18-23.06.41:352][420]LogBlueprintUserMessages: Early PlayInEditor Detection: Level '/Game/ThirdPersonBP/Maps/ThirdPersonExampleMap.ThirdPersonExampleMap:PersistentLevel' has LevelScriptBlueprint '/Game/ThirdPersonBP/Maps/ThirdPersonExampleMap.ThirdPersonExampleMap:PersistentLevel.ThirdPersonExampleMap' with GeneratedClass '/Game/ThirdPersonBP/Maps/ThirdPersonExampleMap.ThirdPersonExampleMap_C' with ClassGeneratedBy '/Game/ThirdPersonBP/Maps/ThirdPersonExampleMap.ThirdPersonExampleMap:PersistentLevel.ThirdPersonExampleMap'
[2016.03.18-23.06.41:353][420]LogPlayLevel: PlayLevel: No blueprints needed recompiling
[2016.03.18-23.06.41:353][420]PIE: New page: PIE session: ThirdPersonExampleMap (Mar 18, 2016, 3:06:41 PM)
[2016.03.18-23.06.41:353][420]LogPlayLevel: Creating play world package: /Game/ThirdPersonBP/Maps/UEDPIE_0_ThirdPersonExampleMap
[2016.03.18-23.06.41:372][420]LogPlayLevel: PIE: StaticDuplicateObject took: (0.018101s)
[2016.03.18-23.06.41:373][420]LogAIModule: Creating AISystem for world ThirdPersonExampleMap
[2016.03.18-23.06.41:373][420]LogPlayLevel: PIE: World Init took: (0.000900s)
[2016.03.18-23.06.41:373][420]LogPlayLevel: PIE: Created PIE world by copying editor world from /Game/ThirdPersonBP/Maps/ThirdPersonExampleMap.ThirdPersonExampleMap to /Game/ThirdPersonBP/Maps/UEDPIE_0_ThirdPersonExampleMap.ThirdPersonExampleMap (0.019236s)
[2016.03.18-23.06.41:373][420]LogActorComponent: UnregisterComponent: (/Engine/Transient.CharMoveComp) Not registered. Aborting.
[2016.03.18-23.06.41:373][420]LogActorComponent: UnregisterComponent: (/Engine/Transient.CharacterMovementComponent_2) Not registered. Aborting.
[2016.03.18-23.06.41:402][420]LogInit: XAudio2 using 'Speakers (Realtek High Definition Audio)' : 4 channels at 48 kHz using 32 bits per sample (channel mask 0x33)
[2016.03.18-23.06.41:405][420]LogInit: FAudioDevice initialized.
[2016.03.18-23.06.41:436][420]LogWorld: Game class is 'ThirdPersonGameMode_C'
[2016.03.18-23.06.41:440][420]LogWorld: Bringing World /Game/ThirdPersonBP/Maps/UEDPIE_0_ThirdPersonExampleMap.ThirdPersonExampleMap up for play (max tick rate 60) at 2016.03.18-19.06.41
[2016.03.18-23.06.41:440][420]LogActor:Warning: GameSession /Game/ThirdPersonBP/Maps/UEDPIE_0_ThirdPersonExampleMap.ThirdPersonExampleMap:PersistentLevel.GameSession_3 has natively added scene component(s), but none of them were set as the actor's RootComponent - picking one arbitrarily
[2016.03.18-23.06.41:440][420]LogActor:Warning: GameNetworkManager /Game/ThirdPersonBP/Maps/UEDPIE_0_ThirdPersonExampleMap.ThirdPersonExampleMap:PersistentLevel.GameNetworkManager_3 has natively added scene component(s), but none of them were set as the actor's RootComponent - picking one arbitrarily
[2016.03.18-23.06.41:441][420]LogWorld: Bringing up level for play took: 0.003745
[2016.03.18-23.06.41:442][420]PIE: Info Play in editor start time for /Game/ThirdPersonBP/Maps/UEDPIE_0_ThirdPersonExampleMap 0.911
[2016.03.18-23.06.41:442][420]LogBlueprintUserMessages: Late PlayInEditor Detection: Level '/Game/ThirdPersonBP/Maps/ThirdPersonExampleMap.ThirdPersonExampleMap:PersistentLevel' has LevelScriptBlueprint '/Game/ThirdPersonBP/Maps/ThirdPersonExampleMap.ThirdPersonExampleMap:PersistentLevel.ThirdPersonExampleMap' with GeneratedClass '/Game/ThirdPersonBP/Maps/ThirdPersonExampleMap.ThirdPersonExampleMap_C' with ClassGeneratedBy '/Game/ThirdPersonBP/Maps/ThirdPersonExampleMap.ThirdPersonExampleMap:PersistentLevel.ThirdPersonExampleMap'
[2016.03.18-23.07.13:777][358]LogBlueprintUserMessages: Early EndPlayMap Detection: Level '/Game/ThirdPersonBP/Maps/ThirdPersonExampleMap.ThirdPersonExampleMap:PersistentLevel' has LevelScriptBlueprint '/Game/ThirdPersonBP/Maps/ThirdPersonExampleMap.ThirdPersonExampleMap:PersistentLevel.ThirdPersonExampleMap' with GeneratedClass '/Game/ThirdPersonBP/Maps/ThirdPersonExampleMap.ThirdPersonExampleMap_C' with ClassGeneratedBy '/Game/ThirdPersonBP/Maps/ThirdPersonExampleMap.ThirdPersonExampleMap:PersistentLevel.ThirdPersonExampleMap'
[2016.03.18-23.07.13:832][358]LogBlueprintUserMessages: Late EndPlayMap Detection: Level '/Game/ThirdPersonBP/Maps/ThirdPersonExampleMap.ThirdPersonExampleMap:PersistentLevel' has LevelScriptBlueprint '/Game/ThirdPersonBP/Maps/ThirdPersonExampleMap.ThirdPersonExampleMap:PersistentLevel.ThirdPersonExampleMap' with GeneratedClass '/Game/ThirdPersonBP/Maps/ThirdPersonExampleMap.ThirdPersonExampleMap_C' with ClassGeneratedBy '/Game/ThirdPersonBP/Maps/ThirdPersonExampleMap.ThirdPersonExampleMap:PersistentLevel.ThirdPersonExampleMap'
[2016.03.18-23.07.13:852][358]LogParticles: Destroying 0 GPU particle simulations for FXSystem 0x000000F2B1829BC0
[2016.03.18-23.07.16:153][480]LogSavePackage: Save=196.896973ms
[2016.03.18-23.07.16:153][480]LogSavePackage: Moving '../../../../../../Users/Doug!/Documents/Unreal Projects/FamilyThief/Saved/ThirdPersonExampleMap66EDF3514FD16E470AE2FA9E1A377BCE.tmp' to '../../../../../../Users/Doug!/Documents/Unreal Projects/FamilyThief/Content/ThirdPersonBP/Maps/ThirdPersonExampleMap.umap'
[2016.03.18-23.07.16:155][480]LogSavePackage: Total save time: 209.029179ms
[2016.03.18-23.07.16:155][480]LogSavePackage:Display: Finished SavePackage ../../../../../../Users/Doug!/Documents/Unreal Projects/FamilyThief/Content/ThirdPersonBP/Maps/ThirdPersonExampleMap.umap
[2016.03.18-23.15.26:492][252]LogActorComponent: UnregisterComponent: (/Engine/Transient.CharMoveComp) Not registered. Aborting.
[2016.03.18-23.15.26:493][252]LogActorComponent: UnregisterComponent: (/Engine/Transient.CharacterMovementComponent_3) Not registered. Aborting.
[2016.03.18-23.15.26:733][252]LogSavePackage: Save=209.570587ms
[2016.03.18-23.15.26:733][252]LogSavePackage: Moving '../../../../../../Users/Doug!/Documents/Unreal Projects/FamilyThief/Saved/ThirdPersonExampleMap8DE5BA624094FC5EE03141988958A2E6.tmp' to '../../../../../../Users/Doug!/Documents/Unreal Projects/FamilyThief/Content/ThirdPersonBP/Maps/ThirdPersonExampleMap.umap'
[2016.03.18-23.15.26:735][252]LogSavePackage: Total save time: 221.201926ms
[2016.03.18-23.15.26:735][252]LogSavePackage:Display: Finished SavePackage ../../../../../../Users/Doug!/Documents/Unreal Projects/FamilyThief/Content/ThirdPersonBP/Maps/ThirdPersonExampleMap.umap
[2016.03.18-23.15.28:685][363]LogSavePackage: Save=23.411751ms
[2016.03.18-23.15.28:685][363]LogSavePackage: Moving '../../../../../../Users/Doug!/Documents/Unreal Projects/FamilyThief/Saved/BTS_VisionCheck97B97ADB48BEAA7A6C1EB39EAEF9FC69.tmp' to '../../../../../../Users/Doug!/Documents/Unreal Projects/FamilyThief/Content/ThirdPersonBP/AICharacter/BTS_VisionCheck.uasset'
[2016.03.18-23.15.28:686][363]LogSavePackage: Total save time: 29.369056ms
[2016.03.18-23.15.28:686][363]LogSavePackage:Display: Finished SavePackage ../../../../../../Users/Doug!/Documents/Unreal Projects/FamilyThief/Content/ThirdPersonBP/AICharacter/BTS_VisionCheck.uasset
[2016.03.18-23.15.29:332][402]BlueprintLog: New page: Compile BTS_VisionCheck
[2016.03.18-23.15.29:369][402]LogActorComponent: UnregisterComponent: (/Engine/Transient.CharMoveComp) Not registered. Aborting.
[2016.03.18-23.15.29:370][402]LogActorComponent: UnregisterComponent: (/Engine/Transient.CharacterMovementComponent_4) Not registered. Aborting.
[2016.03.18-23.15.29:394][402]BlueprintEditorCompileResults: Info [3126.28] Compile of BTS_VisionCheck successful! [in 61 ms]
[2016.03.18-23.15.30:725][482]BlueprintLog: New page: Compile AICharacter_Controller
[2016.03.18-23.15.30:784][482]BlueprintEditorCompileResults: Info [3127.67] Compile of AICharacter_Controller successful! [in 58 ms]
[2016.03.18-23.15.31:303][510]LogSavePackage: Save=8.914535ms
[2016.03.18-23.15.31:303][510]LogSavePackage: Moving '../../../../../../Users/Doug!/Documents/Unreal Projects/FamilyThief/Saved/AICharacter_ControllerBED645D447844103DF1AF69B05E1D284.tmp' to '../../../../../../Users/Doug!/Documents/Unreal Projects/FamilyThief/Content/ThirdPersonBP/AICharacter/AICharacter_Controller.uasset'
[2016.03.18-23.15.31:304][510]LogSavePackage: Total save time: 14.051516ms
[2016.03.18-23.15.31:304][510]LogSavePackage:Display: Finished SavePackage ../../../../../../Users/Doug!/Documents/Unreal Projects/FamilyThief/Content/ThirdPersonBP/AICharacter/AICharacter_Controller.uasset
[2016.03.18-23.15.32:896][602]LogSavePackage: Save=2.834577ms
[2016.03.18-23.15.32:896][602]LogSavePackage: Moving '../../../../../../Users/Doug!/Documents/Unreal Projects/FamilyThief/Saved/AIState59A3595E45436E2990B56B9E5DDBDDEE.tmp' to '../../../../../../Users/Doug!/Documents/Unreal Projects/FamilyThief/Content/ThirdPersonBP/AICharacter/AIState.uasset'
[2016.03.18-23.15.32:897][602]LogSavePackage: Total save time: 8.100621ms
[2016.03.18-23.15.32:897][602]LogSavePackage:Display: Finished SavePackage ../../../../../../Users/Doug!/Documents/Unreal Projects/FamilyThief/Content/ThirdPersonBP/AICharacter/AIState.uasset
[2016.03.18-23.15.35:008][729]BlueprintLog: New page: Compile BTS_VisionCheck
[2016.03.18-23.15.35:068][729]BlueprintEditorCompileResults: Info [3131.95] Compile of BTS_VisionCheck successful! [in 60 ms]
[2016.03.18-23.15.35:715][763]LogSavePackage: Save=23.340160ms
[2016.03.18-23.15.35:715][763]LogSavePackage: Moving '../../../../../../Users/Doug!/Documents/Unreal Projects/FamilyThief/Saved/BTS_VisionCheck29617A9444965B7E7F25439C2EAC2F3C.tmp' to '../../../../../../Users/Doug!/Documents/Unreal Projects/FamilyThief/Content/ThirdPersonBP/AICharacter/BTS_VisionCheck.uasset'
[2016.03.18-23.15.35:716][763]LogSavePackage: Total save time: 25.672585ms
[2016.03.18-23.15.35:716][763]LogSavePackage:Display: Finished SavePackage ../../../../../../Users/Doug!/Documents/Unreal Projects/FamilyThief/Content/ThirdPersonBP/AICharacter/BTS_VisionCheck.uasset
[2016.03.19-02.15.47:620][984]LogRenderer: Reallocating scene render targets to support 2388x1348 (Frame:85547).
[2016.03.19-02.15.47:713][984]LogRenderer: Reallocating scene render targets to support 2388x1400 (Frame:85548).
[2016.03.19-02.15.47:891][986]LogRenderTargetPool:Warning: r.RenderTargetPoolMin exceeded 650/400 MB (ok in editor, bad on fixed memory platform)
[2016.03.19-03.13.37:799][ 11]LogHttp:Warning: Timeout processing Http request. 000000F2DB379700
[2016.03.19-03.13.39:594][ 12]LogRenderTargetPool:Warning: r.RenderTargetPoolMin exceeded 587/400 MB (ok in editor, bad on fixed memory platform)
[2016.03.19-03.13.58:841][ 52]LogRenderTargetPool:Warning: r.RenderTargetPoolMin exceeded 586/400 MB (ok in editor, bad on fixed memory platform)
[2016.03.19-03.14.03:280][ 65]LogRenderTargetPool:Warning: r.RenderTargetPoolMin exceeded 586/400 MB (ok in editor, bad on fixed memory platform)
[2016.03.19-03.14.18:117][110]LogRenderTargetPool:Warning: r.RenderTargetPoolMin exceeded 586/400 MB (ok in editor, bad on fixed memory platform)
[2016.03.19-03.14.19:099][112]LogActorComponent: UnregisterComponent: (/Engine/Transient.CharMoveComp) Not registered. Aborting.
[2016.03.19-03.14.19:099][112]LogActorComponent: UnregisterComponent: (/Engine/Transient.CharacterMovementComponent_5) Not registered. Aborting.
[2016.03.19-03.14.19:117][112]LogParticles: Destroying 0 GPU particle simulations for FXSystem 0x000000F2D0928AE0
[2016.03.19-03.14.19:118][112]LogParticles: Destroying 0 GPU particle simulations for FXSystem 0x000000F2C50E9A80
[2016.03.19-03.14.22:186][112]LogSavePackage: Save=2.815332ms
[2016.03.19-03.14.22:186][112]LogSavePackage: Moving '../../../../../../Users/Doug!/Documents/Unreal Projects/FamilyThief/Saved/BTService_BlueprintBase_New5CE81564433C72AEB4D1F5A4CF28FF5C.tmp' to '../../../../../../Users/Doug!/Documents/Unreal Projects/FamilyThief/Content/ThirdPersonBP/AICharacter/BTService_BlueprintBase_New.uasset'
[2016.03.19-03.14.22:188][112]LogSavePackage: Total save time: 5.962696ms
[2016.03.19-03.14.22:189][112]LogSavePackage:Display: Finished SavePackage ../../../../../../Users/Doug!/Documents/Unreal Projects/FamilyThief/Content/ThirdPersonBP/AICharacter/BTService_BlueprintBase_New.uasset
[2016.03.19-03.14.22:428][113]Cmd: QUIT_EDITOR
[2016.03.19-03.14.22:704][113]LogExit: Preparing to exit.
[2016.03.19-03.14.23:334][113]LogExit: Editor shut down
[2016.03.19-03.14.23:335][113]LogExit: Transaction tracking system shut down
[2016.03.19-03.14.23:340][113]LogParticles: Destroying 0 GPU particle simulations for FXSystem 0x000000F2962E2200
[2016.03.19-03.14.23:340][113]LogParticles: Destroying 0 GPU particle simulations for FXSystem 0x000000F29B393920
[2016.03.19-03.14.23:341][113]LogParticles: Destroying 0 GPU particle simulations for FXSystem 0x000000F2E2A57420
[2016.03.19-03.14.23:344][113]LogParticles: Destroying 0 GPU particle simulations for FXSystem 0x000000F288E05440
[2016.03.19-03.14.23:519][113]LogParticles: Destroying 0 GPU particle simulations for FXSystem 0x000000F2E2A57C40
[2016.03.19-03.14.23:519][113]LogParticles: Destroying 0 GPU particle simulations for FXSystem 0x000000F301B80EA0
[2016.03.19-03.14.23:519][113]LogExit: Object subsystem successfully closed.
[2016.03.19-03.14.23:540][113]LogD3D11RHI: Shutdown
[2016.03.19-03.14.23:540][113]LogD3D11RHI: CleanupD3DDevice
[2016.03.19-03.14.23:603][113]LogD3D11RHI: ~FD3D11DynamicRHI
[2016.03.19-03.14.23:626][113]LogModuleManager: Shutting down and abandoning module CookingStats (200)
[2016.03.19-03.14.23:626][113]LogModuleManager: Shutting down and abandoning module BlueprintGraph (199)
[2016.03.19-03.14.23:626][113]LogModuleManager: Shutting down and abandoning module CrashTracker (198)
[2016.03.19-03.14.23:626][113]LogModuleManager: Shutting down and abandoning module SceneOutliner (197)
[2016.03.19-03.14.23:626][113]LogModuleManager: Shutting down and abandoning module SuperSearch (196)
[2016.03.19-03.14.23:626][113]LogModuleManager: Shutting down and abandoning module WidgetCarousel (195)
[2016.03.19-03.14.23:627][113]LogModuleManager: Shutting down and abandoning module AddContentDialog (194)
[2016.03.19-03.14.23:629][113]LogModuleManager: Shutting down and abandoning module EditorWidgets (193)
[2016.03.19-03.14.23:629][113]LogModuleManager: Shutting down and abandoning module CollectionManager (192)
[2016.03.19-03.14.23:629][113]LogModuleManager: Shutting down and abandoning module StatsViewer (191)
[2016.03.19-03.14.23:630][113]LogModuleManager: Shutting down and abandoning module FoliageEdit (190)
[2016.03.19-03.14.23:631][113]LogModuleManager: Shutting down and abandoning module LandscapeEditor (189)
[2016.03.19-03.14.23:631][113]LogModuleManager: Shutting down and abandoning module ActorPickerMode (188)
[2016.03.19-03.14.23:631][113]LogModuleManager: Shutting down and abandoning module GeometryMode (187)
[2016.03.19-03.14.23:631][113]LogModuleManager: Shutting down and abandoning module TextureAlignMode (186)
[2016.03.19-03.14.23:631][113]LogModuleManager: Shutting down and abandoning module BspMode (185)
[2016.03.19-03.14.23:631][113]LogModuleManager: Shutting down and abandoning module PlacementMode (184)
[2016.03.19-03.14.23:631][113]LogModuleManager: Shutting down and abandoning module AutomationWorker (183)
[2016.03.19-03.14.23:631][113]LogModuleManager: Shutting down and abandoning module CharacterAI (182)
[2016.03.19-03.14.23:631][113]LogModuleManager: Shutting down and abandoning module SmartSnapping (181)
[2016.03.19-03.14.23:631][113]LogModuleManager: Shutting down and abandoning module ViewportSnapping (180)
[2016.03.19-03.14.23:631][113]LogModuleManager: Shutting down and abandoning module LogVisualizer (179)
[2016.03.19-03.14.23:632][113]LogModuleManager: Shutting down and abandoning module GameProjectGeneration (178)
[2016.03.19-03.14.23:633][113]LogModuleManager: Shutting down and abandoning module IntroTutorials (177)
[2016.03.19-03.14.23:634][113]LogModuleManager: Shutting down and abandoning module EditorLiveStreaming (176)
[2016.03.19-03.14.23:634][113]LogModuleManager: Shutting down and abandoning module IOSPlatformEditor (175)
[2016.03.19-03.14.23:634][113]LogModuleManager: Shutting down and abandoning module HTML5PlatformEditor (174)
[2016.03.19-03.14.23:634][113]LogModuleManager: Shutting down and abandoning module AndroidDeviceDetection (173)
[2016.03.19-03.14.24:226][113]LogModuleManager: Shutting down and abandoning module AndroidPlatformEditor (172)
[2016.03.19-03.14.24:226][113]LogModuleManager: Shutting down and abandoning module IOSRuntimeSettings (171)
[2016.03.19-03.14.24:226][113]LogModuleManager: Shutting down and abandoning module AndroidRuntimeSettings (170)
[2016.03.19-03.14.24:226][113]LogModuleManager: Shutting down and abandoning module MergeActors (169)
[2016.03.19-03.14.24:226][113]LogModuleManager: Shutting down and abandoning module SizeMap (168)
[2016.03.19-03.14.24:226][113]LogModuleManager: Shutting down and abandoning module TreeMap (167)
[2016.03.19-03.14.24:227][113]LogModuleManager: Shutting down and abandoning module ReferenceViewer (166)
[2016.03.19-03.14.24:227][113]LogModuleManager: Shutting down and abandoning module LocalizationService (165)
[2016.03.19-03.14.24:227][113]LogModuleManager: Shutting down and abandoning module LocalizationDashboard (164)
[2016.03.19-03.14.24:228][113]LogModuleManager: Shutting down and abandoning module HardwareTargeting (163)
[2016.03.19-03.14.24:228][113]LogModuleManager: Shutting down and abandoning module DeviceProfileEditor (162)
[2016.03.19-03.14.24:229][113]LogModuleManager: Shutting down and abandoning module UndoHistory (161)
[2016.03.19-03.14.24:229][113]LogModuleManager: Shutting down and abandoning module GameplayTagsEditor (160)
[2016.03.19-03.14.24:229][113]LogModuleManager: Shutting down and abandoning module UserFeedback (159)
[2016.03.19-03.14.24:229][113]LogModuleManager: Shutting down and abandoning module XmlParser (158)
[2016.03.19-03.14.24:230][113]LogModuleManager: Shutting down and abandoning module Blutility (157)
[2016.03.19-03.14.24:230][113]LogModuleManager: Shutting down and abandoning module ProjectTargetPlatformEditor (156)
[2016.03.19-03.14.24:230][113]LogModuleManager: Shutting down and abandoning module ProjectSettingsViewer (155)
[2016.03.19-03.14.24:230][113]LogModuleManager: Shutting down and abandoning module InputBindingEditor (154)
[2016.03.19-03.14.24:231][113]LogModuleManager: Shutting down and abandoning module EditorSettingsViewer (153)
[2016.03.19-03.14.24:231][113]LogModuleManager: Shutting down and abandoning module SettingsEditor (152)
[2016.03.19-03.14.24:233][113]LogModuleManager: Shutting down and abandoning module ProjectLauncher (151)
[2016.03.19-03.14.24:233][113]LogModuleManager: Shutting down and abandoning module SessionFrontend (150)
[2016.03.19-03.14.24:233][113]LogModuleManager: Shutting down and abandoning module ProfilerClient (149)
[2016.03.19-03.14.24:233][113]LogModuleManager: Shutting down and abandoning module TargetDeviceServices (148)
[2016.03.19-03.14.24:233][113]LogModuleManager: Shutting down and abandoning module DeviceManager (147)
[2016.03.19-03.14.24:233][113]LogModuleManager: Shutting down and abandoning module AutomationController (146)
[2016.03.19-03.14.24:235][113]LogModuleManager: Shutting down and abandoning module AutomationWindow (145)
[2016.03.19-03.14.24:235][113]LogModuleManager: Shutting down and abandoning module Layers (144)
[2016.03.19-03.14.24:236][113]LogModuleManager: Shutting down and abandoning module ComponentVisualizers (143)
[2016.03.19-03.14.24:236][113]LogModuleManager: Shutting down and abandoning module DetailCustomizations (142)
[2016.03.19-03.14.24:236][113]LogModuleManager: Shutting down and abandoning module PackagesDialog (141)
[2016.03.19-03.14.24:236][113]LogModuleManager: Shutting down and abandoning module Persona (140)
[2016.03.19-03.14.24:237][113]LogModuleManager: Shutting down and abandoning module Kismet (139)
[2016.03.19-03.14.24:237][113]LogModuleManager: Shutting down and abandoning module GraphEditor (138)
[2016.03.19-03.14.24:237][113]LogModuleManager: Shutting down and abandoning module ClassViewer (137)
[2016.03.19-03.14.24:238][113]LogModuleManager: Shutting down and abandoning module Toolbox (136)
[2016.03.19-03.14.24:238][113]LogModuleManager: Shutting down and abandoning module ModuleUI (135)
[2016.03.19-03.14.24:238][113]LogModuleManager: Shutting down and abandoning module MovieSceneTools (134)
[2016.03.19-03.14.24:238][113]LogModuleManager: Shutting down and abandoning module OutputLog (133)
[2016.03.19-03.14.24:238][113]LogModuleManager: Shutting down and abandoning module GammaUI (132)
[2016.03.19-03.14.24:239][113]LogModuleManager: Shutting down and abandoning module Documentation (131)
[2016.03.19-03.14.24:239][113]LogModuleManager: Shutting down and abandoning module GameLiveStreaming (130)
[2016.03.19-03.14.24:239][113]LogModuleManager: Shutting down and abandoning module StreamingPauseRendering (129)
[2016.03.19-03.14.24:239][113]LogModuleManager: Shutting down and abandoning module AnalyticsET (128)
[2016.03.19-03.14.24:239][113]LogModuleManager: Shutting down and abandoning module Analytics (127)
[2016.03.19-03.14.24:239][113]LogModuleManager: Shutting down and abandoning module AITestSuite (126)
[2016.03.19-03.14.24:239][113]LogModuleManager: Shutting down and abandoning module GameplayDebugger (125)
[2016.03.19-03.14.24:239][113]LogModuleManager: Shutting down and abandoning module AIModule (124)
[2016.03.19-03.14.24:239][113]LogModuleManager: Shutting down and abandoning module ProfilerService (123)
[2016.03.19-03.14.24:278][113]LogModuleManager: Shutting down and abandoning module TaskGraph (122)
[2016.03.19-03.14.24:279][113]LogModuleManager: Shutting down and abandoning module SlateRemote (121)
[2016.03.19-03.14.24:280][113]LogModuleManager: Shutting down and abandoning module SteamVRController (120)
[2016.03.19-03.14.24:280][113]LogModuleManager: Shutting down and abandoning module SteamVR (119)
[2016.03.19-03.14.24:280][113]LogModuleManager: Shutting down and abandoning module ProceduralMeshComponent (118)
[2016.03.19-03.14.24:280][113]LogModuleManager: Shutting down and abandoning module OculusLibrary (117)
[2016.03.19-03.14.24:280][113]LogModuleManager: Shutting down and abandoning module OculusInput (116)
[2016.03.19-03.14.24:280][113]LogModuleManager: Shutting down and abandoning module LeapMotionController (115)
[2016.03.19-03.14.24:320][113]LogModuleManager: Shutting down and abandoning module CustomMeshComponent (114)
[2016.03.19-03.14.24:320][113]LogModuleManager: Shutting down and abandoning module CableComponent (113)
[2016.03.19-03.14.24:320][113]LogModuleManager: Shutting down and abandoning module ArchVisCharacter (112)
[2016.03.19-03.14.24:320][113]LogModuleManager: Shutting down and abandoning module MessagingDebugger (111)
[2016.03.19-03.14.24:323][113]LogModuleManager: Shutting down and abandoning module MediaPlayerEditor (110)
[2016.03.19-03.14.24:323][113]LogModuleManager: Shutting down and abandoning module HTML5Networking (109)
[2016.03.19-03.14.24:323][113]LogModuleManager: Shutting down and abandoning module SpeedTreeImporter (108)
[2016.03.19-03.14.24:323][113]LogModuleManager: Shutting down and abandoning module PluginBrowser (107)
[2016.03.19-03.14.24:324][113]LogModuleManager: Shutting down and abandoning module EpicSurvey (106)
[2016.03.19-03.14.24:324][113]LogModuleManager: Shutting down and abandoning module DesktopPlatform (105)
[2016.03.19-03.14.24:326][113]LogModuleManager: Shutting down and abandoning module VisualStudioSourceCodeAccess (104)
[2016.03.19-03.14.24:326][113]LogModuleManager: Shutting down and abandoning module UObjectPlugin (103)
[2016.03.19-03.14.24:326][113]LogModuleManager: Shutting down and abandoning module SubversionSourceControl (102)
[2016.03.19-03.14.24:327][113]LogModuleManager: Shutting down and abandoning module PerforceSourceControl (101)
[2016.03.19-03.14.24:328][113]LogModuleManager: Shutting down and abandoning module SourceControl (100)
[2016.03.19-03.14.24:329][113]LogModuleManager: Shutting down and abandoning module GitSourceControl (99)
[2016.03.19-03.14.24:329][113]LogModuleManager: Shutting down and abandoning module LightPropagationVolumeEditor (98)
[2016.03.19-03.14.24:329][113]LogModuleManager: Shutting down and abandoning module PaperTiledImporter (97)
[2016.03.19-03.14.24:330][113]LogModuleManager: Shutting down and abandoning module PaperSpriteSheetImporter (96)
[2016.03.19-03.14.24:330][113]LogModuleManager: Shutting down and abandoning module MeshPaint (95)
[2016.03.19-03.14.24:330][113]LogModuleManager: Shutting down and abandoning module SlateReflector (94)
[2016.03.19-03.14.24:330][113]LogModuleManager: Shutting down and abandoning module HotReload (93)
[2016.03.19-03.14.24:331][113]LogModuleManager: Shutting down and abandoning module MainFrame (92)
[2016.03.19-03.14.24:331][113]LogModuleManager: Shutting down and abandoning module LevelEditor (91)
[2016.03.19-03.14.24:332][113]LogModuleManager: Shutting down and abandoning module DirectoryWatcher (90)
[2016.03.19-03.14.24:335][113]LogModuleManager: Shutting down and abandoning module AssetRegistry (89)
[2016.03.19-03.14.24:413][113]LogModuleManager: Shutting down and abandoning module ContentBrowser (88)
[2016.03.19-03.14.24:413][113]LogModuleManager: Shutting down and abandoning module Paper2DEditor (87)
[2016.03.19-03.14.24:414][113]LogModuleManager: Shutting down and abandoning module UdpMessaging (86)
[2016.03.19-03.14.24:515][113]LogModuleManager: Shutting down and abandoning module LightPropagationVolumeRuntime (85)
[2016.03.19-03.14.24:515][113]LogModuleManager: Shutting down and abandoning module Paper2D (84)
[2016.03.19-03.14.24:516][113]LogModuleManager: Shutting down and abandoning module WindowsMoviePlayer (83)
[2016.03.19-03.14.24:520][113]LogModuleManager: Shutting down and abandoning module Media (82)
[2016.03.19-03.14.24:520][113]LogModuleManager: Shutting down and abandoning module WmfMedia (81)
[2016.03.19-03.14.24:521][113]LogModuleManager: Shutting down and abandoning module OnlineBlueprintSupport (80)
[2016.03.19-03.14.24:521][113]LogModuleManager: Shutting down and abandoning module GameplayTasksEditor (79)
[2016.03.19-03.14.24:521][113]LogModuleManager: Shutting down and abandoning module PropertyEditor (78)
[2016.03.19-03.14.24:521][113]LogModuleManager: Shutting down and abandoning module BehaviorTreeEditor (77)
[2016.03.19-03.14.24:521][113]LogModuleManager: Shutting down and abandoning module FunctionalTesting (76)
[2016.03.19-03.14.24:521][113]LogModuleManager: Shutting down and abandoning module CollisionAnalyzer (75)
[2016.03.19-03.14.24:522][113]LogModuleManager: Shutting down and abandoning module WorkspaceMenuStructure (74)
[2016.03.19-03.14.24:522][113]LogModuleManager: Shutting down and abandoning module MessageLog (73)
[2016.03.19-03.14.24:522][113]LogModuleManager: Shutting down and abandoning module Sequencer (72)
[2016.03.19-03.14.24:523][113]LogModuleManager: Shutting down and abandoning module AssetTools (71)
[2016.03.19-03.14.24:526][113]LogModuleManager: Shutting down and abandoning module UMGEditor (70)
[2016.03.19-03.14.24:527][113]LogModuleManager: Shutting down and abandoning module UMG (69)
[2016.03.19-03.14.24:528][113]LogModuleManager: Shutting down and abandoning module Slate (68)
[2016.03.19-03.14.24:528][113]LogModuleManager: Shutting down and abandoning module EditorStyle (67)
[2016.03.19-03.14.24:530][113]LogModuleManager: Shutting down and abandoning module SessionServices (66)
[2016.03.19-03.14.24:530][113]LogModuleManager: Shutting down and abandoning module SourceCodeAccess (65)
[2016.03.19-03.14.24:530][113]LogModuleManager: Shutting down and abandoning module HeadMountedDisplay (64)
[2016.03.19-03.14.24:530][113]LogModuleManager: Shutting down and abandoning module XAudio2 (63)
[2016.03.19-03.14.24:530][113]LogModuleManager: Shutting down and abandoning module Networking (61)
[2016.03.19-03.14.24:530][113]LogModuleManager: Shutting down and abandoning module Core (60)
[2016.03.19-03.14.24:530][113]LogModuleManager: Shutting down and abandoning module KismetCompiler (59)
[2016.03.19-03.14.24:530][113]LogModuleManager: Shutting down and abandoning module PhysXFormats (58)
[2016.03.19-03.14.24:530][113]LogModuleManager: Shutting down and abandoning module MeshUtilities (57)
[2016.03.19-03.14.24:531][113]LogModuleManager: Shutting down and abandoning module DerivedDataCache (56)
[2016.03.19-03.14.24:573][113]LogDerivedDataCache: Shutdown
[2016.03.19-03.14.24:573][113]LogModuleManager: Shutting down and abandoning module ShaderFormatOpenGL (55)
[2016.03.19-03.14.24:574][113]LogModuleManager: Shutting down and abandoning module ShaderFormatD3D (54)
[2016.03.19-03.14.24:574][113]LogModuleManager: Shutting down and abandoning module MetalShaderFormat (53)
[2016.03.19-03.14.24:575][113]LogModuleManager: Shutting down and abandoning module TextureFormatUncompressed (52)
[2016.03.19-03.14.24:575][113]LogModuleManager: Shutting down and abandoning module TextureFormatPVR (51)
[2016.03.19-03.14.24:575][113]LogModuleManager: Shutting down and abandoning module TextureFormatIntelISPCTexComp (50)
[2016.03.19-03.14.24:575][113]LogModuleManager: Shutting down and abandoning module TextureFormatDXT (49)
[2016.03.19-03.14.24:576][113]LogModuleManager: Shutting down and abandoning module ImageWrapper (48)
[2016.03.19-03.14.24:576][113]LogModuleManager: Shutting down and abandoning module TextureFormatASTC (47)
[2016.03.19-03.14.24:576][113]LogModuleManager: Shutting down and abandoning module TextureFormatAndroid (46)
[2016.03.19-03.14.24:576][113]LogModuleManager: Shutting down and abandoning module AudioFormatOpus (45)
[2016.03.19-03.14.24:576][113]LogModuleManager: Shutting down and abandoning module AudioFormatOgg (44)
[2016.03.19-03.14.24:576][113]LogModuleManager: Shutting down and abandoning module AudioFormatADPCM (43)
[2016.03.19-03.14.24:576][113]LogModuleManager: Shutting down and abandoning module LinuxTargetPlatform (42)
[2016.03.19-03.14.24:576][113]LogModuleManager: Shutting down and abandoning module LinuxServerTargetPlatform (41)
[2016.03.19-03.14.24:577][113]LogModuleManager: Shutting down and abandoning module LinuxNoEditorTargetPlatform (40)
[2016.03.19-03.14.24:577][113]LogModuleManager: Shutting down and abandoning module Messaging (39)
[2016.03.19-03.14.24:577][113]LogModuleManager: Shutting down and abandoning module IOSTargetPlatform (38)
[2016.03.19-03.14.24:577][113]LogModuleManager: Shutting down and abandoning module HTML5TargetPlatform (37)
[2016.03.19-03.14.24:577][113]LogModuleManager: Shutting down and abandoning module Android_PVRTCTargetPlatform (36)
[2016.03.19-03.14.24:577][113]LogModuleManager: Shutting down and abandoning module Android_MultiTargetPlatform (35)
[2016.03.19-03.14.24:577][113]LogModuleManager: Shutting down and abandoning module Android_ETC2TargetPlatform (34)
[2016.03.19-03.14.24:577][113]LogModuleManager: Shutting down and abandoning module Android_ETC1TargetPlatform (33)
[2016.03.19-03.14.24:577][113]LogModuleManager: Shutting down and abandoning module Android_DXTTargetPlatform (32)
[2016.03.19-03.14.24:577][113]LogModuleManager: Shutting down and abandoning module Android_ATCTargetPlatform (31)
[2016.03.19-03.14.24:577][113]LogModuleManager: Shutting down and abandoning module Android_ASTCTargetPlatform (30)
[2016.03.19-03.14.24:577][113]LogModuleManager: Shutting down and abandoning module AndroidTargetPlatform (29)
[2016.03.19-03.14.24:577][113]LogModuleManager: Shutting down and abandoning module WindowsTargetPlatform (28)
[2016.03.19-03.14.24:577][113]LogModuleManager: Shutting down and abandoning module WindowsServerTargetPlatform (27)
[2016.03.19-03.14.24:578][113]LogModuleManager: Shutting down and abandoning module WindowsNoEditorTargetPlatform (26)
[2016.03.19-03.14.24:578][113]LogModuleManager: Shutting down and abandoning module WindowsClientTargetPlatform (25)
[2016.03.19-03.14.24:578][113]LogModuleManager: Shutting down and abandoning module AllDesktopTargetPlatform (24)
[2016.03.19-03.14.24:578][113]LogModuleManager: Shutting down and abandoning module TargetPlatform (23)
[2016.03.19-03.14.24:578][113]LogModuleManager: Shutting down and abandoning module InputCore (22)
[2016.03.19-03.14.24:578][113]LogModuleManager: Shutting down and abandoning module Settings (21)
[2016.03.19-03.14.24:578][113]LogModuleManager: Shutting down and abandoning module OnlineSubsystem (19)
[2016.03.19-03.14.24:578][113]LogModuleManager: Shutting down and abandoning module HTTP (18)
[2016.03.19-03.14.26:581][113]LogModuleManager: Shutting down and abandoning module XMPP (17)
[2016.03.19-03.14.26:582][113]LogModuleManager: Shutting down and abandoning module OculusRift (16)
[2016.03.19-03.14.26:583][113]LogModuleManager: Shutting down and abandoning module ExampleDeviceProfileSelector (15)
[2016.03.19-03.14.26:583][113]LogModuleManager: Shutting down and abandoning module TextureCompressor (14)
[2016.03.19-03.14.26:584][113]LogModuleManager: Shutting down and abandoning module ShaderCore (13)
[2016.03.19-03.14.26:584][113]LogModuleManager: Shutting down and abandoning module Landscape (12)
[2016.03.19-03.14.26:584][113]LogModuleManager: Shutting down and abandoning module SlateRHIRenderer (11)
[2016.03.19-03.14.26:596][113]LogModuleManager: Shutting down and abandoning module OpenGLDrv (10)
[2016.03.19-03.14.26:597][113]LogModuleManager: Shutting down and abandoning module D3D11RHI (9)
[2016.03.19-03.14.26:597][113]LogModuleManager: Shutting down and abandoning module AnimGraphRuntime (8)
[2016.03.19-03.14.26:597][113]LogModuleManager: Shutting down and abandoning module Renderer (7)
[2016.03.19-03.14.26:597][113]LogModuleManager: Shutting down and abandoning module Engine (6)
[2016.03.19-03.14.26:597][113]LogModuleManager: Shutting down and abandoning module CoreUObject (5)
[2016.03.19-03.14.26:597][113]LogModuleManager: Shutting down and abandoning module NetworkFile (4)
[2016.03.19-03.14.26:597][113]LogModuleManager: Shutting down and abandoning module StreamingFile (3)
[2016.03.19-03.14.26:598][113]LogModuleManager: Shutting down and abandoning module SandboxFile (2)
[2016.03.19-03.14.26:598][113]LogModuleManager: Shutting down and abandoning module PakFile (1)
[2016.03.19-03.14.26:601][113]LogExit: Exiting.
[2016.03.19-03.14.26:623][113]Log file closed, 03/18/16 23:14:26
