[2016.03.18-21.59.37:156][  0]Log file open, 03/18/16 17:59:37
[2016.03.18-21.59.37:156][  0]LogInit:Display: Running engine for game: FamilyThief
[2016.03.18-21.59.37:156][  0]LogPlatformFile: Not using cached read wrapper
[2016.03.18-21.59.37:156][  0]LogInit:Display: RandInit(511612821) SRandInit(511612823).
[2016.03.18-21.59.37:156][  0]LogTaskGraph: Started task graph with 4 named threads and 7 total threads.
[2016.03.18-21.59.37:156][  0]LogStats: Stats thread started at 0.065299
[2016.03.18-21.59.37:156][  0]LogInit: Version: 4.10.4-2872498+++depot+UE4-Releases+4.10
[2016.03.18-21.59.37:156][  0]LogInit: API Version: 2758231
[2016.03.18-21.59.37:156][  0]LogInit: Compiled (64-bit): Feb 18 2016 15:47:04
[2016.03.18-21.59.37:156][  0]LogInit: Compiled with Visual C++: 19.00.23026.00
[2016.03.18-21.59.37:156][  0]LogInit: Build Configuration: Development
[2016.03.18-21.59.37:156][  0]LogInit: Branch Name: ++depot+UE4-Releases+4.10
[2016.03.18-21.59.37:157][  0]LogInit: Command line: -EpicPortal 
[2016.03.18-21.59.37:157][  0]LogInit: Base directory: C:/Program Files (x86)/Epic Games/4.10/Engine/Binaries/Win64/
[2016.03.18-21.59.37:157][  0]LogInit: Rocket: 1
[2016.03.18-21.59.37:161][  0]LogInit: Using libcurl 7.41.0
[2016.03.18-21.59.37:161][  0]LogInit:  - built for x86_64-pc-win32
[2016.03.18-21.59.37:161][  0]LogInit:  - supports SSL with WinSSL
[2016.03.18-21.59.37:161][  0]LogInit:  - other features:
[2016.03.18-21.59.37:161][  0]LogInit:      CURL_VERSION_SSL
[2016.03.18-21.59.37:161][  0]LogInit:      CURL_VERSION_IPV6
[2016.03.18-21.59.37:161][  0]LogInit:      CURL_VERSION_ASYNCHDNS
[2016.03.18-21.59.37:161][  0]LogInit:      CURL_VERSION_LARGEFILE
[2016.03.18-21.59.37:161][  0]LogInit:      CURL_VERSION_IDN
[2016.03.18-21.59.37:161][  0]LogInit:  CurlRequestOptions (configurable via config and command line):
[2016.03.18-21.59.37:161][  0]LogInit:  - bVerifyPeer = true  - Libcurl will verify peer certificate
[2016.03.18-21.59.37:161][  0]LogInit:  - bUseHttpProxy = false  - Libcurl will NOT use HTTP proxy
[2016.03.18-21.59.37:161][  0]LogInit:  - bDontReuseConnections = false  - Libcurl will reuse connections
[2016.03.18-21.59.37:161][  0]LogInit:  - CertBundlePath = nullptr  - Libcurl will use whatever was configured at build time.
[2016.03.18-21.59.37:164][  0]LogInit: Presizing for 0 objects not considered by GC, pre-allocating 0 bytes.
[2016.03.18-21.59.37:169][  0]LogInit: Object subsystem initialized
[2016.03.18-21.59.37:170][  0]LogInit: Selected Device Profile: [Windows]
[2016.03.18-21.59.37:170][  0]LogInit: Applying CVar settings loaded from the selected device profile: [Windows]
[2016.03.18-21.59.37:177][  0]LogInit: Computer: DESKTOP-J618I8O
[2016.03.18-21.59.37:177][  0]LogInit: User: Doug
[2016.03.18-21.59.37:177][  0]LogInit: CPU Page size=4096, Cores=4
[2016.03.18-21.59.37:177][  0]LogInit: High frequency timer resolution =3.897231 MHz
[2016.03.18-21.59.37:177][  0]LogMemory: Memory total: Physical=16.0GB (16GB approx)
[2016.03.18-21.59.37:177][  0]LogMemory: Platform Memory Stats for Windows
[2016.03.18-21.59.37:177][  0]LogMemory: Process Physical Memory: 56.34 MB used, 56.34 MB peak
[2016.03.18-21.59.37:177][  0]LogMemory: Process Virtual Memory: 56.91 MB used, 56.91 MB peak
[2016.03.18-21.59.37:177][  0]LogMemory: Physical Memory: 4317.72 MB used, 16344.24 MB total
[2016.03.18-21.59.37:177][  0]LogMemory: Virtual Memory: 379.96 MB used, 134217728.00 MB total
[2016.03.18-21.59.37:203][  0]LogTextLocalizationManager: No specific translations for ('en-US') exist, so ('en') translations will be used.
[2016.03.18-21.59.37:563][  0]LogD3D11RHI: Found D3D11 adapter 0: NVIDIA GeForce GTX 980M                   (Feature Level 11_0)
[2016.03.18-21.59.37:563][  0]LogD3D11RHI: Adapter has 8093MB of dedicated video memory, 0MB of dedicated system memory, and 8172MB of shared system memory, 2 output[s]
[2016.03.18-21.59.37:564][  0]LogD3D11RHI: Found D3D11 adapter 1: Microsoft Basic Render Driver (Feature Level 11_0)
[2016.03.18-21.59.37:564][  0]LogD3D11RHI: Adapter has 0MB of dedicated video memory, 0MB of dedicated system memory, and 8172MB of shared system memory, 0 output[s]
[2016.03.18-21.59.37:564][  0]LogD3D11RHI: Chosen D3D11 Adapter Id = 0
[2016.03.18-21.59.37:567][  0]LogD3D11RHI: !Direct3DDevice
[2016.03.18-21.59.37:567][  0]LogRHI: Texture pool is 1361 MB (70% of 1945 MB)
[2016.03.18-21.59.37:577][  0]LogD3D11RHI: Async texture creation enabled
[2016.03.18-21.59.37:591][  0]LogShaderCompilers: Guid format shader working directory is -21 characters bigger than the processId version (../../../../../../Users/Doug!/Documents/Unreal Projects/FamilyThief/Intermediate/Shaders/WorkingDirectory/5776/).
[2016.03.18-21.59.37:591][  0]LogShaderCompilers: Cleaned the shader compiler working directory 'C:/Users/Doug!/AppData/Local/Temp/UnrealShaderWorkingDir/AD96C6C449EE71FCD4D1F3ABCDDA1F74/'.
[2016.03.18-21.59.37:591][  0]LogShaderCompilers:Display: Using Local Shader Compiler.
[2016.03.18-21.59.38:156][  0]LogTemp:Display: Loaded TP AllDesktopTargetPlatform
[2016.03.18-21.59.38:158][  0]LogTemp:Display: Loaded TP WindowsClientTargetPlatform
[2016.03.18-21.59.38:161][  0]LogTemp:Display: Loaded TP WindowsNoEditorTargetPlatform
[2016.03.18-21.59.38:164][  0]LogTemp:Display: Loaded TP WindowsServerTargetPlatform
[2016.03.18-21.59.38:167][  0]LogTemp:Display: Loaded TP WindowsTargetPlatform
[2016.03.18-21.59.38:169][  0]LogTemp:Display: Loaded TP AndroidTargetPlatform
[2016.03.18-21.59.38:170][  0]LogTemp:Display: Loaded TP Android_ASTCTargetPlatform
[2016.03.18-21.59.38:172][  0]LogTemp:Display: Loaded TP Android_ATCTargetPlatform
[2016.03.18-21.59.38:174][  0]LogTemp:Display: Loaded TP Android_DXTTargetPlatform
[2016.03.18-21.59.38:176][  0]LogTemp:Display: Loaded TP Android_ETC1TargetPlatform
[2016.03.18-21.59.38:178][  0]LogTemp:Display: Loaded TP Android_ETC2TargetPlatform
[2016.03.18-21.59.38:183][  0]LogTemp:Display: Loaded TP Android_MultiTargetPlatform
[2016.03.18-21.59.38:183][  0]LogTemp:Display: Loaded TP Android_PVRTCTargetPlatform
[2016.03.18-21.59.38:183][  0]LogTemp:Display: Loaded TP HTML5TargetPlatform
[2016.03.18-21.59.38:198][  0]LogTemp:Display: Loaded TP IOSTargetPlatform
[2016.03.18-21.59.38:200][  0]LogTemp:Display: Loaded TP LinuxNoEditorTargetPlatform
[2016.03.18-21.59.38:203][  0]LogTemp:Display: Loaded TP LinuxServerTargetPlatform
[2016.03.18-21.59.38:205][  0]LogTemp:Display: Loaded TP LinuxTargetPlatform
[2016.03.18-21.59.38:205][  0]LogTargetPlatformManager:Display: Building Assets For Windows
[2016.03.18-21.59.38:251][  0]LogDerivedDataCache:Display: Max Cache Size: 512 MB
[2016.03.18-21.59.38:286][  0]LogDerivedDataCache: Loaded boot cache 0.03s 41MB C:/Users/Doug!/AppData/Local/UnrealEngine/4.10/DerivedDataCache/Boot.ddc.
[2016.03.18-21.59.38:286][  0]LogDerivedDataCache:Display: Loaded Boot cache: C:/Users/Doug!/AppData/Local/UnrealEngine/4.10/DerivedDataCache/Boot.ddc
[2016.03.18-21.59.38:286][  0]LogDerivedDataCache: FDerivedDataBackendGraph:  Pak pak cache file ../../../../../../Users/Doug!/Documents/Unreal Projects/FamilyThief/DerivedDataCache/DDC.ddp not found, will not use a pak cache.
[2016.03.18-21.59.38:286][  0]LogDerivedDataCache: Unable to find inner node Pak for hierarchical cache Hierarchy.
[2016.03.18-21.59.38:286][  0]LogDerivedDataCache: FDerivedDataBackendGraph:  CompressedPak pak cache file ../../../../../../Users/Doug!/Documents/Unreal Projects/FamilyThief/DerivedDataCache/Compressed.ddp not found, will not use a pak cache.
[2016.03.18-21.59.38:286][  0]LogDerivedDataCache: Unable to find inner node CompressedPak for hierarchical cache Hierarchy.
[2016.03.18-21.59.38:329][  0]LogDerivedDataCache:Display: Pak cache opened for reading ../../../Engine/DerivedDataCache/Compressed.ddp.
[2016.03.18-21.59.38:340][  0]LogDerivedDataCache: Using Local data cache path C:/Users/Doug!/AppData/Local/UnrealEngine/Common/DerivedDataCache: Writable
[2016.03.18-21.59.38:472][  0]LogInit: Selected Device Profile: [Windows]
[2016.03.18-21.59.38:474][  0]LogContentStreaming: Texture pool size is 0.000000MB
[2016.03.18-21.59.38:550][  0]LogMeshUtilities: No automatic mesh reduction module available
[2016.03.18-21.59.38:550][  0]LogMeshUtilities: No automatic mesh merging module available
[2016.03.18-21.59.38:704][  0]LogInit: WinSock: version 1.1 (2.2), MaxSocks=32767, MaxUdp=65467
[2016.03.18-21.59.39:218][  0]UdpMessaging: Initializing bridge on interface 0.0.0.0:0 to multicast group 230.0.0.1:6666.
[2016.03.18-21.59.39:303][  0]LogAssetRegistry: FAssetRegistry took 0.0110 seconds to start up
[2016.03.18-21.59.39:402][  0]SourceControl: Info Source control is disabled
[2016.03.18-21.59.39:402][  0]SourceControl: Info Source control is disabled
[2016.03.18-21.59.39:408][  0]SourceControl: Info Source control is disabled
[2016.03.18-21.59.39:414][  0]SourceControl: Info Source control is disabled
[2016.03.18-21.59.39:543][  0]LogObj: 28633 objects as part of root set at end of initial load.
[2016.03.18-21.59.39:543][  0]LogUObjectAllocator: 6099752 out of 0 bytes used by permanent object pool.
[2016.03.18-21.59.39:586][  0]LogEngine: Initializing Engine...
[2016.03.18-21.59.39:588][  0]LogHMD: Can't find Oculus library dev build: is proper Runtime installed? Version: 0.8.0.0
[2016.03.18-21.59.39:588][  0]LogHMD: SteamVR failed to initialize.  Err: 110
[2016.03.18-21.59.39:674][  0]LogAIModule: Creating AISystem for world NewWorld
[2016.03.18-21.59.39:680][  0]LogInit: XAudio2 using 'Speakers (Realtek High Definition Audio)' : 4 channels at 48 kHz using 32 bits per sample (channel mask 0x33)
[2016.03.18-21.59.39:685][  0]LogInit: FAudioDevice initialized.
[2016.03.18-21.59.39:702][  0]LogDerivedDataCache: Saved boot cache 0.02s 41MB C:/Users/Doug!/AppData/Local/UnrealEngine/4.10/DerivedDataCache/Boot.ddc.
[2016.03.18-21.59.39:706][  0]LogInit: Texture streaming: Enabled
[2016.03.18-21.59.39:709][  0]LogAnalytics: Creating configured Analytics provider AnalyticsET
[2016.03.18-21.59.39:709][  0]LogAnalytics: [UEEditor.Rocket.Release] APIServer = http://et2.epicgames.com/ET2/. AppVersion = 4.10.4-2872498+++depot+UE4-Releases+4.10
[2016.03.18-21.59.39:709][  0]LogAnalytics: [UEEditor.Rocket.Release] SetUserId 52b10e6445fa931ea2b57b9ab393f2a9|a024f71aa653453a8ecdbc4f8186e225|56a0a37a-fce5-4ac1-879f-0e1c059c54f2
[2016.03.18-21.59.39:709][  0]LogAnalytics: [UEEditor.Rocket.Release] AnalyticsET::StartSession
[2016.03.18-21.59.39:716][  0]LogInit: Transaction tracking system initialized
[2016.03.18-21.59.39:730][  0]BlueprintLog: New page: Editor Load
[2016.03.18-21.59.39:869][  0]LocalizationService: Info Localization service is disabled
[2016.03.18-21.59.39:915][  0]LogConsoleResponse:Display: 
[2016.03.18-21.59.39:991][  0]LogCook:Display: Done creating registry. It took  0.00s.
[2016.03.18-21.59.40:022][  0]LogFileCache: Scanning file cache for directory 'C:/Users/Doug!/Documents/Unreal Projects/FamilyThief/Content/' took 0.01s
[2016.03.18-21.59.40:022][  0]SourceControl: Info Source control is disabled
[2016.03.18-21.59.40:022][  0]Cmd: MAP LOAD FILE="../../../../../../Users/Doug!/Documents/Unreal Projects/FamilyThief/Content/ThirdPersonBP/Maps/ThirdPersonExampleMap.umap" TEMPLATE=0 SHOWPROGRESS=1 FEATURELEVEL=3
[2016.03.18-21.59.40:023][  0]LightingResults: New page: Lighting Build
[2016.03.18-21.59.40:025][  0]MapCheck: New page: Map Check
[2016.03.18-21.59.40:025][  0]LightingResults: New page: Lighting Build
[2016.03.18-21.59.40:033][  0]LogParticles: Destroying 0 GPU particle simulations for FXSystem 0x000000FE75DF7B00
[2016.03.18-21.59.40:314][  0]LogAIModule: Creating AISystem for world ThirdPersonExampleMap
[2016.03.18-21.59.40:321][  0]LogEditorServer: Finished looking for orphan Actors (0.000 secs)
[2016.03.18-21.59.40:321][  0]Cmd: MAP CHECKDEP NOCLEARLOG
[2016.03.18-21.59.40:355][  0]MapCheck: Info Map check complete: 0 Error(s), 0 Warning(s), took 33.367ms to complete.
[2016.03.18-21.59.40:355][  0]LogFileHelpers: Loading map 'ThirdPersonExampleMap' took 0.332
[2016.03.18-21.59.40:458][  0]LogCollectionManager: Loaded 0 collections in 0.001354 seconds
[2016.03.18-21.59.40:497][  0]LogFileCache: Scanning file cache for directory 'C:/Users/Doug!/Documents/Unreal Projects/FamilyThief/Saved/Collections/' took 0.01s
[2016.03.18-21.59.40:498][  0]LogFileCache: Scanning file cache for directory 'C:/Users/Doug!/Documents/Unreal Projects/FamilyThief/Content/Developers/Doug/Collections/' took 0.01s
[2016.03.18-21.59.40:498][  0]LogFileCache: Scanning file cache for directory 'C:/Users/Doug!/Documents/Unreal Projects/FamilyThief/Content/Collections/' took 0.01s
[2016.03.18-21.59.40:498][  0]LogCollectionManager: Rebuilt the GUID cache for 0 collections in 0.000001 seconds
[2016.03.18-21.59.40:504][  0]LogContentBrowser: Native class hierarchy populated in 0.0059 seconds. Added 1893 classes and 338 folders.
[2016.03.18-21.59.40:507][  0]LogContentBrowser: Native class hierarchy updated for 'WidgetCarousel' in 0.0002 seconds. Added 0 classes and 0 folders.
[2016.03.18-21.59.40:535][  0]LogContentBrowser: Native class hierarchy updated for 'AddContentDialog' in 0.0003 seconds. Added 0 classes and 0 folders.
[2016.03.18-21.59.40:537][  0]LogContentBrowser: Native class hierarchy updated for 'SceneOutliner' in 0.0002 seconds. Added 1 classes and 2 folders.
[2016.03.18-21.59.40:551][  0]LogCrashTracker: Crashtracker disabled due to settings.
[2016.03.18-21.59.40:554][  0]LogUObjectGlobals:Warning: Failed to find object 'Class None.'
[2016.03.18-21.59.40:576][  0]LogLoad: Full Startup: 3.72 seconds (BP compile: 0.06 seconds)
[2016.03.18-21.59.40:594][  0]LogOcInput: Can't find Oculus library dev build: is proper Runtime installed? Version: 0.8.0.0
[2016.03.18-21.59.40:635][  0]LogContentStreaming: Texture pool size now 1000 MB
[2016.03.18-21.59.40:743][  0]LogRenderer: Reallocating scene render targets to support 1628x724 (Frame:2).
[2016.03.18-21.59.40:847][  3]LogAssetRegistry: Asset discovery search completed in 1.5551 seconds
[2016.03.18-21.59.40:847][  3]LogCollectionManager: Rebuilt the object cache for 0 collections in 0.000000 seconds (found 0 objects)
[2016.03.18-21.59.40:847][  3]LogCollectionManager: Fixed up redirectors for 0 collections in 0.000013 seconds (updated 0 objects)
[2016.03.18-22.10.35:445][165]LogSavePackage: Save=2.640593ms
[2016.03.18-22.10.35:445][165]LogSavePackage: Moving '../../../../../../Users/Doug!/Documents/Unreal Projects/FamilyThief/Saved/AICharacter_BehaviourTree68B1D68C47DFC27836DE888E8C07724D.tmp' to '../../../../../../Users/Doug!/Documents/Unreal Projects/FamilyThief/Content/ThirdPersonBP/AICharacter/AICharacter_BehaviourTree.uasset'
[2016.03.18-22.10.35:448][165]LogSavePackage: Total save time: 7.199984ms
[2016.03.18-22.10.35:448][165]LogSavePackage:Display: Finished SavePackage ../../../../../../Users/Doug!/Documents/Unreal Projects/FamilyThief/Content/ThirdPersonBP/AICharacter/AICharacter_BehaviourTree.uasset
[2016.03.18-22.11.51:805][803]LogMetaData: Removing '/Game/ThirdPersonBP/AICharacter/AICharacter_Controller.AICharacter_Controller:UserConstructionScript.K2Node_FunctionEntry_50' ref from Metadata '/Game/ThirdPersonBP/AICharacter/NewBlueprint.PackageMetaData'
[2016.03.18-22.11.51:805][803]LogMetaData: Removing '/Game/ThirdPersonBP/AICharacter/AICharacter_Controller.SKEL_AICharacter_Controller_C' ref from Metadata '/Game/ThirdPersonBP/AICharacter/NewBlueprint.PackageMetaData'
[2016.03.18-22.11.51:805][803]LogMetaData: Removing '/Game/ThirdPersonBP/AICharacter/AICharacter_Controller.AICharacter_Controller_C' ref from Metadata '/Game/ThirdPersonBP/AICharacter/NewBlueprint.PackageMetaData'
[2016.03.18-22.11.51:805][803]LogMetaData: Removing '/Game/ThirdPersonBP/AICharacter/AICharacter_Controller.AICharacter_Controller:EventGraph.K2Node_Event_3' ref from Metadata '/Game/ThirdPersonBP/AICharacter/NewBlueprint.PackageMetaData'
[2016.03.18-22.11.51:805][803]LogMetaData: Removing '/Game/ThirdPersonBP/AICharacter/AICharacter_Controller.AICharacter_Controller:EventGraph.K2Node_Event_4' ref from Metadata '/Game/ThirdPersonBP/AICharacter/NewBlueprint.PackageMetaData'
[2016.03.18-22.11.51:869][803]LogSavePackage: Save=7.925371ms
[2016.03.18-22.11.51:869][803]LogSavePackage: Moving '../../../../../../Users/Doug!/Documents/Unreal Projects/FamilyThief/Saved/AICharacter_Controller0EC5B7534629F0BA71FE06A83A51ED44.tmp' to '../../../../../../Users/Doug!/Documents/Unreal Projects/FamilyThief/Content/ThirdPersonBP/AICharacter/AICharacter_Controller.uasset'
[2016.03.18-22.11.51:871][803]LogSavePackage: Total save time: 10.204680ms
[2016.03.18-22.11.51:871][803]LogSavePackage:Display: Finished SavePackage ../../../../../../Users/Doug!/Documents/Unreal Projects/FamilyThief/Content/ThirdPersonBP/AICharacter/AICharacter_Controller.uasset
[2016.03.18-22.12.21:227][552]LogFileHelpers: Editor autosave (incl. sublevels) for '/Game/ThirdPersonBP/Maps/ThirdPersonExampleMap' took 0.010
[2016.03.18-22.12.21:233][552]LogSavePackage: Save=2.570800ms
[2016.03.18-22.12.21:233][552]LogSavePackage: Moving '../../../../../../Users/Doug!/Documents/Unreal Projects/FamilyThief/Saved/NewBehaviorTree_Auto1E3EE1FBD4ABD5E7159F5DF84E79C7C79.tmp' to '../../../../../../Users/Doug!/Documents/Unreal Projects/FamilyThief/Saved/Autosaves/Game/ThirdPersonBP/AICharacter/NewBehaviorTree_Auto1.uasset'
[2016.03.18-22.12.21:234][552]LogSavePackage: Total save time: 3.262572ms
[2016.03.18-22.12.21:234][552]LogSavePackage:Display: Finished SavePackage ../../../../../../Users/Doug!/Documents/Unreal Projects/FamilyThief/Saved/Autosaves/Game/ThirdPersonBP/AICharacter/NewBehaviorTree_Auto1.uasset
[2016.03.18-22.12.21:236][552]OBJ SavePackage: Generating thumbnails for [0] asset(s) in package [/Game/ThirdPersonBP/AICharacter/AICharacter_Blackboard] ([1] browsable assets)...
[2016.03.18-22.12.21:236][552]OBJ SavePackage: Finished generating thumbnails for package [/Game/ThirdPersonBP/AICharacter/AICharacter_Blackboard]
[2016.03.18-22.12.21:239][552]LogSavePackage: Save=2.377072ms
[2016.03.18-22.12.21:239][552]LogSavePackage: Moving '../../../../../../Users/Doug!/Documents/Unreal Projects/FamilyThief/Saved/AICharacter_Blackboard_Auto1AC9AF663431D333BF10AB1A5FB9FDF3C.tmp' to '../../../../../../Users/Doug!/Documents/Unreal Projects/FamilyThief/Saved/Autosaves/Game/ThirdPersonBP/AICharacter/AICharacter_Blackboard_Auto1.uasset'
[2016.03.18-22.12.21:240][552]LogSavePackage: Total save time: 3.124271ms
[2016.03.18-22.12.21:240][552]LogSavePackage:Display: Finished SavePackage ../../../../../../Users/Doug!/Documents/Unreal Projects/FamilyThief/Saved/Autosaves/Game/ThirdPersonBP/AICharacter/AICharacter_Blackboard_Auto1.uasset
[2016.03.18-22.12.21:245][552]LogSavePackage: Save=2.446096ms
[2016.03.18-22.12.21:245][552]LogSavePackage: Moving '../../../../../../Users/Doug!/Documents/Unreal Projects/FamilyThief/Saved/NewBlueprint_Auto1C0964E67441AC3CFE64CCD8DFA97BA5F.tmp' to '../../../../../../Users/Doug!/Documents/Unreal Projects/FamilyThief/Saved/Autosaves/Game/ThirdPersonBP/AICharacter/NewBlueprint_Auto1.uasset'
[2016.03.18-22.12.21:246][552]LogSavePackage: Total save time: 3.537640ms
[2016.03.18-22.12.21:246][552]LogSavePackage:Display: Finished SavePackage ../../../../../../Users/Doug!/Documents/Unreal Projects/FamilyThief/Saved/Autosaves/Game/ThirdPersonBP/AICharacter/NewBlueprint_Auto1.uasset
[2016.03.18-22.12.21:246][552]LogFileHelpers: Auto-saving content packages took 0.018
[2016.03.18-22.13.05:349][328]LogLinker:Warning: Asset '../../../Engine/Content/ArtTools/RenderToTexture/Macros/RenderToTextureMacros.uasset' has been saved with empty engine version. The asset will be loaded but may be incompatible.
[2016.03.18-22.13.05:635][328]LogContentBrowser: Native class hierarchy updated for 'BlueprintGraph' in 0.0006 seconds. Added 107 classes and 0 folders.
[2016.03.18-22.14.14:987][100]LogActorComponent: UnregisterComponent: (/Engine/Transient.CharMoveComp) Not registered. Aborting.
[2016.03.18-22.14.14:987][100]LogActorComponent: UnregisterComponent: (/Engine/Transient.CharacterMovementComponent_0) Not registered. Aborting.
[2016.03.18-22.14.24:796][273]LogActorComponent: UnregisterComponent: (/Engine/Transient.CharacterMovementComponent_1) Not registered. Aborting.
[2016.03.18-22.14.25:732][329]LogActorComponent: UnregisterComponent: (/Engine/Transient.CharacterMovementComponent_2) Not registered. Aborting.
[2016.03.18-22.14.55:394][834]LogSlate:Warning: Prevented a slow task dialog from being summoned while a context menu was open
[2016.03.18-22.14.57:169][939]LogActorComponent: UnregisterComponent: (/Engine/Transient.CharacterMovementComponent_3) Not registered. Aborting.
[2016.03.18-22.16.50:636][572]BlueprintLog: New page: Compile AICharacter
[2016.03.18-22.16.50:681][572]LogActorComponent: UnregisterComponent: (/Engine/Transient.CharacterMovementComponent_4) Not registered. Aborting.
[2016.03.18-22.16.50:709][572]BlueprintEditorCompileResults: Info [1033.85] Compile of AICharacter successful! [in 73 ms]
[2016.03.18-22.16.51:293][602]LogSavePackage: Save=19.833055ms
[2016.03.18-22.16.51:293][602]LogSavePackage: Moving '../../../../../../Users/Doug!/Documents/Unreal Projects/FamilyThief/Saved/AICharacterC297F68247210F023F749D8CE03D6826.tmp' to '../../../../../../Users/Doug!/Documents/Unreal Projects/FamilyThief/Content/ThirdPersonBP/Blueprints/AICharacter.uasset'
[2016.03.18-22.16.51:294][602]LogSavePackage: Total save time: 21.526568ms
[2016.03.18-22.16.51:294][602]LogSavePackage:Display: Finished SavePackage ../../../../../../Users/Doug!/Documents/Unreal Projects/FamilyThief/Content/ThirdPersonBP/Blueprints/AICharacter.uasset
[2016.03.18-22.17.16:275][755]LogRenderer: Reallocating scene render targets to support 1704x836 (Frame:21638).
[2016.03.18-22.17.33:293][765]BlueprintLog: New page: Compile AICharacter_Controller
[2016.03.18-22.17.33:327][765]LogActorComponent: UnregisterComponent: (/Engine/Transient.CharMoveComp) Not registered. Aborting.
[2016.03.18-22.17.33:327][765]LogActorComponent: UnregisterComponent: (/Engine/Transient.CharacterMovementComponent_5) Not registered. Aborting.
[2016.03.18-22.17.33:350][765]BlueprintEditorCompileResults: Info [1076.49] Compile of AICharacter_Controller successful! [in 56 ms]
[2016.03.18-22.17.34:310][820]LogSavePackage: Save=8.855262ms
[2016.03.18-22.17.34:310][820]LogSavePackage: Moving '../../../../../../Users/Doug!/Documents/Unreal Projects/FamilyThief/Saved/AICharacter_ControllerCAB14F70496FA2E464E7EDAE05A6B85C.tmp' to '../../../../../../Users/Doug!/Documents/Unreal Projects/FamilyThief/Content/ThirdPersonBP/AICharacter/AICharacter_Controller.uasset'
[2016.03.18-22.17.34:312][820]LogSavePackage: Total save time: 14.098473ms
[2016.03.18-22.17.34:312][820]LogSavePackage:Display: Finished SavePackage ../../../../../../Users/Doug!/Documents/Unreal Projects/FamilyThief/Content/ThirdPersonBP/AICharacter/AICharacter_Controller.uasset
[2016.03.18-22.18.41:875][212]LogSavePackage: Save=2.933621ms
[2016.03.18-22.18.41:875][212]LogSavePackage: Moving '../../../../../../Users/Doug!/Documents/Unreal Projects/FamilyThief/Saved/AICharacter_BehaviourTree9E07606F42BBEB6063D1549BA7D730B0.tmp' to '../../../../../../Users/Doug!/Documents/Unreal Projects/FamilyThief/Content/ThirdPersonBP/AICharacter/AICharacter_BehaviourTree.uasset'
[2016.03.18-22.18.41:877][212]LogSavePackage: Total save time: 7.857118ms
[2016.03.18-22.18.41:877][212]LogSavePackage:Display: Finished SavePackage ../../../../../../Users/Doug!/Documents/Unreal Projects/FamilyThief/Content/ThirdPersonBP/AICharacter/AICharacter_BehaviourTree.uasset
[2016.03.18-22.18.56:116][ 60]LogBlueprintUserMessages: Early PlayInEditor Detection: Level '/Game/ThirdPersonBP/Maps/ThirdPersonExampleMap.ThirdPersonExampleMap:PersistentLevel' has LevelScriptBlueprint '/Game/ThirdPersonBP/Maps/ThirdPersonExampleMap.ThirdPersonExampleMap:PersistentLevel.ThirdPersonExampleMap' with GeneratedClass '/Game/ThirdPersonBP/Maps/ThirdPersonExampleMap.ThirdPersonExampleMap_C' with ClassGeneratedBy '/Game/ThirdPersonBP/Maps/ThirdPersonExampleMap.ThirdPersonExampleMap:PersistentLevel.ThirdPersonExampleMap'
[2016.03.18-22.18.56:118][ 60]LogPlayLevel: PlayLevel: No blueprints needed recompiling
[2016.03.18-22.18.56:118][ 60]PIE: New page: PIE session: ThirdPersonExampleMap (Mar 18, 2016, 2:18:56 PM)
[2016.03.18-22.18.56:118][ 60]LogPlayLevel: Creating play world package: /Game/ThirdPersonBP/Maps/UEDPIE_0_ThirdPersonExampleMap
[2016.03.18-22.18.56:135][ 60]LogPlayLevel: PIE: StaticDuplicateObject took: (0.016865s)
[2016.03.18-22.18.56:136][ 60]LogAIModule: Creating AISystem for world ThirdPersonExampleMap
[2016.03.18-22.18.56:136][ 60]LogPlayLevel: PIE: World Init took: (0.000891s)
[2016.03.18-22.18.56:136][ 60]LogPlayLevel: PIE: Created PIE world by copying editor world from /Game/ThirdPersonBP/Maps/ThirdPersonExampleMap.ThirdPersonExampleMap to /Game/ThirdPersonBP/Maps/UEDPIE_0_ThirdPersonExampleMap.ThirdPersonExampleMap (0.017994s)
[2016.03.18-22.18.56:164][ 60]LogInit: XAudio2 using 'Speakers (Realtek High Definition Audio)' : 4 channels at 48 kHz using 32 bits per sample (channel mask 0x33)
[2016.03.18-22.18.56:167][ 60]LogInit: FAudioDevice initialized.
[2016.03.18-22.18.56:221][ 60]LogWorld: Game class is 'ThirdPersonGameMode_C'
[2016.03.18-22.18.56:226][ 60]LogWorld: Bringing World /Game/ThirdPersonBP/Maps/UEDPIE_0_ThirdPersonExampleMap.ThirdPersonExampleMap up for play (max tick rate 60) at 2016.03.18-18.18.56
[2016.03.18-22.18.56:226][ 60]LogActor:Warning: GameSession /Game/ThirdPersonBP/Maps/UEDPIE_0_ThirdPersonExampleMap.ThirdPersonExampleMap:PersistentLevel.GameSession_0 has natively added scene component(s), but none of them were set as the actor's RootComponent - picking one arbitrarily
[2016.03.18-22.18.56:226][ 60]LogActor:Warning: GameNetworkManager /Game/ThirdPersonBP/Maps/UEDPIE_0_ThirdPersonExampleMap.ThirdPersonExampleMap:PersistentLevel.GameNetworkManager_0 has natively added scene component(s), but none of them were set as the actor's RootComponent - picking one arbitrarily
[2016.03.18-22.18.56:227][ 60]LogWorld: Bringing up level for play took: 0.003966
[2016.03.18-22.18.56:227][ 60]LogPathFollowing:Warning: No NavigationData found while trying to cache it for AICharacter_Controller_C_2's PathFollowingComponent
[2016.03.18-22.18.56:230][ 60]PIE: Info Play in editor start time for /Game/ThirdPersonBP/Maps/UEDPIE_0_ThirdPersonExampleMap -0.301
[2016.03.18-22.18.56:230][ 60]LogBlueprintUserMessages: Late PlayInEditor Detection: Level '/Game/ThirdPersonBP/Maps/ThirdPersonExampleMap.ThirdPersonExampleMap:PersistentLevel' has LevelScriptBlueprint '/Game/ThirdPersonBP/Maps/ThirdPersonExampleMap.ThirdPersonExampleMap:PersistentLevel.ThirdPersonExampleMap' with GeneratedClass '/Game/ThirdPersonBP/Maps/ThirdPersonExampleMap.ThirdPersonExampleMap_C' with ClassGeneratedBy '/Game/ThirdPersonBP/Maps/ThirdPersonExampleMap.ThirdPersonExampleMap:PersistentLevel.ThirdPersonExampleMap'
[2016.03.18-22.19.02:978][463]LogBlueprintUserMessages: Early EndPlayMap Detection: Level '/Game/ThirdPersonBP/Maps/ThirdPersonExampleMap.ThirdPersonExampleMap:PersistentLevel' has LevelScriptBlueprint '/Game/ThirdPersonBP/Maps/ThirdPersonExampleMap.ThirdPersonExampleMap:PersistentLevel.ThirdPersonExampleMap' with GeneratedClass '/Game/ThirdPersonBP/Maps/ThirdPersonExampleMap.ThirdPersonExampleMap_C' with ClassGeneratedBy '/Game/ThirdPersonBP/Maps/ThirdPersonExampleMap.ThirdPersonExampleMap:PersistentLevel.ThirdPersonExampleMap'
[2016.03.18-22.19.03:034][463]LogBlueprintUserMessages: Late EndPlayMap Detection: Level '/Game/ThirdPersonBP/Maps/ThirdPersonExampleMap.ThirdPersonExampleMap:PersistentLevel' has LevelScriptBlueprint '/Game/ThirdPersonBP/Maps/ThirdPersonExampleMap.ThirdPersonExampleMap:PersistentLevel.ThirdPersonExampleMap' with GeneratedClass '/Game/ThirdPersonBP/Maps/ThirdPersonExampleMap.ThirdPersonExampleMap_C' with ClassGeneratedBy '/Game/ThirdPersonBP/Maps/ThirdPersonExampleMap.ThirdPersonExampleMap:PersistentLevel.ThirdPersonExampleMap'
[2016.03.18-22.19.03:084][464]LogParticles: Destroying 0 GPU particle simulations for FXSystem 0x000000FE146E0FE0
[2016.03.18-22.19.41:175][400]LogSlate:Warning: Prevented a slow task dialog from being summoned while a context menu was open
[2016.03.18-22.20.02:468][370]Cmd: TRANSACTION UNDO
[2016.03.18-22.20.02:468][370]LogEditorTransaction: Undo Add Blackboard Entry
[2016.03.18-22.20.56:581][248]LogSavePackage: Save=2.708076ms
[2016.03.18-22.20.56:581][248]LogSavePackage: Moving '../../../../../../Users/Doug!/Documents/Unreal Projects/FamilyThief/Saved/AICharacter_Blackboard1B690BA04DE622E2134C1CBD88A03357.tmp' to '../../../../../../Users/Doug!/Documents/Unreal Projects/FamilyThief/Content/ThirdPersonBP/AICharacter/AICharacter_Blackboard.uasset'
[2016.03.18-22.20.56:585][248]LogSavePackage: Total save time: 6.440472ms
[2016.03.18-22.20.56:585][248]LogSavePackage:Display: Finished SavePackage ../../../../../../Users/Doug!/Documents/Unreal Projects/FamilyThief/Content/ThirdPersonBP/AICharacter/AICharacter_Blackboard.uasset
[2016.03.18-22.21.53:778][811]LogMetaData: Removing '/Game/ThirdPersonBP/AICharacter/AIState.AIState' ref from Metadata '/Game/ThirdPersonBP/AICharacter/NewUserDefinedEnum.PackageMetaData'
[2016.03.18-22.21.53:834][811]LogSavePackage: Save=2.402732ms
[2016.03.18-22.21.53:834][811]LogSavePackage: Moving '../../../../../../Users/Doug!/Documents/Unreal Projects/FamilyThief/Saved/AIState737FBB3544D3C258D6A4B388C087FFAB.tmp' to '../../../../../../Users/Doug!/Documents/Unreal Projects/FamilyThief/Content/ThirdPersonBP/AICharacter/AIState.uasset'
[2016.03.18-22.21.53:835][811]LogSavePackage: Total save time: 3.934331ms
[2016.03.18-22.21.53:835][811]LogSavePackage:Display: Finished SavePackage ../../../../../../Users/Doug!/Documents/Unreal Projects/FamilyThief/Content/ThirdPersonBP/AICharacter/AIState.uasset
[2016.03.18-22.21.59:641][153]LogEnum:Warning: Enum Text AIState::NewEnumerator0 for Enum AIState failed to resolve to any value
[2016.03.18-22.21.59:646][153]LogEnum:Warning: Enum Text NewUserDefinedEnum_MAX for Enum AIState failed to resolve to any value
[2016.03.18-22.21.59:646][153]LogEnum:Warning: Enum Text NewUserDefinedEnum_MAX for Enum AIState failed to resolve to any value
[2016.03.18-22.22.04:210][427]LogEnum:Warning: Enum Text (INVALID) for Enum AIState failed to resolve to any value
[2016.03.18-22.22.04:210][427]LogEnum:Warning: Enum Text (INVALID) for Enum AIState failed to resolve to any value
[2016.03.18-22.22.06:575][569]LogEnum:Warning: Enum Text AIState::NewEnumerator1 for Enum AIState failed to resolve to any value
[2016.03.18-22.22.06:580][569]LogEnum:Warning: Enum Text (INVALID) for Enum AIState failed to resolve to any value
[2016.03.18-22.22.06:580][569]LogEnum:Warning: Enum Text (INVALID) for Enum AIState failed to resolve to any value
[2016.03.18-22.22.13:395][978]LogEnum:Warning: Enum Text (INVALID) for Enum AIState failed to resolve to any value
[2016.03.18-22.22.13:395][978]LogEnum:Warning: Enum Text (INVALID) for Enum AIState failed to resolve to any value
[2016.03.18-22.22.19:002][122]LogSavePackage: Save=2.484328ms
[2016.03.18-22.22.19:002][122]LogSavePackage: Moving '../../../../../../Users/Doug!/Documents/Unreal Projects/FamilyThief/Saved/AIStateA760FBA746E34A4A5BD1A6A9556E9C8C.tmp' to '../../../../../../Users/Doug!/Documents/Unreal Projects/FamilyThief/Content/ThirdPersonBP/AICharacter/AIState.uasset'
[2016.03.18-22.22.19:003][122]LogSavePackage: Total save time: 5.153660ms
[2016.03.18-22.22.19:003][122]LogSavePackage:Display: Finished SavePackage ../../../../../../Users/Doug!/Documents/Unreal Projects/FamilyThief/Content/ThirdPersonBP/AICharacter/AIState.uasset
[2016.03.18-22.22.37:237][213]LogSavePackage: Save=2.465084ms
[2016.03.18-22.22.37:237][213]LogSavePackage: Moving '../../../../../../Users/Doug!/Documents/Unreal Projects/FamilyThief/Saved/AICharacter_BlackboardDA6B3DB441CF0E392551B6A2A1F1BE3A.tmp' to '../../../../../../Users/Doug!/Documents/Unreal Projects/FamilyThief/Content/ThirdPersonBP/AICharacter/AICharacter_Blackboard.uasset'
[2016.03.18-22.22.37:238][213]LogSavePackage: Total save time: 5.313516ms
[2016.03.18-22.22.37:238][213]LogSavePackage:Display: Finished SavePackage ../../../../../../Users/Doug!/Documents/Unreal Projects/FamilyThief/Content/ThirdPersonBP/AICharacter/AICharacter_Blackboard.uasset
[2016.03.18-22.22.51:282][585]LogCrashTracker: 


[2016.03.18-22.22.51:283][585]LogCrashTracker: 


[2016.03.18-22.22.51:283][585]LogWindows:Error: === Critical error: ===
Fatal error!



[2016.03.18-22.22.51:336][585]LogExit: Executing StaticShutdownAfterError
[2016.03.18-22.22.51:340][585]LogPhysics:Warning: PHYSX: ..\..\PhysX\src\NpScene.cpp (2946) 8 : PxScene::unlockWrite() called without matching call to PxScene::lockWrite(), behaviour will be undefined.
[2016.03.18-22.22.51:340][585]LogPhysics:Warning: PHYSX: ..\..\PhysX\src\NpScene.cpp (2946) 8 : PxScene::unlockWrite() called without matching call to PxScene::lockWrite(), behaviour will be undefined.
[2016.03.18-22.22.51:340][585]LogPhysics:Warning: PHYSX: ..\..\PhysX\src\NpScene.cpp (2946) 8 : PxScene::unlockWrite() called without matching call to PxScene::lockWrite(), behaviour will be undefined.
[2016.03.18-22.22.51:341][585]LogPhysics:Warning: PHYSX: ..\..\PhysX\src\NpScene.cpp (2946) 8 : PxScene::unlockWrite() called without matching call to PxScene::lockWrite(), behaviour will be undefined.
[2016.03.18-22.22.51:341][585]LogPhysics:Warning: PHYSX: ..\..\PhysX\src\NpScene.cpp (2946) 8 : PxScene::unlockWrite() called without matching call to PxScene::lockWrite(), behaviour will be undefined.
[2016.03.18-22.22.51:341][585]LogPhysics:Warning: PHYSX: ..\..\PhysX\src\NpScene.cpp (2946) 8 : PxScene::unlockWrite() called without matching call to PxScene::lockWrite(), behaviour will be undefined.
[2016.03.18-22.22.51:341][585]LogWindows: FPlatformMisc::RequestExit(1)
[2016.03.18-22.22.51:341][585]Log file closed, 03/18/16 18:22:51
