[2016.03.19-19.25.23:023][  0]Log file open, 03/19/16 15:25:23
[2016.03.19-19.25.23:023][  0]LogInit:Display: Running engine for game: FamilyThief
[2016.03.19-19.25.23:023][  0]LogPlatformFile: Not using cached read wrapper
[2016.03.19-19.25.23:023][  0]LogInit:Display: RandInit(531823294) SRandInit(531823296).
[2016.03.19-19.25.23:023][  0]LogTaskGraph: Started task graph with 4 named threads and 7 total threads.
[2016.03.19-19.25.23:023][  0]LogStats: Stats thread started at 0.063721
[2016.03.19-19.25.23:023][  0]LogInit: Version: 4.10.4-2872498+++depot+UE4-Releases+4.10
[2016.03.19-19.25.23:023][  0]LogInit: API Version: 2758231
[2016.03.19-19.25.23:023][  0]LogInit: Compiled (64-bit): Feb 18 2016 15:47:04
[2016.03.19-19.25.23:023][  0]LogInit: Compiled with Visual C++: 19.00.23026.00
[2016.03.19-19.25.23:023][  0]LogInit: Build Configuration: Development
[2016.03.19-19.25.23:023][  0]LogInit: Branch Name: ++depot+UE4-Releases+4.10
[2016.03.19-19.25.23:023][  0]LogInit: Command line: -EpicPortal 
[2016.03.19-19.25.23:023][  0]LogInit: Base directory: C:/Program Files (x86)/Epic Games/4.10/Engine/Binaries/Win64/
[2016.03.19-19.25.23:023][  0]LogInit: Rocket: 1
[2016.03.19-19.25.23:028][  0]LogInit: Using libcurl 7.41.0
[2016.03.19-19.25.23:028][  0]LogInit:  - built for x86_64-pc-win32
[2016.03.19-19.25.23:028][  0]LogInit:  - supports SSL with WinSSL
[2016.03.19-19.25.23:028][  0]LogInit:  - other features:
[2016.03.19-19.25.23:028][  0]LogInit:      CURL_VERSION_SSL
[2016.03.19-19.25.23:028][  0]LogInit:      CURL_VERSION_IPV6
[2016.03.19-19.25.23:028][  0]LogInit:      CURL_VERSION_ASYNCHDNS
[2016.03.19-19.25.23:028][  0]LogInit:      CURL_VERSION_LARGEFILE
[2016.03.19-19.25.23:028][  0]LogInit:      CURL_VERSION_IDN
[2016.03.19-19.25.23:028][  0]LogInit:  CurlRequestOptions (configurable via config and command line):
[2016.03.19-19.25.23:028][  0]LogInit:  - bVerifyPeer = true  - Libcurl will verify peer certificate
[2016.03.19-19.25.23:028][  0]LogInit:  - bUseHttpProxy = false  - Libcurl will NOT use HTTP proxy
[2016.03.19-19.25.23:028][  0]LogInit:  - bDontReuseConnections = false  - Libcurl will reuse connections
[2016.03.19-19.25.23:028][  0]LogInit:  - CertBundlePath = nullptr  - Libcurl will use whatever was configured at build time.
[2016.03.19-19.25.23:032][  0]LogInit: Presizing for 0 objects not considered by GC, pre-allocating 0 bytes.
[2016.03.19-19.25.23:037][  0]LogInit: Object subsystem initialized
[2016.03.19-19.25.23:038][  0]LogInit: Selected Device Profile: [Windows]
[2016.03.19-19.25.23:038][  0]LogInit: Applying CVar settings loaded from the selected device profile: [Windows]
[2016.03.19-19.25.23:047][  0]LogInit: Computer: DESKTOP-J618I8O
[2016.03.19-19.25.23:047][  0]LogInit: User: Doug
[2016.03.19-19.25.23:047][  0]LogInit: CPU Page size=4096, Cores=4
[2016.03.19-19.25.23:047][  0]LogInit: High frequency timer resolution =3.897231 MHz
[2016.03.19-19.25.23:047][  0]LogMemory: Memory total: Physical=16.0GB (16GB approx)
[2016.03.19-19.25.23:047][  0]LogMemory: Platform Memory Stats for Windows
[2016.03.19-19.25.23:047][  0]LogMemory: Process Physical Memory: 56.38 MB used, 56.38 MB peak
[2016.03.19-19.25.23:047][  0]LogMemory: Process Virtual Memory: 56.81 MB used, 56.81 MB peak
[2016.03.19-19.25.23:047][  0]LogMemory: Physical Memory: 4776.70 MB used, 16344.24 MB total
[2016.03.19-19.25.23:047][  0]LogMemory: Virtual Memory: 379.96 MB used, 134217728.00 MB total
[2016.03.19-19.25.23:072][  0]LogTextLocalizationManager: No specific translations for ('en-US') exist, so ('en') translations will be used.
[2016.03.19-19.25.23:433][  0]LogD3D11RHI: Found D3D11 adapter 0: NVIDIA GeForce GTX 980M                   (Feature Level 11_0)
[2016.03.19-19.25.23:433][  0]LogD3D11RHI: Adapter has 8093MB of dedicated video memory, 0MB of dedicated system memory, and 8172MB of shared system memory, 3 output[s]
[2016.03.19-19.25.23:434][  0]LogD3D11RHI: Found D3D11 adapter 1: Microsoft Basic Render Driver (Feature Level 11_0)
[2016.03.19-19.25.23:434][  0]LogD3D11RHI: Adapter has 0MB of dedicated video memory, 0MB of dedicated system memory, and 8172MB of shared system memory, 0 output[s]
[2016.03.19-19.25.23:434][  0]LogD3D11RHI: Chosen D3D11 Adapter Id = 0
[2016.03.19-19.25.23:437][  0]LogD3D11RHI: !Direct3DDevice
[2016.03.19-19.25.23:437][  0]LogRHI: Texture pool is 1361 MB (70% of 1945 MB)
[2016.03.19-19.25.23:447][  0]LogD3D11RHI: Async texture creation enabled
[2016.03.19-19.25.23:462][  0]LogShaderCompilers: Guid format shader working directory is -21 characters bigger than the processId version (../../../../../../Users/Doug!/Documents/Unreal Projects/FamilyThief/Intermediate/Shaders/WorkingDirectory/1832/).
[2016.03.19-19.25.23:463][  0]LogShaderCompilers: Cleaned the shader compiler working directory 'C:/Users/Doug!/AppData/Local/Temp/UnrealShaderWorkingDir/23036E23414F423E397443A8245C682D/'.
[2016.03.19-19.25.23:463][  0]LogShaderCompilers:Display: Using Local Shader Compiler.
[2016.03.19-19.25.24:037][  0]LogTemp:Display: Loaded TP AllDesktopTargetPlatform
[2016.03.19-19.25.24:040][  0]LogTemp:Display: Loaded TP WindowsClientTargetPlatform
[2016.03.19-19.25.24:043][  0]LogTemp:Display: Loaded TP WindowsNoEditorTargetPlatform
[2016.03.19-19.25.24:046][  0]LogTemp:Display: Loaded TP WindowsServerTargetPlatform
[2016.03.19-19.25.24:049][  0]LogTemp:Display: Loaded TP WindowsTargetPlatform
[2016.03.19-19.25.24:051][  0]LogTemp:Display: Loaded TP AndroidTargetPlatform
[2016.03.19-19.25.24:053][  0]LogTemp:Display: Loaded TP Android_ASTCTargetPlatform
[2016.03.19-19.25.24:055][  0]LogTemp:Display: Loaded TP Android_ATCTargetPlatform
[2016.03.19-19.25.24:057][  0]LogTemp:Display: Loaded TP Android_DXTTargetPlatform
[2016.03.19-19.25.24:060][  0]LogTemp:Display: Loaded TP Android_ETC1TargetPlatform
[2016.03.19-19.25.24:062][  0]LogTemp:Display: Loaded TP Android_ETC2TargetPlatform
[2016.03.19-19.25.24:066][  0]LogTemp:Display: Loaded TP Android_MultiTargetPlatform
[2016.03.19-19.25.24:066][  0]LogTemp:Display: Loaded TP Android_PVRTCTargetPlatform
[2016.03.19-19.25.24:066][  0]LogTemp:Display: Loaded TP HTML5TargetPlatform
[2016.03.19-19.25.24:082][  0]LogTemp:Display: Loaded TP IOSTargetPlatform
[2016.03.19-19.25.24:084][  0]LogTemp:Display: Loaded TP LinuxNoEditorTargetPlatform
[2016.03.19-19.25.24:086][  0]LogTemp:Display: Loaded TP LinuxServerTargetPlatform
[2016.03.19-19.25.24:088][  0]LogTemp:Display: Loaded TP LinuxTargetPlatform
[2016.03.19-19.25.24:088][  0]LogTargetPlatformManager:Display: Building Assets For Windows
[2016.03.19-19.25.24:133][  0]LogDerivedDataCache:Display: Max Cache Size: 512 MB
[2016.03.19-19.25.24:166][  0]LogDerivedDataCache: Loaded boot cache 0.03s 41MB C:/Users/Doug!/AppData/Local/UnrealEngine/4.10/DerivedDataCache/Boot.ddc.
[2016.03.19-19.25.24:175][  0]LogDerivedDataCache:Display: Loaded Boot cache: C:/Users/Doug!/AppData/Local/UnrealEngine/4.10/DerivedDataCache/Boot.ddc
[2016.03.19-19.25.24:175][  0]LogDerivedDataCache: FDerivedDataBackendGraph:  Pak pak cache file ../../../../../../Users/Doug!/Documents/Unreal Projects/FamilyThief/DerivedDataCache/DDC.ddp not found, will not use a pak cache.
[2016.03.19-19.25.24:175][  0]LogDerivedDataCache: Unable to find inner node Pak for hierarchical cache Hierarchy.
[2016.03.19-19.25.24:175][  0]LogDerivedDataCache: FDerivedDataBackendGraph:  CompressedPak pak cache file ../../../../../../Users/Doug!/Documents/Unreal Projects/FamilyThief/DerivedDataCache/Compressed.ddp not found, will not use a pak cache.
[2016.03.19-19.25.24:175][  0]LogDerivedDataCache: Unable to find inner node CompressedPak for hierarchical cache Hierarchy.
[2016.03.19-19.25.24:220][  0]LogDerivedDataCache:Display: Pak cache opened for reading ../../../Engine/DerivedDataCache/Compressed.ddp.
[2016.03.19-19.25.24:232][  0]LogDerivedDataCache: Using Local data cache path C:/Users/Doug!/AppData/Local/UnrealEngine/Common/DerivedDataCache: Writable
[2016.03.19-19.25.24:363][  0]LogInit: Selected Device Profile: [Windows]
[2016.03.19-19.25.24:364][  0]LogContentStreaming: Texture pool size is 0.000000MB
[2016.03.19-19.25.24:442][  0]LogMeshUtilities: No automatic mesh reduction module available
[2016.03.19-19.25.24:442][  0]LogMeshUtilities: No automatic mesh merging module available
[2016.03.19-19.25.24:602][  0]LogInit: WinSock: version 1.1 (2.2), MaxSocks=32767, MaxUdp=65467
[2016.03.19-19.25.25:105][  0]UdpMessaging: Initializing bridge on interface 0.0.0.0:0 to multicast group 230.0.0.1:6666.
[2016.03.19-19.25.25:191][  0]LogAssetRegistry: FAssetRegistry took 0.0106 seconds to start up
[2016.03.19-19.25.25:289][  0]SourceControl: Info Source control is disabled
[2016.03.19-19.25.25:290][  0]SourceControl: Info Source control is disabled
[2016.03.19-19.25.25:297][  0]SourceControl: Info Source control is disabled
[2016.03.19-19.25.25:303][  0]SourceControl: Info Source control is disabled
[2016.03.19-19.25.25:434][  0]LogObj: 28633 objects as part of root set at end of initial load.
[2016.03.19-19.25.25:434][  0]LogUObjectAllocator: 6099752 out of 0 bytes used by permanent object pool.
[2016.03.19-19.25.25:477][  0]LogEngine: Initializing Engine...
[2016.03.19-19.25.25:479][  0]LogHMD: Can't find Oculus library dev build: is proper Runtime installed? Version: 0.8.0.0
[2016.03.19-19.25.25:479][  0]LogHMD: SteamVR failed to initialize.  Err: 110
[2016.03.19-19.25.25:561][  0]LogAIModule: Creating AISystem for world NewWorld
[2016.03.19-19.25.25:567][  0]LogInit: XAudio2 using 'Speakers (Realtek High Definition Audio)' : 4 channels at 48 kHz using 32 bits per sample (channel mask 0x33)
[2016.03.19-19.25.25:571][  0]LogInit: FAudioDevice initialized.
[2016.03.19-19.25.25:588][  0]LogDerivedDataCache: Saved boot cache 0.02s 41MB C:/Users/Doug!/AppData/Local/UnrealEngine/4.10/DerivedDataCache/Boot.ddc.
[2016.03.19-19.25.25:592][  0]LogInit: Texture streaming: Enabled
[2016.03.19-19.25.25:595][  0]LogAnalytics: Creating configured Analytics provider AnalyticsET
[2016.03.19-19.25.25:595][  0]LogAnalytics: [UEEditor.Rocket.Release] APIServer = http://et2.epicgames.com/ET2/. AppVersion = 4.10.4-2872498+++depot+UE4-Releases+4.10
[2016.03.19-19.25.25:595][  0]LogAnalytics: [UEEditor.Rocket.Release] SetUserId 52b10e6445fa931ea2b57b9ab393f2a9|a024f71aa653453a8ecdbc4f8186e225|56a0a37a-fce5-4ac1-879f-0e1c059c54f2
[2016.03.19-19.25.25:595][  0]LogAnalytics: [UEEditor.Rocket.Release] AnalyticsET::StartSession
[2016.03.19-19.25.25:601][  0]LogInit: Transaction tracking system initialized
[2016.03.19-19.25.25:615][  0]BlueprintLog: New page: Editor Load
[2016.03.19-19.25.25:654][  0]LocalizationService: Info Localization service is disabled
[2016.03.19-19.25.25:702][  0]LogConsoleResponse:Display: 
[2016.03.19-19.25.25:778][  0]LogCook:Display: Done creating registry. It took  0.00s.
[2016.03.19-19.25.25:808][  0]LogFileCache: Scanning file cache for directory 'C:/Users/Doug!/Documents/Unreal Projects/FamilyThief/Content/' took 0.01s
[2016.03.19-19.25.25:808][  0]SourceControl: Info Source control is disabled
[2016.03.19-19.25.25:808][  0]Cmd: MAP LOAD FILE="../../../../../../Users/Doug!/Documents/Unreal Projects/FamilyThief/Content/ThirdPersonBP/Maps/ThirdPersonExampleMap.umap" TEMPLATE=0 SHOWPROGRESS=1 FEATURELEVEL=3
[2016.03.19-19.25.25:811][  0]LightingResults: New page: Lighting Build
[2016.03.19-19.25.25:813][  0]MapCheck: New page: Map Check
[2016.03.19-19.25.25:813][  0]LightingResults: New page: Lighting Build
[2016.03.19-19.25.25:821][  0]LogParticles: Destroying 0 GPU particle simulations for FXSystem 0x000000E89277BB00
[2016.03.19-19.25.26:290][  0]LogAIModule: Creating AISystem for world ThirdPersonExampleMap
[2016.03.19-19.25.26:296][  0]LogEditorServer: Finished looking for orphan Actors (0.000 secs)
[2016.03.19-19.25.26:296][  0]Cmd: MAP CHECKDEP NOCLEARLOG
[2016.03.19-19.25.26:329][  0]MapCheck: Info Map check complete: 0 Error(s), 0 Warning(s), took 32.38ms to complete.
[2016.03.19-19.25.26:329][  0]LogFileHelpers: Loading map 'ThirdPersonExampleMap' took 0.521
[2016.03.19-19.25.26:460][  0]LogCollectionManager: Loaded 0 collections in 0.001124 seconds
[2016.03.19-19.25.26:507][  0]LogFileCache: Scanning file cache for directory 'C:/Users/Doug!/Documents/Unreal Projects/FamilyThief/Saved/Collections/' took 0.01s
[2016.03.19-19.25.26:508][  0]LogFileCache: Scanning file cache for directory 'C:/Users/Doug!/Documents/Unreal Projects/FamilyThief/Content/Developers/Doug/Collections/' took 0.01s
[2016.03.19-19.25.26:508][  0]LogFileCache: Scanning file cache for directory 'C:/Users/Doug!/Documents/Unreal Projects/FamilyThief/Content/Collections/' took 0.01s
[2016.03.19-19.25.26:508][  0]LogCollectionManager: Rebuilt the GUID cache for 0 collections in 0.000001 seconds
[2016.03.19-19.25.26:513][  0]LogContentBrowser: Native class hierarchy populated in 0.0056 seconds. Added 1893 classes and 338 folders.
[2016.03.19-19.25.26:517][  0]LogContentBrowser: Native class hierarchy updated for 'WidgetCarousel' in 0.0002 seconds. Added 0 classes and 0 folders.
[2016.03.19-19.25.26:704][  0]LogContentBrowser: Native class hierarchy updated for 'AddContentDialog' in 0.0003 seconds. Added 0 classes and 0 folders.
[2016.03.19-19.25.26:707][  0]LogContentBrowser: Native class hierarchy updated for 'SceneOutliner' in 0.0002 seconds. Added 1 classes and 2 folders.
[2016.03.19-19.25.26:734][  0]LogCrashTracker: Crashtracker disabled due to settings.
[2016.03.19-19.25.26:738][  0]LogUObjectGlobals:Warning: Failed to find object 'Class None.'
[2016.03.19-19.25.26:760][  0]LogLoad: Full Startup: 4.08 seconds (BP compile: 0.07 seconds)
[2016.03.19-19.25.26:779][  0]LogOcInput: Can't find Oculus library dev build: is proper Runtime installed? Version: 0.8.0.0
[2016.03.19-19.25.26:861][  0]LogContentStreaming: Texture pool size now 1000 MB
[2016.03.19-19.25.27:003][  0]LogRenderer: Reallocating scene render targets to support 892x492 (Frame:2).
[2016.03.19-19.25.27:130][  3]LogAssetRegistry: Asset discovery search completed in 1.9507 seconds
[2016.03.19-19.25.27:131][  3]LogCollectionManager: Rebuilt the object cache for 0 collections in 0.000001 seconds (found 0 objects)
[2016.03.19-19.25.27:131][  3]LogCollectionManager: Fixed up redirectors for 0 collections in 0.000031 seconds (updated 0 objects)
[2016.03.19-19.25.38:193][542]LogRenderer: Reallocating scene render targets to support 1360x724 (Frame:620).
[2016.03.19-19.30.18:234][ 40]LogLinker:Warning: Asset '../../../Engine/Content/ArtTools/RenderToTexture/Macros/RenderToTextureMacros.uasset' has been saved with empty engine version. The asset will be loaded but may be incompatible.
[2016.03.19-19.30.18:536][ 40]LogContentBrowser: Native class hierarchy updated for 'BlueprintGraph' in 0.0005 seconds. Added 107 classes and 0 folders.
[2016.03.19-19.33.08:906][ 51]LogProperty:Warning: ObjectProperty /Script/Engine.EdGraphPin:LinkedTo.LinkedTo: unresolved reference to 'EdGraphPin'K2Node_CallFunction_2576.EdGraphPin_2872''
[2016.03.19-19.33.08:906][ 51]LogProperty:Warning: ObjectProperty /Script/Engine.EdGraphPin:LinkedTo.LinkedTo: unresolved reference to 'EdGraphPin'K2Node_CallFunction_2576.EdGraphPin_2871''
[2016.03.19-19.33.38:847][ 66]LogEditorTransaction: Undo Create Pin Link
[2016.03.19-19.33.39:242][ 82]LogEditorTransaction: Undo Create Pin Link
[2016.03.19-19.33.39:740][107]LogEditorTransaction: Undo Move Nodes
[2016.03.19-19.33.40:227][135]LogEditorTransaction: Undo Paste clipboard contents
[2016.03.19-19.33.53:108][906]LogUObjectHash:Warning: Ambiguous search, could be K2Node_CallFunction /Game/ThirdPersonBP/AICharacter/BTS_VisionCheck.BTS_VisionCheck:EventGraph.K2Node_CallFunction_2576 or K2Node_CallFunction /Game/ThirdPersonBP/AICharacter/BTS_VisionCheck.BTS_VisionCheck:EventGraph.K2Node_CallFunction_2576
[2016.03.19-19.33.53:108][906]LogProperty:Warning: ObjectProperty /Script/Engine.EdGraphPin:LinkedTo.LinkedTo: unresolved reference to 'EdGraphPin'K2Node_VariableGet_58.EdGraphPin_2584''
[2016.03.19-19.33.53:108][906]LogUObjectHash:Warning: Ambiguous search, could be K2Node_EnumLiteral /Game/ThirdPersonBP/AICharacter/BTS_VisionCheck.BTS_VisionCheck:EventGraph.K2Node_EnumLiteral_71 or K2Node_EnumLiteral /Engine/Transient.PROTO_BP_Blueprint_0:UserConstructionScript.K2Node_EnumLiteral_71
[2016.03.19-19.33.53:108][906]LogProperty:Warning: ObjectProperty /Script/Engine.EdGraphPin:LinkedTo.LinkedTo: unresolved reference to 'EdGraphPin'K2Node_EnumLiteral_71.EdGraphPin_2609''
[2016.03.19-19.34.26:625][998]BlueprintLog: New page: Compile BTS_VisionCheck
[2016.03.19-19.34.26:666][998]LogActorComponent: UnregisterComponent: (/Engine/Transient.CharMoveComp) Not registered. Aborting.
[2016.03.19-19.34.26:666][998]LogActorComponent: UnregisterComponent: (/Engine/Transient.CharacterMovementComponent_0) Not registered. Aborting.
[2016.03.19-19.34.26:700][998]BlueprintEditorCompileResults: Info [0544.02] Compile of BTS_VisionCheck successful! [in 75 ms]
[2016.03.19-19.34.27:219][ 25]LogSavePackage: Save=26.379242ms
[2016.03.19-19.34.27:219][ 25]LogSavePackage: Moving '../../../../../../Users/Doug!/Documents/Unreal Projects/FamilyThief/Saved/BTS_VisionCheck2C1B3497423B8D5D9B7BA5A7CF9E7E3E.tmp' to '../../../../../../Users/Doug!/Documents/Unreal Projects/FamilyThief/Content/ThirdPersonBP/AICharacter/BTS_VisionCheck.uasset'
[2016.03.19-19.34.27:222][ 25]LogSavePackage: Total save time: 39.581951ms
[2016.03.19-19.34.27:222][ 25]LogSavePackage:Display: Finished SavePackage ../../../../../../Users/Doug!/Documents/Unreal Projects/FamilyThief/Content/ThirdPersonBP/AICharacter/BTS_VisionCheck.uasset
[2016.03.19-19.35.15:573][599]LogPackageName: SearchForPackageOnDisk took   0.000s, but failed to resolve /Game/ThirdPersonBP/AICharacter/BTTask_BlueprintBase_New.
[2016.03.19-19.36.23:181][638]LogSlate:Warning: Prevented a slow task dialog from being summoned while a context menu was open
[2016.03.19-19.37.02:995][  9]LogEditorTransaction: Undo Add Node
[2016.03.19-19.37.48:997][662]LogEditorTransaction: Undo Add Node
[2016.03.19-19.39.58:568][798]LogSavePackage: Save=17.155001ms
[2016.03.19-19.39.58:568][798]LogSavePackage: Moving '../../../../../../Users/Doug!/Documents/Unreal Projects/FamilyThief/Saved/BTTask_BlueprintBase_New2864800347BF5DC2CAE8F68E7D824DFE.tmp' to '../../../../../../Users/Doug!/Documents/Unreal Projects/FamilyThief/Content/ThirdPersonBP/AICharacter/BTTask_BlueprintBase_New.uasset'
[2016.03.19-19.39.58:571][798]LogSavePackage: Total save time: 20.194851ms
[2016.03.19-19.39.58:571][798]LogSavePackage:Display: Finished SavePackage ../../../../../../Users/Doug!/Documents/Unreal Projects/FamilyThief/Content/ThirdPersonBP/AICharacter/BTTask_BlueprintBase_New.uasset
[2016.03.19-19.39.58:618][801]LogPackageName: SearchForPackageOnDisk took   0.000s to resolve /Game/ThirdPersonBP/AICharacter/BTTask_BlueprintBase_New.
[2016.03.19-19.39.58:917][819]BlueprintLog: New page: Compile BTTask_BlueprintBase_New
[2016.03.19-19.39.58:921][819]LogBlueprint:Error: [compiler BTTask_BlueprintBase_New] Error The current value (0, 0, 0) of the ' Origin ' pin is invalid: 'Origin' must have an input wired into it ("by ref" params expect a valid input to operate on).
[2016.03.19-19.39.59:002][819]LogParticles: Destroying 0 GPU particle simulations for FXSystem 0x000000E8A3CC9440
[2016.03.19-19.39.59:008][819]LogBlueprint:Warning: [compiler BTTask_BlueprintBase_New] Warning [0876.33] Compile of BTTask_BlueprintBase_New failed. 1 Fatal Issue(s) 0 Warning(s) [in 90 ms]
[2016.03.19-19.39.59:008][819]BlueprintEditorCompileResults:Error: Error The current value (0, 0, 0) of the ' Origin ' pin is invalid: 'Origin' must have an input wired into it ("by ref" params expect a valid input to operate on).
[2016.03.19-19.39.59:008][819]BlueprintEditorCompileResults:Warning: Warning [0876.33] Compile of BTTask_BlueprintBase_New failed. 1 Fatal Issue(s) 0 Warning(s) [in 90 ms]
[2016.03.19-19.39.59:442][842]LogSavePackage: Save=16.856583ms
[2016.03.19-19.39.59:442][842]LogSavePackage: Moving '../../../../../../Users/Doug!/Documents/Unreal Projects/FamilyThief/Saved/BTTask_BlueprintBase_NewE39D92EA41CEC3F42274A5A3F6ACA801.tmp' to '../../../../../../Users/Doug!/Documents/Unreal Projects/FamilyThief/Content/ThirdPersonBP/AICharacter/BTTask_BlueprintBase_New.uasset'
[2016.03.19-19.39.59:443][842]LogSavePackage: Total save time: 25.258705ms
[2016.03.19-19.39.59:443][842]LogSavePackage:Display: Finished SavePackage ../../../../../../Users/Doug!/Documents/Unreal Projects/FamilyThief/Content/ThirdPersonBP/AICharacter/BTTask_BlueprintBase_New.uasset
[2016.03.19-19.44.30:029][881]LogEditorTransaction: Undo Create Pin Link
[2016.03.19-19.44.32:730][ 32]BlueprintLog: New page: Compile BTTask_BlueprintBase_New
[2016.03.19-19.44.32:734][ 32]LogBlueprint:Error: [compiler BTTask_BlueprintBase_New] Error This blueprint (self) is not a BlackboardComponent, therefore ' Target ' must have a connection.
[2016.03.19-19.44.32:734][ 32]LogBlueprint:Error: [compiler BTTask_BlueprintBase_New] Error The current value (None) of the ' Key Name ' pin is invalid: 'Key Name' must have an input wired into it ("by ref" params expect a valid input to operate on).
[2016.03.19-19.44.32:822][ 32]LogBlueprint:Warning: [compiler BTTask_BlueprintBase_New] Warning [1150.14] Compile of BTTask_BlueprintBase_New failed. 2 Fatal Issue(s) 0 Warning(s) [in 91 ms]
[2016.03.19-19.44.32:822][ 32]BlueprintEditorCompileResults:Error: Error This blueprint (self) is not a BlackboardComponent, therefore ' Target ' must have a connection.
[2016.03.19-19.44.32:822][ 32]BlueprintEditorCompileResults:Error: Error The current value (None) of the ' Key Name ' pin is invalid: 'Key Name' must have an input wired into it ("by ref" params expect a valid input to operate on).
[2016.03.19-19.44.32:822][ 32]BlueprintEditorCompileResults:Warning: Warning [1150.14] Compile of BTTask_BlueprintBase_New failed. 2 Fatal Issue(s) 0 Warning(s) [in 91 ms]
[2016.03.19-19.44.33:571][ 73]LogSavePackage: Save=17.095984ms
[2016.03.19-19.44.33:571][ 73]LogSavePackage: Moving '../../../../../../Users/Doug!/Documents/Unreal Projects/FamilyThief/Saved/BTTask_BlueprintBase_New2B84E12E49769E3164ED7A9282F4A2FD.tmp' to '../../../../../../Users/Doug!/Documents/Unreal Projects/FamilyThief/Content/ThirdPersonBP/AICharacter/BTTask_BlueprintBase_New.uasset'
[2016.03.19-19.44.33:573][ 73]LogSavePackage: Total save time: 20.574354ms
[2016.03.19-19.44.33:573][ 73]LogSavePackage:Display: Finished SavePackage ../../../../../../Users/Doug!/Documents/Unreal Projects/FamilyThief/Content/ThirdPersonBP/AICharacter/BTTask_BlueprintBase_New.uasset
[2016.03.19-19.44.40:813][507]BlueprintLog: New page: Compile BTTask_BlueprintBase_New
[2016.03.19-19.44.40:817][507]LogBlueprint:Error: [compiler BTTask_BlueprintBase_New] Error The current value (None) of the ' Key Name ' pin is invalid: 'Key Name' must have an input wired into it ("by ref" params expect a valid input to operate on).
[2016.03.19-19.44.40:903][507]LogBlueprint:Warning: [compiler BTTask_BlueprintBase_New] Warning [1158.22] Compile of BTTask_BlueprintBase_New failed. 1 Fatal Issue(s) 0 Warning(s) [in 89 ms]
[2016.03.19-19.44.40:903][507]BlueprintEditorCompileResults:Error: Error The current value (None) of the ' Key Name ' pin is invalid: 'Key Name' must have an input wired into it ("by ref" params expect a valid input to operate on).
[2016.03.19-19.44.40:903][507]BlueprintEditorCompileResults:Warning: Warning [1158.22] Compile of BTTask_BlueprintBase_New failed. 1 Fatal Issue(s) 0 Warning(s) [in 89 ms]
[2016.03.19-19.44.42:503][600]LogSavePackage: Save=17.959930ms
[2016.03.19-19.44.42:503][600]LogSavePackage: Moving '../../../../../../Users/Doug!/Documents/Unreal Projects/FamilyThief/Saved/BTTask_BlueprintBase_NewE29ED1C04A56471126063FB0E0E25BF6.tmp' to '../../../../../../Users/Doug!/Documents/Unreal Projects/FamilyThief/Content/ThirdPersonBP/AICharacter/BTTask_BlueprintBase_New.uasset'
[2016.03.19-19.44.42:505][600]LogSavePackage: Total save time: 21.474477ms
[2016.03.19-19.44.42:505][600]LogSavePackage:Display: Finished SavePackage ../../../../../../Users/Doug!/Documents/Unreal Projects/FamilyThief/Content/ThirdPersonBP/AICharacter/BTTask_BlueprintBase_New.uasset
[2016.03.19-19.45.25:173][260]LogFileHelpers: Editor autosave (incl. sublevels) for '/Game/ThirdPersonBP/Maps/ThirdPersonExampleMap' took 0.022
[2016.03.19-19.45.25:178][260]OBJ SavePackage: Generating thumbnails for [0] asset(s) in package [/Game/ThirdPersonBP/AICharacter/AICharacter_BehaviourTree] ([1] browsable assets)...
[2016.03.19-19.45.25:178][260]OBJ SavePackage: Finished generating thumbnails for package [/Game/ThirdPersonBP/AICharacter/AICharacter_BehaviourTree]
[2016.03.19-19.45.25:188][260]LogSavePackage: Save=4.521415ms
[2016.03.19-19.45.25:188][260]LogSavePackage: Moving '../../../../../../Users/Doug!/Documents/Unreal Projects/FamilyThief/Saved/AICharacter_BehaviourTree_Auto1E02E728B4A16738D07BD2CA00366F1A9.tmp' to '../../../../../../Users/Doug!/Documents/Unreal Projects/FamilyThief/Saved/Autosaves/Game/ThirdPersonBP/AICharacter/AICharacter_BehaviourTree_Auto1.uasset'
[2016.03.19-19.45.25:190][260]LogSavePackage: Total save time: 10.662697ms
[2016.03.19-19.45.25:190][260]LogSavePackage:Display: Finished SavePackage ../../../../../../Users/Doug!/Documents/Unreal Projects/FamilyThief/Saved/Autosaves/Game/ThirdPersonBP/AICharacter/AICharacter_BehaviourTree_Auto1.uasset
[2016.03.19-19.45.25:193][260]OBJ SavePackage: Generating thumbnails for [0] asset(s) in package [/Game/ThirdPersonBP/AICharacter/BTTask_BlueprintBase_New] ([1] browsable assets)...
[2016.03.19-19.45.25:193][260]OBJ SavePackage: Finished generating thumbnails for package [/Game/ThirdPersonBP/AICharacter/BTTask_BlueprintBase_New]
[2016.03.19-19.45.25:219][260]LogSavePackage: Save=17.537323ms
[2016.03.19-19.45.25:219][260]LogSavePackage: Moving '../../../../../../Users/Doug!/Documents/Unreal Projects/FamilyThief/Saved/BTTask_BlueprintBase_New_Auto16503D5FD45833C5D1F964091B7B96F7E.tmp' to '../../../../../../Users/Doug!/Documents/Unreal Projects/FamilyThief/Saved/Autosaves/Game/ThirdPersonBP/AICharacter/BTTask_BlueprintBase_New_Auto1.uasset'
[2016.03.19-19.45.25:220][260]LogSavePackage: Total save time: 25.896337ms
[2016.03.19-19.45.25:220][260]LogSavePackage:Display: Finished SavePackage ../../../../../../Users/Doug!/Documents/Unreal Projects/FamilyThief/Saved/Autosaves/Game/ThirdPersonBP/AICharacter/BTTask_BlueprintBase_New_Auto1.uasset
[2016.03.19-19.45.25:220][260]LogFileHelpers: Auto-saving content packages took 0.047
[2016.03.19-19.46.04:202][960]BlueprintLog: New page: Compile BTTask_BlueprintBase_New
[2016.03.19-19.46.04:206][960]LogBlueprint:Error: [compiler BTTask_BlueprintBase_New] Error The current value (0, 0, 0) of the ' Origin ' pin is invalid: 'Origin' must have an input wired into it ("by ref" params expect a valid input to operate on).
[2016.03.19-19.46.04:206][960]LogBlueprint:Error: [compiler BTTask_BlueprintBase_New] Error The current value (0, 0, 0) of the ' Origin ' pin is invalid: 'Origin' must have an input wired into it ("by ref" params expect a valid input to operate on).
[2016.03.19-19.46.04:297][960]LogBlueprint:Warning: [compiler BTTask_BlueprintBase_New] Warning [1241.62] Compile of BTTask_BlueprintBase_New failed. 2 Fatal Issue(s) 0 Warning(s) [in 95 ms]
[2016.03.19-19.46.04:297][960]BlueprintEditorCompileResults:Error: Error The current value (0, 0, 0) of the ' Origin ' pin is invalid: 'Origin' must have an input wired into it ("by ref" params expect a valid input to operate on).
[2016.03.19-19.46.04:297][960]BlueprintEditorCompileResults:Error: Error The current value (0, 0, 0) of the ' Origin ' pin is invalid: 'Origin' must have an input wired into it ("by ref" params expect a valid input to operate on).
[2016.03.19-19.46.04:297][960]BlueprintEditorCompileResults:Warning: Warning [1241.62] Compile of BTTask_BlueprintBase_New failed. 2 Fatal Issue(s) 0 Warning(s) [in 95 ms]
[2016.03.19-19.46.05:340][ 19]LogSavePackage: Save=15.663942ms
[2016.03.19-19.46.05:340][ 19]LogSavePackage: Moving '../../../../../../Users/Doug!/Documents/Unreal Projects/FamilyThief/Saved/BTTask_BlueprintBase_New51FC918048311517328F6BB35414CB4B.tmp' to '../../../../../../Users/Doug!/Documents/Unreal Projects/FamilyThief/Content/ThirdPersonBP/AICharacter/BTTask_BlueprintBase_New.uasset'
[2016.03.19-19.46.05:343][ 19]LogSavePackage: Total save time: 20.474024ms
[2016.03.19-19.46.05:343][ 19]LogSavePackage:Display: Finished SavePackage ../../../../../../Users/Doug!/Documents/Unreal Projects/FamilyThief/Content/ThirdPersonBP/AICharacter/BTTask_BlueprintBase_New.uasset
[2016.03.19-19.46.10:154][308]BlueprintLog: New page: Compile BTTask_BlueprintBase_New
[2016.03.19-19.46.10:158][308]LogBlueprint:Error: [compiler BTTask_BlueprintBase_New] Error The current value (0, 0, 0) of the ' Origin ' pin is invalid: 'Origin' must have an input wired into it ("by ref" params expect a valid input to operate on).
[2016.03.19-19.46.10:245][308]LogBlueprint:Warning: [compiler BTTask_BlueprintBase_New] Warning [1247.56] Compile of BTTask_BlueprintBase_New failed. 1 Fatal Issue(s) 0 Warning(s) [in 91 ms]
[2016.03.19-19.46.10:245][308]BlueprintEditorCompileResults:Error: Error The current value (0, 0, 0) of the ' Origin ' pin is invalid: 'Origin' must have an input wired into it ("by ref" params expect a valid input to operate on).
[2016.03.19-19.46.10:245][308]BlueprintEditorCompileResults:Warning: Warning [1247.56] Compile of BTTask_BlueprintBase_New failed. 1 Fatal Issue(s) 0 Warning(s) [in 91 ms]
[2016.03.19-19.46.10:674][330]LogSavePackage: Save=15.533337ms
[2016.03.19-19.46.10:674][330]LogSavePackage: Moving '../../../../../../Users/Doug!/Documents/Unreal Projects/FamilyThief/Saved/BTTask_BlueprintBase_New41B310D747A1FE62CE7328AE00E2C149.tmp' to '../../../../../../Users/Doug!/Documents/Unreal Projects/FamilyThief/Content/ThirdPersonBP/AICharacter/BTTask_BlueprintBase_New.uasset'
[2016.03.19-19.46.10:675][330]LogSavePackage: Total save time: 18.401787ms
[2016.03.19-19.46.10:675][330]LogSavePackage:Display: Finished SavePackage ../../../../../../Users/Doug!/Documents/Unreal Projects/FamilyThief/Content/ThirdPersonBP/AICharacter/BTTask_BlueprintBase_New.uasset
[2016.03.19-19.48.49:915][328]BlueprintLog: New page: Compile BTTask_BlueprintBase_New
[2016.03.19-19.48.49:919][328]LogBlueprint:Error: [compiler BTTask_BlueprintBase_New] Error This blueprint (self) is not a SceneComponent, therefore ' Target ' must have a connection.
[2016.03.19-19.48.49:919][328]LogBlueprint:Error: [compiler BTTask_BlueprintBase_New] Error Variable node  Get RelativeLocation  uses an invalid target.  It may depend on a node that is not connected to the execution chain, and got purged.
[2016.03.19-19.48.50:007][328]LogBlueprint:Warning: [compiler BTTask_BlueprintBase_New] Warning [1407.33] Compile of BTTask_BlueprintBase_New failed. 2 Fatal Issue(s) 0 Warning(s) [in 91 ms]
[2016.03.19-19.48.50:007][328]BlueprintEditorCompileResults:Error: Error This blueprint (self) is not a SceneComponent, therefore ' Target ' must have a connection.
[2016.03.19-19.48.50:008][328]BlueprintEditorCompileResults:Error: Error Variable node  Get RelativeLocation  uses an invalid target.  It may depend on a node that is not connected to the execution chain, and got purged.
[2016.03.19-19.48.50:008][328]BlueprintEditorCompileResults:Warning: Warning [1407.33] Compile of BTTask_BlueprintBase_New failed. 2 Fatal Issue(s) 0 Warning(s) [in 91 ms]
[2016.03.19-19.48.50:635][362]LogSavePackage: Save=16.269501ms
[2016.03.19-19.48.50:635][362]LogSavePackage: Moving '../../../../../../Users/Doug!/Documents/Unreal Projects/FamilyThief/Saved/BTTask_BlueprintBase_New1ED629F74CAB4B6F515AC08428F180F6.tmp' to '../../../../../../Users/Doug!/Documents/Unreal Projects/FamilyThief/Content/ThirdPersonBP/AICharacter/BTTask_BlueprintBase_New.uasset'
[2016.03.19-19.48.50:637][362]LogSavePackage: Total save time: 20.491473ms
[2016.03.19-19.48.50:637][362]LogSavePackage:Display: Finished SavePackage ../../../../../../Users/Doug!/Documents/Unreal Projects/FamilyThief/Content/ThirdPersonBP/AICharacter/BTTask_BlueprintBase_New.uasset
[2016.03.19-19.51.00:250][146]BlueprintLog: New page: Compile BTTask_BlueprintBase_New
[2016.03.19-19.51.00:309][146]BlueprintEditorCompileResults: Info [1537.63] Compile of BTTask_BlueprintBase_New successful! [in 58 ms]
[2016.03.19-19.51.00:882][177]LogSavePackage: Save=17.887058ms
[2016.03.19-19.51.00:882][177]LogSavePackage: Moving '../../../../../../Users/Doug!/Documents/Unreal Projects/FamilyThief/Saved/BTTask_BlueprintBase_New6EDBBCA14BE51971512940913B5FD6BE.tmp' to '../../../../../../Users/Doug!/Documents/Unreal Projects/FamilyThief/Content/ThirdPersonBP/AICharacter/BTTask_BlueprintBase_New.uasset'
[2016.03.19-19.51.00:884][177]LogSavePackage: Total save time: 27.446922ms
[2016.03.19-19.51.00:884][177]LogSavePackage:Display: Finished SavePackage ../../../../../../Users/Doug!/Documents/Unreal Projects/FamilyThief/Content/ThirdPersonBP/AICharacter/BTTask_BlueprintBase_New.uasset
[2016.03.19-19.51.20:999][633]LogSavePackage: Save=265.018158ms
[2016.03.19-19.51.20:999][633]LogSavePackage: Moving '../../../../../../Users/Doug!/Documents/Unreal Projects/FamilyThief/Saved/ThirdPersonExampleMap0F9A63D24FD3F06257DE8BB888D0B192.tmp' to '../../../../../../Users/Doug!/Documents/Unreal Projects/FamilyThief/Content/ThirdPersonBP/Maps/ThirdPersonExampleMap.umap'
[2016.03.19-19.51.21:001][633]LogSavePackage: Total save time: 286.528051ms
[2016.03.19-19.51.21:001][633]LogSavePackage:Display: Finished SavePackage ../../../../../../Users/Doug!/Documents/Unreal Projects/FamilyThief/Content/ThirdPersonBP/Maps/ThirdPersonExampleMap.umap
[2016.03.19-19.52.11:052][604]LogEditorTransaction: Undo Delete current selection
[2016.03.19-19.52.11:461][622]LogEditorTransaction: Undo Move Node
[2016.03.19-19.52.11:807][642]LogEditorTransaction: Undo Add Node
[2016.03.19-19.52.12:178][664]LogEditorTransaction: Undo Add Node
[2016.03.19-19.55.09:288][419]BlueprintLog: New page: Compile BTTask_BlueprintBase_New
[2016.03.19-19.55.09:349][419]BlueprintEditorCompileResults: Info [1786.67] Compile of BTTask_BlueprintBase_New successful! [in 62 ms]
[2016.03.19-19.55.09:978][454]LogSavePackage: Save=19.947752ms
[2016.03.19-19.55.09:978][454]LogSavePackage: Moving '../../../../../../Users/Doug!/Documents/Unreal Projects/FamilyThief/Saved/BTTask_BlueprintBase_New5222B77844CA2D651C2A85B466AF9409.tmp' to '../../../../../../Users/Doug!/Documents/Unreal Projects/FamilyThief/Content/ThirdPersonBP/AICharacter/BTTask_BlueprintBase_New.uasset'
[2016.03.19-19.55.09:980][454]LogSavePackage: Total save time: 23.629084ms
[2016.03.19-19.55.09:980][454]LogSavePackage:Display: Finished SavePackage ../../../../../../Users/Doug!/Documents/Unreal Projects/FamilyThief/Content/ThirdPersonBP/AICharacter/BTTask_BlueprintBase_New.uasset
[2016.03.19-19.55.52:805][152]LogContentBrowser:Verbose: The majority of assets in the view are of type: Blueprint
[2016.03.19-19.56.30:108][115]LogMetaData: Removing '/Game/ThirdPersonBP/AICharacter/BTT_WanderToPoint.SKEL_BTT_WanderToPoint_C' ref from Metadata '/Game/ThirdPersonBP/AICharacter/BTTask_BlueprintBase_New.PackageMetaData'
[2016.03.19-19.56.30:108][115]LogMetaData: Removing '/Game/ThirdPersonBP/AICharacter/BTT_WanderToPoint.BTT_WanderToPoint_C' ref from Metadata '/Game/ThirdPersonBP/AICharacter/BTTask_BlueprintBase_New.PackageMetaData'
[2016.03.19-19.56.30:165][115]LogSavePackage: Save=21.945324ms
[2016.03.19-19.56.30:165][115]LogSavePackage: Moving '../../../../../../Users/Doug!/Documents/Unreal Projects/FamilyThief/Saved/BTT_WanderToPointCBFBAB1D4F9D7428B8FCF981A3426A63.tmp' to '../../../../../../Users/Doug!/Documents/Unreal Projects/FamilyThief/Content/ThirdPersonBP/AICharacter/BTT_WanderToPoint.uasset'
[2016.03.19-19.56.30:167][115]LogSavePackage: Total save time: 23.516439ms
[2016.03.19-19.56.30:167][115]LogSavePackage:Display: Finished SavePackage ../../../../../../Users/Doug!/Documents/Unreal Projects/FamilyThief/Content/ThirdPersonBP/AICharacter/BTT_WanderToPoint.uasset
[2016.03.19-19.56.30:428][121]LogPackageName: SearchForPackageOnDisk took   0.000s to resolve /Game/ThirdPersonBP/AICharacter/BTT_WanderToPoint.
[2016.03.19-19.59.04:496][456]LogSavePackage: Save=4.610453ms
[2016.03.19-19.59.04:496][456]LogSavePackage: Moving '../../../../../../Users/Doug!/Documents/Unreal Projects/FamilyThief/Saved/AICharacter_BehaviourTree9E4FCAAB4B9A466C4961DFAD9B6ED044.tmp' to '../../../../../../Users/Doug!/Documents/Unreal Projects/FamilyThief/Content/ThirdPersonBP/AICharacter/AICharacter_BehaviourTree.uasset'
[2016.03.19-19.59.04:497][456]LogSavePackage: Total save time: 10.355812ms
[2016.03.19-19.59.04:497][456]LogSavePackage:Display: Finished SavePackage ../../../../../../Users/Doug!/Documents/Unreal Projects/FamilyThief/Content/ThirdPersonBP/AICharacter/AICharacter_BehaviourTree.uasset
[2016.03.19-19.59.12:348][926]LogActorComponent: UnregisterComponent: (/Engine/Transient.CharMoveComp) Not registered. Aborting.
[2016.03.19-19.59.38:981][522]LogSlate:Warning: Prevented a slow task dialog from being summoned while a context menu was open
[2016.03.19-19.59.49:686][799]LogSlate:Warning: Prevented a slow task dialog from being summoned while a context menu was open
[2016.03.19-19.59.49:849][799]LogPackageName: SearchForPackageOnDisk took   0.000s, but failed to resolve /Game/ThirdPersonBP/AICharacter/BTTask_BlueprintBase_New.
[2016.03.19-20.00.20:285][619]BlueprintLog: New page: Compile BTTask_BlueprintBase_New
[2016.03.19-20.00.20:342][619]BlueprintEditorCompileResults: Info [2097.66] Compile of BTTask_BlueprintBase_New successful! [in 56 ms]
[2016.03.19-20.00.20:900][649]LogSavePackage: Save=8.247395ms
[2016.03.19-20.00.20:900][649]LogSavePackage: Moving '../../../../../../Users/Doug!/Documents/Unreal Projects/FamilyThief/Saved/BTTask_BlueprintBase_New9074C1C54D0AF035715C9FA05BE7C5ED.tmp' to '../../../../../../Users/Doug!/Documents/Unreal Projects/FamilyThief/Content/ThirdPersonBP/AICharacter/BTTask_BlueprintBase_New.uasset'
[2016.03.19-20.00.20:901][649]LogSavePackage: Total save time: 9.628888ms
[2016.03.19-20.00.20:901][649]LogSavePackage:Display: Finished SavePackage ../../../../../../Users/Doug!/Documents/Unreal Projects/FamilyThief/Content/ThirdPersonBP/AICharacter/BTTask_BlueprintBase_New.uasset
[2016.03.19-20.00.20:996][655]LogPackageName: SearchForPackageOnDisk took   0.000s to resolve /Game/ThirdPersonBP/AICharacter/BTTask_BlueprintBase_New.
[2016.03.19-20.00.47:823][926]LogContentBrowser:Verbose: The majority of assets in the view are of type: World
[2016.03.19-20.00.50:038][ 59]LogContentBrowser:Verbose: The majority of assets in the view are of type: Blueprint
[2016.03.19-20.02.05:568][181]BlueprintLog: New page: Compile BTTask_BlueprintBase_New
[2016.03.19-20.02.05:629][181]BlueprintEditorCompileResults: Info [2202.95] Compile of BTTask_BlueprintBase_New successful! [in 60 ms]
[2016.03.19-20.02.06:153][208]LogSavePackage: Save=13.254282ms
[2016.03.19-20.02.06:153][208]LogSavePackage: Moving '../../../../../../Users/Doug!/Documents/Unreal Projects/FamilyThief/Saved/BTTask_BlueprintBase_NewB08E1AD747716EEE99DAB1AEC5D13573.tmp' to '../../../../../../Users/Doug!/Documents/Unreal Projects/FamilyThief/Content/ThirdPersonBP/AICharacter/BTTask_BlueprintBase_New.uasset'
[2016.03.19-20.02.06:155][208]LogSavePackage: Total save time: 23.422271ms
[2016.03.19-20.02.06:155][208]LogSavePackage:Display: Finished SavePackage ../../../../../../Users/Doug!/Documents/Unreal Projects/FamilyThief/Content/ThirdPersonBP/AICharacter/BTTask_BlueprintBase_New.uasset
[2016.03.19-20.02.39:675][979]LogMetaData: Removing '/Game/ThirdPersonBP/AICharacter/BTT_SetWalkSpeed.SKEL_BTT_SetWalkSpeed_C' ref from Metadata '/Game/ThirdPersonBP/AICharacter/BTTask_BlueprintBase_New.PackageMetaData'
[2016.03.19-20.02.39:675][979]LogMetaData: Removing '/Game/ThirdPersonBP/AICharacter/BTT_SetWalkSpeed.BTT_SetWalkSpeed_C' ref from Metadata '/Game/ThirdPersonBP/AICharacter/BTTask_BlueprintBase_New.PackageMetaData'
[2016.03.19-20.02.39:746][979]LogSavePackage: Save=13.494967ms
[2016.03.19-20.02.39:746][979]LogSavePackage: Moving '../../../../../../Users/Doug!/Documents/Unreal Projects/FamilyThief/Saved/BTT_SetWalkSpeed22D908E2464322278D18679FE10139FC.tmp' to '../../../../../../Users/Doug!/Documents/Unreal Projects/FamilyThief/Content/ThirdPersonBP/AICharacter/BTT_SetWalkSpeed.uasset'
[2016.03.19-20.02.39:748][979]LogSavePackage: Total save time: 14.963444ms
[2016.03.19-20.02.39:748][979]LogSavePackage:Display: Finished SavePackage ../../../../../../Users/Doug!/Documents/Unreal Projects/FamilyThief/Content/ThirdPersonBP/AICharacter/BTT_SetWalkSpeed.uasset
[2016.03.19-20.02.40:002][982]LogPackageName: SearchForPackageOnDisk took   0.000s to resolve /Game/ThirdPersonBP/AICharacter/BTT_SetWalkSpeed.
[2016.03.19-20.02.42:666][139]LogActorComponent: UnregisterComponent: (/Engine/Transient.CharMoveComp) Not registered. Aborting.
[2016.03.19-20.02.42:901][139]LogSavePackage: Save=201.530518ms
[2016.03.19-20.02.42:901][139]LogSavePackage: Moving '../../../../../../Users/Doug!/Documents/Unreal Projects/FamilyThief/Saved/ThirdPersonExampleMapA55BB03045CD942B01496099BDD27683.tmp' to '../../../../../../Users/Doug!/Documents/Unreal Projects/FamilyThief/Content/ThirdPersonBP/Maps/ThirdPersonExampleMap.umap'
[2016.03.19-20.02.42:902][139]LogSavePackage: Total save time: 213.880058ms
[2016.03.19-20.02.42:903][139]LogSavePackage:Display: Finished SavePackage ../../../../../../Users/Doug!/Documents/Unreal Projects/FamilyThief/Content/ThirdPersonBP/Maps/ThirdPersonExampleMap.umap
[2016.03.19-20.05.39:738][729]LogSavePackage: Save=5.114144ms
[2016.03.19-20.05.39:738][729]LogSavePackage: Moving '../../../../../../Users/Doug!/Documents/Unreal Projects/FamilyThief/Saved/AICharacter_BehaviourTreeA5B6B20C452B09738C0230BC57C0C93C.tmp' to '../../../../../../Users/Doug!/Documents/Unreal Projects/FamilyThief/Content/ThirdPersonBP/AICharacter/AICharacter_BehaviourTree.uasset'
[2016.03.19-20.05.39:739][729]LogSavePackage: Total save time: 11.292119ms
[2016.03.19-20.05.39:739][729]LogSavePackage:Display: Finished SavePackage ../../../../../../Users/Doug!/Documents/Unreal Projects/FamilyThief/Content/ThirdPersonBP/AICharacter/AICharacter_BehaviourTree.uasset
[2016.03.19-20.06.03:235][641]LogSavePackage: Save=5.544449ms
[2016.03.19-20.06.03:235][641]LogSavePackage: Moving '../../../../../../Users/Doug!/Documents/Unreal Projects/FamilyThief/Saved/AICharacter_BehaviourTree40EC005345B672AAFD7E198E6EF6C6BA.tmp' to '../../../../../../Users/Doug!/Documents/Unreal Projects/FamilyThief/Content/ThirdPersonBP/AICharacter/AICharacter_BehaviourTree.uasset'
[2016.03.19-20.06.03:236][641]LogSavePackage: Total save time: 8.899909ms
[2016.03.19-20.06.03:236][641]LogSavePackage:Display: Finished SavePackage ../../../../../../Users/Doug!/Documents/Unreal Projects/FamilyThief/Content/ThirdPersonBP/AICharacter/AICharacter_BehaviourTree.uasset
[2016.03.19-20.06.44:276][167]BlueprintLog: New page: Compile BTT_SetWalkSpeed
[2016.03.19-20.06.44:335][167]BlueprintEditorCompileResults: Info [2481.65] Compile of BTT_SetWalkSpeed successful! [in 59 ms]
[2016.03.19-20.06.44:921][198]LogSavePackage: Save=13.550647ms
[2016.03.19-20.06.44:921][198]LogSavePackage: Moving '../../../../../../Users/Doug!/Documents/Unreal Projects/FamilyThief/Saved/BTT_SetWalkSpeedAF3B9A0E4DF078262820BA93C7B4542A.tmp' to '../../../../../../Users/Doug!/Documents/Unreal Projects/FamilyThief/Content/ThirdPersonBP/AICharacter/BTT_SetWalkSpeed.uasset'
[2016.03.19-20.06.44:923][198]LogSavePackage: Total save time: 24.896137ms
[2016.03.19-20.06.44:923][198]LogSavePackage:Display: Finished SavePackage ../../../../../../Users/Doug!/Documents/Unreal Projects/FamilyThief/Content/ThirdPersonBP/AICharacter/BTT_SetWalkSpeed.uasset
[2016.03.19-20.06.58:671][989]LogBlueprintUserMessages: Early PlayInEditor Detection: Level '/Game/ThirdPersonBP/Maps/ThirdPersonExampleMap.ThirdPersonExampleMap:PersistentLevel' has LevelScriptBlueprint '/Game/ThirdPersonBP/Maps/ThirdPersonExampleMap.ThirdPersonExampleMap:PersistentLevel.ThirdPersonExampleMap' with GeneratedClass '/Game/ThirdPersonBP/Maps/ThirdPersonExampleMap.ThirdPersonExampleMap_C' with ClassGeneratedBy '/Game/ThirdPersonBP/Maps/ThirdPersonExampleMap.ThirdPersonExampleMap:PersistentLevel.ThirdPersonExampleMap'
[2016.03.19-20.06.58:674][989]LogPlayLevel: PlayLevel: No blueprints needed recompiling
[2016.03.19-20.06.58:674][989]PIE: New page: PIE session: ThirdPersonExampleMap (Mar 19, 2016, 12:06:58 PM)
[2016.03.19-20.06.58:674][989]LogPlayLevel: Creating play world package: /Game/ThirdPersonBP/Maps/UEDPIE_0_ThirdPersonExampleMap
[2016.03.19-20.06.58:691][989]LogPlayLevel: PIE: StaticDuplicateObject took: (0.017038s)
[2016.03.19-20.06.58:692][989]LogAIModule: Creating AISystem for world ThirdPersonExampleMap
[2016.03.19-20.06.58:692][989]LogPlayLevel: PIE: World Init took: (0.000959s)
[2016.03.19-20.06.58:692][989]LogPlayLevel: PIE: Created PIE world by copying editor world from /Game/ThirdPersonBP/Maps/ThirdPersonExampleMap.ThirdPersonExampleMap to /Game/ThirdPersonBP/Maps/UEDPIE_0_ThirdPersonExampleMap.ThirdPersonExampleMap (0.018288s)
[2016.03.19-20.06.58:726][989]LogInit: XAudio2 using 'Speakers (Realtek High Definition Audio)' : 4 channels at 48 kHz using 32 bits per sample (channel mask 0x33)
[2016.03.19-20.06.58:729][989]LogInit: FAudioDevice initialized.
[2016.03.19-20.06.58:782][989]LogWorld: Game class is 'ThirdPersonGameMode_C'
[2016.03.19-20.06.58:786][989]LogWorld: Bringing World /Game/ThirdPersonBP/Maps/UEDPIE_0_ThirdPersonExampleMap.ThirdPersonExampleMap up for play (max tick rate 60) at 2016.03.19-16.06.58
[2016.03.19-20.06.58:786][989]LogActor:Warning: GameSession /Game/ThirdPersonBP/Maps/UEDPIE_0_ThirdPersonExampleMap.ThirdPersonExampleMap:PersistentLevel.GameSession_0 has natively added scene component(s), but none of them were set as the actor's RootComponent - picking one arbitrarily
[2016.03.19-20.06.58:786][989]LogActor:Warning: GameNetworkManager /Game/ThirdPersonBP/Maps/UEDPIE_0_ThirdPersonExampleMap.ThirdPersonExampleMap:PersistentLevel.GameNetworkManager_0 has natively added scene component(s), but none of them were set as the actor's RootComponent - picking one arbitrarily
[2016.03.19-20.06.58:787][989]LogWorld: Bringing up level for play took: 0.003858
[2016.03.19-20.06.58:788][989]PIE: Info Play in editor start time for /Game/ThirdPersonBP/Maps/UEDPIE_0_ThirdPersonExampleMap -0.452
[2016.03.19-20.06.58:788][989]LogBlueprintUserMessages: Late PlayInEditor Detection: Level '/Game/ThirdPersonBP/Maps/ThirdPersonExampleMap.ThirdPersonExampleMap:PersistentLevel' has LevelScriptBlueprint '/Game/ThirdPersonBP/Maps/ThirdPersonExampleMap.ThirdPersonExampleMap:PersistentLevel.ThirdPersonExampleMap' with GeneratedClass '/Game/ThirdPersonBP/Maps/ThirdPersonExampleMap.ThirdPersonExampleMap_C' with ClassGeneratedBy '/Game/ThirdPersonBP/Maps/ThirdPersonExampleMap.ThirdPersonExampleMap:PersistentLevel.ThirdPersonExampleMap'
[2016.03.19-20.07.04:522][331]LogBlueprintUserMessages: Early EndPlayMap Detection: Level '/Game/ThirdPersonBP/Maps/ThirdPersonExampleMap.ThirdPersonExampleMap:PersistentLevel' has LevelScriptBlueprint '/Game/ThirdPersonBP/Maps/ThirdPersonExampleMap.ThirdPersonExampleMap:PersistentLevel.ThirdPersonExampleMap' with GeneratedClass '/Game/ThirdPersonBP/Maps/ThirdPersonExampleMap.ThirdPersonExampleMap_C' with ClassGeneratedBy '/Game/ThirdPersonBP/Maps/ThirdPersonExampleMap.ThirdPersonExampleMap:PersistentLevel.ThirdPersonExampleMap'
[2016.03.19-20.07.04:563][331]LogBlueprintUserMessages: Late EndPlayMap Detection: Level '/Game/ThirdPersonBP/Maps/ThirdPersonExampleMap.ThirdPersonExampleMap:PersistentLevel' has LevelScriptBlueprint '/Game/ThirdPersonBP/Maps/ThirdPersonExampleMap.ThirdPersonExampleMap:PersistentLevel.ThirdPersonExampleMap' with GeneratedClass '/Game/ThirdPersonBP/Maps/ThirdPersonExampleMap.ThirdPersonExampleMap_C' with ClassGeneratedBy '/Game/ThirdPersonBP/Maps/ThirdPersonExampleMap.ThirdPersonExampleMap:PersistentLevel.ThirdPersonExampleMap'
[2016.03.19-20.07.04:608][332]LogParticles: Destroying 0 GPU particle simulations for FXSystem 0x000000E8D4A6B560
[2016.03.19-20.09.10:373][669]LogSavePackage: Save=13.735650ms
[2016.03.19-20.09.10:373][669]LogSavePackage: Moving '../../../../../../Users/Doug!/Documents/Unreal Projects/FamilyThief/Saved/BTT_SetWalkSpeedB11808E8499ACF0B96A6698608392505.tmp' to '../../../../../../Users/Doug!/Documents/Unreal Projects/FamilyThief/Content/ThirdPersonBP/AICharacter/BTT_SetWalkSpeed.uasset'
[2016.03.19-20.09.10:375][669]LogSavePackage: Total save time: 17.705649ms
[2016.03.19-20.09.10:375][669]LogSavePackage:Display: Finished SavePackage ../../../../../../Users/Doug!/Documents/Unreal Projects/FamilyThief/Content/ThirdPersonBP/AICharacter/BTT_SetWalkSpeed.uasset
[2016.03.19-20.09.14:753][892]LogBlueprintUserMessages: Early PlayInEditor Detection: Level '/Game/ThirdPersonBP/Maps/ThirdPersonExampleMap.ThirdPersonExampleMap:PersistentLevel' has LevelScriptBlueprint '/Game/ThirdPersonBP/Maps/ThirdPersonExampleMap.ThirdPersonExampleMap:PersistentLevel.ThirdPersonExampleMap' with GeneratedClass '/Game/ThirdPersonBP/Maps/ThirdPersonExampleMap.ThirdPersonExampleMap_C' with ClassGeneratedBy '/Game/ThirdPersonBP/Maps/ThirdPersonExampleMap.ThirdPersonExampleMap:PersistentLevel.ThirdPersonExampleMap'
[2016.03.19-20.09.14:756][892]LogPlayLevel: PlayLevel: No blueprints needed recompiling
[2016.03.19-20.09.14:757][892]PIE: New page: PIE session: ThirdPersonExampleMap (Mar 19, 2016, 12:09:14 PM)
[2016.03.19-20.09.14:757][892]LogPlayLevel: Creating play world package: /Game/ThirdPersonBP/Maps/UEDPIE_0_ThirdPersonExampleMap
[2016.03.19-20.09.14:773][892]LogPlayLevel: PIE: StaticDuplicateObject took: (0.016877s)
[2016.03.19-20.09.14:774][892]LogAIModule: Creating AISystem for world ThirdPersonExampleMap
[2016.03.19-20.09.14:775][892]LogPlayLevel: PIE: World Init took: (0.001055s)
[2016.03.19-20.09.14:775][892]LogPlayLevel: PIE: Created PIE world by copying editor world from /Game/ThirdPersonBP/Maps/ThirdPersonExampleMap.ThirdPersonExampleMap to /Game/ThirdPersonBP/Maps/UEDPIE_0_ThirdPersonExampleMap.ThirdPersonExampleMap (0.018149s)
[2016.03.19-20.09.14:805][892]LogInit: XAudio2 using 'Speakers (Realtek High Definition Audio)' : 4 channels at 48 kHz using 32 bits per sample (channel mask 0x33)
[2016.03.19-20.09.14:808][892]LogInit: FAudioDevice initialized.
[2016.03.19-20.09.14:838][892]LogWorld: Game class is 'ThirdPersonGameMode_C'
[2016.03.19-20.09.14:842][892]LogWorld: Bringing World /Game/ThirdPersonBP/Maps/UEDPIE_0_ThirdPersonExampleMap.ThirdPersonExampleMap up for play (max tick rate 60) at 2016.03.19-16.09.14
[2016.03.19-20.09.14:842][892]LogActor:Warning: GameSession /Game/ThirdPersonBP/Maps/UEDPIE_0_ThirdPersonExampleMap.ThirdPersonExampleMap:PersistentLevel.GameSession_1 has natively added scene component(s), but none of them were set as the actor's RootComponent - picking one arbitrarily
[2016.03.19-20.09.14:843][892]LogActor:Warning: GameNetworkManager /Game/ThirdPersonBP/Maps/UEDPIE_0_ThirdPersonExampleMap.ThirdPersonExampleMap:PersistentLevel.GameNetworkManager_1 has natively added scene component(s), but none of them were set as the actor's RootComponent - picking one arbitrarily
[2016.03.19-20.09.14:843][892]LogWorld: Bringing up level for play took: 0.003823
[2016.03.19-20.09.14:845][892]PIE: Info Play in editor start time for /Game/ThirdPersonBP/Maps/UEDPIE_0_ThirdPersonExampleMap -0.396
[2016.03.19-20.09.14:845][892]LogBlueprintUserMessages: Late PlayInEditor Detection: Level '/Game/ThirdPersonBP/Maps/ThirdPersonExampleMap.ThirdPersonExampleMap:PersistentLevel' has LevelScriptBlueprint '/Game/ThirdPersonBP/Maps/ThirdPersonExampleMap.ThirdPersonExampleMap:PersistentLevel.ThirdPersonExampleMap' with GeneratedClass '/Game/ThirdPersonBP/Maps/ThirdPersonExampleMap.ThirdPersonExampleMap_C' with ClassGeneratedBy '/Game/ThirdPersonBP/Maps/ThirdPersonExampleMap.ThirdPersonExampleMap:PersistentLevel.ThirdPersonExampleMap'
[2016.03.19-20.09.19:277][157]LogBlueprintUserMessages: Early EndPlayMap Detection: Level '/Game/ThirdPersonBP/Maps/ThirdPersonExampleMap.ThirdPersonExampleMap:PersistentLevel' has LevelScriptBlueprint '/Game/ThirdPersonBP/Maps/ThirdPersonExampleMap.ThirdPersonExampleMap:PersistentLevel.ThirdPersonExampleMap' with GeneratedClass '/Game/ThirdPersonBP/Maps/ThirdPersonExampleMap.ThirdPersonExampleMap_C' with ClassGeneratedBy '/Game/ThirdPersonBP/Maps/ThirdPersonExampleMap.ThirdPersonExampleMap:PersistentLevel.ThirdPersonExampleMap'
[2016.03.19-20.09.19:313][157]LogBlueprintUserMessages: Late EndPlayMap Detection: Level '/Game/ThirdPersonBP/Maps/ThirdPersonExampleMap.ThirdPersonExampleMap:PersistentLevel' has LevelScriptBlueprint '/Game/ThirdPersonBP/Maps/ThirdPersonExampleMap.ThirdPersonExampleMap:PersistentLevel.ThirdPersonExampleMap' with GeneratedClass '/Game/ThirdPersonBP/Maps/ThirdPersonExampleMap.ThirdPersonExampleMap_C' with ClassGeneratedBy '/Game/ThirdPersonBP/Maps/ThirdPersonExampleMap.ThirdPersonExampleMap:PersistentLevel.ThirdPersonExampleMap'
[2016.03.19-20.09.19:356][158]LogParticles: Destroying 0 GPU particle simulations for FXSystem 0x000000E940C1A160
[2016.03.19-20.09.40:786][322]LogSavePackage: Save=19.430975ms
[2016.03.19-20.09.40:786][322]LogSavePackage: Moving '../../../../../../Users/Doug!/Documents/Unreal Projects/FamilyThief/Saved/BTT_WanderToPointC208931649E43BCECE62888A5A4428E9.tmp' to '../../../../../../Users/Doug!/Documents/Unreal Projects/FamilyThief/Content/ThirdPersonBP/AICharacter/BTT_WanderToPoint.uasset'
[2016.03.19-20.09.40:788][322]LogSavePackage: Total save time: 30.194774ms
[2016.03.19-20.09.40:788][322]LogSavePackage:Display: Finished SavePackage ../../../../../../Users/Doug!/Documents/Unreal Projects/FamilyThief/Content/ThirdPersonBP/AICharacter/BTT_WanderToPoint.uasset
[2016.03.19-20.09.43:138][462]LogBlueprintUserMessages: Early PlayInEditor Detection: Level '/Game/ThirdPersonBP/Maps/ThirdPersonExampleMap.ThirdPersonExampleMap:PersistentLevel' has LevelScriptBlueprint '/Game/ThirdPersonBP/Maps/ThirdPersonExampleMap.ThirdPersonExampleMap:PersistentLevel.ThirdPersonExampleMap' with GeneratedClass '/Game/ThirdPersonBP/Maps/ThirdPersonExampleMap.ThirdPersonExampleMap_C' with ClassGeneratedBy '/Game/ThirdPersonBP/Maps/ThirdPersonExampleMap.ThirdPersonExampleMap:PersistentLevel.ThirdPersonExampleMap'
[2016.03.19-20.09.43:141][462]BlueprintLog: New page: Pre-Play auto-recompile
[2016.03.19-20.09.43:143][462]LogPlayLevel: [PlayLevel] Compiling BTT_WanderToPoint before play...
[2016.03.19-20.09.43:180][462]LogPlayLevel: PlayLevel: Blueprint regeneration took 39 ms (1 blueprints)
[2016.03.19-20.09.43:204][462]PIE: New page: PIE session: ThirdPersonExampleMap (Mar 19, 2016, 12:09:43 PM)
[2016.03.19-20.09.43:204][462]LogPlayLevel: Creating play world package: /Game/ThirdPersonBP/Maps/UEDPIE_0_ThirdPersonExampleMap
[2016.03.19-20.09.43:221][462]LogPlayLevel: PIE: StaticDuplicateObject took: (0.016773s)
[2016.03.19-20.09.43:222][462]LogAIModule: Creating AISystem for world ThirdPersonExampleMap
[2016.03.19-20.09.43:222][462]LogPlayLevel: PIE: World Init took: (0.000737s)
[2016.03.19-20.09.43:222][462]LogPlayLevel: PIE: Created PIE world by copying editor world from /Game/ThirdPersonBP/Maps/ThirdPersonExampleMap.ThirdPersonExampleMap to /Game/ThirdPersonBP/Maps/UEDPIE_0_ThirdPersonExampleMap.ThirdPersonExampleMap (0.017720s)
[2016.03.19-20.09.43:254][462]LogInit: XAudio2 using 'Speakers (Realtek High Definition Audio)' : 4 channels at 48 kHz using 32 bits per sample (channel mask 0x33)
[2016.03.19-20.09.43:256][462]LogInit: FAudioDevice initialized.
[2016.03.19-20.09.43:292][462]LogWorld: Game class is 'ThirdPersonGameMode_C'
[2016.03.19-20.09.43:296][462]LogWorld: Bringing World /Game/ThirdPersonBP/Maps/UEDPIE_0_ThirdPersonExampleMap.ThirdPersonExampleMap up for play (max tick rate 60) at 2016.03.19-16.09.43
[2016.03.19-20.09.43:296][462]LogActor:Warning: GameSession /Game/ThirdPersonBP/Maps/UEDPIE_0_ThirdPersonExampleMap.ThirdPersonExampleMap:PersistentLevel.GameSession_2 has natively added scene component(s), but none of them were set as the actor's RootComponent - picking one arbitrarily
[2016.03.19-20.09.43:296][462]LogActor:Warning: GameNetworkManager /Game/ThirdPersonBP/Maps/UEDPIE_0_ThirdPersonExampleMap.ThirdPersonExampleMap:PersistentLevel.GameNetworkManager_2 has natively added scene component(s), but none of them were set as the actor's RootComponent - picking one arbitrarily
[2016.03.19-20.09.43:296][462]LogWorld: Bringing up level for play took: 0.003572
[2016.03.19-20.09.43:298][462]PIE: Info Play in editor start time for /Game/ThirdPersonBP/Maps/UEDPIE_0_ThirdPersonExampleMap 0.058
[2016.03.19-20.09.43:298][462]LogBlueprintUserMessages: Late PlayInEditor Detection: Level '/Game/ThirdPersonBP/Maps/ThirdPersonExampleMap.ThirdPersonExampleMap:PersistentLevel' has LevelScriptBlueprint '/Game/ThirdPersonBP/Maps/ThirdPersonExampleMap.ThirdPersonExampleMap:PersistentLevel.ThirdPersonExampleMap' with GeneratedClass '/Game/ThirdPersonBP/Maps/ThirdPersonExampleMap.ThirdPersonExampleMap_C' with ClassGeneratedBy '/Game/ThirdPersonBP/Maps/ThirdPersonExampleMap.ThirdPersonExampleMap:PersistentLevel.ThirdPersonExampleMap'
[2016.03.19-20.09.47:543][677]LogBlueprintUserMessages: Early EndPlayMap Detection: Level '/Game/ThirdPersonBP/Maps/ThirdPersonExampleMap.ThirdPersonExampleMap:PersistentLevel' has LevelScriptBlueprint '/Game/ThirdPersonBP/Maps/ThirdPersonExampleMap.ThirdPersonExampleMap:PersistentLevel.ThirdPersonExampleMap' with GeneratedClass '/Game/ThirdPersonBP/Maps/ThirdPersonExampleMap.ThirdPersonExampleMap_C' with ClassGeneratedBy '/Game/ThirdPersonBP/Maps/ThirdPersonExampleMap.ThirdPersonExampleMap:PersistentLevel.ThirdPersonExampleMap'
[2016.03.19-20.09.47:578][677]LogBlueprintUserMessages: Late EndPlayMap Detection: Level '/Game/ThirdPersonBP/Maps/ThirdPersonExampleMap.ThirdPersonExampleMap:PersistentLevel' has LevelScriptBlueprint '/Game/ThirdPersonBP/Maps/ThirdPersonExampleMap.ThirdPersonExampleMap:PersistentLevel.ThirdPersonExampleMap' with GeneratedClass '/Game/ThirdPersonBP/Maps/ThirdPersonExampleMap.ThirdPersonExampleMap_C' with ClassGeneratedBy '/Game/ThirdPersonBP/Maps/ThirdPersonExampleMap.ThirdPersonExampleMap:PersistentLevel.ThirdPersonExampleMap'
[2016.03.19-20.09.47:620][678]LogParticles: Destroying 0 GPU particle simulations for FXSystem 0x000000E9296A9E40
[2016.03.19-20.11.31:059][ 61]BlueprintLog: New page: Compile BTT_WanderToPoint
[2016.03.19-20.11.31:064][ 61]LogBlueprint:Error: [compiler BTT_WanderToPoint] Error This blueprint (self) is not a Actor, therefore ' Target ' must have a connection.
[2016.03.19-20.11.31:064][ 61]LogBlueprint:Error: [compiler BTT_WanderToPoint] Error Variable node  Get Instigator  uses an invalid target.  It may depend on a node that is not connected to the execution chain, and got purged.
[2016.03.19-20.11.31:153][ 61]LogBlueprint:Warning: [compiler BTT_WanderToPoint] Warning [2768.47] Compile of BTT_WanderToPoint failed. 2 Fatal Issue(s) 0 Warning(s) [in 94 ms]
[2016.03.19-20.11.31:153][ 61]BlueprintEditorCompileResults:Error: Error This blueprint (self) is not a Actor, therefore ' Target ' must have a connection.
[2016.03.19-20.11.31:153][ 61]BlueprintEditorCompileResults:Error: Error Variable node  Get Instigator  uses an invalid target.  It may depend on a node that is not connected to the execution chain, and got purged.
[2016.03.19-20.11.31:153][ 61]BlueprintEditorCompileResults:Warning: Warning [2768.47] Compile of BTT_WanderToPoint failed. 2 Fatal Issue(s) 0 Warning(s) [in 94 ms]
[2016.03.19-20.11.33:327][191]LogEditorTransaction: Undo Move Node
[2016.03.19-20.11.33:664][207]LogEditorTransaction: Undo Move Node
[2016.03.19-20.11.34:810][269]LogEditorTransaction: Undo Create Pin Link
[2016.03.19-20.11.36:477][368]BlueprintLog: New page: Compile BTT_WanderToPoint
[2016.03.19-20.11.36:539][368]BlueprintEditorCompileResults: Info [2773.86] Compile of BTT_WanderToPoint successful! [in 61 ms]
[2016.03.19-20.11.37:088][397]LogSavePackage: Save=19.526684ms
[2016.03.19-20.11.37:088][397]LogSavePackage: Moving '../../../../../../Users/Doug!/Documents/Unreal Projects/FamilyThief/Saved/BTT_WanderToPoint5A78E1F045654042537317981F930F92.tmp' to '../../../../../../Users/Doug!/Documents/Unreal Projects/FamilyThief/Content/ThirdPersonBP/AICharacter/BTT_WanderToPoint.uasset'
[2016.03.19-20.11.37:090][397]LogSavePackage: Total save time: 23.950085ms
[2016.03.19-20.11.37:090][397]LogSavePackage:Display: Finished SavePackage ../../../../../../Users/Doug!/Documents/Unreal Projects/FamilyThief/Content/ThirdPersonBP/AICharacter/BTT_WanderToPoint.uasset
[2016.03.19-20.13.11:699][674]BlueprintLog: New page: Compile BTS_VisionCheck
[2016.03.19-20.13.11:763][674]BlueprintEditorCompileResults: Info [2869.08] Compile of BTS_VisionCheck successful! [in 63 ms]
[2016.03.19-20.13.12:435][710]LogSavePackage: Save=25.421896ms
[2016.03.19-20.13.12:435][710]LogSavePackage: Moving '../../../../../../Users/Doug!/Documents/Unreal Projects/FamilyThief/Saved/BTS_VisionCheck9E91A11C4C033ED98EB5FC910E945154.tmp' to '../../../../../../Users/Doug!/Documents/Unreal Projects/FamilyThief/Content/ThirdPersonBP/AICharacter/BTS_VisionCheck.uasset'
[2016.03.19-20.13.12:436][710]LogSavePackage: Total save time: 32.674737ms
[2016.03.19-20.13.12:436][710]LogSavePackage:Display: Finished SavePackage ../../../../../../Users/Doug!/Documents/Unreal Projects/FamilyThief/Content/ThirdPersonBP/AICharacter/BTS_VisionCheck.uasset
[2016.03.19-20.13.15:039][833]LogBlueprintUserMessages: Early PlayInEditor Detection: Level '/Game/ThirdPersonBP/Maps/ThirdPersonExampleMap.ThirdPersonExampleMap:PersistentLevel' has LevelScriptBlueprint '/Game/ThirdPersonBP/Maps/ThirdPersonExampleMap.ThirdPersonExampleMap:PersistentLevel.ThirdPersonExampleMap' with GeneratedClass '/Game/ThirdPersonBP/Maps/ThirdPersonExampleMap.ThirdPersonExampleMap_C' with ClassGeneratedBy '/Game/ThirdPersonBP/Maps/ThirdPersonExampleMap.ThirdPersonExampleMap:PersistentLevel.ThirdPersonExampleMap'
[2016.03.19-20.13.15:042][833]LogPlayLevel: PlayLevel: No blueprints needed recompiling
[2016.03.19-20.13.15:042][833]PIE: New page: PIE session: ThirdPersonExampleMap (Mar 19, 2016, 12:13:15 PM)
[2016.03.19-20.13.15:042][833]LogPlayLevel: Creating play world package: /Game/ThirdPersonBP/Maps/UEDPIE_0_ThirdPersonExampleMap
[2016.03.19-20.13.15:059][833]LogPlayLevel: PIE: StaticDuplicateObject took: (0.016968s)
[2016.03.19-20.13.15:061][833]LogAIModule: Creating AISystem for world ThirdPersonExampleMap
[2016.03.19-20.13.15:061][833]LogPlayLevel: PIE: World Init took: (0.001455s)
[2016.03.19-20.13.15:061][833]LogPlayLevel: PIE: Created PIE world by copying editor world from /Game/ThirdPersonBP/Maps/ThirdPersonExampleMap.ThirdPersonExampleMap to /Game/ThirdPersonBP/Maps/UEDPIE_0_ThirdPersonExampleMap.ThirdPersonExampleMap (0.018635s)
[2016.03.19-20.13.15:092][833]LogInit: XAudio2 using 'Speakers (Realtek High Definition Audio)' : 4 channels at 48 kHz using 32 bits per sample (channel mask 0x33)
[2016.03.19-20.13.15:095][833]LogInit: FAudioDevice initialized.
[2016.03.19-20.13.15:130][833]LogWorld: Game class is 'ThirdPersonGameMode_C'
[2016.03.19-20.13.15:134][833]LogWorld: Bringing World /Game/ThirdPersonBP/Maps/UEDPIE_0_ThirdPersonExampleMap.ThirdPersonExampleMap up for play (max tick rate 60) at 2016.03.19-16.13.15
[2016.03.19-20.13.15:134][833]LogActor:Warning: GameSession /Game/ThirdPersonBP/Maps/UEDPIE_0_ThirdPersonExampleMap.ThirdPersonExampleMap:PersistentLevel.GameSession_3 has natively added scene component(s), but none of them were set as the actor's RootComponent - picking one arbitrarily
[2016.03.19-20.13.15:134][833]LogActor:Warning: GameNetworkManager /Game/ThirdPersonBP/Maps/UEDPIE_0_ThirdPersonExampleMap.ThirdPersonExampleMap:PersistentLevel.GameNetworkManager_3 has natively added scene component(s), but none of them were set as the actor's RootComponent - picking one arbitrarily
[2016.03.19-20.13.15:135][833]LogWorld: Bringing up level for play took: 0.003896
[2016.03.19-20.13.15:136][833]PIE: Info Play in editor start time for /Game/ThirdPersonBP/Maps/UEDPIE_0_ThirdPersonExampleMap -0.104
[2016.03.19-20.13.15:136][833]LogBlueprintUserMessages: Late PlayInEditor Detection: Level '/Game/ThirdPersonBP/Maps/ThirdPersonExampleMap.ThirdPersonExampleMap:PersistentLevel' has LevelScriptBlueprint '/Game/ThirdPersonBP/Maps/ThirdPersonExampleMap.ThirdPersonExampleMap:PersistentLevel.ThirdPersonExampleMap' with GeneratedClass '/Game/ThirdPersonBP/Maps/ThirdPersonExampleMap.ThirdPersonExampleMap_C' with ClassGeneratedBy '/Game/ThirdPersonBP/Maps/ThirdPersonExampleMap.ThirdPersonExampleMap:PersistentLevel.ThirdPersonExampleMap'
[2016.03.19-20.13.21:736][228]LogBlueprintUserMessages: Early EndPlayMap Detection: Level '/Game/ThirdPersonBP/Maps/ThirdPersonExampleMap.ThirdPersonExampleMap:PersistentLevel' has LevelScriptBlueprint '/Game/ThirdPersonBP/Maps/ThirdPersonExampleMap.ThirdPersonExampleMap:PersistentLevel.ThirdPersonExampleMap' with GeneratedClass '/Game/ThirdPersonBP/Maps/ThirdPersonExampleMap.ThirdPersonExampleMap_C' with ClassGeneratedBy '/Game/ThirdPersonBP/Maps/ThirdPersonExampleMap.ThirdPersonExampleMap:PersistentLevel.ThirdPersonExampleMap'
[2016.03.19-20.13.21:771][228]LogBlueprintUserMessages: Late EndPlayMap Detection: Level '/Game/ThirdPersonBP/Maps/ThirdPersonExampleMap.ThirdPersonExampleMap:PersistentLevel' has LevelScriptBlueprint '/Game/ThirdPersonBP/Maps/ThirdPersonExampleMap.ThirdPersonExampleMap:PersistentLevel.ThirdPersonExampleMap' with GeneratedClass '/Game/ThirdPersonBP/Maps/ThirdPersonExampleMap.ThirdPersonExampleMap_C' with ClassGeneratedBy '/Game/ThirdPersonBP/Maps/ThirdPersonExampleMap.ThirdPersonExampleMap:PersistentLevel.ThirdPersonExampleMap'
[2016.03.19-20.13.21:814][229]LogParticles: Destroying 0 GPU particle simulations for FXSystem 0x000000E940CFD620
[2016.03.19-20.13.52:500][ 61]LogSavePackage: Save=24.809923ms
[2016.03.19-20.13.52:500][ 61]LogSavePackage: Moving '../../../../../../Users/Doug!/Documents/Unreal Projects/FamilyThief/Saved/BTS_VisionCheckA972624B44D7C263E9C4808D832BDDD7.tmp' to '../../../../../../Users/Doug!/Documents/Unreal Projects/FamilyThief/Content/ThirdPersonBP/AICharacter/BTS_VisionCheck.uasset'
[2016.03.19-20.13.52:501][ 61]LogSavePackage: Total save time: 28.071214ms
[2016.03.19-20.13.52:501][ 61]LogSavePackage:Display: Finished SavePackage ../../../../../../Users/Doug!/Documents/Unreal Projects/FamilyThief/Content/ThirdPersonBP/AICharacter/BTS_VisionCheck.uasset
[2016.03.19-20.13.54:848][170]LogBlueprintUserMessages: Early PlayInEditor Detection: Level '/Game/ThirdPersonBP/Maps/ThirdPersonExampleMap.ThirdPersonExampleMap:PersistentLevel' has LevelScriptBlueprint '/Game/ThirdPersonBP/Maps/ThirdPersonExampleMap.ThirdPersonExampleMap:PersistentLevel.ThirdPersonExampleMap' with GeneratedClass '/Game/ThirdPersonBP/Maps/ThirdPersonExampleMap.ThirdPersonExampleMap_C' with ClassGeneratedBy '/Game/ThirdPersonBP/Maps/ThirdPersonExampleMap.ThirdPersonExampleMap:PersistentLevel.ThirdPersonExampleMap'
[2016.03.19-20.13.54:851][170]LogPlayLevel: PlayLevel: No blueprints needed recompiling
[2016.03.19-20.13.54:851][170]PIE: New page: PIE session: ThirdPersonExampleMap (Mar 19, 2016, 12:13:54 PM)
[2016.03.19-20.13.54:851][170]LogPlayLevel: Creating play world package: /Game/ThirdPersonBP/Maps/UEDPIE_0_ThirdPersonExampleMap
[2016.03.19-20.13.54:869][170]LogPlayLevel: PIE: StaticDuplicateObject took: (0.018089s)
[2016.03.19-20.13.54:870][170]LogAIModule: Creating AISystem for world ThirdPersonExampleMap
[2016.03.19-20.13.54:870][170]LogPlayLevel: PIE: World Init took: (0.000783s)
[2016.03.19-20.13.54:870][170]LogPlayLevel: PIE: Created PIE world by copying editor world from /Game/ThirdPersonBP/Maps/ThirdPersonExampleMap.ThirdPersonExampleMap to /Game/ThirdPersonBP/Maps/UEDPIE_0_ThirdPersonExampleMap.ThirdPersonExampleMap (0.019098s)
[2016.03.19-20.13.54:900][170]LogInit: XAudio2 using 'Speakers (Realtek High Definition Audio)' : 4 channels at 48 kHz using 32 bits per sample (channel mask 0x33)
[2016.03.19-20.13.54:903][170]LogInit: FAudioDevice initialized.
[2016.03.19-20.13.54:936][170]LogWorld: Game class is 'ThirdPersonGameMode_C'
[2016.03.19-20.13.54:940][170]LogWorld: Bringing World /Game/ThirdPersonBP/Maps/UEDPIE_0_ThirdPersonExampleMap.ThirdPersonExampleMap up for play (max tick rate 60) at 2016.03.19-16.13.54
[2016.03.19-20.13.54:940][170]LogActor:Warning: GameSession /Game/ThirdPersonBP/Maps/UEDPIE_0_ThirdPersonExampleMap.ThirdPersonExampleMap:PersistentLevel.GameSession_4 has natively added scene component(s), but none of them were set as the actor's RootComponent - picking one arbitrarily
[2016.03.19-20.13.54:940][170]LogActor:Warning: GameNetworkManager /Game/ThirdPersonBP/Maps/UEDPIE_0_ThirdPersonExampleMap.ThirdPersonExampleMap:PersistentLevel.GameNetworkManager_4 has natively added scene component(s), but none of them were set as the actor's RootComponent - picking one arbitrarily
[2016.03.19-20.13.54:940][170]LogWorld: Bringing up level for play took: 0.003681
[2016.03.19-20.13.54:942][170]PIE: Info Play in editor start time for /Game/ThirdPersonBP/Maps/UEDPIE_0_ThirdPersonExampleMap -0.298
[2016.03.19-20.13.54:942][170]LogBlueprintUserMessages: Late PlayInEditor Detection: Level '/Game/ThirdPersonBP/Maps/ThirdPersonExampleMap.ThirdPersonExampleMap:PersistentLevel' has LevelScriptBlueprint '/Game/ThirdPersonBP/Maps/ThirdPersonExampleMap.ThirdPersonExampleMap:PersistentLevel.ThirdPersonExampleMap' with GeneratedClass '/Game/ThirdPersonBP/Maps/ThirdPersonExampleMap.ThirdPersonExampleMap_C' with ClassGeneratedBy '/Game/ThirdPersonBP/Maps/ThirdPersonExampleMap.ThirdPersonExampleMap:PersistentLevel.ThirdPersonExampleMap'
[2016.03.19-20.14.08:760][998]LogBlueprintUserMessages: Early EndPlayMap Detection: Level '/Game/ThirdPersonBP/Maps/ThirdPersonExampleMap.ThirdPersonExampleMap:PersistentLevel' has LevelScriptBlueprint '/Game/ThirdPersonBP/Maps/ThirdPersonExampleMap.ThirdPersonExampleMap:PersistentLevel.ThirdPersonExampleMap' with GeneratedClass '/Game/ThirdPersonBP/Maps/ThirdPersonExampleMap.ThirdPersonExampleMap_C' with ClassGeneratedBy '/Game/ThirdPersonBP/Maps/ThirdPersonExampleMap.ThirdPersonExampleMap:PersistentLevel.ThirdPersonExampleMap'
[2016.03.19-20.14.08:796][998]LogBlueprintUserMessages: Late EndPlayMap Detection: Level '/Game/ThirdPersonBP/Maps/ThirdPersonExampleMap.ThirdPersonExampleMap:PersistentLevel' has LevelScriptBlueprint '/Game/ThirdPersonBP/Maps/ThirdPersonExampleMap.ThirdPersonExampleMap:PersistentLevel.ThirdPersonExampleMap' with GeneratedClass '/Game/ThirdPersonBP/Maps/ThirdPersonExampleMap.ThirdPersonExampleMap_C' with ClassGeneratedBy '/Game/ThirdPersonBP/Maps/ThirdPersonExampleMap.ThirdPersonExampleMap:PersistentLevel.ThirdPersonExampleMap'
[2016.03.19-20.14.08:838][999]LogParticles: Destroying 0 GPU particle simulations for FXSystem 0x000000E880BD9580
[2016.03.19-20.14.20:570][685]BlueprintLog: New page: Compile BTS_VisionCheck
[2016.03.19-20.14.20:633][685]BlueprintEditorCompileResults: Info [2937.95] Compile of BTS_VisionCheck successful! [in 63 ms]
[2016.03.19-20.14.21:219][716]LogSavePackage: Save=25.026230ms
[2016.03.19-20.14.21:219][716]LogSavePackage: Moving '../../../../../../Users/Doug!/Documents/Unreal Projects/FamilyThief/Saved/BTS_VisionCheck41FF641E4A6637485C0611975694EC0F.tmp' to '../../../../../../Users/Doug!/Documents/Unreal Projects/FamilyThief/Content/ThirdPersonBP/AICharacter/BTS_VisionCheck.uasset'
[2016.03.19-20.14.21:221][716]LogSavePackage: Total save time: 29.699802ms
[2016.03.19-20.14.21:221][716]LogSavePackage:Display: Finished SavePackage ../../../../../../Users/Doug!/Documents/Unreal Projects/FamilyThief/Content/ThirdPersonBP/AICharacter/BTS_VisionCheck.uasset
[2016.03.19-20.14.24:713][887]LogBlueprintUserMessages: Early PlayInEditor Detection: Level '/Game/ThirdPersonBP/Maps/ThirdPersonExampleMap.ThirdPersonExampleMap:PersistentLevel' has LevelScriptBlueprint '/Game/ThirdPersonBP/Maps/ThirdPersonExampleMap.ThirdPersonExampleMap:PersistentLevel.ThirdPersonExampleMap' with GeneratedClass '/Game/ThirdPersonBP/Maps/ThirdPersonExampleMap.ThirdPersonExampleMap_C' with ClassGeneratedBy '/Game/ThirdPersonBP/Maps/ThirdPersonExampleMap.ThirdPersonExampleMap:PersistentLevel.ThirdPersonExampleMap'
[2016.03.19-20.14.24:716][887]LogPlayLevel: PlayLevel: No blueprints needed recompiling
[2016.03.19-20.14.24:716][887]PIE: New page: PIE session: ThirdPersonExampleMap (Mar 19, 2016, 12:14:24 PM)
[2016.03.19-20.14.24:716][887]LogPlayLevel: Creating play world package: /Game/ThirdPersonBP/Maps/UEDPIE_0_ThirdPersonExampleMap
[2016.03.19-20.14.24:735][887]LogPlayLevel: PIE: StaticDuplicateObject took: (0.019064s)
[2016.03.19-20.14.24:736][887]LogAIModule: Creating AISystem for world ThirdPersonExampleMap
[2016.03.19-20.14.24:737][887]LogPlayLevel: PIE: World Init took: (0.001257s)
[2016.03.19-20.14.24:737][887]LogPlayLevel: PIE: Created PIE world by copying editor world from /Game/ThirdPersonBP/Maps/ThirdPersonExampleMap.ThirdPersonExampleMap to /Game/ThirdPersonBP/Maps/UEDPIE_0_ThirdPersonExampleMap.ThirdPersonExampleMap (0.020605s)
[2016.03.19-20.14.24:768][887]LogInit: XAudio2 using 'Speakers (Realtek High Definition Audio)' : 4 channels at 48 kHz using 32 bits per sample (channel mask 0x33)
[2016.03.19-20.14.24:771][887]LogInit: FAudioDevice initialized.
[2016.03.19-20.14.24:799][887]LogWorld: Game class is 'ThirdPersonGameMode_C'
[2016.03.19-20.14.24:803][887]LogWorld: Bringing World /Game/ThirdPersonBP/Maps/UEDPIE_0_ThirdPersonExampleMap.ThirdPersonExampleMap up for play (max tick rate 60) at 2016.03.19-16.14.24
[2016.03.19-20.14.24:803][887]LogActor:Warning: GameSession /Game/ThirdPersonBP/Maps/UEDPIE_0_ThirdPersonExampleMap.ThirdPersonExampleMap:PersistentLevel.GameSession_5 has natively added scene component(s), but none of them were set as the actor's RootComponent - picking one arbitrarily
[2016.03.19-20.14.24:803][887]LogActor:Warning: GameNetworkManager /Game/ThirdPersonBP/Maps/UEDPIE_0_ThirdPersonExampleMap.ThirdPersonExampleMap:PersistentLevel.GameNetworkManager_5 has natively added scene component(s), but none of them were set as the actor's RootComponent - picking one arbitrarily
[2016.03.19-20.14.24:803][887]LogWorld: Bringing up level for play took: 0.003797
[2016.03.19-20.14.24:805][887]PIE: Info Play in editor start time for /Game/ThirdPersonBP/Maps/UEDPIE_0_ThirdPersonExampleMap -0.435
[2016.03.19-20.14.24:805][887]LogBlueprintUserMessages: Late PlayInEditor Detection: Level '/Game/ThirdPersonBP/Maps/ThirdPersonExampleMap.ThirdPersonExampleMap:PersistentLevel' has LevelScriptBlueprint '/Game/ThirdPersonBP/Maps/ThirdPersonExampleMap.ThirdPersonExampleMap:PersistentLevel.ThirdPersonExampleMap' with GeneratedClass '/Game/ThirdPersonBP/Maps/ThirdPersonExampleMap.ThirdPersonExampleMap_C' with ClassGeneratedBy '/Game/ThirdPersonBP/Maps/ThirdPersonExampleMap.ThirdPersonExampleMap:PersistentLevel.ThirdPersonExampleMap'
[2016.03.19-20.14.29:005][138]LogBlueprintUserMessages: Early EndPlayMap Detection: Level '/Game/ThirdPersonBP/Maps/ThirdPersonExampleMap.ThirdPersonExampleMap:PersistentLevel' has LevelScriptBlueprint '/Game/ThirdPersonBP/Maps/ThirdPersonExampleMap.ThirdPersonExampleMap:PersistentLevel.ThirdPersonExampleMap' with GeneratedClass '/Game/ThirdPersonBP/Maps/ThirdPersonExampleMap.ThirdPersonExampleMap_C' with ClassGeneratedBy '/Game/ThirdPersonBP/Maps/ThirdPersonExampleMap.ThirdPersonExampleMap:PersistentLevel.ThirdPersonExampleMap'
[2016.03.19-20.14.29:043][138]LogBlueprintUserMessages: Late EndPlayMap Detection: Level '/Game/ThirdPersonBP/Maps/ThirdPersonExampleMap.ThirdPersonExampleMap:PersistentLevel' has LevelScriptBlueprint '/Game/ThirdPersonBP/Maps/ThirdPersonExampleMap.ThirdPersonExampleMap:PersistentLevel.ThirdPersonExampleMap' with GeneratedClass '/Game/ThirdPersonBP/Maps/ThirdPersonExampleMap.ThirdPersonExampleMap_C' with ClassGeneratedBy '/Game/ThirdPersonBP/Maps/ThirdPersonExampleMap.ThirdPersonExampleMap:PersistentLevel.ThirdPersonExampleMap'
[2016.03.19-20.14.29:067][138]LogParticles: Destroying 0 GPU particle simulations for FXSystem 0x000000E9311762A0
[2016.03.19-20.14.34:021][434]BlueprintLog: New page: Compile BTS_VisionCheck
[2016.03.19-20.14.34:085][434]BlueprintEditorCompileResults: Info [2951.40] Compile of BTS_VisionCheck successful! [in 64 ms]
[2016.03.19-20.14.34:552][459]LogSavePackage: Save=24.832760ms
[2016.03.19-20.14.34:552][459]LogSavePackage: Moving '../../../../../../Users/Doug!/Documents/Unreal Projects/FamilyThief/Saved/BTS_VisionCheckF7EE56FC4F043B239E81ADA6822EFB9D.tmp' to '../../../../../../Users/Doug!/Documents/Unreal Projects/FamilyThief/Content/ThirdPersonBP/AICharacter/BTS_VisionCheck.uasset'
[2016.03.19-20.14.34:554][459]LogSavePackage: Total save time: 28.712183ms
[2016.03.19-20.14.34:554][459]LogSavePackage:Display: Finished SavePackage ../../../../../../Users/Doug!/Documents/Unreal Projects/FamilyThief/Content/ThirdPersonBP/AICharacter/BTS_VisionCheck.uasset
[2016.03.19-20.15.37:960][882]LogFileHelpers: Editor autosave (incl. sublevels) for '/Game/ThirdPersonBP/Maps/ThirdPersonExampleMap' took 0.024
[2016.03.19-20.15.37:964][882]OBJ SavePackage: Generating thumbnails for [0] asset(s) in package [/Game/ThirdPersonBP/AICharacter/AICharacter_BehaviourTree] ([1] browsable assets)...
[2016.03.19-20.15.37:964][882]OBJ SavePackage: Finished generating thumbnails for package [/Game/ThirdPersonBP/AICharacter/AICharacter_BehaviourTree]
[2016.03.19-20.15.37:975][882]LogSavePackage: Save=5.174187ms
[2016.03.19-20.15.37:975][882]LogSavePackage: Moving '../../../../../../Users/Doug!/Documents/Unreal Projects/FamilyThief/Saved/AICharacter_BehaviourTree_Auto22C27CB2B4FD85102787CBB90623D648E.tmp' to '../../../../../../Users/Doug!/Documents/Unreal Projects/FamilyThief/Saved/Autosaves/Game/ThirdPersonBP/AICharacter/AICharacter_BehaviourTree_Auto2.uasset'
[2016.03.19-20.15.37:976][882]LogSavePackage: Total save time: 10.782015ms
[2016.03.19-20.15.37:976][882]LogSavePackage:Display: Finished SavePackage ../../../../../../Users/Doug!/Documents/Unreal Projects/FamilyThief/Saved/Autosaves/Game/ThirdPersonBP/AICharacter/AICharacter_BehaviourTree_Auto2.uasset
[2016.03.19-20.15.37:976][882]LogFileHelpers: Auto-saving content packages took 0.015
[2016.03.19-20.16.52:215][213]LogBlueprintUserMessages: Early PlayInEditor Detection: Level '/Game/ThirdPersonBP/Maps/ThirdPersonExampleMap.ThirdPersonExampleMap:PersistentLevel' has LevelScriptBlueprint '/Game/ThirdPersonBP/Maps/ThirdPersonExampleMap.ThirdPersonExampleMap:PersistentLevel.ThirdPersonExampleMap' with GeneratedClass '/Game/ThirdPersonBP/Maps/ThirdPersonExampleMap.ThirdPersonExampleMap_C' with ClassGeneratedBy '/Game/ThirdPersonBP/Maps/ThirdPersonExampleMap.ThirdPersonExampleMap:PersistentLevel.ThirdPersonExampleMap'
[2016.03.19-20.16.52:218][213]LogPlayLevel: PlayLevel: No blueprints needed recompiling
[2016.03.19-20.16.52:218][213]PIE: New page: PIE session: ThirdPersonExampleMap (Mar 19, 2016, 12:16:52 PM)
[2016.03.19-20.16.52:218][213]LogPlayLevel: Creating play world package: /Game/ThirdPersonBP/Maps/UEDPIE_0_ThirdPersonExampleMap
[2016.03.19-20.16.52:234][213]LogPlayLevel: PIE: StaticDuplicateObject took: (0.016476s)
[2016.03.19-20.16.52:235][213]LogAIModule: Creating AISystem for world ThirdPersonExampleMap
[2016.03.19-20.16.52:235][213]LogPlayLevel: PIE: World Init took: (0.000965s)
[2016.03.19-20.16.52:236][213]LogPlayLevel: PIE: Created PIE world by copying editor world from /Game/ThirdPersonBP/Maps/ThirdPersonExampleMap.ThirdPersonExampleMap to /Game/ThirdPersonBP/Maps/UEDPIE_0_ThirdPersonExampleMap.ThirdPersonExampleMap (0.017641s)
[2016.03.19-20.16.52:267][213]LogInit: XAudio2 using 'Speakers (Realtek High Definition Audio)' : 4 channels at 48 kHz using 32 bits per sample (channel mask 0x33)
[2016.03.19-20.16.52:270][213]LogInit: FAudioDevice initialized.
[2016.03.19-20.16.52:303][213]LogWorld: Game class is 'ThirdPersonGameMode_C'
[2016.03.19-20.16.52:307][213]LogWorld: Bringing World /Game/ThirdPersonBP/Maps/UEDPIE_0_ThirdPersonExampleMap.ThirdPersonExampleMap up for play (max tick rate 60) at 2016.03.19-16.16.52
[2016.03.19-20.16.52:307][213]LogActor:Warning: GameSession /Game/ThirdPersonBP/Maps/UEDPIE_0_ThirdPersonExampleMap.ThirdPersonExampleMap:PersistentLevel.GameSession_6 has natively added scene component(s), but none of them were set as the actor's RootComponent - picking one arbitrarily
[2016.03.19-20.16.52:307][213]LogActor:Warning: GameNetworkManager /Game/ThirdPersonBP/Maps/UEDPIE_0_ThirdPersonExampleMap.ThirdPersonExampleMap:PersistentLevel.GameNetworkManager_6 has natively added scene component(s), but none of them were set as the actor's RootComponent - picking one arbitrarily
[2016.03.19-20.16.52:307][213]LogWorld: Bringing up level for play took: 0.003706
[2016.03.19-20.16.52:309][213]PIE: Info Play in editor start time for /Game/ThirdPersonBP/Maps/UEDPIE_0_ThirdPersonExampleMap 1.069
[2016.03.19-20.16.52:309][213]LogBlueprintUserMessages: Late PlayInEditor Detection: Level '/Game/ThirdPersonBP/Maps/ThirdPersonExampleMap.ThirdPersonExampleMap:PersistentLevel' has LevelScriptBlueprint '/Game/ThirdPersonBP/Maps/ThirdPersonExampleMap.ThirdPersonExampleMap:PersistentLevel.ThirdPersonExampleMap' with GeneratedClass '/Game/ThirdPersonBP/Maps/ThirdPersonExampleMap.ThirdPersonExampleMap_C' with ClassGeneratedBy '/Game/ThirdPersonBP/Maps/ThirdPersonExampleMap.ThirdPersonExampleMap:PersistentLevel.ThirdPersonExampleMap'
[2016.03.19-20.17.08:730][197]LogBlueprintUserMessages: Early EndPlayMap Detection: Level '/Game/ThirdPersonBP/Maps/ThirdPersonExampleMap.ThirdPersonExampleMap:PersistentLevel' has LevelScriptBlueprint '/Game/ThirdPersonBP/Maps/ThirdPersonExampleMap.ThirdPersonExampleMap:PersistentLevel.ThirdPersonExampleMap' with GeneratedClass '/Game/ThirdPersonBP/Maps/ThirdPersonExampleMap.ThirdPersonExampleMap_C' with ClassGeneratedBy '/Game/ThirdPersonBP/Maps/ThirdPersonExampleMap.ThirdPersonExampleMap:PersistentLevel.ThirdPersonExampleMap'
[2016.03.19-20.17.08:763][197]LogBlueprintUserMessages: Late EndPlayMap Detection: Level '/Game/ThirdPersonBP/Maps/ThirdPersonExampleMap.ThirdPersonExampleMap:PersistentLevel' has LevelScriptBlueprint '/Game/ThirdPersonBP/Maps/ThirdPersonExampleMap.ThirdPersonExampleMap:PersistentLevel.ThirdPersonExampleMap' with GeneratedClass '/Game/ThirdPersonBP/Maps/ThirdPersonExampleMap.ThirdPersonExampleMap_C' with ClassGeneratedBy '/Game/ThirdPersonBP/Maps/ThirdPersonExampleMap.ThirdPersonExampleMap:PersistentLevel.ThirdPersonExampleMap'
[2016.03.19-20.17.08:804][198]LogParticles: Destroying 0 GPU particle simulations for FXSystem 0x000000E945E75260
[2016.03.19-20.19.10:743][951]BlueprintLog: New page: Compile BTT_SetWalkSpeed
[2016.03.19-20.19.10:801][951]BlueprintEditorCompileResults: Info [3228.12] Compile of BTT_SetWalkSpeed successful! [in 58 ms]
[2016.03.19-20.19.11:916][ 14]LogSavePackage: Save=14.065371ms
[2016.03.19-20.19.11:916][ 14]LogSavePackage: Moving '../../../../../../Users/Doug!/Documents/Unreal Projects/FamilyThief/Saved/BTT_SetWalkSpeedC2D1097746FDB0293AB050A874446888.tmp' to '../../../../../../Users/Doug!/Documents/Unreal Projects/FamilyThief/Content/ThirdPersonBP/AICharacter/BTT_SetWalkSpeed.uasset'
[2016.03.19-20.19.11:918][ 14]LogSavePackage: Total save time: 25.311049ms
[2016.03.19-20.19.11:918][ 14]LogSavePackage:Display: Finished SavePackage ../../../../../../Users/Doug!/Documents/Unreal Projects/FamilyThief/Content/ThirdPersonBP/AICharacter/BTT_SetWalkSpeed.uasset
[2016.03.19-20.19.18:963][345]LogBlueprintUserMessages: Early PlayInEditor Detection: Level '/Game/ThirdPersonBP/Maps/ThirdPersonExampleMap.ThirdPersonExampleMap:PersistentLevel' has LevelScriptBlueprint '/Game/ThirdPersonBP/Maps/ThirdPersonExampleMap.ThirdPersonExampleMap:PersistentLevel.ThirdPersonExampleMap' with GeneratedClass '/Game/ThirdPersonBP/Maps/ThirdPersonExampleMap.ThirdPersonExampleMap_C' with ClassGeneratedBy '/Game/ThirdPersonBP/Maps/ThirdPersonExampleMap.ThirdPersonExampleMap:PersistentLevel.ThirdPersonExampleMap'
[2016.03.19-20.19.18:966][345]LogPlayLevel: PlayLevel: No blueprints needed recompiling
[2016.03.19-20.19.18:966][345]PIE: New page: PIE session: ThirdPersonExampleMap (Mar 19, 2016, 12:19:18 PM)
[2016.03.19-20.19.18:966][345]LogPlayLevel: Creating play world package: /Game/ThirdPersonBP/Maps/UEDPIE_0_ThirdPersonExampleMap
[2016.03.19-20.19.18:982][345]LogPlayLevel: PIE: StaticDuplicateObject took: (0.015934s)
[2016.03.19-20.19.18:983][345]LogAIModule: Creating AISystem for world ThirdPersonExampleMap
[2016.03.19-20.19.18:983][345]LogPlayLevel: PIE: World Init took: (0.000764s)
[2016.03.19-20.19.18:983][345]LogPlayLevel: PIE: Created PIE world by copying editor world from /Game/ThirdPersonBP/Maps/ThirdPersonExampleMap.ThirdPersonExampleMap to /Game/ThirdPersonBP/Maps/UEDPIE_0_ThirdPersonExampleMap.ThirdPersonExampleMap (0.016895s)
[2016.03.19-20.19.19:014][345]LogInit: XAudio2 using 'Speakers (Realtek High Definition Audio)' : 4 channels at 48 kHz using 32 bits per sample (channel mask 0x33)
[2016.03.19-20.19.19:017][345]LogInit: FAudioDevice initialized.
[2016.03.19-20.19.19:055][345]LogWorld: Game class is 'ThirdPersonGameMode_C'
[2016.03.19-20.19.19:059][345]LogWorld: Bringing World /Game/ThirdPersonBP/Maps/UEDPIE_0_ThirdPersonExampleMap.ThirdPersonExampleMap up for play (max tick rate 60) at 2016.03.19-16.19.19
[2016.03.19-20.19.19:059][345]LogActor:Warning: GameSession /Game/ThirdPersonBP/Maps/UEDPIE_0_ThirdPersonExampleMap.ThirdPersonExampleMap:PersistentLevel.GameSession_7 has natively added scene component(s), but none of them were set as the actor's RootComponent - picking one arbitrarily
[2016.03.19-20.19.19:059][345]LogActor:Warning: GameNetworkManager /Game/ThirdPersonBP/Maps/UEDPIE_0_ThirdPersonExampleMap.ThirdPersonExampleMap:PersistentLevel.GameNetworkManager_7 has natively added scene component(s), but none of them were set as the actor's RootComponent - picking one arbitrarily
[2016.03.19-20.19.19:060][345]LogWorld: Bringing up level for play took: 0.003986
[2016.03.19-20.19.19:061][345]PIE: Info Play in editor start time for /Game/ThirdPersonBP/Maps/UEDPIE_0_ThirdPersonExampleMap -0.179
[2016.03.19-20.19.19:061][345]LogBlueprintUserMessages: Late PlayInEditor Detection: Level '/Game/ThirdPersonBP/Maps/ThirdPersonExampleMap.ThirdPersonExampleMap:PersistentLevel' has LevelScriptBlueprint '/Game/ThirdPersonBP/Maps/ThirdPersonExampleMap.ThirdPersonExampleMap:PersistentLevel.ThirdPersonExampleMap' with GeneratedClass '/Game/ThirdPersonBP/Maps/ThirdPersonExampleMap.ThirdPersonExampleMap_C' with ClassGeneratedBy '/Game/ThirdPersonBP/Maps/ThirdPersonExampleMap.ThirdPersonExampleMap:PersistentLevel.ThirdPersonExampleMap'
[2016.03.19-20.19.28:344][901]LogBlueprintUserMessages: Early EndPlayMap Detection: Level '/Game/ThirdPersonBP/Maps/ThirdPersonExampleMap.ThirdPersonExampleMap:PersistentLevel' has LevelScriptBlueprint '/Game/ThirdPersonBP/Maps/ThirdPersonExampleMap.ThirdPersonExampleMap:PersistentLevel.ThirdPersonExampleMap' with GeneratedClass '/Game/ThirdPersonBP/Maps/ThirdPersonExampleMap.ThirdPersonExampleMap_C' with ClassGeneratedBy '/Game/ThirdPersonBP/Maps/ThirdPersonExampleMap.ThirdPersonExampleMap:PersistentLevel.ThirdPersonExampleMap'
[2016.03.19-20.19.28:379][901]LogBlueprintUserMessages: Late EndPlayMap Detection: Level '/Game/ThirdPersonBP/Maps/ThirdPersonExampleMap.ThirdPersonExampleMap:PersistentLevel' has LevelScriptBlueprint '/Game/ThirdPersonBP/Maps/ThirdPersonExampleMap.ThirdPersonExampleMap:PersistentLevel.ThirdPersonExampleMap' with GeneratedClass '/Game/ThirdPersonBP/Maps/ThirdPersonExampleMap.ThirdPersonExampleMap_C' with ClassGeneratedBy '/Game/ThirdPersonBP/Maps/ThirdPersonExampleMap.ThirdPersonExampleMap:PersistentLevel.ThirdPersonExampleMap'
[2016.03.19-20.19.28:402][901]LogParticles: Destroying 0 GPU particle simulations for FXSystem 0x000000E931176DE0
[2016.03.19-20.25.25:874][475]BlueprintLog: New page: Compile BTT_WanderToPoint
[2016.03.19-20.25.25:941][475]BlueprintEditorCompileResults: Info [3603.26] Compile of BTT_WanderToPoint successful! [in 66 ms]
[2016.03.19-20.25.26:961][533]LogSavePackage: Save=19.570818ms
[2016.03.19-20.25.26:961][533]LogSavePackage: Moving '../../../../../../Users/Doug!/Documents/Unreal Projects/FamilyThief/Saved/BTT_WanderToPoint52C4F0954C2B25F984BC1F9C89A838B5.tmp' to '../../../../../../Users/Doug!/Documents/Unreal Projects/FamilyThief/Content/ThirdPersonBP/AICharacter/BTT_WanderToPoint.uasset'
[2016.03.19-20.25.26:963][533]LogSavePackage: Total save time: 31.338405ms
[2016.03.19-20.25.26:963][533]LogSavePackage:Display: Finished SavePackage ../../../../../../Users/Doug!/Documents/Unreal Projects/FamilyThief/Content/ThirdPersonBP/AICharacter/BTT_WanderToPoint.uasset
[2016.03.19-20.26.13:485][481]LogFileHelpers: Editor autosave (incl. sublevels) for '/Game/ThirdPersonBP/Maps/ThirdPersonExampleMap' took 0.026
[2016.03.19-20.26.13:490][481]OBJ SavePackage: Generating thumbnails for [0] asset(s) in package [/Game/ThirdPersonBP/AICharacter/BTT_SetWalkSpeed] ([1] browsable assets)...
[2016.03.19-20.26.13:490][481]OBJ SavePackage: Finished generating thumbnails for package [/Game/ThirdPersonBP/AICharacter/BTT_SetWalkSpeed]
[2016.03.19-20.26.13:514][481]LogSavePackage: Save=14.118999ms
[2016.03.19-20.26.13:514][481]LogSavePackage: Moving '../../../../../../Users/Doug!/Documents/Unreal Projects/FamilyThief/Saved/BTT_SetWalkSpeed_Auto39561F9994DC24A8EDB6F849FE29305F1.tmp' to '../../../../../../Users/Doug!/Documents/Unreal Projects/FamilyThief/Saved/Autosaves/Game/ThirdPersonBP/AICharacter/BTT_SetWalkSpeed_Auto3.uasset'
[2016.03.19-20.26.13:515][481]LogSavePackage: Total save time: 24.257220ms
[2016.03.19-20.26.13:515][481]LogSavePackage:Display: Finished SavePackage ../../../../../../Users/Doug!/Documents/Unreal Projects/FamilyThief/Saved/Autosaves/Game/ThirdPersonBP/AICharacter/BTT_SetWalkSpeed_Auto3.uasset
[2016.03.19-20.26.13:515][481]LogFileHelpers: Auto-saving content packages took 0.029
[2016.03.19-20.27.12:582][612]LogEditorTransaction: Undo Add Node
[2016.03.19-20.27.30:661][667]LogSavePackage: Save=20.327253ms
[2016.03.19-20.27.30:661][667]LogSavePackage: Moving '../../../../../../Users/Doug!/Documents/Unreal Projects/FamilyThief/Saved/BTT_WanderToPointE9B3269A4D36A790578960B052C885BF.tmp' to '../../../../../../Users/Doug!/Documents/Unreal Projects/FamilyThief/Content/ThirdPersonBP/AICharacter/BTT_WanderToPoint.uasset'
[2016.03.19-20.27.30:664][667]LogSavePackage: Total save time: 25.199942ms
[2016.03.19-20.27.30:664][667]LogSavePackage:Display: Finished SavePackage ../../../../../../Users/Doug!/Documents/Unreal Projects/FamilyThief/Content/ThirdPersonBP/AICharacter/BTT_WanderToPoint.uasset
[2016.03.19-20.27.31:226][701]BlueprintLog: New page: Compile BTT_WanderToPoint
[2016.03.19-20.27.31:375][701]LogOutputDevice:Warning: === Handled error: ===

Ensure condition failed: Graph [File:D:\BuildFarm\buildmachine_++depot+UE4-Releases+4.10\Engine\Source\Runtime\Engine\Private\EdGraph\EdGraph.cpp] [Line: 244]
EdGraph /Game/ThirdPersonBP/AICharacter/BTT_WanderToPoint.BTT_WanderToPoint:EventGraph has invalid SubGraph array entry at 0
Stack: 
UE4Editor-Core.dll
UE4Editor-Core.dll
UE4Editor-Core.dll
UE4Editor-Engine.dll
UE4Editor-Engine.dll
UE4Editor-AnimGraph.dll
UE4Editor-AnimGraph.dll
UE4Editor-BlueprintGraph.dll
UE4Editor-BlueprintGraph.dll
UE4Editor-BlueprintGraph.dll
UE4Editor-BlueprintGraph.dll
UE4Editor-Engine.dll
UE4Editor-UnrealEd.dll
UE4Editor-Kismet.dll
UE4Editor-Kismet.dll
UE4Editor-Kismet.dll
UE4Editor-Slate.dll
UE4Editor-Slate.dll
UE4Editor-Slate.dll
UE4Editor-Slate.dll
UE4Editor-Slate.dll
UE4Editor-Slate.dll
UE4Editor-Slate.dll
UE4Editor-Slate.dll
UE4Editor-Slate.dll
UE4Editor-Slate.dll
UE4Editor-Slate.dll
UE4Editor-Slate.dll
UE4Editor-Core.dll
UE4Editor-Core.dll
UE4Editor-Core.dll
UE4Editor-Core.dll
USER32.dll
USER32.dll
UE4Editor-Core.dll
UE4Editor.exe
UE4Editor.exe
UE4Editor.exe
UE4Editor.exe
UE4Editor.exe
KERNEL32.DLL
ntdll.dll
ntdll.dll

[2016.03.19-20.27.31:606][701]LogWindows:Error: Windows GetLastError: The operation completed successfully. (0)
[2016.03.19-20.27.31:764][701]LogCrashTracker: 


[2016.03.19-20.27.31:767][701]LogCrashTracker: 


[2016.03.19-20.27.31:767][701]LogWindows:Error: === Critical error: ===
Assertion failed: Graph [File:D:\BuildFarm\buildmachine_++depot+UE4-Releases+4.10\Engine\Source\Editor\Kismet\Private\SMyBlueprint.cpp] [Line: 831] 





[2016.03.19-20.27.31:816][701]LogExit: Executing StaticShutdownAfterError
[2016.03.19-20.27.31:821][701]LogPhysics:Warning: PHYSX: ..\..\PhysX\src\NpScene.cpp (2946) 8 : PxScene::unlockWrite() called without matching call to PxScene::lockWrite(), behaviour will be undefined.
[2016.03.19-20.27.31:821][701]LogPhysics:Warning: PHYSX: ..\..\PhysX\src\NpScene.cpp (2946) 8 : PxScene::unlockWrite() called without matching call to PxScene::lockWrite(), behaviour will be undefined.
[2016.03.19-20.27.31:821][701]LogPhysics:Warning: PHYSX: ..\..\PhysX\src\NpScene.cpp (2946) 8 : PxScene::unlockWrite() called without matching call to PxScene::lockWrite(), behaviour will be undefined.
[2016.03.19-20.27.31:822][701]LogPhysics:Warning: PHYSX: ..\..\PhysX\src\NpScene.cpp (2946) 8 : PxScene::unlockWrite() called without matching call to PxScene::lockWrite(), behaviour will be undefined.
[2016.03.19-20.27.31:822][701]LogPhysics:Warning: PHYSX: ..\..\PhysX\src\NpScene.cpp (2946) 8 : PxScene::unlockWrite() called without matching call to PxScene::lockWrite(), behaviour will be undefined.
[2016.03.19-20.27.31:822][701]LogPhysics:Warning: PHYSX: ..\..\PhysX\src\NpScene.cpp (2946) 8 : PxScene::unlockWrite() called without matching call to PxScene::lockWrite(), behaviour will be undefined.
[2016.03.19-20.27.31:823][701]LogPhysics:Warning: PHYSX: ..\..\PhysX\src\NpScene.cpp (2946) 8 : PxScene::unlockWrite() called without matching call to PxScene::lockWrite(), behaviour will be undefined.
[2016.03.19-20.27.31:823][701]LogPhysics:Warning: PHYSX: ..\..\PhysX\src\NpScene.cpp (2946) 8 : PxScene::unlockWrite() called without matching call to PxScene::lockWrite(), behaviour will be undefined.
[2016.03.19-20.27.31:823][701]LogPhysics:Warning: PHYSX: ..\..\PhysX\src\NpScene.cpp (2946) 8 : PxScene::unlockWrite() called without matching call to PxScene::lockWrite(), behaviour will be undefined.
[2016.03.19-20.27.31:823][701]LogPhysics:Warning: PHYSX: ..\..\PhysX\src\NpScene.cpp (2946) 8 : PxScene::unlockWrite() called without matching call to PxScene::lockWrite(), behaviour will be undefined.
[2016.03.19-20.27.31:824][701]LogPhysics:Warning: PHYSX: ..\..\PhysX\src\NpScene.cpp (2946) 8 : PxScene::unlockWrite() called without matching call to PxScene::lockWrite(), behaviour will be undefined.
[2016.03.19-20.27.31:824][701]LogPhysics:Warning: PHYSX: ..\..\PhysX\src\NpScene.cpp (2946) 8 : PxScene::unlockWrite() called without matching call to PxScene::lockWrite(), behaviour will be undefined.
[2016.03.19-20.27.31:824][701]LogWindows: FPlatformMisc::RequestExit(1)
[2016.03.19-20.27.31:824][701]Log file closed, 03/19/16 16:27:31
